# lattice-depth-per-frame "ark:gunzip -c exp/tri2/decode/lat.1.gz|" "ark,t:|gzip -c > exp/tri2/decode/depth_tmp.1.gz" ark:- | lattice-best-path --acoustic-scale=0.1 ark:- ark:/dev/null "ark,t:|gzip -c >exp/tri2/decode/ali_tmp.1.gz" 
# Started at Tue Dec  5 18:24:42 WIB 2023
#
lattice-depth-per-frame 'ark:gunzip -c exp/tri2/decode/lat.1.gz|' 'ark,t:|gzip -c > exp/tri2/decode/depth_tmp.1.gz' ark:- 
lattice-best-path --acoustic-scale=0.1 ark:- ark:/dev/null 'ark,t:|gzip -c >exp/tri2/decode/ali_tmp.1.gz' 
LOG (lattice-best-path[5.5.1124~1-21ae4]:main():lattice-best-path.cc:99) For utterance Female-1-Female-1_1, best cost 57.6233 + 4079.15 = 4136.78 over 440 frames.
LOG (lattice-best-path[5.5.1124~1-21ae4]:main():lattice-best-path.cc:99) For utterance Female-1-Female-1_19, best cost 87.0924 + 5765.89 = 5852.99 over 638 frames.
LOG (lattice-best-path[5.5.1124~1-21ae4]:main():lattice-best-path.cc:99) For utterance Female-1-Female-1_21, best cost 36.1296 + 2924.39 = 2960.52 over 325 frames.
LOG (lattice-best-path[5.5.1124~1-21ae4]:main():lattice-best-path.cc:99) For utterance Female-1-Female-1_32, best cost 82.3728 + 5516.41 = 5598.78 over 588 frames.
LOG (lattice-best-path[5.5.1124~1-21ae4]:main():lattice-best-path.cc:99) For utterance Female-1-Female-1_36, best cost 56.836 + 3911.36 = 3968.2 over 409 frames.
LOG (lattice-best-path[5.5.1124~1-21ae4]:main():lattice-best-path.cc:99) For utterance Female-1-Female-1_37, best cost 69.7577 + 4358.95 = 4428.71 over 471 frames.
LOG (lattice-best-path[5.5.1124~1-21ae4]:main():lattice-best-path.cc:99) For utterance Female-1-Female-1_39, best cost 58.0638 + 4110.22 = 4168.28 over 461 frames.
LOG (lattice-best-path[5.5.1124~1-21ae4]:main():lattice-best-path.cc:99) For utterance Female-1-Female-1_43, best cost 93.7879 + 5858.01 = 5951.79 over 640 frames.
LOG (lattice-best-path[5.5.1124~1-21ae4]:main():lattice-best-path.cc:99) For utterance Female-1-Female-1_48, best cost 73.659 + 6153.14 = 6226.8 over 648 frames.
LOG (lattice-best-path[5.5.1124~1-21ae4]:main():lattice-best-path.cc:99) For utterance Female-1-Female-1_50, best cost 86.1274 + 5355.42 = 5441.54 over 590 frames.
LOG (lattice-best-path[5.5.1124~1-21ae4]:main():lattice-best-path.cc:99) For utterance Female-2-Female-2_13, best cost 59.6805 + 3541.22 = 3600.9 over 375 frames.
LOG (lattice-best-path[5.5.1124~1-21ae4]:main():lattice-best-path.cc:99) For utterance Female-2-Female-2_16, best cost 72.8948 + 5562.69 = 5635.59 over 581 frames.
LOG (lattice-best-path[5.5.1124~1-21ae4]:main():lattice-best-path.cc:99) For utterance Female-2-Female-2_20, best cost 58.7429 + 3559.34 = 3618.09 over 367 frames.
LOG (lattice-best-path[5.5.1124~1-21ae4]:main():lattice-best-path.cc:99) For utterance Female-2-Female-2_3, best cost 52.1539 + 2606.36 = 2658.51 over 272 frames.
LOG (lattice-best-path[5.5.1124~1-21ae4]:main():lattice-best-path.cc:99) For utterance Female-2-Female-2_33, best cost 103.562 + 6510.61 = 6614.17 over 684 frames.
LOG (lattice-best-path[5.5.1124~1-21ae4]:main():lattice-best-path.cc:99) For utterance Female-2-Female-2_35, best cost 92.6635 + 6939.05 = 7031.71 over 752 frames.
LOG (lattice-best-path[5.5.1124~1-21ae4]:main():lattice-best-path.cc:99) For utterance Female-2-Female-2_37, best cost 71.5984 + 4598.79 = 4670.38 over 495 frames.
LOG (lattice-best-path[5.5.1124~1-21ae4]:main():lattice-best-path.cc:99) For utterance Female-2-Female-2_43, best cost 84.6207 + 5510.37 = 5595 over 581 frames.
LOG (lattice-best-path[5.5.1124~1-21ae4]:main():lattice-best-path.cc:99) For utterance Female-2-Female-2_6, best cost 56.39 + 3912.65 = 3969.04 over 418 frames.
LOG (lattice-best-path[5.5.1124~1-21ae4]:main():lattice-best-path.cc:99) For utterance Female-2-Female-2_7, best cost 65.7941 + 3555.49 = 3621.29 over 375 frames.
LOG (lattice-best-path[5.5.1124~1-21ae4]:main():lattice-best-path.cc:99) For utterance Female-3-Female-3_13, best cost 49.627 + 3815.91 = 3865.54 over 408 frames.
LOG (lattice-best-path[5.5.1124~1-21ae4]:main():lattice-best-path.cc:99) For utterance Female-3-Female-3_15, best cost 49.0614 + 4166.08 = 4215.14 over 448 frames.
LOG (lattice-best-path[5.5.1124~1-21ae4]:main():lattice-best-path.cc:99) For utterance Female-3-Female-3_23, best cost 123.824 + 7497.2 = 7621.03 over 783 frames.
LOG (lattice-best-path[5.5.1124~1-21ae4]:main():lattice-best-path.cc:99) For utterance Female-3-Female-3_28, best cost 80.0842 + 6325.58 = 6405.67 over 658 frames.
LOG (lattice-best-path[5.5.1124~1-21ae4]:main():lattice-best-path.cc:99) For utterance Female-3-Female-3_3, best cost 65.3381 + 4619.44 = 4684.78 over 493 frames.
LOG (lattice-best-path[5.5.1124~1-21ae4]:main():lattice-best-path.cc:99) For utterance Female-3-Female-3_32, best cost 84.9184 + 7653.39 = 7738.31 over 775 frames.
LOG (lattice-best-path[5.5.1124~1-21ae4]:main():lattice-best-path.cc:99) For utterance Female-3-Female-3_33, best cost 91.7959 + 7312.18 = 7403.98 over 735 frames.
LOG (lattice-best-path[5.5.1124~1-21ae4]:main():lattice-best-path.cc:99) For utterance Female-3-Female-3_39, best cost 56.1401 + 4257.59 = 4313.73 over 425 frames.
LOG (lattice-best-path[5.5.1124~1-21ae4]:main():lattice-best-path.cc:99) For utterance Female-3-Female-3_4, best cost 92.9249 + 5092.64 = 5185.57 over 540 frames.
LOG (lattice-best-path[5.5.1124~1-21ae4]:main():lattice-best-path.cc:99) For utterance Female-3-Female-3_8, best cost 46.3166 + 3501.24 = 3547.56 over 390 frames.
LOG (lattice-best-path[5.5.1124~1-21ae4]:main():lattice-best-path.cc:99) For utterance Female-4-Female-4_12, best cost 91.8168 + 5354.45 = 5446.27 over 598 frames.
LOG (lattice-best-path[5.5.1124~1-21ae4]:main():lattice-best-path.cc:99) For utterance Female-4-Female-4_26, best cost 53.9922 + 5508.17 = 5562.16 over 607 frames.
LOG (lattice-best-path[5.5.1124~1-21ae4]:main():lattice-best-path.cc:99) For utterance Female-4-Female-4_3, best cost 57.5694 + 4039.2 = 4096.77 over 435 frames.
LOG (lattice-best-path[5.5.1124~1-21ae4]:main():lattice-best-path.cc:99) For utterance Female-4-Female-4_34, best cost 96.9602 + 5562.36 = 5659.32 over 598 frames.
LOG (lattice-best-path[5.5.1124~1-21ae4]:main():lattice-best-path.cc:99) For utterance Female-4-Female-4_38, best cost 74.2798 + 5175.26 = 5249.54 over 572 frames.
LOG (lattice-best-path[5.5.1124~1-21ae4]:main():lattice-best-path.cc:99) For utterance Female-4-Female-4_4, best cost 56.0632 + 4290.32 = 4346.38 over 478 frames.
LOG (lattice-best-path[5.5.1124~1-21ae4]:main():lattice-best-path.cc:99) For utterance Female-4-Female-4_42, best cost 55.2397 + 3682.66 = 3737.9 over 401 frames.
LOG (lattice-best-path[5.5.1124~1-21ae4]:main():lattice-best-path.cc:99) For utterance Female-4-Female-4_43, best cost 56.4209 + 3332.21 = 3388.63 over 367 frames.
LOG (lattice-best-path[5.5.1124~1-21ae4]:main():lattice-best-path.cc:99) For utterance Female-4-Female-4_6, best cost 38.8623 + 3169.31 = 3208.17 over 358 frames.
LOG (lattice-best-path[5.5.1124~1-21ae4]:main():lattice-best-path.cc:99) For utterance Female-4-Female-4_8, best cost 56.8044 + 5280.33 = 5337.13 over 572 frames.
LOG (lattice-best-path[5.5.1124~1-21ae4]:main():lattice-best-path.cc:99) For utterance Female-5-Female-5_11, best cost 74.1073 + 5695.69 = 5769.79 over 618 frames.
LOG (lattice-best-path[5.5.1124~1-21ae4]:main():lattice-best-path.cc:99) For utterance Female-5-Female-5_12, best cost 97.9898 + 8345.69 = 8443.68 over 905 frames.
LOG (lattice-best-path[5.5.1124~1-21ae4]:main():lattice-best-path.cc:99) For utterance Female-5-Female-5_17, best cost 64.5082 + 5186 = 5250.51 over 565 frames.
LOG (lattice-best-path[5.5.1124~1-21ae4]:main():lattice-best-path.cc:99) For utterance Female-5-Female-5_21, best cost 81.7667 + 5125.61 = 5207.37 over 550 frames.
LOG (lattice-best-path[5.5.1124~1-21ae4]:main():lattice-best-path.cc:99) For utterance Female-5-Female-5_33, best cost 62.1609 + 4056.48 = 4118.64 over 433 frames.
LOG (lattice-best-path[5.5.1124~1-21ae4]:main():lattice-best-path.cc:99) For utterance Female-5-Female-5_35, best cost 75.6628 + 6321.29 = 6396.95 over 670 frames.
LOG (lattice-best-path[5.5.1124~1-21ae4]:main():lattice-best-path.cc:99) For utterance Female-5-Female-5_43, best cost 68.3268 + 5909.65 = 5977.98 over 618 frames.
LOG (lattice-best-path[5.5.1124~1-21ae4]:main():lattice-best-path.cc:99) For utterance Female-5-Female-5_44, best cost 58.791 + 5766.38 = 5825.17 over 608 frames.
LOG (lattice-best-path[5.5.1124~1-21ae4]:main():lattice-best-path.cc:99) For utterance Female-5-Female-5_5, best cost 108.995 + 8742.89 = 8851.89 over 915 frames.
LOG (lattice-best-path[5.5.1124~1-21ae4]:main():lattice-best-path.cc:99) For utterance Female-5-Female-5_50, best cost 48.1868 + 4867.23 = 4915.41 over 543 frames.
LOG (lattice-best-path[5.5.1124~1-21ae4]:main():lattice-best-path.cc:99) For utterance Female-6-Female-6_1, best cost 81.4055 + 5702.89 = 5784.3 over 608 frames.
LOG (lattice-best-path[5.5.1124~1-21ae4]:main():lattice-best-path.cc:99) For utterance Female-6-Female-6_19, best cost 89.1255 + 7069.8 = 7158.92 over 753 frames.
LOG (lattice-best-path[5.5.1124~1-21ae4]:main():lattice-best-path.cc:99) For utterance Female-6-Female-6_27, best cost 97.8913 + 7601.8 = 7699.69 over 815 frames.
LOG (lattice-best-path[5.5.1124~1-21ae4]:main():lattice-best-path.cc:99) For utterance Female-6-Female-6_28, best cost 80.4313 + 6984.33 = 7064.76 over 763 frames.
LOG (lattice-best-path[5.5.1124~1-21ae4]:main():lattice-best-path.cc:99) For utterance Female-6-Female-6_34, best cost 62.5118 + 5932.63 = 5995.14 over 630 frames.
LOG (lattice-best-path[5.5.1124~1-21ae4]:main():lattice-best-path.cc:99) For utterance Female-6-Female-6_37, best cost 70.3339 + 6137.72 = 6208.05 over 680 frames.
LOG (lattice-best-path[5.5.1124~1-21ae4]:main():lattice-best-path.cc:99) For utterance Female-6-Female-6_40, best cost 50.8977 + 5237.74 = 5288.64 over 560 frames.
LOG (lattice-best-path[5.5.1124~1-21ae4]:main():lattice-best-path.cc:99) For utterance Female-6-Female-6_47, best cost 92.1751 + 5952.85 = 6045.03 over 640 frames.
LOG (lattice-best-path[5.5.1124~1-21ae4]:main():lattice-best-path.cc:99) For utterance Female-6-Female-6_7, best cost 64.6222 + 5095.97 = 5160.6 over 565 frames.
LOG (lattice-best-path[5.5.1124~1-21ae4]:main():lattice-best-path.cc:99) For utterance Female-6-Female-6_9, best cost 59.1564 + 5089.09 = 5148.25 over 565 frames.
LOG (lattice-best-path[5.5.1124~1-21ae4]:main():lattice-best-path.cc:99) For utterance Female-7-human_rights_un_ind_rd_0000, best cost 190.908 + 11909 = 12099.9 over 1314 frames.
LOG (lattice-best-path[5.5.1124~1-21ae4]:main():lattice-best-path.cc:99) For utterance Female-7-human_rights_un_ind_rd_0008, best cost 112.872 + 5611.56 = 5724.43 over 608 frames.
LOG (lattice-best-path[5.5.1124~1-21ae4]:main():lattice-best-path.cc:99) For utterance Female-7-human_rights_un_ind_rd_0017, best cost 123.596 + 6822.03 = 6945.62 over 738 frames.
LOG (lattice-best-path[5.5.1124~1-21ae4]:main():lattice-best-path.cc:99) For utterance Female-7-human_rights_un_ind_rd_0018, best cost 87.9629 + 5127.39 = 5215.35 over 584 frames.
LOG (lattice-best-path[5.5.1124~1-21ae4]:main():lattice-best-path.cc:99) For utterance Female-7-human_rights_un_ind_rd_0021, best cost 79.0967 + 6085.72 = 6164.81 over 680 frames.
LOG (lattice-best-path[5.5.1124~1-21ae4]:main():lattice-best-path.cc:99) For utterance Female-7-human_rights_un_ind_rd_0026, best cost 31.6822 + 1793.44 = 1825.12 over 196 frames.
LOG (lattice-best-path[5.5.1124~1-21ae4]:main():lattice-best-path.cc:99) For utterance Female-7-human_rights_un_ind_rd_0027, best cost 62.6482 + 3097.56 = 3160.21 over 342 frames.
LOG (lattice-best-path[5.5.1124~1-21ae4]:main():lattice-best-path.cc:99) For utterance Female-7-human_rights_un_ind_rd_0033, best cost 91.6083 + 5548.24 = 5639.84 over 628 frames.
LOG (lattice-best-path[5.5.1124~1-21ae4]:main():lattice-best-path.cc:99) For utterance Female-7-human_rights_un_ind_rd_0047, best cost 104.898 + 6725.17 = 6830.07 over 760 frames.
LOG (lattice-best-path[5.5.1124~1-21ae4]:main():lattice-best-path.cc:99) For utterance Female-7-human_rights_un_ind_rd_0053, best cost 35.6271 + 2182.45 = 2218.07 over 250 frames.
LOG (lattice-best-path[5.5.1124~1-21ae4]:main():lattice-best-path.cc:99) For utterance Female-7-human_rights_un_ind_rd_0063, best cost 59.2982 + 2523.09 = 2582.39 over 274 frames.
LOG (lattice-best-path[5.5.1124~1-21ae4]:main():lattice-best-path.cc:99) For utterance Female-7-human_rights_un_ind_rd_0065, best cost 91.4092 + 7180.52 = 7271.93 over 830 frames.
LOG (lattice-best-path[5.5.1124~1-21ae4]:main():lattice-best-path.cc:99) For utterance Female-7-human_rights_un_ind_rd_0068, best cost 51.4754 + 2324.12 = 2375.59 over 250 frames.
LOG (lattice-best-path[5.5.1124~1-21ae4]:main():lattice-best-path.cc:99) For utterance Female-7-human_rights_un_ind_rd_0074, best cost 86.9259 + 5014.3 = 5101.22 over 590 frames.
LOG (lattice-best-path[5.5.1124~1-21ae4]:main():lattice-best-path.cc:99) For utterance Female-7-human_rights_un_ind_rd_0077, best cost 23.5954 + 918.583 = 942.179 over 102 frames.
LOG (lattice-best-path[5.5.1124~1-21ae4]:main():lattice-best-path.cc:99) For utterance Female-7-human_rights_un_ind_rd_0080, best cost 51.9319 + 3286.8 = 3338.73 over 368 frames.
LOG (lattice-best-path[5.5.1124~1-21ae4]:main():lattice-best-path.cc:99) For utterance Female-7-human_rights_un_ind_rd_0083, best cost 86.7916 + 6058.41 = 6145.2 over 702 frames.
LOG (lattice-best-path[5.5.1124~1-21ae4]:main():lattice-best-path.cc:99) For utterance Female-7-human_rights_un_ind_rd_0091, best cost 19.927 + 950.958 = 970.885 over 100 frames.
LOG (lattice-best-path[5.5.1124~1-21ae4]:main():lattice-best-path.cc:99) For utterance Female-7-human_rights_un_ind_rd_0092, best cost 88.1089 + 5780.11 = 5868.22 over 676 frames.
LOG (lattice-best-path[5.5.1124~1-21ae4]:main():lattice-best-path.cc:99) For utterance Female-7-human_rights_un_ind_rd_0100, best cost 54.6043 + 3541.9 = 3596.51 over 404 frames.
LOG (lattice-best-path[5.5.1124~1-21ae4]:main():lattice-best-path.cc:99) For utterance Female-7-human_rights_un_ind_rd_0106, best cost 38.8711 + 2059.2 = 2098.07 over 236 frames.
LOG (lattice-best-path[5.5.1124~1-21ae4]:main():lattice-best-path.cc:99) For utterance Female-7-human_rights_un_ind_rd_0109, best cost 70.2169 + 3391.01 = 3461.23 over 378 frames.
LOG (lattice-best-path[5.5.1124~1-21ae4]:main():lattice-best-path.cc:99) For utterance Female-7-human_rights_un_ind_rd_0111, best cost 59.5414 + 4533.36 = 4592.9 over 532 frames.
LOG (lattice-best-path[5.5.1124~1-21ae4]:main():lattice-best-path.cc:99) For utterance Female-7-human_rights_un_ind_rd_0118, best cost 48.8257 + 2464.84 = 2513.67 over 266 frames.
LOG (lattice-best-path[5.5.1124~1-21ae4]:main():lattice-best-path.cc:99) For utterance Female-7-human_rights_un_ind_rd_0124, best cost 120.165 + 8295.21 = 8415.38 over 930 frames.
LOG (lattice-best-path[5.5.1124~1-21ae4]:main():lattice-best-path.cc:99) For utterance Female-7-human_rights_un_ind_rd_0130, best cost 66.1708 + 3268.41 = 3334.58 over 360 frames.
LOG (lattice-best-path[5.5.1124~1-21ae4]:main():lattice-best-path.cc:99) For utterance Female-7-human_rights_un_ind_rd_0135, best cost 169.582 + 10552.7 = 10722.3 over 1137 frames.
LOG (lattice-best-path[5.5.1124~1-21ae4]:main():lattice-best-path.cc:99) For utterance Male-1-Male-1_1, best cost 53.2122 + 5196.73 = 5249.94 over 564 frames.
LOG (lattice-best-path[5.5.1124~1-21ae4]:main():lattice-best-path.cc:99) For utterance Male-1-Male-1_11, best cost 121.996 + 11667.7 = 11789.7 over 1275 frames.
LOG (lattice-best-path[5.5.1124~1-21ae4]:main():lattice-best-path.cc:99) For utterance Male-1-Male-1_15, best cost 73.6216 + 7027.17 = 7100.79 over 838 frames.
LOG (lattice-best-path[5.5.1124~1-21ae4]:main():lattice-best-path.cc:99) For utterance Male-1-Male-1_19, best cost 73.4389 + 6299.28 = 6372.72 over 718 frames.
LOG (lattice-best-path[5.5.1124~1-21ae4]:main():lattice-best-path.cc:99) For utterance Male-1-Male-1_22, best cost 78.0846 + 5598.5 = 5676.59 over 615 frames.
LOG (lattice-best-path[5.5.1124~1-21ae4]:main():lattice-best-path.cc:99) For utterance Male-1-Male-1_28, best cost 71.0607 + 6860.56 = 6931.62 over 752 frames.
LOG (lattice-best-path[5.5.1124~1-21ae4]:main():lattice-best-path.cc:99) For utterance Male-1-Male-1_30, best cost 115.061 + 8848.28 = 8963.34 over 992 frames.
LOG (lattice-best-path[5.5.1124~1-21ae4]:main():lattice-best-path.cc:99) For utterance Male-1-Male-1_43, best cost 97.171 + 6848.55 = 6945.72 over 701 frames.
LOG (lattice-best-path[5.5.1124~1-21ae4]:main():lattice-best-path.cc:99) For utterance Male-1-Male-1_44, best cost 139.237 + 8603.7 = 8742.93 over 872 frames.
LOG (lattice-best-path[5.5.1124~1-21ae4]:main():lattice-best-path.cc:99) For utterance Male-1-Male-1_45, best cost 131.416 + 12398.4 = 12529.8 over 1238 frames.
LOG (lattice-best-path[5.5.1124~1-21ae4]:main():lattice-best-path.cc:99) For utterance Male-10-Male-10_2, best cost 107.918 + 6610.64 = 6718.56 over 766 frames.
LOG (lattice-best-path[5.5.1124~1-21ae4]:main():lattice-best-path.cc:99) For utterance Male-10-Male-10_24, best cost 67.9386 + 4504.83 = 4572.77 over 558 frames.
LOG (lattice-best-path[5.5.1124~1-21ae4]:main():lattice-best-path.cc:99) For utterance Male-10-Male-10_25, best cost 75.5879 + 4528.77 = 4604.35 over 526 frames.
LOG (lattice-best-path[5.5.1124~1-21ae4]:main():lattice-best-path.cc:99) For utterance Male-10-Male-10_28, best cost 40.5456 + 3312.31 = 3352.85 over 398 frames.
LOG (lattice-best-path[5.5.1124~1-21ae4]:main():lattice-best-path.cc:99) For utterance Male-10-Male-10_29, best cost 36.7005 + 3440.9 = 3477.6 over 414 frames.
LOG (lattice-best-path[5.5.1124~1-21ae4]:main():lattice-best-path.cc:99) For utterance Male-10-Male-10_3, best cost 119.652 + 7092.95 = 7212.6 over 798 frames.
LOG (lattice-best-path[5.5.1124~1-21ae4]:main():lattice-best-path.cc:99) For utterance Male-10-Male-10_34, best cost 79.1041 + 5414.91 = 5494.02 over 638 frames.
LOG (lattice-best-path[5.5.1124~1-21ae4]:main():lattice-best-path.cc:99) For utterance Male-10-Male-10_40, best cost 61.1883 + 4456.48 = 4517.66 over 510 frames.
LOG (lattice-best-path[5.5.1124~1-21ae4]:main():lattice-best-path.cc:99) For utterance Male-10-Male-10_43, best cost 64.2782 + 4748.77 = 4813.05 over 574 frames.
LOG (lattice-best-path[5.5.1124~1-21ae4]:main():lattice-best-path.cc:99) For utterance Male-10-Male-10_44, best cost 67.7849 + 4102.48 = 4170.26 over 494 frames.
LOG (lattice-best-path[5.5.1124~1-21ae4]:main():lattice-best-path.cc:99) For utterance Male-11-Male-11_10, best cost 94.9005 + 6914.11 = 7009.01 over 798 frames.
LOG (lattice-best-path[5.5.1124~1-21ae4]:main():lattice-best-path.cc:99) For utterance Male-11-Male-11_17, best cost 51.3904 + 4418.73 = 4470.12 over 488 frames.
LOG (lattice-best-path[5.5.1124~1-21ae4]:main():lattice-best-path.cc:99) For utterance Male-11-Male-11_2, best cost 58.6048 + 5036.08 = 5094.68 over 558 frames.
LOG (lattice-best-path[5.5.1124~1-21ae4]:main():lattice-best-path.cc:99) For utterance Male-11-Male-11_25, best cost 63.4759 + 5047.37 = 5110.85 over 550 frames.
LOG (lattice-best-path[5.5.1124~1-21ae4]:main():lattice-best-path.cc:99) For utterance Male-11-Male-11_26, best cost 43.5906 + 3488.13 = 3531.72 over 418 frames.
LOG (lattice-best-path[5.5.1124~1-21ae4]:main():lattice-best-path.cc:99) For utterance Male-11-Male-11_3, best cost 75.7811 + 5939.48 = 6015.26 over 663 frames.
LOG (lattice-best-path[5.5.1124~1-21ae4]:main():lattice-best-path.cc:99) For utterance Male-11-Male-11_31, best cost 106.649 + 9853.76 = 9960.41 over 1055 frames.
LOG (lattice-best-path[5.5.1124~1-21ae4]:main():lattice-best-path.cc:99) For utterance Male-11-Male-11_47, best cost 69.2273 + 5654.67 = 5723.89 over 628 frames.
LOG (lattice-best-path[5.5.1124~1-21ae4]:main():lattice-best-path.cc:99) For utterance Male-11-Male-11_50, best cost 94.8404 + 7000.1 = 7094.94 over 768 frames.
LOG (lattice-best-path[5.5.1124~1-21ae4]:main():lattice-best-path.cc:99) For utterance Male-11-Male-11_7, best cost 107.984 + 6695.64 = 6803.62 over 738 frames.
LOG (lattice-best-path[5.5.1124~1-21ae4]:main():lattice-best-path.cc:99) For utterance Male-12-Male-12_1, best cost 52.258 + 2814.63 = 2866.88 over 298 frames.
LOG (lattice-best-path[5.5.1124~1-21ae4]:main():lattice-best-path.cc:99) For utterance Male-12-Male-12_21, best cost 110.315 + 6923.26 = 7033.57 over 740 frames.
LOG (lattice-best-path[5.5.1124~1-21ae4]:main():lattice-best-path.cc:99) For utterance Male-12-Male-12_24, best cost 49.8447 + 3092.49 = 3142.33 over 338 frames.
LOG (lattice-best-path[5.5.1124~1-21ae4]:main():lattice-best-path.cc:99) For utterance Male-12-Male-12_28, best cost 65.1572 + 3893.83 = 3958.98 over 410 frames.
LOG (lattice-best-path[5.5.1124~1-21ae4]:main():lattice-best-path.cc:99) For utterance Male-12-Male-12_30, best cost 48.4048 + 2669.69 = 2718.09 over 295 frames.
LOG (lattice-best-path[5.5.1124~1-21ae4]:main():lattice-best-path.cc:99) For utterance Male-12-Male-12_31, best cost 58.8642 + 3720.64 = 3779.5 over 393 frames.
LOG (lattice-best-path[5.5.1124~1-21ae4]:main():lattice-best-path.cc:99) For utterance Male-12-Male-12_38, best cost 75.9746 + 4567.01 = 4642.99 over 495 frames.
LOG (lattice-best-path[5.5.1124~1-21ae4]:main():lattice-best-path.cc:99) For utterance Male-12-Male-12_43, best cost 61.8265 + 4177.21 = 4239.04 over 470 frames.
LOG (lattice-best-path[5.5.1124~1-21ae4]:main():lattice-best-path.cc:99) For utterance Male-12-Male-12_47, best cost 65.9336 + 4550.27 = 4616.2 over 520 frames.
LOG (lattice-best-path[5.5.1124~1-21ae4]:main():lattice-best-path.cc:99) For utterance Male-12-Male-12_9, best cost 40.4997 + 3145.23 = 3185.73 over 328 frames.
LOG (lattice-best-path[5.5.1124~1-21ae4]:main():lattice-best-path.cc:99) For utterance Male-13-Male-13_15, best cost 72.4996 + 4164.08 = 4236.58 over 450 frames.
LOG (lattice-best-path[5.5.1124~1-21ae4]:main():lattice-best-path.cc:99) For utterance Male-13-Male-13_16, best cost 68.8956 + 5218.07 = 5286.97 over 545 frames.
LOG (lattice-best-path[5.5.1124~1-21ae4]:main():lattice-best-path.cc:99) For utterance Male-13-Male-13_19, best cost 68.7793 + 5252.61 = 5321.39 over 545 frames.
LOG (lattice-best-path[5.5.1124~1-21ae4]:main():lattice-best-path.cc:99) For utterance Male-13-Male-13_32, best cost 64.1782 + 5422.76 = 5486.93 over 593 frames.
LOG (lattice-best-path[5.5.1124~1-21ae4]:main():lattice-best-path.cc:99) For utterance Male-13-Male-13_34, best cost 84.1915 + 7581.9 = 7666.09 over 825 frames.
LOG (lattice-best-path[5.5.1124~1-21ae4]:main():lattice-best-path.cc:99) For utterance Male-13-Male-13_40, best cost 54.0065 + 5269.28 = 5323.29 over 593 frames.
LOG (lattice-best-path[5.5.1124~1-21ae4]:main():lattice-best-path.cc:99) For utterance Male-13-Male-13_44, best cost 115.277 + 8423.55 = 8538.83 over 900 frames.
LOG (lattice-best-path[5.5.1124~1-21ae4]:main():lattice-best-path.cc:99) For utterance Male-13-Male-13_5, best cost 67.7072 + 5423.56 = 5491.27 over 583 frames.
LOG (lattice-best-path[5.5.1124~1-21ae4]:main():lattice-best-path.cc:99) For utterance Male-13-Male-13_6, best cost 46.8221 + 3865.7 = 3912.52 over 433 frames.
LOG (lattice-best-path[5.5.1124~1-21ae4]:main():lattice-best-path.cc:99) For utterance Male-13-Male-13_9, best cost 67.2438 + 5208.83 = 5276.07 over 553 frames.
LOG (lattice-best-path[5.5.1124~1-21ae4]:main():lattice-best-path.cc:99) For utterance Male-2-Male-2_13, best cost 66.4147 + 4576.69 = 4643.11 over 501 frames.
LOG (lattice-best-path[5.5.1124~1-21ae4]:main():lattice-best-path.cc:99) For utterance Male-2-Male-2_20, best cost 64.9131 + 4110.05 = 4174.97 over 480 frames.
LOG (lattice-best-path[5.5.1124~1-21ae4]:main():lattice-best-path.cc:99) For utterance Male-2-Male-2_21, best cost 63.1224 + 4349.07 = 4412.19 over 491 frames.
LOG (lattice-best-path[5.5.1124~1-21ae4]:main():lattice-best-path.cc:99) For utterance Male-2-Male-2_28, best cost 85.7317 + 4927.06 = 5012.79 over 533 frames.
LOG (lattice-best-path[5.5.1124~1-21ae4]:main():lattice-best-path.cc:99) For utterance Male-2-Male-2_32, best cost 75.3701 + 4109.8 = 4185.17 over 474 frames.
LOG (lattice-best-path[5.5.1124~1-21ae4]:main():lattice-best-path.cc:99) For utterance Male-2-Male-2_4, best cost 79.4021 + 5958.33 = 6037.73 over 634 frames.
LOG (lattice-best-path[5.5.1124~1-21ae4]:main():lattice-best-path.cc:99) For utterance Male-2-Male-2_43, best cost 84.4854 + 4854.96 = 4939.45 over 536 frames.
LOG (lattice-best-path[5.5.1124~1-21ae4]:main():lattice-best-path.cc:99) For utterance Male-2-Male-2_45, best cost 103.785 + 7136.07 = 7239.86 over 768 frames.
LOG (lattice-best-path[5.5.1124~1-21ae4]:main():lattice-best-path.cc:99) For utterance Male-2-Male-2_49, best cost 82.543 + 6442.7 = 6525.25 over 700 frames.
LOG (lattice-best-path[5.5.1124~1-21ae4]:main():lattice-best-path.cc:99) For utterance Male-2-Male-2_8, best cost 54.7758 + 3332.81 = 3387.58 over 359 frames.
LOG (lattice-best-path[5.5.1124~1-21ae4]:main():lattice-best-path.cc:99) For utterance Male-3-Male-3_13, best cost 57.8554 + 3885.51 = 3943.36 over 458 frames.
LOG (lattice-best-path[5.5.1124~1-21ae4]:main():lattice-best-path.cc:99) For utterance Male-3-Male-3_14, best cost 87.1941 + 5174.84 = 5262.03 over 590 frames.
LOG (lattice-best-path[5.5.1124~1-21ae4]:main():lattice-best-path.cc:99) For utterance Male-3-Male-3_20, best cost 51.269 + 4467.02 = 4518.29 over 534 frames.
LOG (lattice-best-path[5.5.1124~1-21ae4]:main():lattice-best-path.cc:99) For utterance Male-3-Male-3_24, best cost 50.449 + 4009.27 = 4059.72 over 462 frames.
LOG (lattice-best-path[5.5.1124~1-21ae4]:main():lattice-best-path.cc:99) For utterance Male-3-Male-3_25, best cost 50.3416 + 4168.74 = 4219.08 over 490 frames.
LOG (lattice-best-path[5.5.1124~1-21ae4]:main():lattice-best-path.cc:99) For utterance Male-3-Male-3_3, best cost 41.4026 + 2850.3 = 2891.7 over 366 frames.
LOG (lattice-best-path[5.5.1124~1-21ae4]:main():lattice-best-path.cc:99) For utterance Male-3-Male-3_32, best cost 74.5056 + 6292.78 = 6367.29 over 742 frames.
LOG (lattice-best-path[5.5.1124~1-21ae4]:main():lattice-best-path.cc:99) For utterance Male-3-Male-3_39, best cost 73.097 + 4543.36 = 4616.46 over 534 frames.
LOG (lattice-best-path[5.5.1124~1-21ae4]:main():lattice-best-path.cc:99) For utterance Male-3-Male-3_44, best cost 125.739 + 7139.19 = 7264.93 over 786 frames.
LOG (lattice-best-path[5.5.1124~1-21ae4]:main():lattice-best-path.cc:99) For utterance Male-3-Male-3_49, best cost 115.511 + 5941.76 = 6057.27 over 642 frames.
LOG (lattice-best-path[5.5.1124~1-21ae4]:main():lattice-best-path.cc:99) For utterance Male-4-Male-4_11, best cost 71.8246 + 5239.69 = 5311.52 over 599 frames.
LOG (lattice-best-path[5.5.1124~1-21ae4]:main():lattice-best-path.cc:99) For utterance Male-4-Male-4_15, best cost 155.919 + 7651.73 = 7807.65 over 822 frames.
LOG (lattice-best-path[5.5.1124~1-21ae4]:main():lattice-best-path.cc:99) For utterance Male-4-Male-4_26, best cost 67.6325 + 4992.31 = 5059.94 over 585 frames.
LOG (lattice-best-path[5.5.1124~1-21ae4]:main():lattice-best-path.cc:99) For utterance Male-4-Male-4_31, best cost 70.6391 + 2748.32 = 2818.96 over 286 frames.
LOG (lattice-best-path[5.5.1124~1-21ae4]:main():lattice-best-path.cc:99) For utterance Male-4-Male-4_36, best cost 68.5489 + 4549.48 = 4618.03 over 498 frames.
LOG (lattice-best-path[5.5.1124~1-21ae4]:main():lattice-best-path.cc:99) For utterance Male-4-Male-4_37, best cost 64.0701 + 4150.92 = 4214.99 over 479 frames.
LOG (lattice-best-path[5.5.1124~1-21ae4]:main():lattice-best-path.cc:99) For utterance Male-4-Male-4_4, best cost 85.7775 + 6113.85 = 6199.62 over 667 frames.
LOG (lattice-best-path[5.5.1124~1-21ae4]:main():lattice-best-path.cc:99) For utterance Male-4-Male-4_43, best cost 84.1824 + 3797.65 = 3881.84 over 416 frames.
LOG (lattice-best-path[5.5.1124~1-21ae4]:main():lattice-best-path.cc:99) For utterance Male-4-Male-4_44, best cost 50.5536 + 3008.26 = 3058.81 over 325 frames.
LOG (lattice-best-path[5.5.1124~1-21ae4]:main():lattice-best-path.cc:99) For utterance Male-4-Male-4_9, best cost 108.712 + 5143.04 = 5251.76 over 575 frames.
LOG (lattice-best-path[5.5.1124~1-21ae4]:main():lattice-best-path.cc:99) For utterance Male-5-Male-5_1, best cost 81.7402 + 5830.31 = 5912.05 over 638 frames.
LOG (lattice-best-path[5.5.1124~1-21ae4]:main():lattice-best-path.cc:99) For utterance Male-5-Male-5_10, best cost 91.2777 + 7548.23 = 7639.5 over 870 frames.
LOG (lattice-best-path[5.5.1124~1-21ae4]:main():lattice-best-path.cc:99) For utterance Male-5-Male-5_13, best cost 60.0969 + 4655.93 = 4716.03 over 515 frames.
LOG (lattice-best-path[5.5.1124~1-21ae4]:main():lattice-best-path.cc:99) For utterance Male-5-Male-5_17, best cost 58.3827 + 4867.59 = 4925.98 over 563 frames.
LOG (lattice-best-path[5.5.1124~1-21ae4]:main():lattice-best-path.cc:99) For utterance Male-5-Male-5_19, best cost 75.9245 + 5415.06 = 5490.99 over 603 frames.
LOG (lattice-best-path[5.5.1124~1-21ae4]:main():lattice-best-path.cc:99) For utterance Male-5-Male-5_25, best cost 84.3082 + 7045.84 = 7130.14 over 790 frames.
LOG (lattice-best-path[5.5.1124~1-21ae4]:main():lattice-best-path.cc:99) For utterance Male-5-Male-5_28, best cost 79.0667 + 6407.9 = 6486.97 over 718 frames.
LOG (lattice-best-path[5.5.1124~1-21ae4]:main():lattice-best-path.cc:99) For utterance Male-5-Male-5_29, best cost 83.474 + 6626.65 = 6710.12 over 743 frames.
LOG (lattice-best-path[5.5.1124~1-21ae4]:main():lattice-best-path.cc:99) For utterance Male-5-Male-5_3, best cost 52.4994 + 3951.14 = 4003.64 over 445 frames.
LOG (lattice-best-path[5.5.1124~1-21ae4]:main():lattice-best-path.cc:99) For utterance Male-5-Male-5_43, best cost 62.6509 + 4897.39 = 4960.04 over 538 frames.
LOG (lattice-best-path[5.5.1124~1-21ae4]:main():lattice-best-path.cc:99) For utterance Male-6-Male-6_11, best cost 69.7517 + 5671.59 = 5741.34 over 640 frames.
LOG (lattice-best-path[5.5.1124~1-21ae4]:main():lattice-best-path.cc:99) For utterance Male-6-Male-6_14, best cost 88.6837 + 5769.3 = 5857.98 over 643 frames.
LOG (lattice-best-path[5.5.1124~1-21ae4]:main():lattice-best-path.cc:99) For utterance Male-6-Male-6_15, best cost 82.7727 + 7292.59 = 7375.37 over 798 frames.
LOG (lattice-best-path[5.5.1124~1-21ae4]:main():lattice-best-path.cc:99) For utterance Male-6-Male-6_33, best cost 65.2915 + 5893.14 = 5958.43 over 668 frames.
LOG (lattice-best-path[5.5.1124~1-21ae4]:main():lattice-best-path.cc:99) For utterance Male-6-Male-6_34, best cost 69.587 + 6676.33 = 6745.92 over 760 frames.
LOG (lattice-best-path[5.5.1124~1-21ae4]:main():lattice-best-path.cc:99) For utterance Male-6-Male-6_38, best cost 71.0505 + 6880.38 = 6951.43 over 770 frames.
LOG (lattice-best-path[5.5.1124~1-21ae4]:main():lattice-best-path.cc:99) For utterance Male-6-Male-6_41, best cost 84.6444 + 7879.42 = 7964.06 over 880 frames.
LOG (lattice-best-path[5.5.1124~1-21ae4]:main():lattice-best-path.cc:99) For utterance Male-6-Male-6_43, best cost 139.047 + 9559.38 = 9698.43 over 1023 frames.
LOG (lattice-best-path[5.5.1124~1-21ae4]:main():lattice-best-path.cc:99) For utterance Male-6-Male-6_44, best cost 96.3486 + 7886.66 = 7983.01 over 865 frames.
LOG (lattice-best-path[5.5.1124~1-21ae4]:main():lattice-best-path.cc:99) For utterance Male-6-Male-6_5, best cost 53.3736 + 4591.14 = 4644.52 over 523 frames.
LOG (lattice-best-path[5.5.1124~1-21ae4]:main():lattice-best-path.cc:99) For utterance Male-7-Male-7_11, best cost 89.7965 + 7422.6 = 7512.4 over 773 frames.
LOG (lattice-best-path[5.5.1124~1-21ae4]:main():lattice-best-path.cc:99) For utterance Male-7-Male-7_2, best cost 123.895 + 7953.23 = 8077.12 over 860 frames.
LOG (lattice-best-path[5.5.1124~1-21ae4]:main():lattice-best-path.cc:99) For utterance Male-7-Male-7_29, best cost 61.8837 + 4861.19 = 4923.07 over 545 frames.
LOG (lattice-best-path[5.5.1124~1-21ae4]:main():lattice-best-path.cc:99) For utterance Male-7-Male-7_34, best cost 100.625 + 8005.82 = 8106.44 over 848 frames.
LOG (lattice-best-path[5.5.1124~1-21ae4]:main():lattice-best-path.cc:99) For utterance Male-7-Male-7_39, best cost 96.4553 + 6888.68 = 6985.13 over 735 frames.
LOG (lattice-best-path[5.5.1124~1-21ae4]:main():lattice-best-path.cc:99) For utterance Male-7-Male-7_4, best cost 75.5974 + 5756.84 = 5832.44 over 660 frames.
LOG (lattice-best-path[5.5.1124~1-21ae4]:main():lattice-best-path.cc:99) For utterance Male-7-Male-7_44, best cost 74.7915 + 6855.04 = 6929.83 over 738 frames.
LOG (lattice-best-path[5.5.1124~1-21ae4]:main():lattice-best-path.cc:99) For utterance Male-7-Male-7_46, best cost 82.6578 + 6136.01 = 6218.67 over 660 frames.
LOG (lattice-best-path[5.5.1124~1-21ae4]:main():lattice-best-path.cc:99) For utterance Male-7-Male-7_49, best cost 93.5548 + 7341.42 = 7434.98 over 773 frames.
LOG (lattice-best-path[5.5.1124~1-21ae4]:main():lattice-best-path.cc:99) For utterance Male-7-Male-7_50, best cost 115.534 + 6432.71 = 6548.24 over 668 frames.
LOG (lattice-best-path[5.5.1124~1-21ae4]:main():lattice-best-path.cc:99) For utterance Male-8-Male-8_10, best cost 47.8987 + 4553.93 = 4601.82 over 550 frames.
LOG (lattice-best-path[5.5.1124~1-21ae4]:main():lattice-best-path.cc:99) For utterance Male-8-Male-8_11, best cost 67.2269 + 3580.88 = 3648.11 over 453 frames.
LOG (lattice-best-path[5.5.1124~1-21ae4]:main():lattice-best-path.cc:99) For utterance Male-8-Male-8_14, best cost 72.0833 + 6145.39 = 6217.47 over 720 frames.
LOG (lattice-best-path[5.5.1124~1-21ae4]:main():lattice-best-path.cc:99) For utterance Male-8-Male-8_19, best cost 68.2388 + 4878.58 = 4946.82 over 600 frames.
LOG (lattice-best-path[5.5.1124~1-21ae4]:main():lattice-best-path.cc:99) For utterance Male-8-Male-8_22, best cost 132.776 + 9319.27 = 9452.05 over 1132 frames.
LOG (lattice-depth-per-frame[5.5.1124~1-21ae4]:main():lattice-depth-per-frame.cc:82) Done 217 lattices.
LOG (lattice-best-path[5.5.1124~1-21ae4]:main():lattice-best-path.cc:99) For utterance Male-8-Male-8_39, best cost 100.889 + 7375.47 = 7476.36 over 870 frames.
LOG (lattice-best-path[5.5.1124~1-21ae4]:main():lattice-best-path.cc:99) For utterance Male-8-Male-8_41, best cost 53.7661 + 4980.34 = 5034.1 over 608 frames.
LOG (lattice-best-path[5.5.1124~1-21ae4]:main():lattice-best-path.cc:99) For utterance Male-8-Male-8_48, best cost 43.1937 + 4530.85 = 4574.04 over 558 frames.
LOG (lattice-best-path[5.5.1124~1-21ae4]:main():lattice-best-path.cc:99) For utterance Male-8-Male-8_5, best cost 61.2511 + 5202.84 = 5264.09 over 643 frames.
LOG (lattice-best-path[5.5.1124~1-21ae4]:main():lattice-best-path.cc:99) For utterance Male-8-Male-8_9, best cost 86.4858 + 6297.94 = 6384.43 over 750 frames.
LOG (lattice-best-path[5.5.1124~1-21ae4]:main():lattice-best-path.cc:99) For utterance Male-9-Male-9_1, best cost 44.6394 + 3927.79 = 3972.43 over 478 frames.
LOG (lattice-best-path[5.5.1124~1-21ae4]:main():lattice-best-path.cc:99) For utterance Male-9-Male-9_12, best cost 107.389 + 6853.51 = 6960.9 over 718 frames.
LOG (lattice-best-path[5.5.1124~1-21ae4]:main():lattice-best-path.cc:99) For utterance Male-9-Male-9_22, best cost 62.7874 + 4099.15 = 4161.93 over 427 frames.
LOG (lattice-best-path[5.5.1124~1-21ae4]:main():lattice-best-path.cc:99) For utterance Male-9-Male-9_27, best cost 118.471 + 6103.8 = 6222.27 over 641 frames.
LOG (lattice-best-path[5.5.1124~1-21ae4]:main():lattice-best-path.cc:99) For utterance Male-9-Male-9_29, best cost 74.6101 + 5635.63 = 5710.24 over 581 frames.
LOG (lattice-best-path[5.5.1124~1-21ae4]:main():lattice-best-path.cc:99) For utterance Male-9-Male-9_33, best cost 50.829 + 2825.91 = 2876.74 over 307 frames.
LOG (lattice-best-path[5.5.1124~1-21ae4]:main():lattice-best-path.cc:99) For utterance Male-9-Male-9_38, best cost 35.0113 + 2910.36 = 2945.38 over 324 frames.
LOG (lattice-best-path[5.5.1124~1-21ae4]:main():lattice-best-path.cc:99) For utterance Male-9-Male-9_39, best cost 37.5792 + 3076.19 = 3113.77 over 332 frames.
LOG (lattice-best-path[5.5.1124~1-21ae4]:main():lattice-best-path.cc:99) For utterance Male-9-Male-9_45, best cost 61.5106 + 3617.71 = 3679.22 over 384 frames.
LOG (lattice-best-path[5.5.1124~1-21ae4]:main():lattice-best-path.cc:99) For utterance Male-9-Male-9_6, best cost 62.8518 + 4234.6 = 4297.45 over 478 frames.
LOG (lattice-best-path[5.5.1124~1-21ae4]:main():lattice-best-path.cc:124) Overall cost per frame is 9.19416 = 0.127357 [graph] + 9.06681 [acoustic] over 128341 frames.
LOG (lattice-best-path[5.5.1124~1-21ae4]:main():lattice-best-path.cc:128) Done 217 lattices, failed for 0
# Accounting: time=0 threads=1
# Ended (code 0) at Tue Dec  5 18:24:42 WIB 2023, elapsed time 0 seconds
