# lattice-scale --inv-acoustic-scale=19 "ark:gunzip -c exp/mono/decode/lat.*.gz|" ark:- | lattice-add-penalty --word-ins-penalty=0.0 ark:- ark:- | lattice-best-path --word-symbol-table=exp/mono/graph/words.txt ark:- ark,t:- | utils/int2sym.pl -f 2- exp/mono/graph/words.txt | cat > exp/mono/decode/scoring_kaldi/penalty_0.0/19.txt 
# Started at Tue Dec  5 18:21:41 WIB 2023
#
lattice-best-path --word-symbol-table=exp/mono/graph/words.txt ark:- ark,t:- 
lattice-add-penalty --word-ins-penalty=0.0 ark:- ark:- 
lattice-scale --inv-acoustic-scale=19 'ark:gunzip -c exp/mono/decode/lat.*.gz|' ark:- 
LOG (lattice-best-path[5.5.1124~1-21ae4]:main():lattice-best-path.cc:99) For utterance Female-1-Female-1_1, best cost 51.5699 + 2149.05 = 2200.62 over 440 frames.
Female-1-Female-1_1 BUAT NGILANGIN PENAT PALING ENAK LIBURAN KE PANTAI 
LOG (lattice-best-path[5.5.1124~1-21ae4]:main():lattice-best-path.cc:99) For utterance Female-1-Female-1_19, best cost 89.554 + 3045.11 = 3134.67 over 638 frames.
Female-1-Female-1_19 BUAT KALIAN YANG LAGI MERENCANAKAN LIBURAN PASTIKAN SUDAH PUNYA PLAN YANG BAGUS 
LOG (lattice-best-path[5.5.1124~1-21ae4]:main():lattice-best-path.cc:99) For utterance Female-1-Female-1_21, best cost 38.6073 + 1547.08 = 1585.69 over 325 frames.
Female-1-Female-1_21 STAYCATION ENAKNYA KEMANA YA 
LOG (lattice-best-path[5.5.1124~1-21ae4]:main():lattice-best-path.cc:99) For utterance Female-1-Female-1_32, best cost 67.0134 + 2868.06 = 2935.07 over 588 frames.
Female-1-Female-1_32 SAYA SUKA MINUM KOPI SAMBIL BERSANTAI DENGAN TEMAN DI GUNUNG 
LOG (lattice-best-path[5.5.1124~1-21ae4]:main():lattice-best-path.cc:99) For utterance Female-1-Female-1_36, best cost 58.7939 + 2052.14 = 2110.94 over 409 frames.
Female-1-Female-1_36 SALAH SATU TUJUAN HIKING SAYA ADALAH GUNUNG RINJANI 
LOG (lattice-best-path[5.5.1124~1-21ae4]:main():lattice-best-path.cc:99) For utterance Female-1-Female-1_37, best cost 70.0181 + 2304.59 = 2374.61 over 471 frames.
Female-1-Female-1_37 LIBURAN YANG RELAXING BUAT SAYA ADALAH KE UBUD BALI 
LOG (lattice-best-path[5.5.1124~1-21ae4]:main():lattice-best-path.cc:99) For utterance Female-1-Female-1_39, best cost 51.8944 + 2179.3 = 2231.2 over 461 frames.
Female-1-Female-1_39 MY DREAM DESTINATION IALAH LIBURAN KE RAJA AMPAT 
LOG (lattice-best-path[5.5.1124~1-21ae4]:main():lattice-best-path.cc:99) For utterance Female-1-Female-1_43, best cost 89.8096 + 3089.64 = 3179.45 over 640 frames.
Female-1-Female-1_43 SELAMA MASIH WAKTU LIBURAN AYO KITA EXPLORE PERNYATAAN INI DI BALI 
LOG (lattice-best-path[5.5.1124~1-21ae4]:main():lattice-best-path.cc:99) For utterance Female-1-Female-1_48, best cost 74.9164 + 3222.19 = 3297.1 over 648 frames.
Female-1-Female-1_48 RENCANANYA KITA MAU JOIN COOKING CLASS UNTUK BELAJAR MEMASAK MASAKAN INDONESIA 
LOG (lattice-best-path[5.5.1124~1-21ae4]:main():lattice-best-path.cc:99) For utterance Female-1-Female-1_50, best cost 72.4032 + 2822.29 = 2894.7 over 590 frames.
Female-1-Female-1_50 DENGAN BERENANG TUBUH KITA AKAN JADI HARUS MENGANGGUR 
LOG (lattice-best-path[5.5.1124~1-21ae4]:main():lattice-best-path.cc:99) For utterance Female-2-Female-2_13, best cost 60.1676 + 1867.26 = 1927.42 over 375 frames.
Female-2-Female-2_13 KALAU KE BALI BULAN SEMBILAN ENAKNYA NGAPAIN YA DI SANA 
LOG (lattice-best-path[5.5.1124~1-21ae4]:main():lattice-best-path.cc:99) For utterance Female-2-Female-2_16, best cost 70.0548 + 2914.45 = 2984.51 over 581 frames.
Female-2-Female-2_16 HAL PALING MALESIN PAS LIBURAN TUH DIHUBUNGIN ATASAN TERUS DISURUH IKUT MEETING 
LOG (lattice-best-path[5.5.1124~1-21ae4]:main():lattice-best-path.cc:99) For utterance Female-2-Female-2_20, best cost 51.2627 + 1874.02 = 1925.28 over 367 frames.
Female-2-Female-2_20 PINGIN LIBURAN KE EROPA BIAR BISA LIAT SALJU 
LOG (lattice-best-path[5.5.1124~1-21ae4]:main():lattice-best-path.cc:99) For utterance Female-2-Female-2_3, best cost 43.7301 + 1348.51 = 1392.24 over 272 frames.
Female-2-Female-2_3 PALING SERU KALAU LIBURAN AGAMA 
LOG (lattice-best-path[5.5.1124~1-21ae4]:main():lattice-best-path.cc:99) For utterance Female-2-Female-2_33, best cost 94.6552 + 3445.73 = 3540.38 over 684 frames.
Female-2-Female-2_33 KEMARIN KE JEPANG SEBENERNYA TAPI TIDAK BISA KARENA MEREKA MASIH CLOSE BORDER DARI AWAL TAHUNNYA 
LOG (lattice-best-path[5.5.1124~1-21ae4]:main():lattice-best-path.cc:99) For utterance Female-2-Female-2_35, best cost 92.0111 + 3639.55 = 3731.56 over 752 frames.
Female-2-Female-2_35 JANGAN LUPA NANTI JAM EMPAT SORE KUMPUL DEPAN VILLA YA JANGAN SAMPAI TERLEWAT GOLDEN HOUR SORE INI 
LOG (lattice-best-path[5.5.1124~1-21ae4]:main():lattice-best-path.cc:99) For utterance Female-2-Female-2_37, best cost 66.5204 + 2438.11 = 2504.63 over 495 frames.
Female-2-Female-2_37 KALAU TURUN DARI GUNUNG BISA NGGA TINGGAL NGGELINDING AJA CAPEK SOALNYA 
LOG (lattice-best-path[5.5.1124~1-21ae4]:main():lattice-best-path.cc:99) For utterance Female-2-Female-2_43, best cost 84.9465 + 2900.73 = 2985.68 over 581 frames.
Female-2-Female-2_43 BANDUNG MEMPUNYAI BANYAK OBJEK WISATA YANG BISA JADI PILIHAN LIBURAN BAGI WARGA JABODETABEK 
LOG (lattice-best-path[5.5.1124~1-21ae4]:main():lattice-best-path.cc:99) For utterance Female-2-Female-2_6, best cost 57.1811 + 2056.2 = 2113.38 over 418 frames.
Female-2-Female-2_6 HOLIDAY PALING ENAK KALAU BISA JALAN JALAN BARENG KELUARGA 
LOG (lattice-best-path[5.5.1124~1-21ae4]:main():lattice-best-path.cc:99) For utterance Female-2-Female-2_7, best cost 47.9636 + 1861.79 = 1909.76 over 375 frames.
Female-2-Female-2_7 OVERTIME BAGAI KUDA BIAR BISA BEBAS LIBURAN 
LOG (lattice-best-path[5.5.1124~1-21ae4]:main():lattice-best-path.cc:99) For utterance Female-3-Female-3_13, best cost 49.8992 + 2022.34 = 2072.24 over 408 frames.
Female-3-Female-3_13 HEALING TU ENAKNYA TIDUR AJA DI HOTEL SEHARIAN 
LOG (lattice-best-path[5.5.1124~1-21ae4]:main():lattice-best-path.cc:99) For utterance Female-3-Female-3_15, best cost 49.8315 + 2199.73 = 2249.56 over 448 frames.
Female-3-Female-3_15 SIAPA MAU SENDIRIAN STAYCATION DI TENGAH HUTAN GITU 
LOG (lattice-best-path[5.5.1124~1-21ae4]:main():lattice-best-path.cc:99) For utterance Female-3-Female-3_23, best cost 108.829 + 3933.24 = 4042.07 over 783 frames.
Female-3-Female-3_23 TAHUN LALU SAYA INGIN KE JEPANG SEBENERNYA TAPI TIDAK BISA KARENA MEREKA MASIH CLOSE BORDER DARI AWAL TAHUNNYA 
LOG (lattice-best-path[5.5.1124~1-21ae4]:main():lattice-best-path.cc:99) For utterance Female-3-Female-3_28, best cost 83.5015 + 3309.8 = 3393.3 over 658 frames.
Female-3-Female-3_28 LIBURAN TAHUN LALU KURANG KERASA MENURUTKU GAK BISA PERGI JAUH KARENA MASIH WABAH 
LOG (lattice-best-path[5.5.1124~1-21ae4]:main():lattice-best-path.cc:99) For utterance Female-3-Female-3_3, best cost 69.9076 + 2436.42 = 2506.33 over 493 frames.
Female-3-Female-3_3 KALAU KE BALI BULAN SEMBILAN ENAKNYA NGAPAIN YA DI SANA 
LOG (lattice-best-path[5.5.1124~1-21ae4]:main():lattice-best-path.cc:99) For utterance Female-3-Female-3_32, best cost 80.5572 + 3993.84 = 4074.4 over 775 frames.
Female-3-Female-3_32 LITERALLY TRACKING KE PEGUNUNGAN MEMBERIKAN KESEMPATAN UNTUK MERASAKAN KESEGARAN UDARA ALAMI 
LOG (lattice-best-path[5.5.1124~1-21ae4]:main():lattice-best-path.cc:99) For utterance Female-3-Female-3_33, best cost 98.6911 + 3831.15 = 3929.84 over 735 frames.
Female-3-Female-3_33 BANDUNG MEMPUNYAI BANYAK OBJEK WISATA YANG BISA JADI PILIHAN LIBURAN BAGI WARGA JABODETABEK 
LOG (lattice-best-path[5.5.1124~1-21ae4]:main():lattice-best-path.cc:99) For utterance Female-3-Female-3_39, best cost 58.6985 + 2218.42 = 2277.12 over 425 frames.
Female-3-Female-3_39 INDONESIA TERKENAL AKAN PESONA LAUT DAN PANTAINYA 
LOG (lattice-best-path[5.5.1124~1-21ae4]:main():lattice-best-path.cc:99) For utterance Female-3-Female-3_4, best cost 81.1364 + 2691.82 = 2772.96 over 540 frames.
Female-3-Female-3_4 INGIN PERGI LIBURAN TAPI KERJAAN MASIH BANYAK DAN DUIT JUGA UDAH MAU HABIS 
LOG (lattice-best-path[5.5.1124~1-21ae4]:main():lattice-best-path.cc:99) For utterance Female-3-Female-3_8, best cost 46.2829 + 1852.85 = 1899.13 over 390 frames.
Female-3-Female-3_8 HIKING DI MUSIM KEMARAU KAYAKNYA SERU NIH 
LOG (lattice-best-path[5.5.1124~1-21ae4]:main():lattice-best-path.cc:99) For utterance Female-4-Female-4_12, best cost 74.391 + 2833.92 = 2908.31 over 598 frames.
Female-4-Female-4_12 LIBURAN BULAN DEPAN JANGAN LUPA BAWA OBAT YA JUST IN CASE SAKIT DI LOKASI 
LOG (lattice-best-path[5.5.1124~1-21ae4]:main():lattice-best-path.cc:99) For utterance Female-4-Female-4_26, best cost 53.7395 + 2915.59 = 2969.33 over 607 frames.
Female-4-Female-4_26 MESKIPUN JACKSON SOCIALLY AWKWARD NAMUN DIA HOBI JOIN OPEN TRIP 
LOG (lattice-best-path[5.5.1124~1-21ae4]:main():lattice-best-path.cc:99) For utterance Female-4-Female-4_3, best cost 53.6931 + 2107.84 = 2161.54 over 435 frames.
Female-4-Female-4_3 HEALING TU ENAKNYA TIDUR AJA DI HOTEL SEHARIAN 
LOG (lattice-best-path[5.5.1124~1-21ae4]:main():lattice-best-path.cc:99) For utterance Female-4-Female-4_34, best cost 84.0074 + 2920.97 = 3004.98 over 598 frames.
Female-4-Female-4_34 TEMPAT PALING ENAK BUAT LIBURAN TUH YANG UDARANYA SEJUK ADEM AYEM BIAR NGGA KERINGETAN 
LOG (lattice-best-path[5.5.1124~1-21ae4]:main():lattice-best-path.cc:99) For utterance Female-4-Female-4_38, best cost 68.7728 + 2753.47 = 2822.24 over 572 frames.
Female-4-Female-4_38 PAS SAMPE TEMPAT TUJUAN COBA HIRUP UDARANYA YANG SEGER DIJAMIN BETAH 
LOG (lattice-best-path[5.5.1124~1-21ae4]:main():lattice-best-path.cc:99) For utterance Female-4-Female-4_4, best cost 57.2655 + 2235.16 = 2292.43 over 478 frames.
Female-4-Female-4_4 TERSERAH MAU KEMANA PENTING MAKANANNYA ENAK ENAK 
LOG (lattice-best-path[5.5.1124~1-21ae4]:main():lattice-best-path.cc:99) For utterance Female-4-Female-4_42, best cost 60.8329 + 1954.95 = 2015.78 over 401 frames.
Female-4-Female-4_42 NANTI KALAU SUDAH LIBURAN JANGAN LUPA JALAN JALAN 
LOG (lattice-best-path[5.5.1124~1-21ae4]:main():lattice-best-path.cc:99) For utterance Female-4-Female-4_43, best cost 55.1526 + 1759.92 = 1815.07 over 367 frames.
Female-4-Female-4_43 BISA KE PANTAI ATAU KE PEGUNUNGAN 
LOG (lattice-best-path[5.5.1124~1-21ae4]:main():lattice-best-path.cc:99) For utterance Female-4-Female-4_6, best cost 41.1942 + 1685.67 = 1726.86 over 358 frames.
Female-4-Female-4_6 LIBURAN KE PALEMBANG WAJIB MAKAN PEMPEK 
LOG (lattice-best-path[5.5.1124~1-21ae4]:main():lattice-best-path.cc:99) For utterance Female-4-Female-4_8, best cost 58.7025 + 2710.44 = 2769.14 over 572 frames.
Female-4-Female-4_8 LIBUR TELAH TIBA LIBUR TELAH TIBA HORE HORE 
LOG (lattice-best-path[5.5.1124~1-21ae4]:main():lattice-best-path.cc:99) For utterance Female-5-Female-5_11, best cost 58.3294 + 3023.68 = 3082.01 over 618 frames.
Female-5-Female-5_11 BERLIBUR KE PANTAI SELALU MENJADI PILIHAN FAVORIT SAYA 
LOG (lattice-best-path[5.5.1124~1-21ae4]:main():lattice-best-path.cc:99) For utterance Female-5-Female-5_12, best cost 81.9474 + 4423.57 = 4505.51 over 905 frames.
Female-5-Female-5_12 LITERALLY TRACKING KE PEGUNUNGAN MEMBERIKAN KESEMPATAN UNTUK MERASAKAN KESEGARAN UDARA ALAMI 
LOG (lattice-best-path[5.5.1124~1-21ae4]:main():lattice-best-path.cc:99) For utterance Female-5-Female-5_17, best cost 61.0819 + 2741.73 = 2802.81 over 565 frames.
Female-5-Female-5_17 JUJURLY SAYA TIDAK SABAR UNTUK PERGI LIBURAN LAGI 
LOG (lattice-best-path[5.5.1124~1-21ae4]:main():lattice-best-path.cc:99) For utterance Female-5-Female-5_21, best cost 57.4448 + 2712.86 = 2770.31 over 550 frames.
Female-5-Female-5_21 KALO CAPE KERJA ENAKNYA LIBURAN SIH INI MAH 
LOG (lattice-best-path[5.5.1124~1-21ae4]:main():lattice-best-path.cc:99) For utterance Female-5-Female-5_33, best cost 52.1095 + 2128.82 = 2180.93 over 433 frames.
Female-5-Female-5_33 BISA KE PANTAI ATAU KE PEGUNUNGAN 
LOG (lattice-best-path[5.5.1124~1-21ae4]:main():lattice-best-path.cc:99) For utterance Female-5-Female-5_35, best cost 76.086 + 3332.28 = 3408.37 over 670 frames.
Female-5-Female-5_35 DENGAN BEGITU LIBURAN JADI LEBIH BERMAKNA DAN LEBIH MENYENANGKAN 
LOG (lattice-best-path[5.5.1124~1-21ae4]:main():lattice-best-path.cc:99) For utterance Female-5-Female-5_43, best cost 71.1755 + 3121.73 = 3192.91 over 618 frames.
Female-5-Female-5_43 SEMOGA SUATU HARI KAMI BISA STAYCATION DI VILLA PEGUNUNGAN 
LOG (lattice-best-path[5.5.1124~1-21ae4]:main():lattice-best-path.cc:99) For utterance Female-5-Female-5_44, best cost 58.4662 + 3021.89 = 3080.36 over 608 frames.
Female-5-Female-5_44 SEKARANG TRAVELING JADI MAKIN MUDAH DENGAN RESERVASI ONLINE 
LOG (lattice-best-path[5.5.1124~1-21ae4]:main():lattice-best-path.cc:99) For utterance Female-5-Female-5_5, best cost 100.555 + 4589.79 = 4690.35 over 915 frames.
Female-5-Female-5_5 JANGAN LUPA NANTI JAM EMPAT SORE KUMPUL DEPAN VILLA YA JANGAN SAMPAI TERLEWAT GOLDEN HOUR SORE INI 
LOG (lattice-best-path[5.5.1124~1-21ae4]:main():lattice-best-path.cc:99) For utterance Female-5-Female-5_50, best cost 49.2877 + 2555.55 = 2604.84 over 543 frames.
Female-5-Female-5_50 KOTA MEDAN ADALAH SURGANYA PENYUKA DURIAN 
LOG (lattice-best-path[5.5.1124~1-21ae4]:main():lattice-best-path.cc:99) For utterance Female-6-Female-6_1, best cost 63.9996 + 2991.64 = 3055.64 over 608 frames.
Female-6-Female-6_1 BERLIBUR KE PANTAI SELALU MENJADI PILIHAN FAVORIT SAYA 
LOG (lattice-best-path[5.5.1124~1-21ae4]:main():lattice-best-path.cc:99) For utterance Female-6-Female-6_19, best cost 87.9857 + 3726.31 = 3814.3 over 753 frames.
Female-6-Female-6_19 JANGAN LUPA MAMPIR KE RUMAH MAKAN SUNDA YANG RASA MAKANANNYA DIJAMIN ENAK PISAN 
LOG (lattice-best-path[5.5.1124~1-21ae4]:main():lattice-best-path.cc:99) For utterance Female-6-Female-6_27, best cost 87.4521 + 4002.57 = 4090.02 over 815 frames.
Female-6-Female-6_27 JADI HARUS DIAGENDAKAN JALAN JALAN ATAU SEKEDAR KUMPUL KELUARGA UNTUK HEALING 
LOG (lattice-best-path[5.5.1124~1-21ae4]:main():lattice-best-path.cc:99) For utterance Female-6-Female-6_28, best cost 78.5024 + 3715.66 = 3794.17 over 763 frames.
Female-6-Female-6_28 REFRESHING SANGAT PENTING UNTUK MENJAGA KESEHATAN DAN KEWARASAN JIWA KITA 
LOG (lattice-best-path[5.5.1124~1-21ae4]:main():lattice-best-path.cc:99) For utterance Female-6-Female-6_34, best cost 62.217 + 3114.45 = 3176.66 over 630 frames.
Female-6-Female-6_34 SEKARANG TRAVELING JADI MAKIN MUDAH DENGAN RESERVASI ONLINE 
LOG (lattice-best-path[5.5.1124~1-21ae4]:main():lattice-best-path.cc:99) For utterance Female-6-Female-6_37, best cost 70.0264 + 3260.63 = 3330.65 over 680 frames.
Female-6-Female-6_37 PANTAI SELALU MENJADI TUJUAN FAVORIT SAYA UNTUK LIBURAN 
LOG (lattice-best-path[5.5.1124~1-21ae4]:main():lattice-best-path.cc:99) For utterance Female-6-Female-6_40, best cost 52.0013 + 2736.76 = 2788.76 over 560 frames.
Female-6-Female-6_40 KOTA MEDAN ADALAH SURGANYA PENYUKA DURIAN 
LOG (lattice-best-path[5.5.1124~1-21ae4]:main():lattice-best-path.cc:99) For utterance Female-6-Female-6_47, best cost 72.9248 + 3150.82 = 3223.75 over 640 frames.
Female-6-Female-6_47 BANYAK SEKALI YANG HARUS DIPERSIAPKAN UNTUK HOLIDAY KE JEPANG 
LOG (lattice-best-path[5.5.1124~1-21ae4]:main():lattice-best-path.cc:99) For utterance Female-6-Female-6_7, best cost 63.9982 + 2726.8 = 2790.8 over 565 frames.
Female-6-Female-6_7 JUJURLY SAYA TIDAK SABAR UNTUK PERGI LIBURAN LAGI 
LOG (lattice-best-path[5.5.1124~1-21ae4]:main():lattice-best-path.cc:99) For utterance Female-6-Female-6_9, best cost 57.1448 + 2689.57 = 2746.71 over 565 frames.
Female-6-Female-6_9 INDONESIA TERKENAL AKAN PESONA LAUT DAN PANTAINYA 
LOG (lattice-best-path[5.5.1124~1-21ae4]:main():lattice-best-path.cc:99) For utterance Female-7-human_rights_un_ind_rd_0000, best cost 181.463 + 6416.05 = 6597.51 over 1314 frames.
Female-7-human_rights_un_ind_rd_0000 DENGAN UMUM TENTANG HAK HAK ASASI MANUSIA MUKADIMAH MENIMBANG BAHWA PENGAKUAN ATAS MARTABAT ALAMIAH DAN HAK HAK YANG SAMA DAN MUTLAK DARI SEMUA ANGGOTA KELUARGA MANUSIA ADALAH DASAR KEMERDEKAAN 
LOG (lattice-best-path[5.5.1124~1-21ae4]:main():lattice-best-path.cc:99) For utterance Female-7-human_rights_un_ind_rd_0008, best cost 107.611 + 3036.52 = 3144.13 over 608 frames.
Female-7-human_rights_un_ind_rd_0008 DAN TELAH BERTEKAD UNTUK MENGGALAKKAN KEMAJUAN SOSIAL DAN TARAF HIDUP YANG LEBIH BAIK DI DALAM KEMERDEKAAN YANG LEBIH LUAS 
LOG (lattice-best-path[5.5.1124~1-21ae4]:main():lattice-best-path.cc:99) For utterance Female-7-human_rights_un_ind_rd_0017, best cost 123.986 + 3679.87 = 3803.86 over 738 frames.
Female-7-human_rights_un_ind_rd_0017 BAIK OLEH BANGSA BANGSA DARI NEGARA NEGARA ANGGOTA SENDIRI MAUPUN OLEH BANGSA BANGSA DARI DAERAH DAERAH YANG BERADA DI BAWAH KEKUASAAN HUKUM MEREKA 
LOG (lattice-best-path[5.5.1124~1-21ae4]:main():lattice-best-path.cc:99) For utterance Female-7-human_rights_un_ind_rd_0018, best cost 88.7758 + 2782.09 = 2870.86 over 584 frames.
Female-7-human_rights_un_ind_rd_0018 PASAL SATU SEMUA ORANG DILAHIRKAN MERDEKA DAN MEMPUNYAI MARTABAT DAN HAK HAK YANG SAMA 
LOG (lattice-best-path[5.5.1124~1-21ae4]:main():lattice-best-path.cc:99) For utterance Female-7-human_rights_un_ind_rd_0021, best cost 81.4151 + 3278.04 = 3359.45 over 680 frames.
Female-7-human_rights_un_ind_rd_0021 SEPERTI RAS WARNA KULIT JENIS KELAMIN BAHASA AGAMA POLITIK ATAU PENDAPAT YANG BERLAINAN 
LOG (lattice-best-path[5.5.1124~1-21ae4]:main():lattice-best-path.cc:99) For utterance Female-7-human_rights_un_ind_rd_0026, best cost 31.7977 + 972.393 = 1004.19 over 196 frames.
Female-7-human_rights_un_ind_rd_0026 YANG BERBENTUK WILAYAH WILAYAH PERWALIAN 
LOG (lattice-best-path[5.5.1124~1-21ae4]:main():lattice-best-path.cc:99) For utterance Female-7-human_rights_un_ind_rd_0027, best cost 60.02 + 1666.13 = 1726.15 over 342 frames.
Female-7-human_rights_un_ind_rd_0027 JAJAHAN ATAU YANG BERADA DI BAWAH BATASAN KEDAULATAN YANG LAIN 
LOG (lattice-best-path[5.5.1124~1-21ae4]:main():lattice-best-path.cc:99) For utterance Female-7-human_rights_un_ind_rd_0033, best cost 92.7778 + 3071.22 = 3164 over 628 frames.
Female-7-human_rights_un_ind_rd_0033 PASAL ENAM SETIAP ORANG BERHAK ATAS PENGAKUAN DI DEPAN HUKUM SEBAGAI PRIBADI DI MANA SAJA IA BERADA 
LOG (lattice-best-path[5.5.1124~1-21ae4]:main():lattice-best-path.cc:99) For utterance Female-7-human_rights_un_ind_rd_0047, best cost 100.718 + 3668.44 = 3769.16 over 760 frames.
Female-7-human_rights_un_ind_rd_0047 JUGA TIDAK DIPERKENANKAN MENJATUHKAN HUKUMAN LEBIH BERAT DARIPADA HUKUMAN YANG SEHARUSNYA DIKENAKAN KETIKA PELANGGARAN HUKUM ITU DILAKUKAN 
LOG (lattice-best-path[5.5.1124~1-21ae4]:main():lattice-best-path.cc:99) For utterance Female-7-human_rights_un_ind_rd_0053, best cost 34.5029 + 1212.1 = 1246.6 over 250 frames.
Female-7-human_rights_un_ind_rd_0053 SETIAP ORANG BERHAK MENINGGALKAN SUATU NEGERI 
LOG (lattice-best-path[5.5.1124~1-21ae4]:main():lattice-best-path.cc:99) For utterance Female-7-human_rights_un_ind_rd_0063, best cost 50.0487 + 1362.73 = 1412.78 over 274 frames.
Female-7-human_rights_un_ind_rd_0063 MEREKA MEMPUNYAI HAK YANG SAMA DALAM SOAL PERKAWINAN 
LOG (lattice-best-path[5.5.1124~1-21ae4]:main():lattice-best-path.cc:99) For utterance Female-7-human_rights_un_ind_rd_0065, best cost 90.9204 + 3885.18 = 3976.1 over 830 frames.
Female-7-human_rights_un_ind_rd_0065 PERKAWINAN HANYA DAPAT DILAKSANAKAN BERDASARKAN PILIHAN BEBAS DAN PERSETUJUAN PENUH OLEH KEDUA MEMPELAI TIGA 
LOG (lattice-best-path[5.5.1124~1-21ae4]:main():lattice-best-path.cc:99) For utterance Female-7-human_rights_un_ind_rd_0068, best cost 46.7017 + 1235.05 = 1281.75 over 250 frames.
Female-7-human_rights_un_ind_rd_0068 DI SENDIRI MAUPUN BERSAMA SAMA DENGAN ORANG 
LOG (lattice-best-path[5.5.1124~1-21ae4]:main():lattice-best-path.cc:99) For utterance Female-7-human_rights_un_ind_rd_0074, best cost 83.1886 + 2734.85 = 2818.04 over 590 frames.
Female-7-human_rights_un_ind_rd_0074 BAIK SENDIRI MAUPUN BERSAMA SAMA DENGAN ORANG LAIN DI MUKA UMUM MAUPUN SENDIRI 
LOG (lattice-best-path[5.5.1124~1-21ae4]:main():lattice-best-path.cc:99) For utterance Female-7-human_rights_un_ind_rd_0077, best cost 22.746 + 503.175 = 525.921 over 102 frames.
Female-7-human_rights_un_ind_rd_0077 DAN UNTUK MENCARI 
LOG (lattice-best-path[5.5.1124~1-21ae4]:main():lattice-best-path.cc:99) For utterance Female-7-human_rights_un_ind_rd_0080, best cost 52.0553 + 1826.82 = 1878.88 over 368 frames.
Female-7-human_rights_un_ind_rd_0080 TIDAK SEORANG PUN BOLEH DIPAKSA UNTUK MEMASUKI SUATU PERKUMPULAN 
LOG (lattice-best-path[5.5.1124~1-21ae4]:main():lattice-best-path.cc:99) For utterance Female-7-human_rights_un_ind_rd_0083, best cost 83.5972 + 3329.52 = 3413.11 over 702 frames.
Female-7-human_rights_un_ind_rd_0083 SETIAP ORANG BERHAK ATAS KESEMPATAN YANG SAMA UNTUK DIANGKAT DALAM JABATAN PEMERINTAHAN NEGERINYA TIGA 
LOG (lattice-best-path[5.5.1124~1-21ae4]:main():lattice-best-path.cc:99) For utterance Female-7-human_rights_un_ind_rd_0091, best cost 17.4737 + 498.31 = 515.783 over 100 frames.
Female-7-human_rights_un_ind_rd_0091 HAK EKONOMI 
LOG (lattice-best-path[5.5.1124~1-21ae4]:main():lattice-best-path.cc:99) For utterance Female-7-human_rights_un_ind_rd_0092, best cost 91.2661 + 3160.54 = 3251.81 over 676 frames.
Female-7-human_rights_un_ind_rd_0092 SOSIAL DAN KEBUDAYAAN YANG SANGAT DIPERLUKAN UNTUK MARTABAT DAN PERTUMBUHAN BEBAS PRIBADINYA 
LOG (lattice-best-path[5.5.1124~1-21ae4]:main():lattice-best-path.cc:99) For utterance Female-7-human_rights_un_ind_rd_0100, best cost 53.5796 + 1923.71 = 1977.28 over 404 frames.
Female-7-human_rights_un_ind_rd_0100 JIKA PERLU DITAMBAH DENGAN PERLINDUNGAN SOSIAL LAINNYA EMPAT 
LOG (lattice-best-path[5.5.1124~1-21ae4]:main():lattice-best-path.cc:99) For utterance Female-7-human_rights_un_ind_rd_0106, best cost 39.0571 + 1126.97 = 1166.03 over 236 frames.
Female-7-human_rights_un_ind_rd_0106 DAN BERHAK ATAS JAMINAN PADA SAAT MENGANGGUR 
LOG (lattice-best-path[5.5.1124~1-21ae4]:main():lattice-best-path.cc:99) For utterance Female-7-human_rights_un_ind_rd_0109, best cost 70.0468 + 1827.71 = 1897.76 over 378 frames.
Female-7-human_rights_un_ind_rd_0109 SEMUA ANAK BAIK YANG DILAHIRKAN DI DALAM MAUPUN DI LUAR PERKAWINAN 
LOG (lattice-best-path[5.5.1124~1-21ae4]:main():lattice-best-path.cc:99) For utterance Female-7-human_rights_un_ind_rd_0111, best cost 59.2654 + 2495.36 = 2554.63 over 532 frames.
Female-7-human_rights_un_ind_rd_0111 PASAL DUA PULUH ENAM SATU SETIAP ORANG BERHAK MENDAPAT PENDIDIKAN 
LOG (lattice-best-path[5.5.1124~1-21ae4]:main():lattice-best-path.cc:99) For utterance Female-7-human_rights_un_ind_rd_0118, best cost 46.7648 + 1312.89 = 1359.65 over 266 frames.
Female-7-human_rights_un_ind_rd_0118 TOLERANSI DAN PERSAHABATAN DI ANTARA SEMUA BANGSA 
LOG (lattice-best-path[5.5.1124~1-21ae4]:main():lattice-best-path.cc:99) For utterance Female-7-human_rights_un_ind_rd_0124, best cost 118.574 + 4573.47 = 4692.05 over 930 frames.
Female-7-human_rights_un_ind_rd_0124 SETIAP ORANG BERHAK UNTUK MEMPEROLEH PERLINDUNGAN ATAS KEPENTINGAN KEPENTINGAN MORIL DAN MATERIAL YANG DIPEROLEH SEBAGAI HASIL DARI SESUATU PRODUKSI ILMIAH 
LOG (lattice-best-path[5.5.1124~1-21ae4]:main():lattice-best-path.cc:99) For utterance Female-7-human_rights_un_ind_rd_0130, best cost 58.582 + 1785.64 = 1844.22 over 360 frames.
Female-7-human_rights_un_ind_rd_0130 DAN UNTUK MEMENUHI SYARAT SYARAT YANG ADIL DALAM HAL KESUSILAAN 
LOG (lattice-best-path[5.5.1124~1-21ae4]:main():lattice-best-path.cc:99) For utterance Female-7-human_rights_un_ind_rd_0135, best cost 168.357 + 5695.74 = 5864.1 over 1137 frames.
Female-7-human_rights_un_ind_rd_0135 HAK UNTUK TERLIBAT DI DALAM KEGIATAN APAPUN ATAU MELAKUKAN PERBUATAN YANG BERTUJUAN UNTUK MERUSAK HAK HAK DAN KEBEBASAN KEBEBASANNYA MANA PUN YANG TERMAKTUB DI DALAM PERNYATAAN INI 
LOG (lattice-best-path[5.5.1124~1-21ae4]:main():lattice-best-path.cc:99) For utterance Male-1-Male-1_1, best cost 59.316 + 2732.37 = 2791.69 over 564 frames.
Male-1-Male-1_1 BUAT NGILANGIN PENAT PALING ENAK LIBURAN KE PANTAI 
LOG (lattice-best-path[5.5.1124~1-21ae4]:main():lattice-best-path.cc:99) For utterance Male-1-Male-1_11, best cost 112.049 + 6124.64 = 6236.69 over 1275 frames.
Male-1-Male-1_11 DAN BANDUNG BAGIKU BUKAN CUMA MASALAH GEOGRAFIS LEBIH JAUH DARI ITU MELIBATKAN PERASAAN YANG BERSAMAKU KETIKA SUNYI 
LOG (lattice-best-path[5.5.1124~1-21ae4]:main():lattice-best-path.cc:99) For utterance Male-1-Male-1_15, best cost 78.5701 + 3693.84 = 3772.41 over 838 frames.
Male-1-Male-1_15 DAH BUTUH UANG BERAPA YA KALAU MAIN JALAN JALAN KE MACAU 
LOG (lattice-best-path[5.5.1124~1-21ae4]:main():lattice-best-path.cc:99) For utterance Male-1-Male-1_19, best cost 60.2403 + 3324.02 = 3384.26 over 718 frames.
Male-1-Male-1_19 COBAIN DEH PAKE AIR BNB KADANG SUKA ADA DISCOUNT NYA 
LOG (lattice-best-path[5.5.1124~1-21ae4]:main():lattice-best-path.cc:99) For utterance Male-1-Male-1_22, best cost 69.4078 + 2946.74 = 3016.15 over 615 frames.
Male-1-Male-1_22 KAMI PUNYA RENCANA UNTUK BERLIBUR KE LUAR NEGERI TAHUN DEPAN 
LOG (lattice-best-path[5.5.1124~1-21ae4]:main():lattice-best-path.cc:99) For utterance Male-1-Male-1_28, best cost 77.0477 + 3619.13 = 3696.18 over 752 frames.
Male-1-Male-1_28 SAYA LEBIH SUKA BAWA KOPER SIH DARIPADA BACKPACK SOALNYA LEBIH RAPI 
LOG (lattice-best-path[5.5.1124~1-21ae4]:main():lattice-best-path.cc:99) For utterance Male-1-Male-1_30, best cost 100.063 + 4669.99 = 4770.05 over 992 frames.
Male-1-Male-1_30 ASIK BANGET NAIK GUNUNG BROMO KARENA UDARA SEGAR DAN BISA LIAT PEMANDANGAN YANG REFRESHING 
LOG (lattice-best-path[5.5.1124~1-21ae4]:main():lattice-best-path.cc:99) For utterance Male-1-Male-1_43, best cost 96.7602 + 3593.03 = 3689.79 over 701 frames.
Male-1-Male-1_43 INDAH SELAMA MASIH WAKTU LIBURAN HARI KITA EXPLORE PANTAI PANTAI INDAH DI BALI 
LOG (lattice-best-path[5.5.1124~1-21ae4]:main():lattice-best-path.cc:99) For utterance Male-1-Male-1_44, best cost 123.287 + 4540.6 = 4663.89 over 872 frames.
Male-1-Male-1_44 DINGIN KITA RELAX SEJENAK INI VILLA YANG ADA DI PEGUNUNGAN SAMBIL MENIKMATI KEINDAHAN ALAM DAN UDARA SEGAR 
LOG (lattice-best-path[5.5.1124~1-21ae4]:main():lattice-best-path.cc:99) For utterance Male-1-Male-1_45, best cost 89.0233 + 6456.87 = 6545.9 over 1238 frames.
Male-1-Male-1_45 OLEH OLEH OLEH OLEH OLEH OLEH 
LOG (lattice-best-path[5.5.1124~1-21ae4]:main():lattice-best-path.cc:99) For utterance Male-10-Male-10_2, best cost 104.736 + 3498.66 = 3603.4 over 766 frames.
Male-10-Male-10_2 GIMANA KALO KITA CAMPING KE GUNUNG MENIKMATI MALAM YANG BERBINTANG BAWA GITAR NYANYI NYANYI DI TENGAH API UNGGUN 
LOG (lattice-best-path[5.5.1124~1-21ae4]:main():lattice-best-path.cc:99) For utterance Male-10-Male-10_24, best cost 70.1112 + 2408.37 = 2478.48 over 558 frames.
Male-10-Male-10_24 LIBURAN HARI INI SUDAH SELESAI BESOK LIBURAN DENGAN UJIAN LAGI 
LOG (lattice-best-path[5.5.1124~1-21ae4]:main():lattice-best-path.cc:99) For utterance Male-10-Male-10_25, best cost 74.221 + 2437.73 = 2511.96 over 526 frames.
Male-10-Male-10_25 SETELAH SEMESTER INI SELESAI AKU BERLIBUR KE PANTAI SELAMA SEBULAN 
LOG (lattice-best-path[5.5.1124~1-21ae4]:main():lattice-best-path.cc:99) For utterance Male-10-Male-10_28, best cost 41.4786 + 1755.71 = 1797.19 over 398 frames.
Male-10-Male-10_28 BERLIBUR KE GUNUNG MEMBUTUHKAN TOURGUIDE 
LOG (lattice-best-path[5.5.1124~1-21ae4]:main():lattice-best-path.cc:99) For utterance Male-10-Male-10_29, best cost 38.721 + 1837.64 = 1876.36 over 414 frames.
Male-10-Male-10_29 CAMPING SEBELUM SIDANG SEPERTINYA MENYENANGKAN 
LOG (lattice-best-path[5.5.1124~1-21ae4]:main():lattice-best-path.cc:99) For utterance Male-10-Male-10_3, best cost 123.658 + 3775.68 = 3899.34 over 798 frames.
Male-10-Male-10_3 GA CUMA ITU KALO PAGI PAGI KITA BISA LIAT PEMANDANGAN YANG INDAH KAYA POHON POHON YANG HIJAU ATAU HAMPARAN PADANG RUMPUT YANG LUAS 
LOG (lattice-best-path[5.5.1124~1-21ae4]:main():lattice-best-path.cc:99) For utterance Male-10-Male-10_34, best cost 81.4811 + 2880.64 = 2962.12 over 638 frames.
Male-10-Male-10_34 KATANYA TRANS STUDIO BANDUNG LAGI NGADAIN DISKON NIH AYO KE SANA MUMPUNG LAGI LIBUR 
LOG (lattice-best-path[5.5.1124~1-21ae4]:main():lattice-best-path.cc:99) For utterance Male-10-Male-10_40, best cost 63.7801 + 2356.92 = 2420.7 over 510 frames.
Male-10-Male-10_40 SETELAH SELESAI TESIS NANTI SAYA AKAN BERKEMAH DI UJUNG GENTENG 
LOG (lattice-best-path[5.5.1124~1-21ae4]:main():lattice-best-path.cc:99) For utterance Male-10-Male-10_43, best cost 65.5802 + 2535.29 = 2600.87 over 574 frames.
Male-10-Male-10_43 KEMARIN AKU NAIK PESAWAT DARI JAKARTA POLUSI UDARANYA KELIHATAN BANGET 
LOG (lattice-best-path[5.5.1124~1-21ae4]:main():lattice-best-path.cc:99) For utterance Male-10-Male-10_44, best cost 51.2144 + 2199.03 = 2250.24 over 494 frames.
Male-10-Male-10_44 KERETA CEPAT JAKARTA BANDUNG KENAPA DINAMAI WHOOSH YA 
LOG (lattice-best-path[5.5.1124~1-21ae4]:main():lattice-best-path.cc:99) For utterance Male-11-Male-11_10, best cost 84.3339 + 3702.43 = 3786.76 over 798 frames.
Male-11-Male-11_10 TRACKING DI BROMO TUH CAPEK BANGET TAPI SUNRISE VIEW NYA BEH SO BEAUTIFUL 
LOG (lattice-best-path[5.5.1124~1-21ae4]:main():lattice-best-path.cc:99) For utterance Male-11-Male-11_17, best cost 50.6478 + 2358.25 = 2408.9 over 488 frames.
Male-11-Male-11_17 NAIK GUNUNG HARUS SEDIA BACKPACK KHUSUS GUNUNG 
LOG (lattice-best-path[5.5.1124~1-21ae4]:main():lattice-best-path.cc:99) For utterance Male-11-Male-11_2, best cost 58.9012 + 2675.78 = 2734.68 over 558 frames.
Male-11-Male-11_2 VILLA DI UBUD ITU SUPER COZY COCOK BUAT LIBURAN 
LOG (lattice-best-path[5.5.1124~1-21ae4]:main():lattice-best-path.cc:99) For utterance Male-11-Male-11_25, best cost 63.6853 + 2698.02 = 2761.7 over 550 frames.
Male-11-Male-11_25 SAYA DENGAR DI PANTAI KUTA ADA SPOT SURFING YANG BAGUS 
LOG (lattice-best-path[5.5.1124~1-21ae4]:main():lattice-best-path.cc:99) For utterance Male-11-Male-11_26, best cost 43.9447 + 1888.04 = 1931.98 over 418 frames.
Male-11-Male-11_26 KAYAKNYA KITA BAKAL LIBURAN MINGGU INI 
LOG (lattice-best-path[5.5.1124~1-21ae4]:main():lattice-best-path.cc:99) For utterance Male-11-Male-11_3, best cost 74.7009 + 3196.41 = 3271.12 over 663 frames.
Male-11-Male-11_3 AKU PERNAH NYELAM DI GILI TRAWANGAN TERUMBU KARANGNYA ITU BAGUS BANGET SIH 
LOG (lattice-best-path[5.5.1124~1-21ae4]:main():lattice-best-path.cc:99) For utterance Male-11-Male-11_31, best cost 104.64 + 5233.89 = 5338.53 over 1055 frames.
Male-11-Male-11_31 DAN BANDUNG BAGIKU BUKAN CUMA MASALAH GEOGRAFIS LEBIH JAUH DARI ITU MELIBATKAN PERASAAN YANG BERSAMAKU KETIKA SUNYI 
LOG (lattice-best-path[5.5.1124~1-21ae4]:main():lattice-best-path.cc:99) For utterance Male-11-Male-11_47, best cost 69.6195 + 3013.97 = 3083.59 over 628 frames.
Male-11-Male-11_47 TAHUN KEMARIN KAMI MENCOBA GLAMPING SELAMA TIGA HARI DI TENGAH HUTAN 
LOG (lattice-best-path[5.5.1124~1-21ae4]:main():lattice-best-path.cc:99) For utterance Male-11-Male-11_50, best cost 93.3201 + 3734.92 = 3828.24 over 768 frames.
Male-11-Male-11_50 ASIK BANGET NAIK GUNUNG BROMO KARENA UDARA SEGAR DAN BISA LIAT PEMANDANGAN YANG REFRESHING 
LOG (lattice-best-path[5.5.1124~1-21ae4]:main():lattice-best-path.cc:99) For utterance Male-11-Male-11_7, best cost 81.6388 + 3580.03 = 3661.67 over 738 frames.
Male-11-Male-11_7 AKU KEMARIN BARU BALIK DARI YOGYAKARTA THE TEMPLES AND THE CULTURE BLEW MY MIND BRO 
LOG (lattice-best-path[5.5.1124~1-21ae4]:main():lattice-best-path.cc:99) For utterance Male-12-Male-12_1, best cost 52.97 + 1483.16 = 1536.13 over 298 frames.
Male-12-Male-12_1 UDARA PALING SEGAR ADALAH UDARA DI GUNUNG 
LOG (lattice-best-path[5.5.1124~1-21ae4]:main():lattice-best-path.cc:99) For utterance Male-12-Male-12_21, best cost 97.8086 + 3658.9 = 3756.7 over 740 frames.
Male-12-Male-12_21 DAN BANDUNG BAGIKU BUKAN CUMA MASALAH GEOGRAFIS LEBIH DARI ITU MELIBATKAN PERASAAN YANG BERSAMAKU KETIKA SUNYI 
LOG (lattice-best-path[5.5.1124~1-21ae4]:main():lattice-best-path.cc:99) For utterance Male-12-Male-12_24, best cost 46.9248 + 1629.36 = 1676.29 over 338 frames.
Male-12-Male-12_24 KERETA CEPAT JAKARTA BANDUNG KENAPA DINAMAI WHOOSH YA 
LOG (lattice-best-path[5.5.1124~1-21ae4]:main():lattice-best-path.cc:99) For utterance Male-12-Male-12_28, best cost 53.1436 + 2057.3 = 2110.44 over 410 frames.
Male-12-Male-12_28 PENGEN DEH RASANYA COBAIN CROISSANT ASLI DARI PERANCIS 
LOG (lattice-best-path[5.5.1124~1-21ae4]:main():lattice-best-path.cc:99) For utterance Male-12-Male-12_30, best cost 47.8191 + 1408.42 = 1456.24 over 295 frames.
Male-12-Male-12_30 DENGAR DI JALAN YA SAFE FLIGHT 
LOG (lattice-best-path[5.5.1124~1-21ae4]:main():lattice-best-path.cc:99) For utterance Male-12-Male-12_31, best cost 58.4211 + 1963.98 = 2022.4 over 393 frames.
Male-12-Male-12_31 LIBURAN PALING SERU BANGET SOALNYA BISA BARENG KELUARGA 
LOG (lattice-best-path[5.5.1124~1-21ae4]:main():lattice-best-path.cc:99) For utterance Male-12-Male-12_38, best cost 73.8416 + 2432.8 = 2506.64 over 495 frames.
Male-12-Male-12_38 SAYA LEBIH SUKA BAWA KOPER SIH DARIPADA BACKPACK SOALNYA LEBIH RAPI 
LOG (lattice-best-path[5.5.1124~1-21ae4]:main():lattice-best-path.cc:99) For utterance Male-12-Male-12_43, best cost 55.8827 + 2250.46 = 2306.34 over 470 frames.
Male-12-Male-12_43 BERLIBUR BERSAMA KELUARGA ADALAH MOMEN YANG SANGAT BERHARGA 
LOG (lattice-best-path[5.5.1124~1-21ae4]:main():lattice-best-path.cc:99) For utterance Male-12-Male-12_47, best cost 70.1444 + 2429.17 = 2499.31 over 520 frames.
Male-12-Male-12_47 LIBURAN YANG RELAXING BUAT SAYA ADALAH KE UBUD BALI 
LOG (lattice-best-path[5.5.1124~1-21ae4]:main():lattice-best-path.cc:99) For utterance Male-12-Male-12_9, best cost 44.1102 + 1654.47 = 1698.58 over 328 frames.
Male-12-Male-12_9 CAMPING SEBELUM SIDANG SEPERTINYA MENYENANGKAN 
LOG (lattice-best-path[5.5.1124~1-21ae4]:main():lattice-best-path.cc:99) For utterance Male-13-Male-13_15, best cost 60.6062 + 2201.93 = 2262.54 over 450 frames.
Male-13-Male-13_15 BUTUH UANG BERAPA YA KALAU MAU JALAN JALAN KE MACAU 
LOG (lattice-best-path[5.5.1124~1-21ae4]:main():lattice-best-path.cc:99) For utterance Male-13-Male-13_16, best cost 67.8043 + 2745.54 = 2813.35 over 545 frames.
Male-13-Male-13_16 KAK AKU MAU JASTIP DONG MUMPUNG KAKAK LAGI ABROAD KE LONDON 
LOG (lattice-best-path[5.5.1124~1-21ae4]:main():lattice-best-path.cc:99) For utterance Male-13-Male-13_19, best cost 63.7351 + 2768.51 = 2832.24 over 545 frames.
Male-13-Male-13_19 COBAIN DEH PAKE AIR BNB KADANG SUKA ADA DISCOUNT NYA 
LOG (lattice-best-path[5.5.1124~1-21ae4]:main():lattice-best-path.cc:99) For utterance Male-13-Male-13_32, best cost 62.8413 + 2882.47 = 2945.31 over 593 frames.
Male-13-Male-13_32 SAYA SUKA MINUM KOPI SAMBIL BERSANTAI DENGAN TEMAN DI GUNUNG 
LOG (lattice-best-path[5.5.1124~1-21ae4]:main():lattice-best-path.cc:99) For utterance Male-13-Male-13_34, best cost 82.3131 + 4011.47 = 4093.79 over 825 frames.
Male-13-Male-13_34 ANCOL MENJADI DESTINASI WISATA FAVORIT DI JAKARTA DENGAN BERAGAM WAHANA PERMAINANNYA 
LOG (lattice-best-path[5.5.1124~1-21ae4]:main():lattice-best-path.cc:99) For utterance Male-13-Male-13_40, best cost 54.453 + 2800.35 = 2854.81 over 593 frames.
Male-13-Male-13_40 TREKKING DI GUNUNG SEMERU TERNYATA ADVENTUROUS BANGET 
LOG (lattice-best-path[5.5.1124~1-21ae4]:main():lattice-best-path.cc:99) For utterance Male-13-Male-13_44, best cost 117.674 + 4475.39 = 4593.06 over 900 frames.
Male-13-Male-13_44 KITA RELAX SEJENAK YUK DI VILLA YANG ADA DI PEGUNUNGAN SAMBIL MENIKMATI KEINDAHAN ALAM DAN UDARA YANG SEGAR 
LOG (lattice-best-path[5.5.1124~1-21ae4]:main():lattice-best-path.cc:99) For utterance Male-13-Male-13_5, best cost 63.1127 + 2891.99 = 2955.1 over 583 frames.
Male-13-Male-13_5 SAYA DENGAR DI PANTAI KUTA ADA SPOT SURFING YANG BAGUS 
LOG (lattice-best-path[5.5.1124~1-21ae4]:main():lattice-best-path.cc:99) For utterance Male-13-Male-13_6, best cost 57.1302 + 2059.61 = 2116.74 over 433 frames.
Male-13-Male-13_6 KAYAKNYA KITA BAKAL LIBURAN MINGGU INI 
LOG (lattice-best-path[5.5.1124~1-21ae4]:main():lattice-best-path.cc:99) For utterance Male-13-Male-13_9, best cost 73.947 + 2764.05 = 2838 over 553 frames.
Male-13-Male-13_9 AKU TAKUT BANGET NAIK BANANA BOAT MENDING MAIN YANG LAIN AJA YA 
LOG (lattice-best-path[5.5.1124~1-21ae4]:main():lattice-best-path.cc:99) For utterance Male-2-Male-2_13, best cost 66.3426 + 2425.36 = 2491.7 over 501 frames.
Male-2-Male-2_13 KALAU KE BALI BULAN SEMBILAN ENAKNYA NGAPAIN YA DI SANA 
LOG (lattice-best-path[5.5.1124~1-21ae4]:main():lattice-best-path.cc:99) For utterance Male-2-Male-2_20, best cost 59.2124 + 2199.34 = 2258.55 over 480 frames.
Male-2-Male-2_20 PENGEN LIBURAN KE EROPA BIAR BISA LIAT SALJU 
LOG (lattice-best-path[5.5.1124~1-21ae4]:main():lattice-best-path.cc:99) For utterance Male-2-Male-2_21, best cost 65.4372 + 2308.66 = 2374.1 over 491 frames.
Male-2-Male-2_21 LIBURAN TAHUN INI SERU BANGET SOALNYA BISA BARENG KELUARGA 
LOG (lattice-best-path[5.5.1124~1-21ae4]:main():lattice-best-path.cc:99) For utterance Male-2-Male-2_28, best cost 74.2213 + 2598.23 = 2672.45 over 533 frames.
Male-2-Male-2_28 SAYA LEBIH SUKA BAWA KOPER SIH DARIPADA BACKPACK SOALNYA LEBIH RAPI 
LOG (lattice-best-path[5.5.1124~1-21ae4]:main():lattice-best-path.cc:99) For utterance Male-2-Male-2_32, best cost 66.7604 + 2204.94 = 2271.7 over 474 frames.
Male-2-Male-2_32 SAYA SUKA MINUM KOPI SAMBIL BERSANTAI DENGAN TEMAN DI GUNUNG 
LOG (lattice-best-path[5.5.1124~1-21ae4]:main():lattice-best-path.cc:99) For utterance Male-2-Male-2_4, best cost 82.4683 + 3140.77 = 3223.24 over 634 frames.
Male-2-Male-2_4 BAYANGIN KITA BISA LIBURAN KAPAN AJA LIFE WILL SO RELAXING 
LOG (lattice-best-path[5.5.1124~1-21ae4]:main():lattice-best-path.cc:99) For utterance Male-2-Male-2_43, best cost 88.4757 + 2576.62 = 2665.1 over 536 frames.
Male-2-Male-2_43 SELAMA MASIH WAKTU LIBURAN AYO KITA EXPLORE PANTAI PANTAI INDAH DI BALI 
LOG (lattice-best-path[5.5.1124~1-21ae4]:main():lattice-best-path.cc:99) For utterance Male-2-Male-2_45, best cost 105.49 + 3774.37 = 3879.86 over 768 frames.
Male-2-Male-2_45 BESOK KITA BOAT TOUR DI DANAU TOBA YA SEKALIAN EXPLORE THE BEAUTY OF THE LARGEST VOLCANIC LAKE IN THE WORLD 
LOG (lattice-best-path[5.5.1124~1-21ae4]:main():lattice-best-path.cc:99) For utterance Male-2-Male-2_49, best cost 86.1668 + 3394.28 = 3480.45 over 700 frames.
Male-2-Male-2_49 LETS EXPLORE CULTURAL LANDMARKS DI YOGYAKARTA DI SANA BANYAK PEKERJAAN 
LOG (lattice-best-path[5.5.1124~1-21ae4]:main():lattice-best-path.cc:99) For utterance Male-2-Male-2_8, best cost 54.151 + 1778.84 = 1832.99 over 359 frames.
Male-2-Male-2_8 LIBURAN KE DAERAH GUNUNG BISA JADI ALTERNATIF 
LOG (lattice-best-path[5.5.1124~1-21ae4]:main():lattice-best-path.cc:99) For utterance Male-3-Male-3_13, best cost 60.3555 + 2067.3 = 2127.65 over 458 frames.
Male-3-Male-3_13 KALAU KE BALI BULAN SEMBILAN ENAKNYA NGAPAIN YA DI SANA 
LOG (lattice-best-path[5.5.1124~1-21ae4]:main():lattice-best-path.cc:99) For utterance Male-3-Male-3_14, best cost 76.7312 + 2763.53 = 2840.26 over 590 frames.
Male-3-Male-3_14 PENGEN LIBURAN TAPI KERJAAN MASIH BANYAK DAN HIDUP UDAH MAU HABIS 
LOG (lattice-best-path[5.5.1124~1-21ae4]:main():lattice-best-path.cc:99) For utterance Male-3-Male-3_20, best cost 54.3243 + 2366.17 = 2420.49 over 534 frames.
Male-3-Male-3_20 PINGIN LIBURAN KE EROPA BIAR BISA LIAT SALJU 
LOG (lattice-best-path[5.5.1124~1-21ae4]:main():lattice-best-path.cc:99) For utterance Male-3-Male-3_24, best cost 53.0599 + 2113.63 = 2166.69 over 462 frames.
Male-3-Male-3_24 TERSERAH MAU KEMANA PENTING MAKANANNYA ENAK ENAK 
LOG (lattice-best-path[5.5.1124~1-21ae4]:main():lattice-best-path.cc:99) For utterance Male-3-Male-3_25, best cost 48.9424 + 2201.45 = 2250.39 over 490 frames.
Male-3-Male-3_25 SIAPA MAU SENDIRIAN STAYCATION DI TENGAH HUTAN GITU 
LOG (lattice-best-path[5.5.1124~1-21ae4]:main():lattice-best-path.cc:99) For utterance Male-3-Male-3_3, best cost 43.1444 + 1532.62 = 1575.76 over 366 frames.
Male-3-Male-3_3 PALING SERU KALAU LIBURAN BARENG TEMEN 
LOG (lattice-best-path[5.5.1124~1-21ae4]:main():lattice-best-path.cc:99) For utterance Male-3-Male-3_32, best cost 79.1788 + 3336.68 = 3415.86 over 742 frames.
Male-3-Male-3_32 LIBURAN BULAN DEPAN JANGAN LUPA BAWA OBAT YA JUST IN CASE SAKIT LOKASI 
LOG (lattice-best-path[5.5.1124~1-21ae4]:main():lattice-best-path.cc:99) For utterance Male-3-Male-3_39, best cost 74.9526 + 2432.57 = 2507.52 over 534 frames.
Male-3-Male-3_39 KALAU KITA ABIS LIBURAN KE LEMBANG AKU LEBIH PILIH DI RUMAH AJA 
LOG (lattice-best-path[5.5.1124~1-21ae4]:main():lattice-best-path.cc:99) For utterance Male-3-Male-3_44, best cost 107.915 + 3764.43 = 3872.35 over 786 frames.
Male-3-Male-3_44 KITA RELAX SEJENAK YUK DI VILLA YANG ADA DI PEGUNUNGAN SAMBIL MENIKMATI KEINDAHAN ALAM DAN UDARA SEGAR 
LOG (lattice-best-path[5.5.1124~1-21ae4]:main():lattice-best-path.cc:99) For utterance Male-3-Male-3_49, best cost 77.2244 + 3134.04 = 3211.26 over 642 frames.
Male-3-Male-3_49 LETS EXPLORE CULTURAL LANDMARKS DI YOGYAKARTA DI SANA BANYAK BELAJAR SEJARAH LOH 
LOG (lattice-best-path[5.5.1124~1-21ae4]:main():lattice-best-path.cc:99) For utterance Male-4-Male-4_11, best cost 71.4903 + 2759.34 = 2830.83 over 599 frames.
Male-4-Male-4_11 SEBENTAR LAGI MASA LIBURAN TAPI HARUS MELALUI SEGALA TUGAS DAN UJIAN 
LOG (lattice-best-path[5.5.1124~1-21ae4]:main():lattice-best-path.cc:99) For utterance Male-4-Male-4_15, best cost 117.821 + 4059.2 = 4177.02 over 822 frames.
Male-4-Male-4_15 DENGAN BEGITU LIBURAN DI BROMO TUH KE ARAH DENGAN BEGITU LIBURAN JADI LEBIH BERMAKNA DAN LEBIH MENYENANGKAN 
LOG (lattice-best-path[5.5.1124~1-21ae4]:main():lattice-best-path.cc:99) For utterance Male-4-Male-4_26, best cost 53.1137 + 2654.18 = 2707.3 over 585 frames.
Male-4-Male-4_26 MRT ADALAH CARA TERBAIK UNTUK MENJELAJAHI SINGAPURA 
LOG (lattice-best-path[5.5.1124~1-21ae4]:main():lattice-best-path.cc:99) For utterance Male-4-Male-4_31, best cost 51.4684 + 1471.97 = 1523.44 over 286 frames.
Male-4-Male-4_31 TEMPAT LIBURAN DI BAIK DARI BERBAGAI DAERAH 
LOG (lattice-best-path[5.5.1124~1-21ae4]:main():lattice-best-path.cc:99) For utterance Male-4-Male-4_36, best cost 68.1862 + 2425.64 = 2493.83 over 498 frames.
Male-4-Male-4_36 AKU DAN KELUARGAKU BERENCANA UNTUK LIBURAN DI BALI PADA AKHIR TAHUN INI 
LOG (lattice-best-path[5.5.1124~1-21ae4]:main():lattice-best-path.cc:99) For utterance Male-4-Male-4_37, best cost 59.4418 + 2211.68 = 2271.12 over 479 frames.
Male-4-Male-4_37 BANYAK SEKALI HARUS DIPERSIAPKAN UNTUK HOLIDAY KE JEPANG 
LOG (lattice-best-path[5.5.1124~1-21ae4]:main():lattice-best-path.cc:99) For utterance Male-4-Male-4_4, best cost 84.3951 + 3248.57 = 3332.97 over 667 frames.
Male-4-Male-4_4 TEMPAT PALING ENAK BUAT LIBURAN TUH YANG UDARANYA SEJUK ADEM AYEM BIAR NGGA KERINGETAN 
LOG (lattice-best-path[5.5.1124~1-21ae4]:main():lattice-best-path.cc:99) For utterance Male-4-Male-4_43, best cost 51.3406 + 1999.43 = 2050.77 over 416 frames.
Male-4-Male-4_43 MINGGU DEPAN KE HEAD IN THE CLOUD YUK NONTON YOASOBI 
LOG (lattice-best-path[5.5.1124~1-21ae4]:main():lattice-best-path.cc:99) For utterance Male-4-Male-4_44, best cost 46.2329 + 1595.65 = 1641.88 over 325 frames.
Male-4-Male-4_44 JAKARTA GERAH BANGET DAH BUTUH LIBURAN DUA 
LOG (lattice-best-path[5.5.1124~1-21ae4]:main():lattice-best-path.cc:99) For utterance Male-4-Male-4_9, best cost 78.0097 + 2747.38 = 2825.38 over 575 frames.
Male-4-Male-4_9 JANGAN LUPA MAMPIR KE RUMAH MAKAN SUNDA YANG RASA MAKANANNYA DIJAMIN ENAK PISAN 
LOG (lattice-best-path[5.5.1124~1-21ae4]:main():lattice-best-path.cc:99) For utterance Male-5-Male-5_1, best cost 78.2905 + 3087.73 = 3166.02 over 638 frames.
Male-5-Male-5_1 SEBENTAR LAGI MASA LIBURAN TAPI HARUS MELALUI SEGALA TUGAS DAN UJIAN 
LOG (lattice-best-path[5.5.1124~1-21ae4]:main():lattice-best-path.cc:99) For utterance Male-5-Male-5_10, best cost 88.3673 + 4011.14 = 4099.51 over 870 frames.
Male-5-Male-5_10 KALAU SUDAH DITENTUKAN MAU KEMANA BISA LANGSUNG DEH SUSUN RENCANA BUDGET DAN ITINERARY 
LOG (lattice-best-path[5.5.1124~1-21ae4]:main():lattice-best-path.cc:99) For utterance Male-5-Male-5_13, best cost 68.0982 + 2462.65 = 2530.75 over 515 frames.
Male-5-Male-5_13 SEMOGA SUATU HARI KAMI BISA VACATION DI VILLA PEGUNUNGAN 
LOG (lattice-best-path[5.5.1124~1-21ae4]:main():lattice-best-path.cc:99) For utterance Male-5-Male-5_17, best cost 59.6507 + 2594.49 = 2654.14 over 563 frames.
Male-5-Male-5_17 PANTAI SELALU MENJADI TUJUAN FAVORIT SAYA UNTUK LIBURAN 
LOG (lattice-best-path[5.5.1124~1-21ae4]:main():lattice-best-path.cc:99) For utterance Male-5-Male-5_19, best cost 66.6864 + 2877.84 = 2944.52 over 603 frames.
Male-5-Male-5_19 SETIAP DAERAH DI INDONESIA MEMILIKI MAKANAN KHAS YANG WAJIB DICOBA 
LOG (lattice-best-path[5.5.1124~1-21ae4]:main():lattice-best-path.cc:99) For utterance Male-5-Male-5_25, best cost 83.7649 + 3772.63 = 3856.4 over 790 frames.
Male-5-Male-5_25 LIBURAN KE TANGKUBAN PERAHU SANGAT MENYENANGKAN KARENA PEMANDANGAN DARI ATAS KAWAH SANGAT INDAH 
LOG (lattice-best-path[5.5.1124~1-21ae4]:main():lattice-best-path.cc:99) For utterance Male-5-Male-5_28, best cost 79.0356 + 3397.71 = 3476.75 over 718 frames.
Male-5-Male-5_28 KARENA AKHIR TAHUN INI DI JEPANG LAGI MUSIN DINGIN KITA PERLU NYIAPIN WINTER CLOTHES 
LOG (lattice-best-path[5.5.1124~1-21ae4]:main():lattice-best-path.cc:99) For utterance Male-5-Male-5_29, best cost 85.8964 + 3526.17 = 3612.06 over 743 frames.
Male-5-Male-5_29 KITA PERLU PREPARE DENGAN MATANG UNTUK LIBURAN AKHIR TAHUN INI WHICH IS PASTI SANGAT SERU 
LOG (lattice-best-path[5.5.1124~1-21ae4]:main():lattice-best-path.cc:99) For utterance Male-5-Male-5_3, best cost 49.7273 + 2094.08 = 2143.8 over 445 frames.
Male-5-Male-5_3 BISA KE PANTAI ATAU KE PEGUNUNGAN 
LOG (lattice-best-path[5.5.1124~1-21ae4]:main():lattice-best-path.cc:99) For utterance Male-5-Male-5_43, best cost 62.0372 + 2579.39 = 2641.43 over 538 frames.
Male-5-Male-5_43 SEMOGA AJA TAHUN DEPAN BISA TRAVELING KE KOREA KETEMU BLACKPINK 
LOG (lattice-best-path[5.5.1124~1-21ae4]:main():lattice-best-path.cc:99) For utterance Male-6-Male-6_11, best cost 69.8716 + 3000.67 = 3070.54 over 640 frames.
Male-6-Male-6_11 TEMPAT LIBURAN YANG PALING TERKENAL DI BANDUNG ADA DI MANA YA 
LOG (lattice-best-path[5.5.1124~1-21ae4]:main():lattice-best-path.cc:99) For utterance Male-6-Male-6_14, best cost 69.9661 + 3030.93 = 3100.89 over 643 frames.
Male-6-Male-6_14 KALAU LAGI LIBURAN PALING ENAK HUNTING STREET FOOD DI BANDUNG 
LOG (lattice-best-path[5.5.1124~1-21ae4]:main():lattice-best-path.cc:99) For utterance Male-6-Male-6_15, best cost 84.7169 + 3833.12 = 3917.84 over 798 frames.
Male-6-Male-6_15 LIBURAN KE TANGKUBAN PERAHU SANGAT MENYENANGKAN KARENA PEMANDANGAN DARI ATAS KAWAH SANGAT INDAH 
LOG (lattice-best-path[5.5.1124~1-21ae4]:main():lattice-best-path.cc:99) For utterance Male-6-Male-6_33, best cost 65.4624 + 3119.02 = 3184.49 over 668 frames.
Male-6-Male-6_33 SEMOGA AJA TAHUN DEPAN BISA TRAVELING KE KOREA KETEMU BLACKPINK 
LOG (lattice-best-path[5.5.1124~1-21ae4]:main():lattice-best-path.cc:99) For utterance Male-6-Male-6_34, best cost 70.5482 + 3531.52 = 3602.07 over 760 frames.
Male-6-Male-6_34 MAU NONTON KONSER TAYLOR SWIFT DI SINGAPUR TAPI TIKETNYA UDAH SOLD OUT 
LOG (lattice-best-path[5.5.1124~1-21ae4]:main():lattice-best-path.cc:99) For utterance Male-6-Male-6_38, best cost 74.2119 + 3647.44 = 3721.65 over 770 frames.
Male-6-Male-6_38 AKU SELALU MEMBAWA KAMERA UNTUK MENGABADIKAN MOMEN MOMEN INDAH SELAMA PERJALANAN 
LOG (lattice-best-path[5.5.1124~1-21ae4]:main():lattice-best-path.cc:99) For utterance Male-6-Male-6_41, best cost 85.3289 + 4151.33 = 4236.66 over 880 frames.
Male-6-Male-6_41 KALAU HIDUP UDAH STRES SAATNYA MERENCANAKAN LIBURAN YANG MENYEGARKAN DAN MELEPASKAN SEMUA BEBAN 
LOG (lattice-best-path[5.5.1124~1-21ae4]:main():lattice-best-path.cc:99) For utterance Male-6-Male-6_43, best cost 126.316 + 5026.08 = 5152.39 over 1023 frames.
Male-6-Male-6_43 GA CUMA ITU KALO PAGI PAGI KITA BISA LIAT PEMANDANGAN INDAH KAYA POHON POHON YANG HIJAU ATAU HAMPARAN PADANG RUMPUT YANG LUAS 
LOG (lattice-best-path[5.5.1124~1-21ae4]:main():lattice-best-path.cc:99) For utterance Male-6-Male-6_44, best cost 96.0845 + 4166.62 = 4262.71 over 865 frames.
Male-6-Male-6_44 SAAT BERADA DI GUNUNG JANGAN LUPA BAWA PERLENGKAPAN YANG CUKUP TERMASUK SLEEPING BAG DAN JUGA ALAT MASAK 
LOG (lattice-best-path[5.5.1124~1-21ae4]:main():lattice-best-path.cc:99) For utterance Male-6-Male-6_5, best cost 50.7063 + 2441.38 = 2492.09 over 523 frames.
Male-6-Male-6_5 SEBELUM LIBURAN JANGAN LUPA UNTUK MEMBUAT ITINERARY 
LOG (lattice-best-path[5.5.1124~1-21ae4]:main():lattice-best-path.cc:99) For utterance Male-7-Male-7_11, best cost 85.9169 + 3902.95 = 3988.86 over 773 frames.
Male-7-Male-7_11 KATA AKU MAH YA KITA BUTUH VACATION SETENGAH TAHUN DUA KALI SETAHUN 
LOG (lattice-best-path[5.5.1124~1-21ae4]:main():lattice-best-path.cc:99) For utterance Male-7-Male-7_2, best cost 107.994 + 4197.58 = 4305.58 over 860 frames.
Male-7-Male-7_2 DI LEMBANG BANYAK TEMPAT WISATA YANG SEPI KUNJUNGI UNTUK LIBURAN BERSAMA TEMAN DAN KELUARGA 
LOG (lattice-best-path[5.5.1124~1-21ae4]:main():lattice-best-path.cc:99) For utterance Male-7-Male-7_29, best cost 61.1584 + 2572.7 = 2633.86 over 545 frames.
Male-7-Male-7_29 JONI MENGAJAKKU PERGI KE PULAU KOMODO MINGGU DEPAN 
LOG (lattice-best-path[5.5.1124~1-21ae4]:main():lattice-best-path.cc:99) For utterance Male-7-Male-7_34, best cost 106.092 + 4200.28 = 4306.37 over 848 frames.
Male-7-Male-7_34 SAAT BERADA DI GUNUNG JANGAN LUPA BAWA PERLENGKAPAN YANG CUKUP TERMASUK SLEEPING BAG DAN JUGA ALAT MASAK 
LOG (lattice-best-path[5.5.1124~1-21ae4]:main():lattice-best-path.cc:99) For utterance Male-7-Male-7_39, best cost 94.1174 + 3616.9 = 3711.02 over 735 frames.
Male-7-Male-7_39 KITA JUGA BISA NYANYI NYANYI SAMBIL MEMANDANGI BINTANG BINTANG BERSINAR DI LANGIT MALAM 
LOG (lattice-scale[5.5.1124~1-21ae4]:main():lattice-scale.cc:107) Done 217 lattices.
LOG (lattice-best-path[5.5.1124~1-21ae4]:main():lattice-best-path.cc:99) For utterance Male-7-Male-7_4, best cost 76.3285 + 3041.09 = 3117.42 over 660 frames.
Male-7-Male-7_4 KALAU LAGI LIBURAN PALING ENAK HUNTING STREET FOOD DI BANDUNG 
LOG (lattice-best-path[5.5.1124~1-21ae4]:main():lattice-best-path.cc:99) For utterance Male-7-Male-7_44, best cost 77.1302 + 3620.66 = 3697.79 over 738 frames.
Male-7-Male-7_44 KALAU KE BANDUNG KAMU HARUS COBA JAJANAN PINGGIR JALAN DI BRAGA 
LOG (lattice-best-path[5.5.1124~1-21ae4]:main():lattice-best-path.cc:99) For utterance Male-7-Male-7_46, best cost 76.9706 + 3231.39 = 3308.36 over 660 frames.
Male-7-Male-7_46 SELAMA DI JAKARTA THE TRAFFIC WAS CRAZY TAPI NIGHTLIFE NYA SERU BANGET 
LOG (lattice-best-path[5.5.1124~1-21ae4]:main():lattice-best-path.cc:99) For utterance Male-7-Male-7_49, best cost 81.0469 + 3863.66 = 3944.71 over 773 frames.
Male-7-Male-7_49 GOING TO RAJA AMPAT SELALU JADI BUCKET LIST KU SIH AIRNYA SO CLEAR AND BEAUTIFUL 
LOG (lattice-best-path[5.5.1124~1-21ae4]:main():lattice-best-path.cc:99) For utterance Male-7-Male-7_50, best cost 83.4039 + 3370.53 = 3453.93 over 668 frames.
Male-7-Male-7_50 TRACKING DI BROMO TUH CAPEK BANGET TAPI SUNRISE VIEW NYA BEH SO BEAUTIFUL 
LOG (lattice-best-path[5.5.1124~1-21ae4]:main():lattice-best-path.cc:99) For utterance Male-8-Male-8_10, best cost 50.5623 + 2401.69 = 2452.25 over 550 frames.
Male-8-Male-8_10 DI MEDAN ADA RESTORAN JUAL KODOK SEBESAR AYAM 
LOG (lattice-best-path[5.5.1124~1-21ae4]:main():lattice-best-path.cc:99) For utterance Male-8-Male-8_11, best cost 47.5617 + 1906.55 = 1954.11 over 453 frames.
Male-8-Male-8_11 DI BANDUNG ENAKNYA STAYCATION DI MANA YA 
LOG (lattice-best-path[5.5.1124~1-21ae4]:main():lattice-best-path.cc:99) For utterance Male-8-Male-8_14, best cost 73.1994 + 3222.22 = 3295.42 over 720 frames.
Male-8-Male-8_14 MAU NONTON KONSER TAYLOR SWIFT DI SINGAPUR TAPI TIKETNYA UDAH SOLD OUT 
LOG (lattice-add-penalty[5.5.1124~1-21ae4]:main():lattice-add-penalty.cc:62) Done adding word insertion penalty to 217 lattices.
LOG (lattice-best-path[5.5.1124~1-21ae4]:main():lattice-best-path.cc:99) For utterance Male-8-Male-8_19, best cost 53.2525 + 2569.9 = 2623.15 over 600 frames.
Male-8-Male-8_19 JONI MENGAJAKKU PERGI KE PULAU KOMODO MINGGU DEPAN 
LOG (lattice-best-path[5.5.1124~1-21ae4]:main():lattice-best-path.cc:99) For utterance Male-8-Male-8_22, best cost 111.825 + 4930.83 = 5042.65 over 1132 frames.
Male-8-Male-8_22 GIMANA KALO KITA CAMPING KE GUNUNG MENIKMATI MALAM YANG BERBINTANG BAWA GITAR NYANYI NYANYI DI TENGAH API UNGGUN 
LOG (lattice-best-path[5.5.1124~1-21ae4]:main():lattice-best-path.cc:99) For utterance Male-8-Male-8_39, best cost 81.3564 + 3890.2 = 3971.56 over 870 frames.
Male-8-Male-8_39 GOING TO RAJA AMPAT SELALU JADI BUCKET LIST KU SIH AIRNYA SO CLEAR AND BEAUTIFUL 
LOG (lattice-best-path[5.5.1124~1-21ae4]:main():lattice-best-path.cc:99) For utterance Male-8-Male-8_41, best cost 57.3979 + 2617.56 = 2674.95 over 608 frames.
Male-8-Male-8_41 UDARA PALING SEGAR ADALAH UDARA DI GUNUNG 
LOG (lattice-best-path[5.5.1124~1-21ae4]:main():lattice-best-path.cc:99) For utterance Male-8-Male-8_48, best cost 44.0309 + 2392.93 = 2436.96 over 558 frames.
Male-8-Male-8_48 BERLIBUR KE GUNUNG MEMBUTUHKAN TOURGUIDE 
LOG (lattice-best-path[5.5.1124~1-21ae4]:main():lattice-best-path.cc:99) For utterance Male-8-Male-8_5, best cost 62.0708 + 2754.53 = 2816.6 over 643 frames.
Male-8-Male-8_5 EH JEPANG UDAH GA PAKE VISA YA KALAU MAKE E PASPOR 
LOG (lattice-best-path[5.5.1124~1-21ae4]:main():lattice-best-path.cc:99) For utterance Male-8-Male-8_9, best cost 73.3736 + 3344.53 = 3417.9 over 750 frames.
Male-8-Male-8_9 STRESS GAK SIH LIBURAN DI PRINDAVAN SALAH MAKAN DIKIT LANGSUNG OPNAME 
LOG (lattice-best-path[5.5.1124~1-21ae4]:main():lattice-best-path.cc:99) For utterance Male-9-Male-9_1, best cost 44.8164 + 2101.07 = 2145.88 over 478 frames.
Male-9-Male-9_1 DI BANDUNG ENAKNYA STAYCATION DI MANA YA 
LOG (lattice-best-path[5.5.1124~1-21ae4]:main():lattice-best-path.cc:99) For utterance Male-9-Male-9_12, best cost 104.457 + 3622.19 = 3726.65 over 718 frames.
Male-9-Male-9_12 GIMANA KALO KITA CAMPING KE GUNUNG MENIKMATI MALAM YANG BERBINTANG BAWA GITAR NYANYI NYANYI DI TENGAH API UNGGUN 
LOG (lattice-best-path[5.5.1124~1-21ae4]:main():lattice-best-path.cc:99) For utterance Male-9-Male-9_22, best cost 63.459 + 2160.35 = 2223.8 over 427 frames.
Male-9-Male-9_22 VILLA DI UBUD ITU SUPER COZY COCOK BUAT LIBURAN 
LOG (lattice-best-path[5.5.1124~1-21ae4]:main():lattice-best-path.cc:99) For utterance Male-9-Male-9_27, best cost 82.846 + 3234.43 = 3317.27 over 641 frames.
Male-9-Male-9_27 AKU KEMARIN BARU BALIK DARI YOGYAKARTA THE TEMPLES AND THE CULTURE BLEW MY MIND BRO 
LOG (lattice-best-path[5.5.1124~1-21ae4]:main():lattice-best-path.cc:99) For utterance Male-9-Male-9_29, best cost 73.9944 + 2979.86 = 3053.85 over 581 frames.
Male-9-Male-9_29 GOING TO RAJA AMPAT SELALU JADI BUCKET LIST KU SIH AIRNYA SO CLEAR AND BEAUTIFUL 
LOG (lattice-best-path[5.5.1124~1-21ae4]:main():lattice-best-path.cc:99) For utterance Male-9-Male-9_33, best cost 51.5509 + 1525.53 = 1577.08 over 307 frames.
Male-9-Male-9_33 AKHIR TAHUN INI AKU AKAN LIBURAN DI PANTAI 
LOG (lattice-best-path[5.5.1124~1-21ae4]:main():lattice-best-path.cc:99) For utterance Male-9-Male-9_38, best cost 38.3551 + 1552.91 = 1591.26 over 324 frames.
Male-9-Male-9_38 BERLIBUR KE GUNUNG MEMBUTUHKAN TOURGUIDE 
LOG (lattice-best-path[5.5.1124~1-21ae4]:main():lattice-best-path.cc:99) For utterance Male-9-Male-9_39, best cost 37.0767 + 1646.52 = 1683.6 over 332 frames.
Male-9-Male-9_39 CAMPING SEBELUM SIDANG SEPERTINYA MENYENANGKAN 
LOG (lattice-best-path[5.5.1124~1-21ae4]:main():lattice-best-path.cc:99) For utterance Male-9-Male-9_45, best cost 62.5426 + 1947.17 = 2009.71 over 384 frames.
Male-9-Male-9_45 SAYA DENGAR DI PANTAI KUTA ADA SPOT SURFING YANG BAGUS 
LOG (lattice-best-path[5.5.1124~1-21ae4]:main():lattice-best-path.cc:99) For utterance Male-9-Male-9_6, best cost 62.0418 + 2255.27 = 2317.31 over 478 frames.
Male-9-Male-9_6 MAIN MAIN DI TAHURA PAGI HARI TERNYATA SERU JUGA 
LOG (lattice-best-path[5.5.1124~1-21ae4]:main():lattice-best-path.cc:124) Overall cost per frame is 4.92917 = 0.120334 [graph] + 4.80884 [acoustic] over 128341 frames.
LOG (lattice-best-path[5.5.1124~1-21ae4]:main():lattice-best-path.cc:128) Done 217 lattices, failed for 0
# Accounting: time=0 threads=1
# Ended (code 0) at Tue Dec  5 18:21:41 WIB 2023, elapsed time 0 seconds
