# gmm-latgen-faster --max-active=7000 --beam=13.0 --lattice-beam=6.0 --acoustic-scale=0.083333 --allow-partial=true --word-symbol-table=exp/mono/graph/words.txt exp/mono/final.mdl exp/mono/graph/HCLG.fst "ark,s,cs:apply-cmvn  --utt2spk=ark:data/test/split1/1/utt2spk scp:data/test/split1/1/cmvn.scp scp:data/test/split1/1/feats.scp ark:- | add-deltas  ark:- ark:- |" "ark:|gzip -c > exp/mono/decode/lat.1.gz" 
# Started at Thu Dec  7 00:03:12 WIB 2023
#
gmm-latgen-faster --max-active=7000 --beam=13.0 --lattice-beam=6.0 --acoustic-scale=0.083333 --allow-partial=true --word-symbol-table=exp/mono/graph/words.txt exp/mono/final.mdl exp/mono/graph/HCLG.fst 'ark,s,cs:apply-cmvn  --utt2spk=ark:data/test/split1/1/utt2spk scp:data/test/split1/1/cmvn.scp scp:data/test/split1/1/feats.scp ark:- | add-deltas  ark:- ark:- |' 'ark:|gzip -c > exp/mono/decode/lat.1.gz' 
add-deltas ark:- ark:- 
apply-cmvn --utt2spk=ark:data/test/split1/1/utt2spk scp:data/test/split1/1/cmvn.scp scp:data/test/split1/1/feats.scp ark:- 
Female-1-Female-1_22 DESTINATION STREET FOOD GITU ENAK KALI YA 
LOG (gmm-latgen-faster[5.5.1124~1-21ae4]:DecodeUtteranceLatticeFaster():decoder-wrappers.cc:375) Log-like per frame for utterance Female-1-Female-1_22 is -8.01171 over 380 frames.
Female-1-Female-1_27 PENGEN LIBURAN TAPI TUGAS BANYAK 
LOG (gmm-latgen-faster[5.5.1124~1-21ae4]:DecodeUtteranceLatticeFaster():decoder-wrappers.cc:375) Log-like per frame for utterance Female-1-Female-1_27 is -7.47484 over 376 frames.
Female-1-Female-1_32 SAYA SUKA MINUM KOPI SAMBIL BERSANTAI DENGAN TEMAN DI GUNUNG 
LOG (gmm-latgen-faster[5.5.1124~1-21ae4]:DecodeUtteranceLatticeFaster():decoder-wrappers.cc:375) Log-like per frame for utterance Female-1-Female-1_32 is -7.84976 over 588 frames.
Female-1-Female-1_33 BERLIBUR BERSAMA KELUARGA ADALAH MOMEN YANG SANGAT BERHARGA 
LOG (gmm-latgen-faster[5.5.1124~1-21ae4]:DecodeUtteranceLatticeFaster():decoder-wrappers.cc:375) Log-like per frame for utterance Female-1-Female-1_33 is -7.69977 over 533 frames.
Female-1-Female-1_37 LIBURAN YANG RELAXING BUAT SAYA ADALAH KE UBUD BALI 
LOG (gmm-latgen-faster[5.5.1124~1-21ae4]:DecodeUtteranceLatticeFaster():decoder-wrappers.cc:375) Log-like per frame for utterance Female-1-Female-1_37 is -7.88639 over 471 frames.
Female-1-Female-1_40 TREKKING DI GUNUNG SEMERU TERNYATA ADVENTUROUS BANGET 
LOG (gmm-latgen-faster[5.5.1124~1-21ae4]:DecodeUtteranceLatticeFaster():decoder-wrappers.cc:375) Log-like per frame for utterance Female-1-Female-1_40 is -7.79758 over 473 frames.
Female-1-Female-1_42 GIMANA KALAU NATURE HIKE DI GUNUNG SALAK INI KITA BISA MENIKMATI KEINDAHAN ALAMNYA KEREN 
LOG (gmm-latgen-faster[5.5.1124~1-21ae4]:DecodeUtteranceLatticeFaster():decoder-wrappers.cc:375) Log-like per frame for utterance Female-1-Female-1_42 is -7.75201 over 826 frames.
Female-1-Female-1_45 BESOK KITA BOAT TOUR DI DANAU TOBA YA SEKALIAN EXPLORE THE BEAUTY OF THE LARGEST VOLCANIC LAKE IN BAWAH 
LOG (gmm-latgen-faster[5.5.1124~1-21ae4]:DecodeUtteranceLatticeFaster():decoder-wrappers.cc:375) Log-like per frame for utterance Female-1-Female-1_45 is -8.00789 over 863 frames.
Female-1-Female-1_49 LETS EXPLORE CULTURAL LANDMARKS DI YOGYAKARTA DI SANA BANYAK BELAJAR SEJARAH LOH 
LOG (gmm-latgen-faster[5.5.1124~1-21ae4]:DecodeUtteranceLatticeFaster():decoder-wrappers.cc:375) Log-like per frame for utterance Female-1-Female-1_49 is -8.07064 over 734 frames.
Female-1-Female-1_9 BERKEMAH DI DAERAH PERBUKITAN ATAU KEBUN TEH JUGA BISA JADI ALTERNATIF BERLIBUR 
LOG (gmm-latgen-faster[5.5.1124~1-21ae4]:DecodeUtteranceLatticeFaster():decoder-wrappers.cc:375) Log-like per frame for utterance Female-1-Female-1_9 is -7.79293 over 640 frames.
Female-2-Female-2_15 TEMPAT DINNER YANG EXPENSIVE BANGET TAPI ENAK DI MANA YA 
LOG (gmm-latgen-faster[5.5.1124~1-21ae4]:DecodeUtteranceLatticeFaster():decoder-wrappers.cc:375) Log-like per frame for utterance Female-2-Female-2_15 is -7.91631 over 418 frames.
Female-2-Female-2_2 LIBURAN PALING ENAK KALAU KITA ABIS NGELARIN KERJAAN WORK LIFE BALANCE 
LOG (gmm-latgen-faster[5.5.1124~1-21ae4]:DecodeUtteranceLatticeFaster():decoder-wrappers.cc:375) Log-like per frame for utterance Female-2-Female-2_2 is -8.15085 over 521 frames.
Female-2-Female-2_21 STAYCATION ENAKNYA KEMANA YA 
LOG (gmm-latgen-faster[5.5.1124~1-21ae4]:DecodeUtteranceLatticeFaster():decoder-wrappers.cc:375) Log-like per frame for utterance Female-2-Female-2_21 is -7.97831 over 238 frames.
Female-2-Female-2_27 PENGEN LIBURAN TAPI TUGAS BANYAK 
LOG (gmm-latgen-faster[5.5.1124~1-21ae4]:DecodeUtteranceLatticeFaster():decoder-wrappers.cc:375) Log-like per frame for utterance Female-2-Female-2_27 is -7.68204 over 307 frames.
Female-2-Female-2_3 PALING SERU KALAU LIBURAN AGAMA 
LOG (gmm-latgen-faster[5.5.1124~1-21ae4]:DecodeUtteranceLatticeFaster():decoder-wrappers.cc:375) Log-like per frame for utterance Female-2-Female-2_3 is -7.99815 over 272 frames.
Female-2-Female-2_38 LIBURAN TAHUN LALU KURANG KERASA MENURUTKU GAK BISA PERGI JAUH KARENA MASIH WABAH 
LOG (gmm-latgen-faster[5.5.1124~1-21ae4]:DecodeUtteranceLatticeFaster():decoder-wrappers.cc:375) Log-like per frame for utterance Female-2-Female-2_38 is -8.06642 over 564 frames.
Female-2-Female-2_42 LITERALLY TRACKING KE PEGUNUNGAN MEMBERIKAN KESEMPATAN UNTUK MERASAKAN KESEGARAN UDARA ALAMI 
LOG (gmm-latgen-faster[5.5.1124~1-21ae4]:DecodeUtteranceLatticeFaster():decoder-wrappers.cc:375) Log-like per frame for utterance Female-2-Female-2_42 is -8.03085 over 667 frames.
Female-2-Female-2_5 KERETA LIBURAN ENAK JUGA SIH BORING JUGA TERNYATA 
LOG (gmm-latgen-faster[5.5.1124~1-21ae4]:DecodeUtteranceLatticeFaster():decoder-wrappers.cc:375) Log-like per frame for utterance Female-2-Female-2_5 is -8.36407 over 358 frames.
Female-2-Female-2_50 SEBAGIAN BESAR MAHASISWA SUDAH MENGUNJUNGI AIR TERJUN CILEMBER 
LOG (gmm-latgen-faster[5.5.1124~1-21ae4]:DecodeUtteranceLatticeFaster():decoder-wrappers.cc:375) Log-like per frame for utterance Female-2-Female-2_50 is -7.93257 over 444 frames.
Female-2-Female-2_9 BERKEMAH DI DAERAH PERBUKITAN ATAU KEBUN TEH JUGA JADI ALTERNATIF BERLIBUR 
LOG (gmm-latgen-faster[5.5.1124~1-21ae4]:DecodeUtteranceLatticeFaster():decoder-wrappers.cc:375) Log-like per frame for utterance Female-2-Female-2_9 is -8.14841 over 512 frames.
Female-3-Female-3_11 STAYCATION ENAKNYA KEMANA YA 
LOG (gmm-latgen-faster[5.5.1124~1-21ae4]:DecodeUtteranceLatticeFaster():decoder-wrappers.cc:375) Log-like per frame for utterance Female-3-Female-3_11 is -8.00059 over 305 frames.
Female-3-Female-3_14 TERSERAH MAU KEMANA PENTING MAKANANNYA ENAK ENAK 
LOG (gmm-latgen-faster[5.5.1124~1-21ae4]:DecodeUtteranceLatticeFaster():decoder-wrappers.cc:375) Log-like per frame for utterance Female-3-Female-3_14 is -7.80591 over 410 frames.
Female-3-Female-3_16 LIBURAN KE PALEMBANG WAJIB MAKAN PEMPEK 
LOG (gmm-latgen-faster[5.5.1124~1-21ae4]:DecodeUtteranceLatticeFaster():decoder-wrappers.cc:375) Log-like per frame for utterance Female-3-Female-3_16 is -7.91865 over 398 frames.
Female-3-Female-3_2 BESOK LONG WEEKEND NIH ENAKNYA LIBURAN KEMANA YA 
LOG (gmm-latgen-faster[5.5.1124~1-21ae4]:DecodeUtteranceLatticeFaster():decoder-wrappers.cc:375) Log-like per frame for utterance Female-3-Female-3_2 is -7.94925 over 405 frames.
Female-3-Female-3_20 KAYAKNYA TIDUR MAIN GAME MAKAN MAKAN SELAMA LIBURAN ENAK KALI YA 
LOG (gmm-latgen-faster[5.5.1124~1-21ae4]:DecodeUtteranceLatticeFaster():decoder-wrappers.cc:375) Log-like per frame for utterance Female-3-Female-3_20 is -7.80391 over 620 frames.
Female-3-Female-3_22 LIBURAN BULAN DEPAN JANGAN LUPA BAWA OBAT YA JUST IN CASE SAKIT DI LOKASI 
LOG (gmm-latgen-faster[5.5.1124~1-21ae4]:DecodeUtteranceLatticeFaster():decoder-wrappers.cc:375) Log-like per frame for utterance Female-3-Female-3_22 is -8.25862 over 550 frames.
Female-3-Female-3_39 INDONESIA TERKENAL AKAN PESONA LAUT DAN PANTAINYA 
LOG (gmm-latgen-faster[5.5.1124~1-21ae4]:DecodeUtteranceLatticeFaster():decoder-wrappers.cc:375) Log-like per frame for utterance Female-3-Female-3_39 is -8.36914 over 425 frames.
Female-3-Female-3_42 SAMBIL KULINERAN TERUS ENJOY BARENG KELUARGA 
LOG (gmm-latgen-faster[5.5.1124~1-21ae4]:DecodeUtteranceLatticeFaster():decoder-wrappers.cc:375) Log-like per frame for utterance Female-3-Female-3_42 is -7.82934 over 510 frames.
Female-3-Female-3_48 PAS SAMPE TEMPAT TUJUAN COBA HIRUP UDARANYA HAK YANG SEGER DIJAMIN BETAH 
LOG (gmm-latgen-faster[5.5.1124~1-21ae4]:DecodeUtteranceLatticeFaster():decoder-wrappers.cc:375) Log-like per frame for utterance Female-3-Female-3_48 is -7.89237 over 705 frames.
Female-3-Female-3_9 BUAT KALIAN YANG LAGI MERENCANAKAN LIBURAN PASTIKAN SUDAH PUNYA PLAN YANG BAGUS 
LOG (gmm-latgen-faster[5.5.1124~1-21ae4]:DecodeUtteranceLatticeFaster():decoder-wrappers.cc:375) Log-like per frame for utterance Female-3-Female-3_9 is -8.20947 over 605 frames.
Female-4-Female-4_11 SOMETIMES KITA TUH INGIN LIBURAN KE TEMPAT YANG SEPI GITU NGGA SIH SEJENAK MENJAUH DARI KERAMAIAN KOTA 
LOG (gmm-latgen-faster[5.5.1124~1-21ae4]:DecodeUtteranceLatticeFaster():decoder-wrappers.cc:375) Log-like per frame for utterance Female-4-Female-4_11 is -7.83366 over 812 frames.
Female-4-Female-4_14 KALAU LIBURAN NAIK KERETA DARI BANDUNG KE JOGJA JANGAN LUPA REGISTRASI UNTUK FACE RECOGNITION DULU BEBERAPA JAM SEBELUMNYA 
LOG (gmm-latgen-faster[5.5.1124~1-21ae4]:DecodeUtteranceLatticeFaster():decoder-wrappers.cc:375) Log-like per frame for utterance Female-4-Female-4_14 is -8.01063 over 804 frames.
Female-4-Female-4_2 DESTINATION STREET FOOD GITU ENAK KALI YA 
LOG (gmm-latgen-faster[5.5.1124~1-21ae4]:DecodeUtteranceLatticeFaster():decoder-wrappers.cc:375) Log-like per frame for utterance Female-4-Female-4_2 is -8.23014 over 324 frames.
Female-4-Female-4_22 LITERALLY TRACKING KE PEGUNUNGAN MEMBERIKAN KESEMPATAN UNTUK MERASAKAN KESEGARAN UDARA ALAMI 
LOG (gmm-latgen-faster[5.5.1124~1-21ae4]:DecodeUtteranceLatticeFaster():decoder-wrappers.cc:375) Log-like per frame for utterance Female-4-Female-4_22 is -7.91189 over 744 frames.
Female-4-Female-4_25 LIBURAN DENGAN MEREKA SELALU SANGAT MENYENANGKAN MEREKA SEPERTI SECOND FAMILY BAGI SAYA 
LOG (gmm-latgen-faster[5.5.1124~1-21ae4]:DecodeUtteranceLatticeFaster():decoder-wrappers.cc:375) Log-like per frame for utterance Female-4-Female-4_25 is -7.82728 over 718 frames.
Female-4-Female-4_28 SEMAKIN BANYAK TURIS ASING YANG BERKUNJUNG KE LOMBOK 
LOG (gmm-latgen-faster[5.5.1124~1-21ae4]:DecodeUtteranceLatticeFaster():decoder-wrappers.cc:375) Log-like per frame for utterance Female-4-Female-4_28 is -8.01507 over 435 frames.
Female-4-Female-4_30 SEBAGIAN BESAR MAHASISWA SUDAH MENGUNJUNGI AIR TERJUN CILEMBER 
LOG (gmm-latgen-faster[5.5.1124~1-21ae4]:DecodeUtteranceLatticeFaster():decoder-wrappers.cc:375) Log-like per frame for utterance Female-4-Female-4_30 is -7.81218 over 504 frames.
Female-4-Female-4_40 ABIS LIBURAN TIBALAH KERJAAN DAN TUGAS SUDAH MENANTI 
LOG (gmm-latgen-faster[5.5.1124~1-21ae4]:DecodeUtteranceLatticeFaster():decoder-wrappers.cc:375) Log-like per frame for utterance Female-4-Female-4_40 is -7.98021 over 521 frames.
Female-4-Female-4_44 KALAU SEMPAT BAWAKAN OLEH OLEH UNTUK ORANG KESAYANGAN 
LOG (gmm-latgen-faster[5.5.1124~1-21ae4]:DecodeUtteranceLatticeFaster():decoder-wrappers.cc:375) Log-like per frame for utterance Female-4-Female-4_44 is -7.86765 over 487 frames.
Female-4-Female-4_8 LIBUR TELAH TIBA LIBUR TELAH TIBA HORE HORE 
LOG (gmm-latgen-faster[5.5.1124~1-21ae4]:DecodeUtteranceLatticeFaster():decoder-wrappers.cc:375) Log-like per frame for utterance Female-4-Female-4_8 is -7.66406 over 572 frames.
Female-5-Female-5_14 ACTUALLY LIBURAN SAYA TAHUN INI SANGAT MENGESANKAN 
LOG (gmm-latgen-faster[5.5.1124~1-21ae4]:DecodeUtteranceLatticeFaster():decoder-wrappers.cc:375) Log-like per frame for utterance Female-5-Female-5_14 is -7.81323 over 580 frames.
Female-5-Female-5_15 LIBURAN DENGAN MEREKA SELALU SANGAT MENYENANGKAN MEREKA SEPERTI SECOND FAMILY BAGI SAYA 
LOG (gmm-latgen-faster[5.5.1124~1-21ae4]:DecodeUtteranceLatticeFaster():decoder-wrappers.cc:375) Log-like per frame for utterance Female-5-Female-5_15 is -7.82526 over 855 frames.
Female-5-Female-5_2 LIBURAN BULAN DEPAN JANGAN LUPA BAWA OBAT YA JUST IN CASE SAKIT DI LOKASI 
LOG (gmm-latgen-faster[5.5.1124~1-21ae4]:DecodeUtteranceLatticeFaster():decoder-wrappers.cc:375) Log-like per frame for utterance Female-5-Female-5_2 is -7.99813 over 803 frames.
Female-5-Female-5_20 SEBAGIAN BESAR MAHASISWA SUDAH MENGUNJUNGI AIR TERJUN CILEMBER 
LOG (gmm-latgen-faster[5.5.1124~1-21ae4]:DecodeUtteranceLatticeFaster():decoder-wrappers.cc:375) Log-like per frame for utterance Female-5-Female-5_20 is -7.99612 over 660 frames.
Female-5-Female-5_24 TEMPAT PALING ENAK BUAT LIBURAN TUH YANG UDARANYA SEJUK ADEM AYEM BIAR NGGA KERINGETAN 
LOG (gmm-latgen-faster[5.5.1124~1-21ae4]:DecodeUtteranceLatticeFaster():decoder-wrappers.cc:375) Log-like per frame for utterance Female-5-Female-5_24 is -8.15189 over 830 frames.
Female-5-Female-5_30 ABIS LIBURAN TIBALAH KERJAAN DAN TUGAS SUDAH MENANTI 
LOG (gmm-latgen-faster[5.5.1124~1-21ae4]:DecodeUtteranceLatticeFaster():decoder-wrappers.cc:375) Log-like per frame for utterance Female-5-Female-5_30 is -8.02712 over 538 frames.
Female-5-Female-5_36 APPARENTLY AKU SUDAH LAMA TIDAK LIBURAN BARENG KELUARGA 
LOG (gmm-latgen-faster[5.5.1124~1-21ae4]:DecodeUtteranceLatticeFaster():decoder-wrappers.cc:375) Log-like per frame for utterance Female-5-Female-5_36 is -7.87145 over 580 frames.
Female-5-Female-5_44 SEKARANG TRAVELING JADI MAKIN MUDAH DENGAN RESERVASI ONLINE 
LOG (gmm-latgen-faster[5.5.1124~1-21ae4]:DecodeUtteranceLatticeFaster():decoder-wrappers.cc:375) Log-like per frame for utterance Female-5-Female-5_44 is -7.95652 over 608 frames.
Female-5-Female-5_6 KALAU KE PUNCAK JANGAN BUANG SAMPAH SEMBARANGAN SAMPAHNYA DIBAWA LAGI TURUN KE BAWAH 
LOG (gmm-latgen-faster[5.5.1124~1-21ae4]:DecodeUtteranceLatticeFaster():decoder-wrappers.cc:375) Log-like per frame for utterance Female-5-Female-5_6 is -7.78018 over 918 frames.
Female-5-Female-5_9 KALAU TIDAK BISA LIBURAN KE LEMBANG AKU LEBIH PILIH DI RUMAH AJA 
LOG (gmm-latgen-faster[5.5.1124~1-21ae4]:DecodeUtteranceLatticeFaster():decoder-wrappers.cc:375) Log-like per frame for utterance Female-5-Female-5_9 is -7.64168 over 700 frames.
Female-6-Female-6_10 SEBAGIAN BESAR MAHASISWA SUDAH MENGUNJUNGI AIR TERJUN CILEMBER 
LOG (gmm-latgen-faster[5.5.1124~1-21ae4]:DecodeUtteranceLatticeFaster():decoder-wrappers.cc:375) Log-like per frame for utterance Female-6-Female-6_10 is -7.94284 over 683 frames.
Female-6-Female-6_11 KALO CAPE KERJA ENAKNYA LIBURAN SIH INI MAH 
LOG (gmm-latgen-faster[5.5.1124~1-21ae4]:DecodeUtteranceLatticeFaster():decoder-wrappers.cc:375) Log-like per frame for utterance Female-6-Female-6_11 is -7.75912 over 510 frames.
Female-6-Female-6_33 SEMOGA SUATU HARI KAMI BISA STAYCATION DI VILLA PEGUNUNGAN 
LOG (gmm-latgen-faster[5.5.1124~1-21ae4]:DecodeUtteranceLatticeFaster():decoder-wrappers.cc:375) Log-like per frame for utterance Female-6-Female-6_33 is -7.67911 over 680 frames.
Female-6-Female-6_34 SEKARANG TRAVELING JADI MAKIN MUDAH DENGAN RESERVASI ONLINE 
LOG (gmm-latgen-faster[5.5.1124~1-21ae4]:DecodeUtteranceLatticeFaster():decoder-wrappers.cc:375) Log-like per frame for utterance Female-6-Female-6_34 is -7.91191 over 630 frames.
Female-6-Female-6_38 PULAU BINTAN COCOK DIKUNJUNGI BERSAMA KELUARGA 
LOG (gmm-latgen-faster[5.5.1124~1-21ae4]:DecodeUtteranceLatticeFaster():decoder-wrappers.cc:375) Log-like per frame for utterance Female-6-Female-6_38 is -7.71607 over 580 frames.
Female-6-Female-6_41 TEMPAT LIBURAN YANG PALING TERKENAL DI BANDUNG ADA DI MANA YA 
LOG (gmm-latgen-faster[5.5.1124~1-21ae4]:DecodeUtteranceLatticeFaster():decoder-wrappers.cc:375) Log-like per frame for utterance Female-6-Female-6_41 is -7.78703 over 640 frames.
Female-6-Female-6_42 DI LEMBANG BANYAK TEMPAT WISATA YANG BISA DI KUNJUNGI UNTUK LIBURAN BERSAMA TEMAN DAN KELUARGA 
LOG (gmm-latgen-faster[5.5.1124~1-21ae4]:DecodeUtteranceLatticeFaster():decoder-wrappers.cc:375) Log-like per frame for utterance Female-6-Female-6_42 is -7.99738 over 890 frames.
Female-6-Female-6_43 WEEKEND INI AKU DAN TEMANKU AKAN PERGI GLAMPING KE RANCA UPAS 
LOG (gmm-latgen-faster[5.5.1124~1-21ae4]:DecodeUtteranceLatticeFaster():decoder-wrappers.cc:375) Log-like per frame for utterance Female-6-Female-6_43 is -7.99348 over 660 frames.
Female-6-Female-6_49 KITA PERLU PREPARE DENGAN MATANG UNTUK LIBURAN AKHIR TAHUN INI WHICH IS PASTI SANGAT SERU 
LOG (gmm-latgen-faster[5.5.1124~1-21ae4]:DecodeUtteranceLatticeFaster():decoder-wrappers.cc:375) Log-like per frame for utterance Female-6-Female-6_49 is -8.04791 over 865 frames.
Female-6-Female-6_9 INDONESIA TERKENAL AKAN PESONA LAUT DAN PANTAINYA 
LOG (gmm-latgen-faster[5.5.1124~1-21ae4]:DecodeUtteranceLatticeFaster():decoder-wrappers.cc:375) Log-like per frame for utterance Female-6-Female-6_9 is -7.63241 over 565 frames.
Female-7-human_rights_un_ind_rd_0004 MENIMBANG BAHWA HAK HAK ASASI MANUSIA PERLU DILINDUNGI OLEH PERATURAN HUKUM SUPAYA ORANG TIDAK AKAN TERPAKSA MEMILIH PEMBERONTAKAN SEBAGAI USAHA TERAKHIR GUNA MENENTANG KELALIMAN DAN PENINDASAN 
LOG (gmm-latgen-faster[5.5.1124~1-21ae4]:DecodeUtteranceLatticeFaster():decoder-wrappers.cc:375) Log-like per frame for utterance Female-7-human_rights_un_ind_rd_0004 is -8.00615 over 1192 frames.
Female-7-human_rights_un_ind_rd_0005 MENIMBANG BAHWA PEMBANGUNAN HUBUNGAN PERSAHABATAN ANTARA NEGARA NEGARA PERLU DIGALAKKAN 
LOG (gmm-latgen-faster[5.5.1124~1-21ae4]:DecodeUtteranceLatticeFaster():decoder-wrappers.cc:375) Log-like per frame for utterance Female-7-human_rights_un_ind_rd_0005 is -7.95628 over 448 frames.
Female-7-human_rights_un_ind_rd_0008 DAN TELAH BERTEKAD UNTUK MENGGALAKKAN KEMAJUAN SOSIAL DAN TARAF HIDUP YANG LEBIH BAIK DI DALAM KEMERDEKAAN YANG LEBIH LUAS 
LOG (gmm-latgen-faster[5.5.1124~1-21ae4]:DecodeUtteranceLatticeFaster():decoder-wrappers.cc:375) Log-like per frame for utterance Female-7-human_rights_un_ind_rd_0008 is -8.10274 over 608 frames.
Female-7-human_rights_un_ind_rd_0010 DENGAN BEKERJASAMA DENGAN PERSERIKATAN BANGSA BANGSA 
LOG (gmm-latgen-faster[5.5.1124~1-21ae4]:DecodeUtteranceLatticeFaster():decoder-wrappers.cc:375) Log-like per frame for utterance Female-7-human_rights_un_ind_rd_0010 is -7.94277 over 266 frames.
Female-7-human_rights_un_ind_rd_0019 MEREKA DIKARUNIAI AKAL DAN HATI NURANI DAN HENDAKNYA BERGAUL SATU SAMA LAIN DALAM SEMANGAT PERSAUDARAAN 
LOG (gmm-latgen-faster[5.5.1124~1-21ae4]:DecodeUtteranceLatticeFaster():decoder-wrappers.cc:375) Log-like per frame for utterance Female-7-human_rights_un_ind_rd_0019 is -7.92869 over 568 frames.
Female-7-human_rights_un_ind_rd_0021 SEPERTI RAS WARNA KULIT JENIS KELAMIN BAHASA AGAMA POLITIK ATAU PENDAPAT YANG BERLAINAN 
LOG (gmm-latgen-faster[5.5.1124~1-21ae4]:DecodeUtteranceLatticeFaster():decoder-wrappers.cc:375) Log-like per frame for utterance Female-7-human_rights_un_ind_rd_0021 is -7.7512 over 680 frames.
Female-7-human_rights_un_ind_rd_0026 YANG BERBENTUK WILAYAH WILAYAH PERWALIAN 
LOG (gmm-latgen-faster[5.5.1124~1-21ae4]:DecodeUtteranceLatticeFaster():decoder-wrappers.cc:375) Log-like per frame for utterance Female-7-human_rights_un_ind_rd_0026 is -8.00451 over 196 frames.
Female-7-human_rights_un_ind_rd_0027 JAJAHAN ATAU YANG BERADA DI BAWAH BATASAN KEDAULATAN YANG LAIN 
LOG (gmm-latgen-faster[5.5.1124~1-21ae4]:DecodeUtteranceLatticeFaster():decoder-wrappers.cc:375) Log-like per frame for utterance Female-7-human_rights_un_ind_rd_0027 is -7.88914 over 342 frames.
Female-7-human_rights_un_ind_rd_0042 PASAL SEBELAS SATU SETIAP ORANG YANG DITUNTUT KARENA DISANGKA MELAKUKAN SUATU PELANGGARAN HUKUM DIANGGAP TIDAK BERSALAH 
LOG (gmm-latgen-faster[5.5.1124~1-21ae4]:DecodeUtteranceLatticeFaster():decoder-wrappers.cc:375) Log-like per frame for utterance Female-7-human_rights_un_ind_rd_0042 is -7.79766 over 776 frames.
Female-7-human_rights_un_ind_rd_0053 SETIAP ORANG BERHAK MENINGGALKAN SUATU NEGERI 
LOG (gmm-latgen-faster[5.5.1124~1-21ae4]:DecodeUtteranceLatticeFaster():decoder-wrappers.cc:375) Log-like per frame for utterance Female-7-human_rights_un_ind_rd_0053 is -7.82582 over 250 frames.
Female-7-human_rights_un_ind_rd_0055 PASAL EMPAT BELAS SATU SETIAP ORANG BERHAK MENCARI DAN MENIKMATI SUAKA DI NEGARA LAIN UNTUK MELINDUNGI DIRI DARI PENGEJARAN 
LOG (gmm-latgen-faster[5.5.1124~1-21ae4]:DecodeUtteranceLatticeFaster():decoder-wrappers.cc:375) Log-like per frame for utterance Female-7-human_rights_un_ind_rd_0055 is -7.50804 over 940 frames.
Female-7-human_rights_un_ind_rd_0064 DI DALAM MASA PERKAWINAN DAN PADA SAAT PERCERAIAN DUA 
LOG (gmm-latgen-faster[5.5.1124~1-21ae4]:DecodeUtteranceLatticeFaster():decoder-wrappers.cc:375) Log-like per frame for utterance Female-7-human_rights_un_ind_rd_0064 is -7.36954 over 418 frames.
Female-7-human_rights_un_ind_rd_0067 PASAL TUJUH BELAS SATU SETIAP ORANG BERHAK MEMILIKI HARTA 
LOG (gmm-latgen-faster[5.5.1124~1-21ae4]:DecodeUtteranceLatticeFaster():decoder-wrappers.cc:375) Log-like per frame for utterance Female-7-human_rights_un_ind_rd_0067 is -7.70114 over 460 frames.
Female-7-human_rights_un_ind_rd_0069 TAK SEORANG PUN BOLEH DIRAMPAS HARTANYA DENGAN SEMENA MENA 
LOG (gmm-latgen-faster[5.5.1124~1-21ae4]:DecodeUtteranceLatticeFaster():decoder-wrappers.cc:375) Log-like per frame for utterance Female-7-human_rights_un_ind_rd_0069 is -7.64999 over 408 frames.
Female-7-human_rights_un_ind_rd_0072 DAN KEBEBASAN UNTUK MENYATAKAN AGAMA ATAU KEPERCAYAAN DENGAN CARA MENGAJARKANNYA 
LOG (gmm-latgen-faster[5.5.1124~1-21ae4]:DecodeUtteranceLatticeFaster():decoder-wrappers.cc:375) Log-like per frame for utterance Female-7-human_rights_un_ind_rd_0072 is -7.84588 over 488 frames.
Female-7-human_rights_un_ind_rd_0076 DALAM HAL INI TERMASUK KEBEBASAN MEMILIKI PENDAPAT TANPA GANGGUAN 
LOG (gmm-latgen-faster[5.5.1124~1-21ae4]:DecodeUtteranceLatticeFaster():decoder-wrappers.cc:375) Log-like per frame for utterance Female-7-human_rights_un_ind_rd_0076 is -7.71708 over 366 frames.
Female-7-human_rights_un_ind_rd_0077 DAN UNTUK MENCARI 
LOG (gmm-latgen-faster[5.5.1124~1-21ae4]:DecodeUtteranceLatticeFaster():decoder-wrappers.cc:375) Log-like per frame for utterance Female-7-human_rights_un_ind_rd_0077 is -8.05801 over 102 frames.
Female-7-human_rights_un_ind_rd_0087 PASAL DUA PULUH DUA SETIAP ORANG 
LOG (gmm-latgen-faster[5.5.1124~1-21ae4]:DecodeUtteranceLatticeFaster():decoder-wrappers.cc:375) Log-like per frame for utterance Female-7-human_rights_un_ind_rd_0087 is -7.8329 over 252 frames.
Female-7-human_rights_un_ind_rd_0096 DAN BERHAK ATAS PERLINDUNGAN DARI PENGANGGURAN 
LOG (gmm-latgen-faster[5.5.1124~1-21ae4]:DecodeUtteranceLatticeFaster():decoder-wrappers.cc:375) Log-like per frame for utterance Female-7-human_rights_un_ind_rd_0096 is -7.75172 over 234 frames.
Female-7-human_rights_un_ind_rd_0098 SETIAP ORANG YANG MELAKUKAN PEKERJAAN BERHAK ATAS PENGUPAHAN YANG ADIL DAN BAIK YANG MENJAMIN KEHIDUPANNYA DAN KELUARGANYA 
LOG (gmm-latgen-faster[5.5.1124~1-21ae4]:DecodeUtteranceLatticeFaster():decoder-wrappers.cc:375) Log-like per frame for utterance Female-7-human_rights_un_ind_rd_0098 is -7.76663 over 718 frames.
Female-7-human_rights_un_ind_rd_0099 SUATU KEHIDUPAN YANG PANTAS UNTUK MANUSIA BERMARTABAT 
LOG (gmm-latgen-faster[5.5.1124~1-21ae4]:DecodeUtteranceLatticeFaster():decoder-wrappers.cc:375) Log-like per frame for utterance Female-7-human_rights_un_ind_rd_0099 is -7.96435 over 288 frames.
Female-7-human_rights_un_ind_rd_0101 SETIAP ORANG BERHAK MENDIRIKAN DAN MEMASUKI SERIKAT SERIKAT PEKERJA UNTUK MELINDUNGI KEPENTINGANNYA 
LOG (gmm-latgen-faster[5.5.1124~1-21ae4]:DecodeUtteranceLatticeFaster():decoder-wrappers.cc:375) Log-like per frame for utterance Female-7-human_rights_un_ind_rd_0101 is -7.73745 over 650 frames.
Female-7-human_rights_un_ind_rd_0117 PENDIDIKAN HARUS MENGGALAKKAN SALING PENGERTIAN 
LOG (gmm-latgen-faster[5.5.1124~1-21ae4]:DecodeUtteranceLatticeFaster():decoder-wrappers.cc:375) Log-like per frame for utterance Female-7-human_rights_un_ind_rd_0117 is -8.30457 over 222 frames.
Female-7-human_rights_un_ind_rd_0121 ORANG TUA MEMPUNYAI HAK UTAMA UNTUK MEMILIH JENIS PENDIDIKAN YANG AKAN DIBERIKAN KEPADA ANAK ANAK MEREKA 
LOG (gmm-latgen-faster[5.5.1124~1-21ae4]:DecodeUtteranceLatticeFaster():decoder-wrappers.cc:375) Log-like per frame for utterance Female-7-human_rights_un_ind_rd_0121 is -7.97709 over 580 frames.
Female-7-human_rights_un_ind_rd_0124 SETIAP ORANG BERHAK UNTUK MEMPEROLEH PERLINDUNGAN ATAS KEPENTINGAN KEPENTINGAN MORIL DAN MATERIAL YANG DIPEROLEH SEBAGAI HASIL DARI SESUATU PRODUKSI ILMIAH 
LOG (gmm-latgen-faster[5.5.1124~1-21ae4]:DecodeUtteranceLatticeFaster():decoder-wrappers.cc:375) Log-like per frame for utterance Female-7-human_rights_un_ind_rd_0124 is -7.92864 over 930 frames.
Female-7-human_rights_un_ind_rd_0129 SETIAP ORANG HARUS TUNDUK HANYA PADA PEMBATASAN PEMBATASAN YANG DITETAPKAN OLEH UNDANG UNDANG DENGAN MAKSUD SEMATA MATA UNTUK MENJAMIN PENGAKUAN SERTA PENGHORMATAN YANG LAYAK TERHADAP HAK HAK DAN KEBEBASAN KEBEBASAN ORANG LAIN 
LOG (gmm-latgen-faster[5.5.1124~1-21ae4]:DecodeUtteranceLatticeFaster():decoder-wrappers.cc:375) Log-like per frame for utterance Female-7-human_rights_un_ind_rd_0129 is -7.97269 over 1344 frames.
Female-7-human_rights_un_ind_rd_0132 HAK HAK DAN KEBEBASAN KEBEBASAN INI DENGAN JALAN BAGAIMANA PUN SEKALI SEKALI TIDAK BOLEH DILAKSANAKAN BERTENTANGAN DENGAN TUJUAN DAN DASAR PERSERIKATAN BANGSA BANGSA 
LOG (gmm-latgen-faster[5.5.1124~1-21ae4]:DecodeUtteranceLatticeFaster():decoder-wrappers.cc:375) Log-like per frame for utterance Female-7-human_rights_un_ind_rd_0132 is -8.11551 over 980 frames.
Male-1-Male-1_17 JADI KATANYA SEKARANG TUH LONGEST TRAIN TRACK IN TURUN KE ADALAH TRANS SIBERIAN RAILWAY DENGAN PANJANG SIBUK DUA RATUS LIMA PULUH SEMBILAN KM 
LOG (gmm-latgen-faster[5.5.1124~1-21ae4]:DecodeUtteranceLatticeFaster():decoder-wrappers.cc:375) Log-like per frame for utterance Male-1-Male-1_17 is -7.84281 over 1652 frames.
Male-1-Male-1_18 PENGEN DEH RASANYA COBAIN CROISSANT ASLI DARI PERANCIS 
LOG (gmm-latgen-faster[5.5.1124~1-21ae4]:DecodeUtteranceLatticeFaster():decoder-wrappers.cc:375) Log-like per frame for utterance Male-1-Male-1_18 is -7.38829 over 701 frames.
Male-1-Male-1_28 SAYA LEBIH SUKA BAWA KOPER SIH DARIPADA BACKPACK SOALNYA LEBIH RAPI 
LOG (gmm-latgen-faster[5.5.1124~1-21ae4]:DecodeUtteranceLatticeFaster():decoder-wrappers.cc:375) Log-like per frame for utterance Male-1-Male-1_28 is -7.64444 over 752 frames.
Male-1-Male-1_30 ASIK BANGET NAIK GUNUNG BROMO KARENA UDARA SEGAR DAN BISA LIAT PEMANDANGAN YANG REFRESHING 
LOG (gmm-latgen-faster[5.5.1124~1-21ae4]:DecodeUtteranceLatticeFaster():decoder-wrappers.cc:375) Log-like per frame for utterance Male-1-Male-1_30 is -7.49286 over 992 frames.
Male-1-Male-1_32 SAYA SUKA MINUM KOPI SAMBIL BERSANTAI DENGAN TEMAN DI GUNUNG 
LOG (gmm-latgen-faster[5.5.1124~1-21ae4]:DecodeUtteranceLatticeFaster():decoder-wrappers.cc:375) Log-like per frame for utterance Male-1-Male-1_32 is -7.43433 over 727 frames.
Male-1-Male-1_35 LIBURAN BENGIS YANG MENJADI OPSI YANG MENARIK KARENA BISA BERMAIN SAMBIL BELAJAR 
LOG (gmm-latgen-faster[5.5.1124~1-21ae4]:DecodeUtteranceLatticeFaster():decoder-wrappers.cc:375) Log-like per frame for utterance Male-1-Male-1_35 is -7.6219 over 855 frames.
Male-1-Male-1_36 SALAH SATU TUJUAN HIKING SAYA ADALAH GUNUNG RINJANI 
LOG (gmm-latgen-faster[5.5.1124~1-21ae4]:DecodeUtteranceLatticeFaster():decoder-wrappers.cc:375) Log-like per frame for utterance Male-1-Male-1_36 is -7.71815 over 658 frames.
Male-1-Male-1_48 RENCANANYA KITA MAU JOIN COOKING CLASS UNTUK BELAJAR MEMASAK MASAKAN INDONESIA 
LOG (gmm-latgen-faster[5.5.1124~1-21ae4]:DecodeUtteranceLatticeFaster():decoder-wrappers.cc:375) Log-like per frame for utterance Male-1-Male-1_48 is -7.94548 over 795 frames.
Male-1-Male-1_49 LETS EXPLORE CULTURAL LANDMARKS DI YOGYAKARTA DI SANA BANYAK BELAJAR SEJARAH LOH 
LOG (gmm-latgen-faster[5.5.1124~1-21ae4]:DecodeUtteranceLatticeFaster():decoder-wrappers.cc:375) Log-like per frame for utterance Male-1-Male-1_49 is -8.01524 over 992 frames.
Male-1-Male-1_6 HOLIDAY PALING ENAK KALAU BISA JALAN JALAN BARENG KELUARGA 
LOG (gmm-latgen-faster[5.5.1124~1-21ae4]:DecodeUtteranceLatticeFaster():decoder-wrappers.cc:375) Log-like per frame for utterance Male-1-Male-1_6 is -7.40055 over 607 frames.
Male-10-Male-10_11 AKHIR SEMESTER NANTI AKU MAU LIBURAN KE BALI MAU IKUT 
LOG (gmm-latgen-faster[5.5.1124~1-21ae4]:DecodeUtteranceLatticeFaster():decoder-wrappers.cc:375) Log-like per frame for utterance Male-10-Male-10_11 is -7.31312 over 494 frames.
Male-10-Male-10_12 VILLA DI UBUD ITU SUPER COZY COCOK BUAT LIBURAN 
LOG (gmm-latgen-faster[5.5.1124~1-21ae4]:DecodeUtteranceLatticeFaster():decoder-wrappers.cc:375) Log-like per frame for utterance Male-10-Male-10_12 is -7.47769 over 430 frames.
Male-10-Male-10_13 AKU PERNAH NYELAM DI GILI TRAWANGAN TERUMBU KARANGNYA ITU BAGUS BANGET SIH 
LOG (gmm-latgen-faster[5.5.1124~1-21ae4]:DecodeUtteranceLatticeFaster():decoder-wrappers.cc:375) Log-like per frame for utterance Male-10-Male-10_13 is -7.32874 over 558 frames.
Male-10-Male-10_18 KALAU KE MEDAN JANGAN LUPA COBAIN DURIAN ENAK BANGET 
LOG (gmm-latgen-faster[5.5.1124~1-21ae4]:DecodeUtteranceLatticeFaster():decoder-wrappers.cc:375) Log-like per frame for utterance Male-10-Male-10_18 is -7.3934 over 462 frames.
Male-10-Male-10_21 UDARA PALING SEGAR ADALAH UDARA DI GUNUNG 
LOG (gmm-latgen-faster[5.5.1124~1-21ae4]:DecodeUtteranceLatticeFaster():decoder-wrappers.cc:375) Log-like per frame for utterance Male-10-Male-10_21 is -7.32187 over 398 frames.
Male-10-Male-10_33 NGOMONG NGOMONG WAKTU LIBUR HAMPIR TIBA KITA HARUS MERENCANAKAN KEMANA KITA PERGI NANTI 
LOG (gmm-latgen-faster[5.5.1124~1-21ae4]:DecodeUtteranceLatticeFaster():decoder-wrappers.cc:375) Log-like per frame for utterance Male-10-Male-10_33 is -7.58473 over 622 frames.
Male-10-Male-10_34 KATANYA TRANS STUDIO BANDUNG LAGI NGADAIN DISKON NIH AYO KE SANA MUMPUNG LAGI LIBUR 
LOG (gmm-latgen-faster[5.5.1124~1-21ae4]:DecodeUtteranceLatticeFaster():decoder-wrappers.cc:375) Log-like per frame for utterance Male-10-Male-10_34 is -7.26127 over 638 frames.
Male-10-Male-10_45 BUTUH UANG BERAPA YA KALAU MAU JALAN JALAN KE MACAU 
LOG (gmm-latgen-faster[5.5.1124~1-21ae4]:DecodeUtteranceLatticeFaster():decoder-wrappers.cc:375) Log-like per frame for utterance Male-10-Male-10_45 is -7.06129 over 446 frames.
Male-10-Male-10_50 HATI HATI DI JALAN YA SAFE FLIGHT 
LOG (gmm-latgen-faster[5.5.1124~1-21ae4]:DecodeUtteranceLatticeFaster():decoder-wrappers.cc:375) Log-like per frame for utterance Male-10-Male-10_50 is -7.06893 over 366 frames.
Male-10-Male-10_8 SETELAH BERMAIN SEPANJANG HARI KITA BISA KUMPUL KUMPUL BUAT BARBEQUE MALAM DI TEPI PANTAI 
LOG (gmm-latgen-faster[5.5.1124~1-21ae4]:DecodeUtteranceLatticeFaster():decoder-wrappers.cc:375) Log-like per frame for utterance Male-10-Male-10_8 is -7.40654 over 654 frames.
Male-11-Male-11_14 LIBURAN HARI INI SUDAH SELESAI BESOK LIBURAN DENGAN UJIAN LAGI 
LOG (gmm-latgen-faster[5.5.1124~1-21ae4]:DecodeUtteranceLatticeFaster():decoder-wrappers.cc:375) Log-like per frame for utterance Male-11-Male-11_14 is -7.73688 over 608 frames.
Male-11-Male-11_19 CAMPING SEBELUM SIDANG SEPERTINYA MENYENANGKAN 
LOG (gmm-latgen-faster[5.5.1124~1-21ae4]:DecodeUtteranceLatticeFaster():decoder-wrappers.cc:375) Log-like per frame for utterance Male-11-Male-11_19 is -7.43463 over 478 frames.
Male-11-Male-11_20 KE PUNCAK LEBIH CEPAT LEWAT TRACK SATU DARIPADA TRACK DUA 
LOG (gmm-latgen-faster[5.5.1124~1-21ae4]:DecodeUtteranceLatticeFaster():decoder-wrappers.cc:375) Log-like per frame for utterance Male-11-Male-11_20 is -7.73437 over 608 frames.
Male-11-Male-11_23 NGOMONG NGOMONG WAKTU LIBUR HAMPIR TIBA KITA HARUS MERENCANAKAN KEMANA KITA PERGI NANTI 
LOG (gmm-latgen-faster[5.5.1124~1-21ae4]:DecodeUtteranceLatticeFaster():decoder-wrappers.cc:375) Log-like per frame for utterance Male-11-Male-11_23 is -7.74212 over 773 frames.
Male-11-Male-11_26 KAYAKNYA KITA BAKAL LIBURAN MINGGU INI 
LOG (gmm-latgen-faster[5.5.1124~1-21ae4]:DecodeUtteranceLatticeFaster():decoder-wrappers.cc:375) Log-like per frame for utterance Male-11-Male-11_26 is -7.28781 over 418 frames.
Male-11-Male-11_29 AKU TAKUT BANGET NAIK BANANA BOAT MENDING MAIN YANG LAIN AJA YA 
LOG (gmm-latgen-faster[5.5.1124~1-21ae4]:DecodeUtteranceLatticeFaster():decoder-wrappers.cc:375) Log-like per frame for utterance Male-11-Male-11_29 is -7.48489 over 603 frames.
Male-11-Male-11_36 KATA AKU MAU JASTIP DONG MUMPUNG KAKAK LAGI ABROAD KE LONDON 
LOG (gmm-latgen-faster[5.5.1124~1-21ae4]:DecodeUtteranceLatticeFaster():decoder-wrappers.cc:375) Log-like per frame for utterance Male-11-Male-11_36 is -7.55758 over 598 frames.
Male-11-Male-11_4 KALAU KE BANDUNG KAMU HARUS COBA JAJANAN PINGGIR JALAN DI BRAGA 
LOG (gmm-latgen-faster[5.5.1124~1-21ae4]:DecodeUtteranceLatticeFaster():decoder-wrappers.cc:375) Log-like per frame for utterance Male-11-Male-11_4 is -7.70138 over 645 frames.
Male-11-Male-11_44 KALAU LIBURAN KE SURABAYA JANGAN LUPA COBA RAWON SETAN MAKANAN TERKENAL DI KOTA INI 
LOG (gmm-latgen-faster[5.5.1124~1-21ae4]:DecodeUtteranceLatticeFaster():decoder-wrappers.cc:375) Log-like per frame for utterance Male-11-Male-11_44 is -7.80732 over 775 frames.
Male-11-Male-11_7 AKU KEMARIN BARU BALIK DARI YOGYAKARTA THE TEMPLES AND THE CULTURE BLEW MY MIND BRO 
LOG (gmm-latgen-faster[5.5.1124~1-21ae4]:DecodeUtteranceLatticeFaster():decoder-wrappers.cc:375) Log-like per frame for utterance Male-11-Male-11_7 is -7.80863 over 738 frames.
Male-12-Male-12_14 KATANYA TRANS STUDIO BANDUNG LAGI NGADAIN DISKON NIH KE SANA MUMPUNG LAGI LIBUR 
LOG (gmm-latgen-faster[5.5.1124~1-21ae4]:DecodeUtteranceLatticeFaster():decoder-wrappers.cc:375) Log-like per frame for utterance Male-12-Male-12_14 is -7.86621 over 495 frames.
Male-12-Male-12_21 DAN BANDUNG BAGIKU BUKAN CUMA MASALAH GEOGRAFIS LEBIH DARI ITU MELIBATKAN PERASAAN YANG BERSAMAKU KETIKA SUNYI 
LOG (gmm-latgen-faster[5.5.1124~1-21ae4]:DecodeUtteranceLatticeFaster():decoder-wrappers.cc:375) Log-like per frame for utterance Male-12-Male-12_21 is -7.94427 over 740 frames.
Male-12-Male-12_25 BUTUH UANG BERAPA YA KALAU MOTORAN KE MACAU 
LOG (gmm-latgen-faster[5.5.1124~1-21ae4]:DecodeUtteranceLatticeFaster():decoder-wrappers.cc:375) Log-like per frame for utterance Male-12-Male-12_25 is -7.76372 over 350 frames.
Male-12-Male-12_28 PENGEN DEH RASANYA COBAIN CROISSANT ASLI DARI PERANCIS 
LOG (gmm-latgen-faster[5.5.1124~1-21ae4]:DecodeUtteranceLatticeFaster():decoder-wrappers.cc:375) Log-like per frame for utterance Male-12-Male-12_28 is -8.04716 over 410 frames.
Male-12-Male-12_29 COBAIN DEH PAKE AIR BNB KADANG SUKA DISKON NIH 
LOG (gmm-latgen-faster[5.5.1124~1-21ae4]:DecodeUtteranceLatticeFaster():decoder-wrappers.cc:375) Log-like per frame for utterance Male-12-Male-12_29 is -8.15506 over 383 frames.
Male-12-Male-12_30 UNTUK DI JALAN YA SAFE FLIGHT 
LOG (gmm-latgen-faster[5.5.1124~1-21ae4]:DecodeUtteranceLatticeFaster():decoder-wrappers.cc:375) Log-like per frame for utterance Male-12-Male-12_30 is -7.70338 over 295 frames.
Male-12-Male-12_32 KAMI PUNYA RENCANA UNTUK BERLIBUR KE LUAR NEGERI TAHUN DEPAN 
LOG (gmm-latgen-faster[5.5.1124~1-21ae4]:DecodeUtteranceLatticeFaster():decoder-wrappers.cc:375) Log-like per frame for utterance Male-12-Male-12_32 is -7.89645 over 423 frames.
Male-12-Male-12_40 ASIK BANGET NAIK GUNUNG BROMO KARENA UDARA SEGAR DAN BISA LIAT PEMANDANGAN YANG REFRESHING 
LOG (gmm-latgen-faster[5.5.1124~1-21ae4]:DecodeUtteranceLatticeFaster():decoder-wrappers.cc:375) Log-like per frame for utterance Male-12-Male-12_40 is -8.04514 over 560 frames.
Male-12-Male-12_48 TRIP YANG PALING MEMORABLE ADALAH WAKTU AKU KE DANAU TOBA 
LOG (gmm-latgen-faster[5.5.1124~1-21ae4]:DecodeUtteranceLatticeFaster():decoder-wrappers.cc:375) Log-like per frame for utterance Male-12-Male-12_48 is -7.83565 over 430 frames.
Male-12-Male-12_50 TRACKING DI GUNUNG SEMERU TERNYATA ADVENTUROUS BANGET 
LOG (gmm-latgen-faster[5.5.1124~1-21ae4]:DecodeUtteranceLatticeFaster():decoder-wrappers.cc:375) Log-like per frame for utterance Male-12-Male-12_50 is -7.53909 over 425 frames.
Male-13-Male-13_11 DAN BANDUNG BAGIKU BUKAN CUMA MASALAH GEOGRAFIS LEBIH JAUH DARI ITU MELIBATKAN PERASAAN YANG BERSAMAKU KETIKA SUNYI 
LOG (gmm-latgen-faster[5.5.1124~1-21ae4]:DecodeUtteranceLatticeFaster():decoder-wrappers.cc:375) Log-like per frame for utterance Male-13-Male-13_11 is -8.14864 over 1055 frames.
Male-13-Male-13_20 HATI HATI DI JALAN YA SAFE FLIGHT 
LOG (gmm-latgen-faster[5.5.1124~1-21ae4]:DecodeUtteranceLatticeFaster():decoder-wrappers.cc:375) Log-like per frame for utterance Male-13-Male-13_20 is -7.77874 over 443 frames.
Male-13-Male-13_22 KAMI PUNYA RENCANA UNTUK BERLIBUR KE LUAR NEGERI TAHUN DEPAN 
LOG (gmm-latgen-faster[5.5.1124~1-21ae4]:DecodeUtteranceLatticeFaster():decoder-wrappers.cc:375) Log-like per frame for utterance Male-13-Male-13_22 is -7.77945 over 533 frames.
Male-13-Male-13_27 TAHUN KEMARIN KAMI MENCOBA GLAMPING SELAMA TIGA HARI DI TENGAH HUTAN 
LOG (gmm-latgen-faster[5.5.1124~1-21ae4]:DecodeUtteranceLatticeFaster():decoder-wrappers.cc:375) Log-like per frame for utterance Male-13-Male-13_27 is -7.81185 over 588 frames.
Male-13-Male-13_37 LIBURAN YANG RELAXING BUAT SAYA ADALAH KE UBUD BALI 
LOG (gmm-latgen-faster[5.5.1124~1-21ae4]:DecodeUtteranceLatticeFaster():decoder-wrappers.cc:375) Log-like per frame for utterance Male-13-Male-13_37 is -7.60037 over 598 frames.
Male-13-Male-13_4 KATANYA TRANS STUDIO BANDUNG LAGI NGADAIN DISKON NIH AYO KE SANA MUMPUNG LAGI LIBUR 
LOG (gmm-latgen-faster[5.5.1124~1-21ae4]:DecodeUtteranceLatticeFaster():decoder-wrappers.cc:375) Log-like per frame for utterance Male-13-Male-13_4 is -7.98485 over 695 frames.
Male-13-Male-13_41 REKOMENDASI VACATION SALAH SATUNYA KE WISATA LEMBANG PARK ZOO HEALING SEKALIGUS MENGENAL BINATANG 
LOG (gmm-latgen-faster[5.5.1124~1-21ae4]:DecodeUtteranceLatticeFaster():decoder-wrappers.cc:375) Log-like per frame for utterance Male-13-Male-13_41 is -8.09361 over 773 frames.
Male-13-Male-13_46 LETS TRY MAKANAN TRADISIONAL DI PASAR LOKAL DAN EXPERIENCE CITA RASA KHAS MAKANAN INDONESIA 
LOG (gmm-latgen-faster[5.5.1124~1-21ae4]:DecodeUtteranceLatticeFaster():decoder-wrappers.cc:375) Log-like per frame for utterance Male-13-Male-13_46 is -8.13715 over 860 frames.
Male-13-Male-13_47 AYO KITA SNORKELING DI PULAU KOMODO LIHAT BANYAK BIOTA BIOTA LAUT YANG BERAGAM 
LOG (gmm-latgen-faster[5.5.1124~1-21ae4]:DecodeUtteranceLatticeFaster():decoder-wrappers.cc:375) Log-like per frame for utterance Male-13-Male-13_47 is -8.17402 over 695 frames.
Male-13-Male-13_6 KAYAKNYA KITA BAKAL LIBURAN MINGGU INI 
LOG (gmm-latgen-faster[5.5.1124~1-21ae4]:DecodeUtteranceLatticeFaster():decoder-wrappers.cc:375) Log-like per frame for utterance Male-13-Male-13_6 is -7.67537 over 433 frames.
Male-2-Male-2_10 LIBURAN TERUS BIKIN BOSEN TAPI TUGAS TERUS JUGA PUSING JADI HARUS SEIMBANG 
LOG (gmm-latgen-faster[5.5.1124~1-21ae4]:DecodeUtteranceLatticeFaster():decoder-wrappers.cc:375) Log-like per frame for utterance Male-2-Male-2_10 is -7.91407 over 580 frames.
Male-2-Male-2_18 HIKING DI MUSIM KEMARAU KAYAKNYA SERU NIH 
LOG (gmm-latgen-faster[5.5.1124~1-21ae4]:DecodeUtteranceLatticeFaster():decoder-wrappers.cc:375) Log-like per frame for utterance Male-2-Male-2_18 is -7.58504 over 403 frames.
Male-2-Male-2_19 BUAT KALIAN YANG LAGI MERENCANAKAN LIBURAN PASTIKAN SUDAH PUNYA PLAN YANG BAGUS 
LOG (gmm-latgen-faster[5.5.1124~1-21ae4]:DecodeUtteranceLatticeFaster():decoder-wrappers.cc:375) Log-like per frame for utterance Male-2-Male-2_19 is -7.82679 over 595 frames.
Male-2-Male-2_21 LIBURAN TAHUN INI SERU BANGET SOALNYA BISA BARENG KELUARGA 
LOG (gmm-latgen-faster[5.5.1124~1-21ae4]:DecodeUtteranceLatticeFaster():decoder-wrappers.cc:375) Log-like per frame for utterance Male-2-Male-2_21 is -7.61053 over 491 frames.
Male-2-Male-2_26 LIBURAN DI PANTAI TUH RASANYA KURANG LENGKAP KALAU BELUM LIHAT SUNSET 
LOG (gmm-latgen-faster[5.5.1124~1-21ae4]:DecodeUtteranceLatticeFaster():decoder-wrappers.cc:375) Log-like per frame for utterance Male-2-Male-2_26 is -7.57574 over 508 frames.
Male-2-Male-2_28 SAYA LEBIH SUKA BAWA KOPER SIH DARIPADA BACKPACK SOALNYA LEBIH RAPI 
LOG (gmm-latgen-faster[5.5.1124~1-21ae4]:DecodeUtteranceLatticeFaster():decoder-wrappers.cc:375) Log-like per frame for utterance Male-2-Male-2_28 is -7.82529 over 533 frames.
Male-2-Male-2_31 AKU SUKA BERLIBUR DI PEGUNUNGAN KARENA UDARANYA SEGAR 
LOG (gmm-latgen-faster[5.5.1124~1-21ae4]:DecodeUtteranceLatticeFaster():decoder-wrappers.cc:375) Log-like per frame for utterance Male-2-Male-2_31 is -7.71656 over 489 frames.
Male-2-Male-2_45 BESOK KITA BOAT TOUR DI DANAU TOBA YA SEKALIAN EXPLORE THE BEAUTY OF THE LARGEST VOLCANIC LAKE IN THE WORLD 
LOG (gmm-latgen-faster[5.5.1124~1-21ae4]:DecodeUtteranceLatticeFaster():decoder-wrappers.cc:375) Log-like per frame for utterance Male-2-Male-2_45 is -7.88207 over 768 frames.
Male-2-Male-2_6 HOLIDAY PALING ENAK KALAU BISA JALAN JALAN BARENG KELUARGA 
LOG (gmm-latgen-faster[5.5.1124~1-21ae4]:DecodeUtteranceLatticeFaster():decoder-wrappers.cc:375) Log-like per frame for utterance Male-2-Male-2_6 is -7.90654 over 525 frames.
Male-2-Male-2_8 LIBURAN KE DAERAH GUNUNG BISA JADI ALTERNATIF 
LOG (gmm-latgen-faster[5.5.1124~1-21ae4]:DecodeUtteranceLatticeFaster():decoder-wrappers.cc:375) Log-like per frame for utterance Male-2-Male-2_8 is -7.93858 over 359 frames.
Male-3-Male-3_1 BUAT NGILANGIN PENAT PALING ENAK LIBURAN KE PANTAI 
LOG (gmm-latgen-faster[5.5.1124~1-21ae4]:DecodeUtteranceLatticeFaster():decoder-wrappers.cc:375) Log-like per frame for utterance Male-3-Male-3_1 is -6.94082 over 482 frames.
Male-3-Male-3_18 TRACKING DI MUSIM KEMARAU KAYAKNYA SERU NIH 
LOG (gmm-latgen-faster[5.5.1124~1-21ae4]:DecodeUtteranceLatticeFaster():decoder-wrappers.cc:375) Log-like per frame for utterance Male-3-Male-3_18 is -7.15408 over 478 frames.
Male-3-Male-3_22 DESTINASI STREET FOOD GITU ENAK KALI YA 
LOG (gmm-latgen-faster[5.5.1124~1-21ae4]:DecodeUtteranceLatticeFaster():decoder-wrappers.cc:375) Log-like per frame for utterance Male-3-Male-3_22 is -7.06319 over 422 frames.
Male-3-Male-3_26 LIBURAN KE PALEMBANG WAJIB MAKAN PEMPEK 
LOG (gmm-latgen-faster[5.5.1124~1-21ae4]:DecodeUtteranceLatticeFaster():decoder-wrappers.cc:375) Log-like per frame for utterance Male-3-Male-3_26 is -7.39717 over 394 frames.
Male-3-Male-3_29 PENGEN LIBURAN TAPI TESIS BELOM KELAR 
LOG (gmm-latgen-faster[5.5.1124~1-21ae4]:DecodeUtteranceLatticeFaster():decoder-wrappers.cc:375) Log-like per frame for utterance Male-3-Male-3_29 is -7.21159 over 458 frames.
Male-3-Male-3_30 KAYAKNYA TIDUR MAIN GAME MAKAN MAKAN SELAMA LIBURAN ENAK KALI YA 
LOG (gmm-latgen-faster[5.5.1124~1-21ae4]:DecodeUtteranceLatticeFaster():decoder-wrappers.cc:375) Log-like per frame for utterance Male-3-Male-3_30 is -7.37477 over 622 frames.
Male-3-Male-3_37 KALAU TURUN DARI GUNUNG BISA NGGA TINGGAL NGGELINDING AJA CAPEK SOALNYA 
LOG (gmm-latgen-faster[5.5.1124~1-21ae4]:DecodeUtteranceLatticeFaster():decoder-wrappers.cc:375) Log-like per frame for utterance Male-3-Male-3_37 is -7.47324 over 586 frames.
Male-3-Male-3_39 KALO KITA BISA LIBURAN KE LEMBANG AKU LEBIH PILIH DI RUMAH AJA 
LOG (gmm-latgen-faster[5.5.1124~1-21ae4]:DecodeUtteranceLatticeFaster():decoder-wrappers.cc:375) Log-like per frame for utterance Male-3-Male-3_39 is -7.35442 over 534 frames.
Male-3-Male-3_41 REKOMENDASI VACATION SALAH SATUNYA KE WISATA LEMBANG PARK ZOO HEALING SEKALIGUS MENGENAL BINATANG 
LOG (gmm-latgen-faster[5.5.1124~1-21ae4]:DecodeUtteranceLatticeFaster():decoder-wrappers.cc:375) Log-like per frame for utterance Male-3-Male-3_41 is -7.54095 over 834 frames.
Male-3-Male-3_44 KITA RELAX SEJENAK INI VILLA YANG ADA DI PEGUNUNGAN SAMBIL MENIKMATI KEINDAHAN ALAM DAN UDARA SEGAR 
LOG (gmm-latgen-faster[5.5.1124~1-21ae4]:DecodeUtteranceLatticeFaster():decoder-wrappers.cc:375) Log-like per frame for utterance Male-3-Male-3_44 is -7.72542 over 786 frames.
Male-4-Male-4_12 KETIKA SEGALA LIBURAN DAN LUPA JALAN JALAN 
LOG (gmm-latgen-faster[5.5.1124~1-21ae4]:DecodeUtteranceLatticeFaster():decoder-wrappers.cc:375) Log-like per frame for utterance Male-4-Male-4_12 is -7.5122 over 339 frames.
Male-4-Male-4_27 PANTAI SELALU MENJADI TUJUAN FAVORIT SAYA UNTUK LIBURAN 
LOG (gmm-latgen-faster[5.5.1124~1-21ae4]:DecodeUtteranceLatticeFaster():decoder-wrappers.cc:375) Log-like per frame for utterance Male-4-Male-4_27 is -8.02454 over 349 frames.
Male-4-Male-4_32 DI LEMBANG BANYAK TEMPAT WISATA YANG SEPI KUNJUNGI UNTUK LIBURAN SAMA TEMAN DAN KELUARGA 
LOG (gmm-latgen-faster[5.5.1124~1-21ae4]:DecodeUtteranceLatticeFaster():decoder-wrappers.cc:375) Log-like per frame for utterance Male-4-Male-4_32 is -7.61249 over 734 frames.
Male-4-Male-4_33 WEEKEND INI AKU DAN TEMANKU AKAN PERGI GLAMPING KE RANCA UPAS 
LOG (gmm-latgen-faster[5.5.1124~1-21ae4]:DecodeUtteranceLatticeFaster():decoder-wrappers.cc:375) Log-like per frame for utterance Male-4-Male-4_33 is -8.1374 over 498 frames.
Male-4-Male-4_34 KALAU LAGI LIBURAN PALING ENAK HUNTING STREET FOOD DI BANDUNG 
LOG (gmm-latgen-faster[5.5.1124~1-21ae4]:DecodeUtteranceLatticeFaster():decoder-wrappers.cc:375) Log-like per frame for utterance Male-4-Male-4_34 is -7.27199 over 498 frames.
Male-4-Male-4_44 JAKARTA GERAH BANGET DAH BUTUH LIBURAN DUA 
LOG (gmm-latgen-faster[5.5.1124~1-21ae4]:DecodeUtteranceLatticeFaster():decoder-wrappers.cc:375) Log-like per frame for utterance Male-4-Male-4_44 is -7.85116 over 325 frames.
Male-4-Male-4_46 INI KULIAH MULU KAPAN LIBURANNYA DAH PINTER KAGAK MUMET IYA 
LOG (gmm-latgen-faster[5.5.1124~1-21ae4]:DecodeUtteranceLatticeFaster():decoder-wrappers.cc:375) Log-like per frame for utterance Male-4-Male-4_46 is -7.36227 over 493 frames.
Male-4-Male-4_47 TEMEN GW KEMARIN LIBURAN KE JERMAN KATANYA DISITU NYIMENG LEGAL 
LOG (gmm-latgen-faster[5.5.1124~1-21ae4]:DecodeUtteranceLatticeFaster():decoder-wrappers.cc:375) Log-like per frame for utterance Male-4-Male-4_47 is -7.74176 over 512 frames.
Male-4-Male-4_5 DI BISA BENER BENER MENIKMATI LIBURAN GITU 
LOG (gmm-latgen-faster[5.5.1124~1-21ae4]:DecodeUtteranceLatticeFaster():decoder-wrappers.cc:375) Log-like per frame for utterance Male-4-Male-4_5 is -8.08008 over 324 frames.
Male-4-Male-4_7 CARI MAKANAN BUAT TEMAN STUDIO KEADILAN DAN LAPER 
LOG (gmm-latgen-faster[5.5.1124~1-21ae4]:DecodeUtteranceLatticeFaster():decoder-wrappers.cc:375) Log-like per frame for utterance Male-4-Male-4_7 is -7.5052 over 570 frames.
Male-5-Male-5_15 SEBELUM LIBURAN JANGAN LUPA UNTUK MEMBUAT ITINERARY 
LOG (gmm-latgen-faster[5.5.1124~1-21ae4]:DecodeUtteranceLatticeFaster():decoder-wrappers.cc:375) Log-like per frame for utterance Male-5-Male-5_15 is -7.33685 over 608 frames.
Male-5-Male-5_29 KITA PERLU PREPARE DENGAN MATANG UNTUK LIBURAN AKHIR TAHUN INI WHICH IS PASTI SANGAT SERU 
LOG (gmm-latgen-faster[5.5.1124~1-21ae4]:DecodeUtteranceLatticeFaster():decoder-wrappers.cc:375) Log-like per frame for utterance Male-5-Male-5_29 is -7.63554 over 743 frames.
Male-5-Male-5_41 DI BANDUNG ENAKNYA STAYCATION DI MANA YA 
LOG (gmm-latgen-faster[5.5.1124~1-21ae4]:DecodeUtteranceLatticeFaster():decoder-wrappers.cc:375) Log-like per frame for utterance Male-5-Male-5_41 is -6.92039 over 450 frames.
Male-5-Male-5_46 MAIN MAIN DI TAHURA PAGI HARI TERNYATA SERU JUGA 
LOG (gmm-latgen-faster[5.5.1124~1-21ae4]:DecodeUtteranceLatticeFaster():decoder-wrappers.cc:375) Log-like per frame for utterance Male-5-Male-5_46 is -7.51093 over 533 frames.
Male-5-Male-5_47 AKU SANGAT MENANTIKAN LIBURAN AKHIR TAHUN INI UNTUK PERGI KE PANTAI 
LOG (gmm-latgen-faster[5.5.1124~1-21ae4]:DecodeUtteranceLatticeFaster():decoder-wrappers.cc:375) Log-like per frame for utterance Male-5-Male-5_47 is -7.91904 over 530 frames.
Male-5-Male-5_48 KE AKU SELALU MEMBAWA KAMERA UNTUK MENGABADIKAN MOMEN MOMEN INDAH SELAMA PERJALANAN 
LOG (gmm-latgen-faster[5.5.1124~1-21ae4]:DecodeUtteranceLatticeFaster():decoder-wrappers.cc:375) Log-like per frame for utterance Male-5-Male-5_48 is -7.68115 over 720 frames.
Male-5-Male-5_49 JONI MENGAJAKKU PERGI KE PULAU KOMODO MINGGU DEPAN 
LOG (gmm-latgen-faster[5.5.1124~1-21ae4]:DecodeUtteranceLatticeFaster():decoder-wrappers.cc:375) Log-like per frame for utterance Male-5-Male-5_49 is -7.61144 over 503 frames.
Male-5-Male-5_5 DENGAN BEGITU LIBURAN JADI LEBIH BERMAKNA DAN LEBIH MENYENANGKAN 
LOG (gmm-latgen-faster[5.5.1124~1-21ae4]:DecodeUtteranceLatticeFaster():decoder-wrappers.cc:375) Log-like per frame for utterance Male-5-Male-5_5 is -7.7223 over 578 frames.
Male-5-Male-5_6 APPARENTLY AKU SUDAH LAMA TIDAK LIBURAN BARENG KELUARGA 
LOG (gmm-latgen-faster[5.5.1124~1-21ae4]:DecodeUtteranceLatticeFaster():decoder-wrappers.cc:375) Log-like per frame for utterance Male-5-Male-5_6 is -7.60681 over 540 frames.
Male-5-Male-5_7 JADI HARUS DIAGENDAKAN JALAN JALAN ATAU SEKEDAR KUMPUL KELUARGA UNTUK HEALING 
LOG (gmm-latgen-faster[5.5.1124~1-21ae4]:DecodeUtteranceLatticeFaster():decoder-wrappers.cc:375) Log-like per frame for utterance Male-5-Male-5_7 is -7.65167 over 675 frames.
Male-6-Male-6_10 KOTA MEDAN ADALAH SURGANYA PENYUKA DURIAN 
LOG (gmm-latgen-faster[5.5.1124~1-21ae4]:DecodeUtteranceLatticeFaster():decoder-wrappers.cc:375) Log-like per frame for utterance Male-6-Male-6_10 is -7.29593 over 543 frames.
Male-6-Male-6_15 LIBURAN KE TANGKUBAN PERAHU SANGAT MENYENANGKAN KARENA PEMANDANGAN DARI ATAS KAWAH SANGAT INDAH 
LOG (gmm-latgen-faster[5.5.1124~1-21ae4]:DecodeUtteranceLatticeFaster():decoder-wrappers.cc:375) Log-like per frame for utterance Male-6-Male-6_15 is -7.6728 over 798 frames.
Male-6-Male-6_2 KAMI BERENCANA UNTUK HIKING GUNUNG RINJANI 
LOG (gmm-latgen-faster[5.5.1124~1-21ae4]:DecodeUtteranceLatticeFaster():decoder-wrappers.cc:375) Log-like per frame for utterance Male-6-Male-6_2 is -7.1343 over 538 frames.
Male-6-Male-6_21 KATA AKU MAH YA KITA BUTUH VACATION SETENGAH TAHUN DUA KALI SETAHUN 
LOG (gmm-latgen-faster[5.5.1124~1-21ae4]:DecodeUtteranceLatticeFaster():decoder-wrappers.cc:375) Log-like per frame for utterance Male-6-Male-6_21 is -7.63046 over 675 frames.
Male-6-Male-6_26 INI KULIAH MULU KAPAN LIBURANNYA DAH PINTER KAGAK MUMET IYA 
LOG (gmm-latgen-faster[5.5.1124~1-21ae4]:DecodeUtteranceLatticeFaster():decoder-wrappers.cc:375) Log-like per frame for utterance Male-6-Male-6_26 is -7.57798 over 685 frames.
Male-6-Male-6_35 JALAN JALAN KE BALI BELUM PUAS KALAU BELUM MAKAN SEAFOOD DI JIMBARAN 
LOG (gmm-latgen-faster[5.5.1124~1-21ae4]:DecodeUtteranceLatticeFaster():decoder-wrappers.cc:375) Log-like per frame for utterance Male-6-Male-6_35 is -7.44831 over 678 frames.
Male-6-Male-6_37 AKU SANGAT MENANTIKAN LIBURAN AKHIR TAHUN INI UNTUK PERGI KE PANTAI 
LOG (gmm-latgen-faster[5.5.1124~1-21ae4]:DecodeUtteranceLatticeFaster():decoder-wrappers.cc:375) Log-like per frame for utterance Male-6-Male-6_37 is -7.47953 over 695 frames.
Male-6-Male-6_38 AKU SELALU MEMBAWA KAMERA UNTUK MENGABADIKAN MOMEN MOMEN INDAH SELAMA PERJALANAN 
LOG (gmm-latgen-faster[5.5.1124~1-21ae4]:DecodeUtteranceLatticeFaster():decoder-wrappers.cc:375) Log-like per frame for utterance Male-6-Male-6_38 is -7.59646 over 770 frames.
Male-6-Male-6_45 KALAU MAU DOKUMENTASI ATAU FOTO FOTO SEBAIKNYA SAAT SAAT SUNRISE BIAR EYE CATCHY 
LOG (gmm-latgen-faster[5.5.1124~1-21ae4]:DecodeUtteranceLatticeFaster():decoder-wrappers.cc:375) Log-like per frame for utterance Male-6-Male-6_45 is -7.8313 over 803 frames.
Male-6-Male-6_49 KITA JUGA BISA NYANYI NYANYI SAMBIL MEMANDANGI BINTANG BINTANG YANG BERSINAR DI LANGIT MALAM 
LOG (gmm-latgen-faster[5.5.1124~1-21ae4]:DecodeUtteranceLatticeFaster():decoder-wrappers.cc:375) Log-like per frame for utterance Male-6-Male-6_49 is -7.86923 over 803 frames.
Male-7-Male-7_12 KANTOR LAGI SIBUK SIBUKNYA PROJECTNYA SAATNYA AMBIL UNPAID LEAVE 
LOG (gmm-latgen-faster[5.5.1124~1-21ae4]:DecodeUtteranceLatticeFaster():decoder-wrappers.cc:375) Log-like per frame for utterance Male-7-Male-7_12 is -7.9201 over 670 frames.
Male-7-Male-7_19 STRESS GAK SIH LIBURAN DI PRINDAVAN SALAH MAKAN DIKIT LANGSUNG WENANG 
LOG (gmm-latgen-faster[5.5.1124~1-21ae4]:DecodeUtteranceLatticeFaster():decoder-wrappers.cc:375) Log-like per frame for utterance Male-7-Male-7_19 is -7.77869 over 730 frames.
Male-7-Male-7_26 MEMANG DI TAHURA PAGI HARI TERNYATA SERU JUGA 
LOG (gmm-latgen-faster[5.5.1124~1-21ae4]:DecodeUtteranceLatticeFaster():decoder-wrappers.cc:375) Log-like per frame for utterance Male-7-Male-7_26 is -7.5966 over 575 frames.
Male-7-Male-7_35 KALAU MAU DOKUMENTASI ATAU FOTO FOTO SEBAIKNYA SAAT SAAT SUNRISE BIAR EYE CATCHY EYE 
LOG (gmm-latgen-faster[5.5.1124~1-21ae4]:DecodeUtteranceLatticeFaster():decoder-wrappers.cc:375) Log-like per frame for utterance Male-7-Male-7_35 is -8.15683 over 768 frames.
Male-7-Male-7_40 PAS PULANG KITA BISA MAMPIR DAN MEMBELI BEBERAPA OLEH OLEH BUAT TEMAN DAN KELUARGA 
LOG (gmm-latgen-faster[5.5.1124~1-21ae4]:DecodeUtteranceLatticeFaster():decoder-wrappers.cc:375) Log-like per frame for utterance Male-7-Male-7_40 is -7.90843 over 795 frames.
Male-7-Male-7_42 SELALU UBUD ITU SUPER COZY COCOK BUAT LIBURAN 
LOG (gmm-latgen-faster[5.5.1124~1-21ae4]:DecodeUtteranceLatticeFaster():decoder-wrappers.cc:375) Log-like per frame for utterance Male-7-Male-7_42 is -7.96102 over 633 frames.
Male-7-Male-7_43 AKU PERNAH NYELAM DI GILI TRAWANGAN TERUMBU KARANGNYA ITU BAGUS BANGET SIH 
LOG (gmm-latgen-faster[5.5.1124~1-21ae4]:DecodeUtteranceLatticeFaster():decoder-wrappers.cc:375) Log-like per frame for utterance Male-7-Male-7_43 is -7.99833 over 698 frames.
Male-7-Male-7_48 KALAU KE MEDAN JANGAN LUPA COBAIN DURIAN ENAK BANGET 
LOG (gmm-latgen-faster[5.5.1124~1-21ae4]:DecodeUtteranceLatticeFaster():decoder-wrappers.cc:375) Log-like per frame for utterance Male-7-Male-7_48 is -7.46752 over 593 frames.
Male-7-Male-7_5 LIBURAN KE TANGKUBAN PERAHU SANGAT MENYENANGKAN KARENA PEMANDANGAN DARI ATAS KAWAH SANGAT INDAH 
LOG (gmm-latgen-faster[5.5.1124~1-21ae4]:DecodeUtteranceLatticeFaster():decoder-wrappers.cc:375) Log-like per frame for utterance Male-7-Male-7_5 is -7.74351 over 940 frames.
Male-7-Male-7_50 TRACKING DI BROMO TUH CAPEK BANGET TAPI SUNRISE VIEW NYA BEH SO BEAUTIFUL 
LOG (gmm-latgen-faster[5.5.1124~1-21ae4]:DecodeUtteranceLatticeFaster():decoder-wrappers.cc:375) Log-like per frame for utterance Male-7-Male-7_50 is -8.11104 over 668 frames.
Male-8-Male-8_11 DI BANDUNG ENAKNYA STAYCATION DI MANA YA 
LOG (gmm-latgen-faster[5.5.1124~1-21ae4]:DecodeUtteranceLatticeFaster():decoder-wrappers.cc:375) Log-like per frame for utterance Male-8-Male-8_11 is -6.80896 over 453 frames.
Male-8-Male-8_16 MAIN MAIN DI TAHURA PAGI HARI TERNYATA SERU JUGA 
LOG (gmm-latgen-faster[5.5.1124~1-21ae4]:DecodeUtteranceLatticeFaster():decoder-wrappers.cc:375) Log-like per frame for utterance Male-8-Male-8_16 is -7.11138 over 480 frames.
Male-8-Male-8_2 KANTOR LAGI SIBUK SIBUKNYA PROJECTNYA SAATNYA AMBIL UNPAID LEAVE 
LOG (gmm-latgen-faster[5.5.1124~1-21ae4]:DecodeUtteranceLatticeFaster():decoder-wrappers.cc:375) Log-like per frame for utterance Male-8-Male-8_2 is -7.05075 over 678 frames.
Male-8-Male-8_22 GIMANA KALO KITA CAMPING KE GUNUNG MENIKMATI MALAM YANG BERBINTANG BAWA GITAR NYANYI NYANYI DI TENGAH API UNGGUN 
LOG (gmm-latgen-faster[5.5.1124~1-21ae4]:DecodeUtteranceLatticeFaster():decoder-wrappers.cc:375) Log-like per frame for utterance Male-8-Male-8_22 is -7.02987 over 1132 frames.
Male-8-Male-8_23 GA CUMA ITU KALO PAGI PAGI KITA BISA LIAT PEMANDANGAN YANG INDAH KAYA POHON POHON YANG HIJAU ATAU HAMPARAN PADANG RUMPUT YANG LUAS 
LOG (gmm-latgen-faster[5.5.1124~1-21ae4]:DecodeUtteranceLatticeFaster():decoder-wrappers.cc:375) Log-like per frame for utterance Male-8-Male-8_23 is -7.2335 over 1165 frames.
Male-8-Male-8_32 VILLA DI UBUD ITU SUPER COZY COCOK BUAT LIBURAN 
LOG (gmm-latgen-faster[5.5.1124~1-21ae4]:DecodeUtteranceLatticeFaster():decoder-wrappers.cc:375) Log-like per frame for utterance Male-8-Male-8_32 is -7.31076 over 606 frames.
Male-8-Male-8_38 KALAU KE MEDAN JANGAN LUPA COBAIN DURIAN ENAK BANGET 
LOG (gmm-latgen-faster[5.5.1124~1-21ae4]:DecodeUtteranceLatticeFaster():decoder-wrappers.cc:375) Log-like per frame for utterance Male-8-Male-8_38 is -6.62373 over 750 frames.
Male-8-Male-8_41 UDARA PALING SEGAR ADALAH UDARA DI GUNUNG 
LOG (gmm-latgen-faster[5.5.1124~1-21ae4]:DecodeUtteranceLatticeFaster():decoder-wrappers.cc:375) Log-like per frame for utterance Male-8-Male-8_41 is -6.85685 over 608 frames.
Male-8-Male-8_43 AKHIR TAHUN INI AKU AKAN LIBURAN DI PANTAI 
LOG (gmm-latgen-faster[5.5.1124~1-21ae4]:DecodeUtteranceLatticeFaster():decoder-wrappers.cc:375) Log-like per frame for utterance Male-8-Male-8_43 is -6.96585 over 648 frames.
Male-8-Male-8_45 SETELAH SEMESTER INI SELESAI AKU MAU BERLIBUR DI PANTAI SELAMA SEBULAN 
LOG (gmm-latgen-faster[5.5.1124~1-21ae4]:DecodeUtteranceLatticeFaster():decoder-wrappers.cc:375) Log-like per frame for utterance Male-8-Male-8_45 is -7.26271 over 893 frames.
Male-9-Male-9_18 SETELAH BERMAIN SEPANJANG HARI KITA BISA KUMPUL KUMPUL BUAT BARBEQUE MALAM DI TEPI PANTAI 
LOG (gmm-latgen-faster[5.5.1124~1-21ae4]:DecodeUtteranceLatticeFaster():decoder-wrappers.cc:375) Log-like per frame for utterance Male-9-Male-9_18 is -8.23258 over 581 frames.
Male-9-Male-9_21 AKHIR SEMESTER NANTI AKU MAU LIBURAN KE BALI MAU IKUT 
LOG (gmm-latgen-faster[5.5.1124~1-21ae4]:DecodeUtteranceLatticeFaster():decoder-wrappers.cc:375) Log-like per frame for utterance Male-9-Male-9_21 is -8.2481 over 461 frames.
Male-9-Male-9_22 VILLA DI UBUD ITU SUPER COZY COCOK BUAT LIBURAN 
LOG (gmm-latgen-faster[5.5.1124~1-21ae4]:DecodeUtteranceLatticeFaster():decoder-wrappers.cc:375) Log-like per frame for utterance Male-9-Male-9_22 is -8.17635 over 427 frames.
Male-9-Male-9_26 SELAMA DI JAKARTA THE TRAFFIC WAS CRAZY TAPI NIGHTLIFE NYA SERU BANGET 
LOG (gmm-latgen-faster[5.5.1124~1-21ae4]:DecodeUtteranceLatticeFaster():decoder-wrappers.cc:375) Log-like per frame for utterance Male-9-Male-9_26 is -8.15267 over 555 frames.
Male-9-Male-9_30 TRACKING DI BROMO TUH CAPEK BANGET TAPI SUNRISE VIEW NYA BEH SO BEAUTIFUL 
LOG (gmm-latgen-faster[5.5.1124~1-21ae4]:DecodeUtteranceLatticeFaster():decoder-wrappers.cc:375) Log-like per frame for utterance Male-9-Male-9_30 is -8.0577 over 581 frames.
LOG (apply-cmvn[5.5.1124~1-21ae4]:main():apply-cmvn.cc:162) Applied cepstral mean normalization to 217 utterances, errors on 0
Male-9-Male-9_31 UDARA PALING SEGAR ADALAH UDARA DI GUNUNG 
LOG (gmm-latgen-faster[5.5.1124~1-21ae4]:DecodeUtteranceLatticeFaster():decoder-wrappers.cc:375) Log-like per frame for utterance Male-9-Male-9_31 is -7.99383 over 332 frames.
Male-9-Male-9_32 LIBURAN AKAN TERASA JIKA BERSAMA KELUARGA 
LOG (gmm-latgen-faster[5.5.1124~1-21ae4]:DecodeUtteranceLatticeFaster():decoder-wrappers.cc:375) Log-like per frame for utterance Male-9-Male-9_32 is -7.87415 over 367 frames.
Male-9-Male-9_43 MOMEN MOMEN WAKTU LIBUR HAMPIR TIBA KITA HARUS MERENCANAKAN KEMANA KITA PERGI NANTI 
LOG (gmm-latgen-faster[5.5.1124~1-21ae4]:DecodeUtteranceLatticeFaster():decoder-wrappers.cc:375) Log-like per frame for utterance Male-9-Male-9_43 is -7.99958 over 564 frames.
Male-9-Male-9_44 KATANYA TRANS STUDIO BANDUNG LAGI NGADAIN DISKON NIH AYO KE SANA MUMPUNG LAGI LIBUR 
LOG (gmm-latgen-faster[5.5.1124~1-21ae4]:DecodeUtteranceLatticeFaster():decoder-wrappers.cc:375) Log-like per frame for utterance Male-9-Male-9_44 is -8.23494 over 538 frames.
Male-9-Male-9_49 AKU TAKUT BANGET NAIK BANANA BOAT MENDING MAIN YANG LAIN AJA YA 
LOG (gmm-latgen-faster[5.5.1124~1-21ae4]:DecodeUtteranceLatticeFaster():decoder-wrappers.cc:375) Log-like per frame for utterance Male-9-Male-9_49 is -7.96987 over 461 frames.
LOG (gmm-latgen-faster[5.5.1124~1-21ae4]:main():gmm-latgen-faster.cc:176) Time taken 70.0859s: real-time factor assuming 100 frames/sec is 0.0545611
LOG (gmm-latgen-faster[5.5.1124~1-21ae4]:main():gmm-latgen-faster.cc:179) Done 217 utterances, failed for 0
LOG (gmm-latgen-faster[5.5.1124~1-21ae4]:main():gmm-latgen-faster.cc:181) Overall log-likelihood per frame is -7.74372 over 128454 frames.
# Accounting: time=70 threads=1
# Ended (code 0) at Thu Dec  7 00:04:22 WIB 2023, elapsed time 70 seconds
