# lattice-depth-per-frame "ark:gunzip -c exp/mono/decode/lat.1.gz|" "ark,t:|gzip -c > exp/mono/decode/depth_tmp.1.gz" ark:- | lattice-best-path --acoustic-scale=0.1 ark:- ark:/dev/null "ark,t:|gzip -c >exp/mono/decode/ali_tmp.1.gz" 
# Started at Tue Dec  5 18:21:40 WIB 2023
#
lattice-depth-per-frame 'ark:gunzip -c exp/mono/decode/lat.1.gz|' 'ark,t:|gzip -c > exp/mono/decode/depth_tmp.1.gz' ark:- 
lattice-best-path --acoustic-scale=0.1 ark:- ark:/dev/null 'ark,t:|gzip -c >exp/mono/decode/ali_tmp.1.gz' 
LOG (lattice-best-path[5.5.1124~1-21ae4]:main():lattice-best-path.cc:99) For utterance Female-1-Female-1_1, best cost 51.5699 + 4083.2 = 4134.77 over 440 frames.
LOG (lattice-best-path[5.5.1124~1-21ae4]:main():lattice-best-path.cc:99) For utterance Female-1-Female-1_19, best cost 89.554 + 5785.71 = 5875.27 over 638 frames.
LOG (lattice-best-path[5.5.1124~1-21ae4]:main():lattice-best-path.cc:99) For utterance Female-1-Female-1_21, best cost 38.6073 + 2939.46 = 2978.07 over 325 frames.
LOG (lattice-best-path[5.5.1124~1-21ae4]:main():lattice-best-path.cc:99) For utterance Female-1-Female-1_32, best cost 67.0134 + 5449.31 = 5516.33 over 588 frames.
LOG (lattice-best-path[5.5.1124~1-21ae4]:main():lattice-best-path.cc:99) For utterance Female-1-Female-1_36, best cost 58.7939 + 3899.07 = 3957.87 over 409 frames.
LOG (lattice-best-path[5.5.1124~1-21ae4]:main():lattice-best-path.cc:99) For utterance Female-1-Female-1_37, best cost 70.0181 + 4378.72 = 4448.74 over 471 frames.
LOG (lattice-best-path[5.5.1124~1-21ae4]:main():lattice-best-path.cc:99) For utterance Female-1-Female-1_39, best cost 51.8944 + 4140.68 = 4192.57 over 461 frames.
LOG (lattice-best-path[5.5.1124~1-21ae4]:main():lattice-best-path.cc:99) For utterance Female-1-Female-1_43, best cost 89.8096 + 5870.32 = 5960.13 over 640 frames.
LOG (lattice-best-path[5.5.1124~1-21ae4]:main():lattice-best-path.cc:99) For utterance Female-1-Female-1_48, best cost 74.9164 + 6122.15 = 6197.07 over 648 frames.
LOG (lattice-best-path[5.5.1124~1-21ae4]:main():lattice-best-path.cc:99) For utterance Female-1-Female-1_50, best cost 82.1084 + 5345.11 = 5427.22 over 590 frames.
LOG (lattice-best-path[5.5.1124~1-21ae4]:main():lattice-best-path.cc:99) For utterance Female-2-Female-2_13, best cost 60.1676 + 3547.79 = 3607.96 over 375 frames.
LOG (lattice-best-path[5.5.1124~1-21ae4]:main():lattice-best-path.cc:99) For utterance Female-2-Female-2_16, best cost 70.0548 + 5537.46 = 5607.52 over 581 frames.
LOG (lattice-best-path[5.5.1124~1-21ae4]:main():lattice-best-path.cc:99) For utterance Female-2-Female-2_20, best cost 51.2627 + 3560.64 = 3611.9 over 367 frames.
LOG (lattice-best-path[5.5.1124~1-21ae4]:main():lattice-best-path.cc:99) For utterance Female-2-Female-2_3, best cost 43.7301 + 2562.17 = 2605.9 over 272 frames.
LOG (lattice-best-path[5.5.1124~1-21ae4]:main():lattice-best-path.cc:99) For utterance Female-2-Female-2_33, best cost 103.154 + 6532.06 = 6635.21 over 684 frames.
LOG (lattice-best-path[5.5.1124~1-21ae4]:main():lattice-best-path.cc:99) For utterance Female-2-Female-2_35, best cost 92.0111 + 6915.14 = 7007.15 over 752 frames.
LOG (lattice-best-path[5.5.1124~1-21ae4]:main():lattice-best-path.cc:99) For utterance Female-2-Female-2_37, best cost 66.5204 + 4632.4 = 4698.92 over 495 frames.
LOG (lattice-best-path[5.5.1124~1-21ae4]:main():lattice-best-path.cc:99) For utterance Female-2-Female-2_43, best cost 92.7449 + 5500.93 = 5593.67 over 581 frames.
LOG (lattice-best-path[5.5.1124~1-21ae4]:main():lattice-best-path.cc:99) For utterance Female-2-Female-2_6, best cost 57.1811 + 3906.78 = 3963.96 over 418 frames.
LOG (lattice-best-path[5.5.1124~1-21ae4]:main():lattice-best-path.cc:99) For utterance Female-2-Female-2_7, best cost 47.9636 + 3537.41 = 3585.37 over 375 frames.
LOG (lattice-best-path[5.5.1124~1-21ae4]:main():lattice-best-path.cc:99) For utterance Female-3-Female-3_13, best cost 49.8992 + 3842.45 = 3892.35 over 408 frames.
LOG (lattice-best-path[5.5.1124~1-21ae4]:main():lattice-best-path.cc:99) For utterance Female-3-Female-3_15, best cost 49.8315 + 4179.48 = 4229.31 over 448 frames.
LOG (lattice-best-path[5.5.1124~1-21ae4]:main():lattice-best-path.cc:99) For utterance Female-3-Female-3_23, best cost 108.829 + 7473.16 = 7581.99 over 783 frames.
LOG (lattice-best-path[5.5.1124~1-21ae4]:main():lattice-best-path.cc:99) For utterance Female-3-Female-3_28, best cost 83.5015 + 6288.62 = 6372.13 over 658 frames.
LOG (lattice-best-path[5.5.1124~1-21ae4]:main():lattice-best-path.cc:99) For utterance Female-3-Female-3_3, best cost 69.9076 + 4629.19 = 4699.1 over 493 frames.
LOG (lattice-best-path[5.5.1124~1-21ae4]:main():lattice-best-path.cc:99) For utterance Female-3-Female-3_32, best cost 80.5572 + 7588.29 = 7668.85 over 775 frames.
LOG (lattice-best-path[5.5.1124~1-21ae4]:main():lattice-best-path.cc:99) For utterance Female-3-Female-3_33, best cost 98.6911 + 7279.18 = 7377.87 over 735 frames.
LOG (lattice-best-path[5.5.1124~1-21ae4]:main():lattice-best-path.cc:99) For utterance Female-3-Female-3_39, best cost 58.6985 + 4215 = 4273.7 over 425 frames.
LOG (lattice-best-path[5.5.1124~1-21ae4]:main():lattice-best-path.cc:99) For utterance Female-3-Female-3_4, best cost 81.1364 + 5114.46 = 5195.6 over 540 frames.
LOG (lattice-best-path[5.5.1124~1-21ae4]:main():lattice-best-path.cc:99) For utterance Female-3-Female-3_8, best cost 46.2829 + 3520.41 = 3566.69 over 390 frames.
LOG (lattice-best-path[5.5.1124~1-21ae4]:main():lattice-best-path.cc:99) For utterance Female-4-Female-4_12, best cost 88.0109 + 5369.35 = 5457.36 over 598 frames.
LOG (lattice-best-path[5.5.1124~1-21ae4]:main():lattice-best-path.cc:99) For utterance Female-4-Female-4_26, best cost 53.7395 + 5539.62 = 5593.36 over 607 frames.
LOG (lattice-best-path[5.5.1124~1-21ae4]:main():lattice-best-path.cc:99) For utterance Female-4-Female-4_3, best cost 53.6931 + 4004.9 = 4058.59 over 435 frames.
LOG (lattice-best-path[5.5.1124~1-21ae4]:main():lattice-best-path.cc:99) For utterance Female-4-Female-4_34, best cost 84.0074 + 5549.85 = 5633.86 over 598 frames.
LOG (lattice-best-path[5.5.1124~1-21ae4]:main():lattice-best-path.cc:99) For utterance Female-4-Female-4_38, best cost 68.7728 + 5231.59 = 5300.36 over 572 frames.
LOG (lattice-best-path[5.5.1124~1-21ae4]:main():lattice-best-path.cc:99) For utterance Female-4-Female-4_4, best cost 57.2655 + 4246.8 = 4304.07 over 478 frames.
LOG (lattice-best-path[5.5.1124~1-21ae4]:main():lattice-best-path.cc:99) For utterance Female-4-Female-4_42, best cost 60.8329 + 3714.4 = 3775.23 over 401 frames.
LOG (lattice-best-path[5.5.1124~1-21ae4]:main():lattice-best-path.cc:99) For utterance Female-4-Female-4_43, best cost 55.1526 + 3343.85 = 3399 over 367 frames.
LOG (lattice-best-path[5.5.1124~1-21ae4]:main():lattice-best-path.cc:99) For utterance Female-4-Female-4_6, best cost 41.1942 + 3202.77 = 3243.97 over 358 frames.
LOG (lattice-best-path[5.5.1124~1-21ae4]:main():lattice-best-path.cc:99) For utterance Female-4-Female-4_8, best cost 58.7025 + 5149.83 = 5208.53 over 572 frames.
LOG (lattice-best-path[5.5.1124~1-21ae4]:main():lattice-best-path.cc:99) For utterance Female-5-Female-5_11, best cost 58.3294 + 5744.99 = 5803.32 over 618 frames.
LOG (lattice-best-path[5.5.1124~1-21ae4]:main():lattice-best-path.cc:99) For utterance Female-5-Female-5_12, best cost 81.9474 + 8404.78 = 8486.72 over 905 frames.
LOG (lattice-best-path[5.5.1124~1-21ae4]:main():lattice-best-path.cc:99) For utterance Female-5-Female-5_17, best cost 61.0819 + 5209.28 = 5270.37 over 565 frames.
LOG (lattice-best-path[5.5.1124~1-21ae4]:main():lattice-best-path.cc:99) For utterance Female-5-Female-5_21, best cost 62.0947 + 5148.14 = 5210.23 over 550 frames.
LOG (lattice-best-path[5.5.1124~1-21ae4]:main():lattice-best-path.cc:99) For utterance Female-5-Female-5_33, best cost 59.607 + 4037.04 = 4096.65 over 433 frames.
LOG (lattice-best-path[5.5.1124~1-21ae4]:main():lattice-best-path.cc:99) For utterance Female-5-Female-5_35, best cost 76.086 + 6331.33 = 6407.42 over 670 frames.
LOG (lattice-best-path[5.5.1124~1-21ae4]:main():lattice-best-path.cc:99) For utterance Female-5-Female-5_43, best cost 71.1755 + 5931.29 = 6002.46 over 618 frames.
LOG (lattice-best-path[5.5.1124~1-21ae4]:main():lattice-best-path.cc:99) For utterance Female-5-Female-5_44, best cost 58.4662 + 5741.59 = 5800.06 over 608 frames.
LOG (lattice-best-path[5.5.1124~1-21ae4]:main():lattice-best-path.cc:99) For utterance Female-5-Female-5_5, best cost 108.695 + 8710.15 = 8818.85 over 915 frames.
LOG (lattice-best-path[5.5.1124~1-21ae4]:main():lattice-best-path.cc:99) For utterance Female-5-Female-5_50, best cost 49.2877 + 4855.55 = 4904.83 over 543 frames.
LOG (lattice-best-path[5.5.1124~1-21ae4]:main():lattice-best-path.cc:99) For utterance Female-6-Female-6_1, best cost 63.9996 + 5684.12 = 5748.12 over 608 frames.
LOG (lattice-best-path[5.5.1124~1-21ae4]:main():lattice-best-path.cc:99) For utterance Female-6-Female-6_19, best cost 87.9857 + 7079.99 = 7167.98 over 753 frames.
LOG (lattice-best-path[5.5.1124~1-21ae4]:main():lattice-best-path.cc:99) For utterance Female-6-Female-6_27, best cost 87.4521 + 7604.88 = 7692.33 over 815 frames.
LOG (lattice-best-path[5.5.1124~1-21ae4]:main():lattice-best-path.cc:99) For utterance Female-6-Female-6_28, best cost 78.5024 + 7059.76 = 7138.26 over 763 frames.
LOG (lattice-best-path[5.5.1124~1-21ae4]:main():lattice-best-path.cc:99) For utterance Female-6-Female-6_34, best cost 62.217 + 5917.45 = 5979.67 over 630 frames.
LOG (lattice-best-path[5.5.1124~1-21ae4]:main():lattice-best-path.cc:99) For utterance Female-6-Female-6_37, best cost 70.0264 + 6195.19 = 6265.22 over 680 frames.
LOG (lattice-best-path[5.5.1124~1-21ae4]:main():lattice-best-path.cc:99) For utterance Female-6-Female-6_40, best cost 52.0013 + 5199.85 = 5251.85 over 560 frames.
LOG (lattice-best-path[5.5.1124~1-21ae4]:main():lattice-best-path.cc:99) For utterance Female-6-Female-6_47, best cost 72.9248 + 5986.56 = 6059.49 over 640 frames.
LOG (lattice-best-path[5.5.1124~1-21ae4]:main():lattice-best-path.cc:99) For utterance Female-6-Female-6_7, best cost 63.9982 + 5180.92 = 5244.92 over 565 frames.
LOG (lattice-best-path[5.5.1124~1-21ae4]:main():lattice-best-path.cc:99) For utterance Female-6-Female-6_9, best cost 57.1448 + 5110.18 = 5167.32 over 565 frames.
LOG (lattice-best-path[5.5.1124~1-21ae4]:main():lattice-best-path.cc:99) For utterance Female-7-human_rights_un_ind_rd_0000, best cost 189.254 + 12178.6 = 12367.9 over 1314 frames.
LOG (lattice-best-path[5.5.1124~1-21ae4]:main():lattice-best-path.cc:99) For utterance Female-7-human_rights_un_ind_rd_0008, best cost 107.611 + 5769.39 = 5877 over 608 frames.
LOG (lattice-best-path[5.5.1124~1-21ae4]:main():lattice-best-path.cc:99) For utterance Female-7-human_rights_un_ind_rd_0017, best cost 123.986 + 6991.75 = 7115.74 over 738 frames.
LOG (lattice-best-path[5.5.1124~1-21ae4]:main():lattice-best-path.cc:99) For utterance Female-7-human_rights_un_ind_rd_0018, best cost 88.7758 + 5285.96 = 5374.74 over 584 frames.
LOG (lattice-best-path[5.5.1124~1-21ae4]:main():lattice-best-path.cc:99) For utterance Female-7-human_rights_un_ind_rd_0021, best cost 81.4151 + 6228.27 = 6309.69 over 680 frames.
LOG (lattice-best-path[5.5.1124~1-21ae4]:main():lattice-best-path.cc:99) For utterance Female-7-human_rights_un_ind_rd_0026, best cost 31.7977 + 1847.55 = 1879.34 over 196 frames.
LOG (lattice-best-path[5.5.1124~1-21ae4]:main():lattice-best-path.cc:99) For utterance Female-7-human_rights_un_ind_rd_0027, best cost 60.02 + 3165.64 = 3225.66 over 342 frames.
LOG (lattice-best-path[5.5.1124~1-21ae4]:main():lattice-best-path.cc:99) For utterance Female-7-human_rights_un_ind_rd_0033, best cost 92.7778 + 5835.32 = 5928.1 over 628 frames.
LOG (lattice-best-path[5.5.1124~1-21ae4]:main():lattice-best-path.cc:99) For utterance Female-7-human_rights_un_ind_rd_0047, best cost 100.718 + 6970.04 = 7070.75 over 760 frames.
LOG (lattice-best-path[5.5.1124~1-21ae4]:main():lattice-best-path.cc:99) For utterance Female-7-human_rights_un_ind_rd_0053, best cost 34.5029 + 2302.99 = 2337.49 over 250 frames.
LOG (lattice-best-path[5.5.1124~1-21ae4]:main():lattice-best-path.cc:99) For utterance Female-7-human_rights_un_ind_rd_0063, best cost 50.0487 + 2589.18 = 2639.23 over 274 frames.
LOG (lattice-best-path[5.5.1124~1-21ae4]:main():lattice-best-path.cc:99) For utterance Female-7-human_rights_un_ind_rd_0065, best cost 90.9204 + 7381.85 = 7472.77 over 830 frames.
LOG (lattice-best-path[5.5.1124~1-21ae4]:main():lattice-best-path.cc:99) For utterance Female-7-human_rights_un_ind_rd_0068, best cost 52.857 + 2338.23 = 2391.09 over 250 frames.
LOG (lattice-best-path[5.5.1124~1-21ae4]:main():lattice-best-path.cc:99) For utterance Female-7-human_rights_un_ind_rd_0074, best cost 88.3809 + 5188.72 = 5277.1 over 590 frames.
LOG (lattice-best-path[5.5.1124~1-21ae4]:main():lattice-best-path.cc:99) For utterance Female-7-human_rights_un_ind_rd_0077, best cost 22.746 + 956.032 = 978.778 over 102 frames.
LOG (lattice-best-path[5.5.1124~1-21ae4]:main():lattice-best-path.cc:99) For utterance Female-7-human_rights_un_ind_rd_0080, best cost 52.0553 + 3470.96 = 3523.01 over 368 frames.
LOG (lattice-best-path[5.5.1124~1-21ae4]:main():lattice-best-path.cc:99) For utterance Female-7-human_rights_un_ind_rd_0083, best cost 83.5972 + 6326.08 = 6409.68 over 702 frames.
LOG (lattice-best-path[5.5.1124~1-21ae4]:main():lattice-best-path.cc:99) For utterance Female-7-human_rights_un_ind_rd_0091, best cost 17.4737 + 946.788 = 964.262 over 100 frames.
LOG (lattice-best-path[5.5.1124~1-21ae4]:main():lattice-best-path.cc:99) For utterance Female-7-human_rights_un_ind_rd_0092, best cost 91.2661 + 6005.03 = 6096.3 over 676 frames.
LOG (lattice-best-path[5.5.1124~1-21ae4]:main():lattice-best-path.cc:99) For utterance Female-7-human_rights_un_ind_rd_0100, best cost 53.5796 + 3655.04 = 3708.62 over 404 frames.
LOG (lattice-best-path[5.5.1124~1-21ae4]:main():lattice-best-path.cc:99) For utterance Female-7-human_rights_un_ind_rd_0106, best cost 39.0571 + 2141.24 = 2180.3 over 236 frames.
LOG (lattice-best-path[5.5.1124~1-21ae4]:main():lattice-best-path.cc:99) For utterance Female-7-human_rights_un_ind_rd_0109, best cost 70.0468 + 3472.66 = 3542.7 over 378 frames.
LOG (lattice-best-path[5.5.1124~1-21ae4]:main():lattice-best-path.cc:99) For utterance Female-7-human_rights_un_ind_rd_0111, best cost 59.2654 + 4741.19 = 4800.45 over 532 frames.
LOG (lattice-best-path[5.5.1124~1-21ae4]:main():lattice-best-path.cc:99) For utterance Female-7-human_rights_un_ind_rd_0118, best cost 46.7648 + 2494.49 = 2541.25 over 266 frames.
LOG (lattice-best-path[5.5.1124~1-21ae4]:main():lattice-best-path.cc:99) For utterance Female-7-human_rights_un_ind_rd_0124, best cost 118.574 + 8689.6 = 8808.17 over 930 frames.
LOG (lattice-best-path[5.5.1124~1-21ae4]:main():lattice-best-path.cc:99) For utterance Female-7-human_rights_un_ind_rd_0130, best cost 58.582 + 3392.71 = 3451.29 over 360 frames.
LOG (lattice-best-path[5.5.1124~1-21ae4]:main():lattice-best-path.cc:99) For utterance Female-7-human_rights_un_ind_rd_0135, best cost 168.357 + 10821.9 = 10990.3 over 1137 frames.
LOG (lattice-best-path[5.5.1124~1-21ae4]:main():lattice-best-path.cc:99) For utterance Male-1-Male-1_1, best cost 66.2845 + 5179.04 = 5245.33 over 564 frames.
LOG (lattice-best-path[5.5.1124~1-21ae4]:main():lattice-best-path.cc:99) For utterance Male-1-Male-1_11, best cost 112.049 + 11636.8 = 11748.9 over 1275 frames.
LOG (lattice-best-path[5.5.1124~1-21ae4]:main():lattice-best-path.cc:99) For utterance Male-1-Male-1_15, best cost 87.0396 + 7009.14 = 7096.18 over 838 frames.
LOG (lattice-best-path[5.5.1124~1-21ae4]:main():lattice-best-path.cc:99) For utterance Male-1-Male-1_19, best cost 60.2403 + 6315.64 = 6375.88 over 718 frames.
LOG (lattice-best-path[5.5.1124~1-21ae4]:main():lattice-best-path.cc:99) For utterance Male-1-Male-1_22, best cost 69.4078 + 5598.81 = 5668.22 over 615 frames.
LOG (lattice-best-path[5.5.1124~1-21ae4]:main():lattice-best-path.cc:99) For utterance Male-1-Male-1_28, best cost 77.0477 + 6876.36 = 6953.4 over 752 frames.
LOG (lattice-best-path[5.5.1124~1-21ae4]:main():lattice-best-path.cc:99) For utterance Male-1-Male-1_30, best cost 114.871 + 8849.93 = 8964.8 over 992 frames.
LOG (lattice-best-path[5.5.1124~1-21ae4]:main():lattice-best-path.cc:99) For utterance Male-1-Male-1_43, best cost 99.4242 + 6822.83 = 6922.26 over 701 frames.
LOG (lattice-best-path[5.5.1124~1-21ae4]:main():lattice-best-path.cc:99) For utterance Male-1-Male-1_44, best cost 138.253 + 8606.77 = 8745.02 over 872 frames.
LOG (lattice-best-path[5.5.1124~1-21ae4]:main():lattice-best-path.cc:99) For utterance Male-1-Male-1_45, best cost 113.34 + 12240 = 12353.3 over 1238 frames.
LOG (lattice-best-path[5.5.1124~1-21ae4]:main():lattice-best-path.cc:99) For utterance Male-10-Male-10_2, best cost 104.736 + 6647.46 = 6752.2 over 766 frames.
LOG (lattice-best-path[5.5.1124~1-21ae4]:main():lattice-best-path.cc:99) For utterance Male-10-Male-10_24, best cost 70.1112 + 4575.9 = 4646.01 over 558 frames.
LOG (lattice-best-path[5.5.1124~1-21ae4]:main():lattice-best-path.cc:99) For utterance Male-10-Male-10_25, best cost 74.221 + 4631.7 = 4705.92 over 526 frames.
LOG (lattice-best-path[5.5.1124~1-21ae4]:main():lattice-best-path.cc:99) For utterance Male-10-Male-10_28, best cost 41.4786 + 3335.84 = 3377.32 over 398 frames.
LOG (lattice-best-path[5.5.1124~1-21ae4]:main():lattice-best-path.cc:99) For utterance Male-10-Male-10_29, best cost 38.721 + 3491.52 = 3530.24 over 414 frames.
LOG (lattice-best-path[5.5.1124~1-21ae4]:main():lattice-best-path.cc:99) For utterance Male-10-Male-10_3, best cost 123.658 + 7173.8 = 7297.45 over 798 frames.
LOG (lattice-best-path[5.5.1124~1-21ae4]:main():lattice-best-path.cc:99) For utterance Male-10-Male-10_34, best cost 81.4811 + 5473.21 = 5554.69 over 638 frames.
LOG (lattice-best-path[5.5.1124~1-21ae4]:main():lattice-best-path.cc:99) For utterance Male-10-Male-10_40, best cost 63.7801 + 4478.15 = 4541.94 over 510 frames.
LOG (lattice-best-path[5.5.1124~1-21ae4]:main():lattice-best-path.cc:99) For utterance Male-10-Male-10_43, best cost 65.5802 + 4817.05 = 4882.63 over 574 frames.
LOG (lattice-best-path[5.5.1124~1-21ae4]:main():lattice-best-path.cc:99) For utterance Male-10-Male-10_44, best cost 59.8441 + 4164.96 = 4224.81 over 494 frames.
LOG (lattice-best-path[5.5.1124~1-21ae4]:main():lattice-best-path.cc:99) For utterance Male-11-Male-11_10, best cost 84.3339 + 7034.61 = 7118.95 over 798 frames.
LOG (lattice-best-path[5.5.1124~1-21ae4]:main():lattice-best-path.cc:99) For utterance Male-11-Male-11_17, best cost 55.5493 + 4475.26 = 4530.81 over 488 frames.
LOG (lattice-best-path[5.5.1124~1-21ae4]:main():lattice-best-path.cc:99) For utterance Male-11-Male-11_2, best cost 58.9012 + 5083.99 = 5142.89 over 558 frames.
LOG (lattice-best-path[5.5.1124~1-21ae4]:main():lattice-best-path.cc:99) For utterance Male-11-Male-11_25, best cost 63.6853 + 5126.24 = 5189.92 over 550 frames.
LOG (lattice-best-path[5.5.1124~1-21ae4]:main():lattice-best-path.cc:99) For utterance Male-11-Male-11_26, best cost 43.9447 + 3587.27 = 3631.22 over 418 frames.
LOG (lattice-best-path[5.5.1124~1-21ae4]:main():lattice-best-path.cc:99) For utterance Male-11-Male-11_3, best cost 74.7009 + 6073.19 = 6147.89 over 663 frames.
LOG (lattice-best-path[5.5.1124~1-21ae4]:main():lattice-best-path.cc:99) For utterance Male-11-Male-11_31, best cost 104.64 + 9944.4 = 10049 over 1055 frames.
LOG (lattice-best-path[5.5.1124~1-21ae4]:main():lattice-best-path.cc:99) For utterance Male-11-Male-11_47, best cost 69.6195 + 5726.54 = 5796.16 over 628 frames.
LOG (lattice-best-path[5.5.1124~1-21ae4]:main():lattice-best-path.cc:99) For utterance Male-11-Male-11_50, best cost 94.4509 + 7095.05 = 7189.5 over 768 frames.
LOG (lattice-best-path[5.5.1124~1-21ae4]:main():lattice-best-path.cc:99) For utterance Male-11-Male-11_7, best cost 81.6388 + 6802.05 = 6883.69 over 738 frames.
LOG (lattice-best-path[5.5.1124~1-21ae4]:main():lattice-best-path.cc:99) For utterance Male-12-Male-12_1, best cost 52.97 + 2818 = 2870.97 over 298 frames.
LOG (lattice-best-path[5.5.1124~1-21ae4]:main():lattice-best-path.cc:99) For utterance Male-12-Male-12_21, best cost 97.8086 + 6951.9 = 7049.71 over 740 frames.
LOG (lattice-best-path[5.5.1124~1-21ae4]:main():lattice-best-path.cc:99) For utterance Male-12-Male-12_24, best cost 46.9248 + 3095.79 = 3142.72 over 338 frames.
LOG (lattice-best-path[5.5.1124~1-21ae4]:main():lattice-best-path.cc:99) For utterance Male-12-Male-12_28, best cost 53.1436 + 3908.87 = 3962.01 over 410 frames.
LOG (lattice-best-path[5.5.1124~1-21ae4]:main():lattice-best-path.cc:99) For utterance Male-12-Male-12_30, best cost 47.8191 + 2676 = 2723.82 over 295 frames.
LOG (lattice-best-path[5.5.1124~1-21ae4]:main():lattice-best-path.cc:99) For utterance Male-12-Male-12_31, best cost 67.0661 + 3720.51 = 3787.57 over 393 frames.
LOG (lattice-best-path[5.5.1124~1-21ae4]:main():lattice-best-path.cc:99) For utterance Male-12-Male-12_38, best cost 73.8416 + 4622.32 = 4696.16 over 495 frames.
LOG (lattice-best-path[5.5.1124~1-21ae4]:main():lattice-best-path.cc:99) For utterance Male-12-Male-12_43, best cost 55.8827 + 4275.87 = 4331.75 over 470 frames.
LOG (lattice-best-path[5.5.1124~1-21ae4]:main():lattice-best-path.cc:99) For utterance Male-12-Male-12_47, best cost 70.1444 + 4615.42 = 4685.56 over 520 frames.
LOG (lattice-best-path[5.5.1124~1-21ae4]:main():lattice-best-path.cc:99) For utterance Male-12-Male-12_9, best cost 44.1102 + 3143.5 = 3187.61 over 328 frames.
LOG (lattice-best-path[5.5.1124~1-21ae4]:main():lattice-best-path.cc:99) For utterance Male-13-Male-13_15, best cost 60.6062 + 4183.68 = 4244.28 over 450 frames.
LOG (lattice-best-path[5.5.1124~1-21ae4]:main():lattice-best-path.cc:99) For utterance Male-13-Male-13_16, best cost 68.054 + 5216.1 = 5284.15 over 545 frames.
LOG (lattice-best-path[5.5.1124~1-21ae4]:main():lattice-best-path.cc:99) For utterance Male-13-Male-13_19, best cost 63.7351 + 5260.16 = 5323.9 over 545 frames.
LOG (lattice-best-path[5.5.1124~1-21ae4]:main():lattice-best-path.cc:99) For utterance Male-13-Male-13_32, best cost 62.8413 + 5476.69 = 5539.53 over 593 frames.
LOG (lattice-best-path[5.5.1124~1-21ae4]:main():lattice-best-path.cc:99) For utterance Male-13-Male-13_34, best cost 82.3131 + 7621.8 = 7704.11 over 825 frames.
LOG (lattice-best-path[5.5.1124~1-21ae4]:main():lattice-best-path.cc:99) For utterance Male-13-Male-13_40, best cost 54.453 + 5320.67 = 5375.12 over 593 frames.
LOG (lattice-best-path[5.5.1124~1-21ae4]:main():lattice-best-path.cc:99) For utterance Male-13-Male-13_44, best cost 117.674 + 8503.23 = 8620.91 over 900 frames.
LOG (lattice-best-path[5.5.1124~1-21ae4]:main():lattice-best-path.cc:99) For utterance Male-13-Male-13_5, best cost 63.1127 + 5494.78 = 5557.89 over 583 frames.
LOG (lattice-best-path[5.5.1124~1-21ae4]:main():lattice-best-path.cc:99) For utterance Male-13-Male-13_6, best cost 57.1302 + 3913.26 = 3970.39 over 433 frames.
LOG (lattice-best-path[5.5.1124~1-21ae4]:main():lattice-best-path.cc:99) For utterance Male-13-Male-13_9, best cost 73.947 + 5251.7 = 5325.65 over 553 frames.
LOG (lattice-best-path[5.5.1124~1-21ae4]:main():lattice-best-path.cc:99) For utterance Male-2-Male-2_13, best cost 66.3426 + 4608.18 = 4674.52 over 501 frames.
LOG (lattice-best-path[5.5.1124~1-21ae4]:main():lattice-best-path.cc:99) For utterance Male-2-Male-2_20, best cost 59.2124 + 4178.74 = 4237.96 over 480 frames.
LOG (lattice-best-path[5.5.1124~1-21ae4]:main():lattice-best-path.cc:99) For utterance Male-2-Male-2_21, best cost 65.4372 + 4386.46 = 4451.89 over 491 frames.
LOG (lattice-best-path[5.5.1124~1-21ae4]:main():lattice-best-path.cc:99) For utterance Male-2-Male-2_28, best cost 74.2213 + 4936.64 = 5010.86 over 533 frames.
LOG (lattice-best-path[5.5.1124~1-21ae4]:main():lattice-best-path.cc:99) For utterance Male-2-Male-2_32, best cost 66.7604 + 4189.39 = 4256.15 over 474 frames.
LOG (lattice-best-path[5.5.1124~1-21ae4]:main():lattice-best-path.cc:99) For utterance Male-2-Male-2_4, best cost 82.4683 + 5967.46 = 6049.93 over 634 frames.
LOG (lattice-best-path[5.5.1124~1-21ae4]:main():lattice-best-path.cc:99) For utterance Male-2-Male-2_43, best cost 88.4757 + 4895.58 = 4984.06 over 536 frames.
LOG (lattice-best-path[5.5.1124~1-21ae4]:main():lattice-best-path.cc:99) For utterance Male-2-Male-2_45, best cost 105.49 + 7171.3 = 7276.79 over 768 frames.
LOG (lattice-best-path[5.5.1124~1-21ae4]:main():lattice-best-path.cc:99) For utterance Male-2-Male-2_49, best cost 86.9854 + 6447.62 = 6534.61 over 700 frames.
LOG (lattice-best-path[5.5.1124~1-21ae4]:main():lattice-best-path.cc:99) For utterance Male-2-Male-2_8, best cost 54.151 + 3379.79 = 3433.95 over 359 frames.
LOG (lattice-best-path[5.5.1124~1-21ae4]:main():lattice-best-path.cc:99) For utterance Male-3-Male-3_13, best cost 60.3555 + 3927.86 = 3988.22 over 458 frames.
LOG (lattice-best-path[5.5.1124~1-21ae4]:main():lattice-best-path.cc:99) For utterance Male-3-Male-3_14, best cost 82.1589 + 5240.88 = 5323.04 over 590 frames.
LOG (lattice-best-path[5.5.1124~1-21ae4]:main():lattice-best-path.cc:99) For utterance Male-3-Male-3_20, best cost 54.3243 + 4495.72 = 4550.04 over 534 frames.
LOG (lattice-best-path[5.5.1124~1-21ae4]:main():lattice-best-path.cc:99) For utterance Male-3-Male-3_24, best cost 53.0599 + 4015.89 = 4068.95 over 462 frames.
LOG (lattice-best-path[5.5.1124~1-21ae4]:main():lattice-best-path.cc:99) For utterance Male-3-Male-3_25, best cost 48.9424 + 4182.75 = 4231.7 over 490 frames.
LOG (lattice-best-path[5.5.1124~1-21ae4]:main():lattice-best-path.cc:99) For utterance Male-3-Male-3_3, best cost 43.1444 + 2911.98 = 2955.12 over 366 frames.
LOG (lattice-best-path[5.5.1124~1-21ae4]:main():lattice-best-path.cc:99) For utterance Male-3-Male-3_32, best cost 90.2442 + 6323.94 = 6414.19 over 742 frames.
LOG (lattice-best-path[5.5.1124~1-21ae4]:main():lattice-best-path.cc:99) For utterance Male-3-Male-3_39, best cost 74.9526 + 4621.89 = 4696.84 over 534 frames.
LOG (lattice-best-path[5.5.1124~1-21ae4]:main():lattice-best-path.cc:99) For utterance Male-3-Male-3_44, best cost 107.915 + 7152.42 = 7260.33 over 786 frames.
LOG (lattice-best-path[5.5.1124~1-21ae4]:main():lattice-best-path.cc:99) For utterance Male-3-Male-3_49, best cost 91.5226 + 5936.7 = 6028.22 over 642 frames.
LOG (lattice-best-path[5.5.1124~1-21ae4]:main():lattice-best-path.cc:99) For utterance Male-4-Male-4_11, best cost 71.4903 + 5242.75 = 5314.24 over 599 frames.
LOG (lattice-best-path[5.5.1124~1-21ae4]:main():lattice-best-path.cc:99) For utterance Male-4-Male-4_15, best cost 138.969 + 7685.44 = 7824.41 over 822 frames.
LOG (lattice-best-path[5.5.1124~1-21ae4]:main():lattice-best-path.cc:99) For utterance Male-4-Male-4_26, best cost 53.1137 + 5042.95 = 5096.06 over 585 frames.
LOG (lattice-best-path[5.5.1124~1-21ae4]:main():lattice-best-path.cc:99) For utterance Male-4-Male-4_31, best cost 71.6597 + 2769.52 = 2841.18 over 286 frames.
LOG (lattice-best-path[5.5.1124~1-21ae4]:main():lattice-best-path.cc:99) For utterance Male-4-Male-4_36, best cost 68.1862 + 4608.72 = 4676.91 over 498 frames.
LOG (lattice-best-path[5.5.1124~1-21ae4]:main():lattice-best-path.cc:99) For utterance Male-4-Male-4_37, best cost 59.4418 + 4202.18 = 4261.63 over 479 frames.
LOG (lattice-best-path[5.5.1124~1-21ae4]:main():lattice-best-path.cc:99) For utterance Male-4-Male-4_4, best cost 84.3951 + 6172.29 = 6256.68 over 667 frames.
LOG (lattice-best-path[5.5.1124~1-21ae4]:main():lattice-best-path.cc:99) For utterance Male-4-Male-4_43, best cost 54.775 + 3794.72 = 3849.49 over 416 frames.
LOG (lattice-best-path[5.5.1124~1-21ae4]:main():lattice-best-path.cc:99) For utterance Male-4-Male-4_44, best cost 46.2329 + 3031.73 = 3077.97 over 325 frames.
LOG (lattice-best-path[5.5.1124~1-21ae4]:main():lattice-best-path.cc:99) For utterance Male-4-Male-4_9, best cost 89.6218 + 5205.19 = 5294.81 over 575 frames.
LOG (lattice-best-path[5.5.1124~1-21ae4]:main():lattice-best-path.cc:99) For utterance Male-5-Male-5_1, best cost 78.2905 + 5866.69 = 5944.98 over 638 frames.
LOG (lattice-best-path[5.5.1124~1-21ae4]:main():lattice-best-path.cc:99) For utterance Male-5-Male-5_10, best cost 88.3673 + 7621.17 = 7709.53 over 870 frames.
LOG (lattice-best-path[5.5.1124~1-21ae4]:main():lattice-best-path.cc:99) For utterance Male-5-Male-5_13, best cost 68.0982 + 4679.04 = 4747.14 over 515 frames.
LOG (lattice-best-path[5.5.1124~1-21ae4]:main():lattice-best-path.cc:99) For utterance Male-5-Male-5_17, best cost 59.6507 + 4929.53 = 4989.18 over 563 frames.
LOG (lattice-best-path[5.5.1124~1-21ae4]:main():lattice-best-path.cc:99) For utterance Male-5-Male-5_19, best cost 66.6864 + 5467.89 = 5534.57 over 603 frames.
LOG (lattice-best-path[5.5.1124~1-21ae4]:main():lattice-best-path.cc:99) For utterance Male-5-Male-5_25, best cost 83.7649 + 7168 = 7251.76 over 790 frames.
LOG (lattice-best-path[5.5.1124~1-21ae4]:main():lattice-best-path.cc:99) For utterance Male-5-Male-5_28, best cost 79.0356 + 6455.66 = 6534.69 over 718 frames.
LOG (lattice-best-path[5.5.1124~1-21ae4]:main():lattice-best-path.cc:99) For utterance Male-5-Male-5_29, best cost 85.8964 + 6699.72 = 6785.61 over 743 frames.
LOG (lattice-best-path[5.5.1124~1-21ae4]:main():lattice-best-path.cc:99) For utterance Male-5-Male-5_3, best cost 57.7351 + 3968.25 = 4025.98 over 445 frames.
LOG (lattice-best-path[5.5.1124~1-21ae4]:main():lattice-best-path.cc:99) For utterance Male-5-Male-5_43, best cost 62.0372 + 4900.84 = 4962.88 over 538 frames.
LOG (lattice-best-path[5.5.1124~1-21ae4]:main():lattice-best-path.cc:99) For utterance Male-6-Male-6_11, best cost 69.8716 + 5701.28 = 5771.15 over 640 frames.
LOG (lattice-best-path[5.5.1124~1-21ae4]:main():lattice-best-path.cc:99) For utterance Male-6-Male-6_14, best cost 69.9661 + 5758.76 = 5828.73 over 643 frames.
LOG (lattice-best-path[5.5.1124~1-21ae4]:main():lattice-best-path.cc:99) For utterance Male-6-Male-6_15, best cost 84.7169 + 7282.94 = 7367.65 over 798 frames.
LOG (lattice-best-path[5.5.1124~1-21ae4]:main():lattice-best-path.cc:99) For utterance Male-6-Male-6_33, best cost 65.4624 + 5926.14 = 5991.61 over 668 frames.
LOG (lattice-best-path[5.5.1124~1-21ae4]:main():lattice-best-path.cc:99) For utterance Male-6-Male-6_34, best cost 70.5482 + 6709.89 = 6780.43 over 760 frames.
LOG (lattice-best-path[5.5.1124~1-21ae4]:main():lattice-best-path.cc:99) For utterance Male-6-Male-6_38, best cost 74.2119 + 6930.14 = 7004.35 over 770 frames.
LOG (lattice-best-path[5.5.1124~1-21ae4]:main():lattice-best-path.cc:99) For utterance Male-6-Male-6_41, best cost 85.3289 + 7887.54 = 7972.87 over 880 frames.
LOG (lattice-best-path[5.5.1124~1-21ae4]:main():lattice-best-path.cc:99) For utterance Male-6-Male-6_43, best cost 126.316 + 9549.54 = 9675.86 over 1023 frames.
LOG (lattice-best-path[5.5.1124~1-21ae4]:main():lattice-best-path.cc:99) For utterance Male-6-Male-6_44, best cost 96.0845 + 7916.58 = 8012.67 over 865 frames.
LOG (lattice-best-path[5.5.1124~1-21ae4]:main():lattice-best-path.cc:99) For utterance Male-6-Male-6_5, best cost 62.3887 + 4625.9 = 4688.29 over 523 frames.
LOG (lattice-best-path[5.5.1124~1-21ae4]:main():lattice-best-path.cc:99) For utterance Male-7-Male-7_11, best cost 85.9169 + 7415.6 = 7501.52 over 773 frames.
LOG (lattice-best-path[5.5.1124~1-21ae4]:main():lattice-best-path.cc:99) For utterance Male-7-Male-7_2, best cost 107.994 + 7975.41 = 8083.4 over 860 frames.
LOG (lattice-best-path[5.5.1124~1-21ae4]:main():lattice-best-path.cc:99) For utterance Male-7-Male-7_29, best cost 61.1584 + 4888.13 = 4949.29 over 545 frames.
LOG (lattice-best-path[5.5.1124~1-21ae4]:main():lattice-best-path.cc:99) For utterance Male-7-Male-7_34, best cost 124.104 + 7957.44 = 8081.54 over 848 frames.
LOG (lattice-best-path[5.5.1124~1-21ae4]:main():lattice-best-path.cc:99) For utterance Male-7-Male-7_39, best cost 94.1174 + 6872.11 = 6966.23 over 735 frames.
LOG (lattice-best-path[5.5.1124~1-21ae4]:main():lattice-best-path.cc:99) For utterance Male-7-Male-7_4, best cost 76.3285 + 5778.07 = 5854.39 over 660 frames.
LOG (lattice-best-path[5.5.1124~1-21ae4]:main():lattice-best-path.cc:99) For utterance Male-7-Male-7_44, best cost 77.1302 + 6879.26 = 6956.39 over 738 frames.
LOG (lattice-best-path[5.5.1124~1-21ae4]:main():lattice-best-path.cc:99) For utterance Male-7-Male-7_46, best cost 76.9706 + 6139.65 = 6216.62 over 660 frames.
LOG (lattice-best-path[5.5.1124~1-21ae4]:main():lattice-best-path.cc:99) For utterance Male-7-Male-7_49, best cost 81.0469 + 7340.95 = 7422 over 773 frames.
LOG (lattice-best-path[5.5.1124~1-21ae4]:main():lattice-best-path.cc:99) For utterance Male-7-Male-7_50, best cost 83.4039 + 6404 = 6487.41 over 668 frames.
LOG (lattice-best-path[5.5.1124~1-21ae4]:main():lattice-best-path.cc:99) For utterance Male-8-Male-8_10, best cost 50.5623 + 4563.21 = 4613.77 over 550 frames.
LOG (lattice-best-path[5.5.1124~1-21ae4]:main():lattice-best-path.cc:99) For utterance Male-8-Male-8_11, best cost 47.5617 + 3622.45 = 3670.01 over 453 frames.
LOG (lattice-best-path[5.5.1124~1-21ae4]:main():lattice-best-path.cc:99) For utterance Male-8-Male-8_14, best cost 73.1994 + 6122.21 = 6195.41 over 720 frames.
LOG (lattice-depth-per-frame[5.5.1124~1-21ae4]:main():lattice-depth-per-frame.cc:82) Done 217 lattices.
LOG (lattice-best-path[5.5.1124~1-21ae4]:main():lattice-best-path.cc:99) For utterance Male-8-Male-8_19, best cost 53.2525 + 4882.81 = 4936.07 over 600 frames.
LOG (lattice-best-path[5.5.1124~1-21ae4]:main():lattice-best-path.cc:99) For utterance Male-8-Male-8_22, best cost 111.825 + 9368.57 = 9480.4 over 1132 frames.
LOG (lattice-best-path[5.5.1124~1-21ae4]:main():lattice-best-path.cc:99) For utterance Male-8-Male-8_39, best cost 81.3564 + 7391.38 = 7472.74 over 870 frames.
LOG (lattice-best-path[5.5.1124~1-21ae4]:main():lattice-best-path.cc:99) For utterance Male-8-Male-8_41, best cost 57.3979 + 4973.36 = 5030.76 over 608 frames.
LOG (lattice-best-path[5.5.1124~1-21ae4]:main():lattice-best-path.cc:99) For utterance Male-8-Male-8_48, best cost 44.0309 + 4546.56 = 4590.59 over 558 frames.
LOG (lattice-best-path[5.5.1124~1-21ae4]:main():lattice-best-path.cc:99) For utterance Male-8-Male-8_5, best cost 62.0708 + 5233.61 = 5295.68 over 643 frames.
LOG (lattice-best-path[5.5.1124~1-21ae4]:main():lattice-best-path.cc:99) For utterance Male-8-Male-8_9, best cost 73.3736 + 6354.6 = 6427.97 over 750 frames.
LOG (lattice-best-path[5.5.1124~1-21ae4]:main():lattice-best-path.cc:99) For utterance Male-9-Male-9_1, best cost 44.8164 + 3992.03 = 4036.84 over 478 frames.
LOG (lattice-best-path[5.5.1124~1-21ae4]:main():lattice-best-path.cc:99) For utterance Male-9-Male-9_12, best cost 104.457 + 6882.16 = 6986.62 over 718 frames.
LOG (lattice-best-path[5.5.1124~1-21ae4]:main():lattice-best-path.cc:99) For utterance Male-9-Male-9_22, best cost 63.459 + 4104.66 = 4168.12 over 427 frames.
LOG (lattice-best-path[5.5.1124~1-21ae4]:main():lattice-best-path.cc:99) For utterance Male-9-Male-9_27, best cost 82.846 + 6145.42 = 6228.26 over 641 frames.
LOG (lattice-best-path[5.5.1124~1-21ae4]:main():lattice-best-path.cc:99) For utterance Male-9-Male-9_29, best cost 73.9944 + 5661.73 = 5735.73 over 581 frames.
LOG (lattice-best-path[5.5.1124~1-21ae4]:main():lattice-best-path.cc:99) For utterance Male-9-Male-9_33, best cost 51.5509 + 2898.5 = 2950.05 over 307 frames.
LOG (lattice-best-path[5.5.1124~1-21ae4]:main():lattice-best-path.cc:99) For utterance Male-9-Male-9_38, best cost 38.3551 + 2950.53 = 2988.88 over 324 frames.
LOG (lattice-best-path[5.5.1124~1-21ae4]:main():lattice-best-path.cc:99) For utterance Male-9-Male-9_39, best cost 37.0767 + 3128.39 = 3165.46 over 332 frames.
LOG (lattice-best-path[5.5.1124~1-21ae4]:main():lattice-best-path.cc:99) For utterance Male-9-Male-9_45, best cost 62.5426 + 3699.63 = 3762.17 over 384 frames.
LOG (lattice-best-path[5.5.1124~1-21ae4]:main():lattice-best-path.cc:99) For utterance Male-9-Male-9_6, best cost 62.0418 + 4285.01 = 4347.05 over 478 frames.
LOG (lattice-best-path[5.5.1124~1-21ae4]:main():lattice-best-path.cc:124) Overall cost per frame is 9.25634 = 0.122675 [graph] + 9.13366 [acoustic] over 128341 frames.
LOG (lattice-best-path[5.5.1124~1-21ae4]:main():lattice-best-path.cc:128) Done 217 lattices, failed for 0
# Accounting: time=0 threads=1
# Ended (code 0) at Tue Dec  5 18:21:40 WIB 2023, elapsed time 0 seconds
