# lattice-scale --inv-acoustic-scale=16 "ark:gunzip -c exp/tri1/decode/lat.*.gz|" ark:- | lattice-add-penalty --word-ins-penalty=1.0 ark:- ark:- | lattice-best-path --word-symbol-table=exp/tri1/graph/words.txt ark:- ark,t:- | utils/int2sym.pl -f 2- exp/tri1/graph/words.txt | cat > exp/tri1/decode/scoring_kaldi/penalty_1.0/16.txt 
# Started at Thu Dec  7 00:06:08 WIB 2023
#
lattice-scale --inv-acoustic-scale=16 'ark:gunzip -c exp/tri1/decode/lat.*.gz|' ark:- 
lattice-add-penalty --word-ins-penalty=1.0 ark:- ark:- 
lattice-best-path --word-symbol-table=exp/tri1/graph/words.txt ark:- ark,t:- 
LOG (lattice-best-path[5.5.1124~1-21ae4]:main():lattice-best-path.cc:99) For utterance Female-1-Female-1_22, best cost 49.849 + 2256.97 = 2306.82 over 380 frames.
Female-1-Female-1_22 DESTINATION STREET FOOD GITU ENAK KALI YA 
LOG (lattice-best-path[5.5.1124~1-21ae4]:main():lattice-best-path.cc:99) For utterance Female-1-Female-1_27, best cost 46.4597 + 2076.57 = 2123.03 over 376 frames.
Female-1-Female-1_27 PENGEN LIBURAN TAPI TUGAS BANYAK 
LOG (lattice-best-path[5.5.1124~1-21ae4]:main():lattice-best-path.cc:99) For utterance Female-1-Female-1_32, best cost 74.9326 + 3437.79 = 3512.72 over 588 frames.
Female-1-Female-1_32 SAYA SUKA MINUM KOPI SAMBIL BERSANTAI DENGAN TEMAN DI GUNUNG 
LOG (lattice-best-path[5.5.1124~1-21ae4]:main():lattice-best-path.cc:99) For utterance Female-1-Female-1_33, best cost 69.0932 + 3032.41 = 3101.51 over 533 frames.
Female-1-Female-1_33 BERLIBUR BERSAMA KELUARGA ADALAH MOMEN YANG SANGAT BERHARGA 
LOG (lattice-best-path[5.5.1124~1-21ae4]:main():lattice-best-path.cc:99) For utterance Female-1-Female-1_37, best cost 72.8478 + 2704.42 = 2777.27 over 471 frames.
Female-1-Female-1_37 LIBURAN YANG RELAXING BUAT SAYA ADALAH KE UBUD BALI 
LOG (lattice-best-path[5.5.1124~1-21ae4]:main():lattice-best-path.cc:99) For utterance Female-1-Female-1_40, best cost 61.4815 + 2735.7 = 2797.18 over 473 frames.
Female-1-Female-1_40 TREKKING DI GUNUNG SEMERU TERNYATA ADVENTUROUS BANGET 
LOG (lattice-best-path[5.5.1124~1-21ae4]:main():lattice-best-path.cc:99) For utterance Female-1-Female-1_42, best cost 110.108 + 4754.55 = 4864.65 over 826 frames.
Female-1-Female-1_42 GIMANA KALAU NATURE HIKE DI GUNUNG SALAK JADI KITA BISA MENIKMATI KEINDAHAN ALAMNYA YANG KEREN 
LOG (lattice-best-path[5.5.1124~1-21ae4]:main():lattice-best-path.cc:99) For utterance Female-1-Female-1_45, best cost 124.775 + 5137.96 = 5262.74 over 863 frames.
Female-1-Female-1_45 BESOK KITA BOAT TOUR DI DANAU TOBA YA SEKALIAN EXPLORE THE BEAUTY OF THE LARGEST VOLCANIC LAKE IN THE WORLD 
LOG (lattice-best-path[5.5.1124~1-21ae4]:main():lattice-best-path.cc:99) For utterance Female-1-Female-1_49, best cost 96.179 + 4379.92 = 4476.1 over 734 frames.
Female-1-Female-1_49 LETS EXPLORE CULTURAL LANDMARKS DI YOGYAKARTA DI SANA BANYAK BELAJAR SEJARAH LOH 
LOG (lattice-best-path[5.5.1124~1-21ae4]:main():lattice-best-path.cc:99) For utterance Female-1-Female-1_9, best cost 88.3587 + 3686.53 = 3774.89 over 640 frames.
Female-1-Female-1_9 BERKEMAH DI DAERAH PERBUKITAN ATAU KEBUN TEH JUGA BISA JADI ALTERNATIF BERLIBUR 
LOG (lattice-best-path[5.5.1124~1-21ae4]:main():lattice-best-path.cc:99) For utterance Female-2-Female-2_15, best cost 75.8189 + 2415.25 = 2491.07 over 418 frames.
Female-2-Female-2_15 TEMPAT DINNER YANG EXPENSIVE BANGET TAPI ENAK DI MANA YA 
LOG (lattice-best-path[5.5.1124~1-21ae4]:main():lattice-best-path.cc:99) For utterance Female-2-Female-2_2, best cost 77.3653 + 3113.55 = 3190.92 over 521 frames.
Female-2-Female-2_2 LIBURAN PALING ENAK KALAU KITA ABIS NGELARIN KERJAAN WORK LIFE BALANCE 
LOG (lattice-best-path[5.5.1124~1-21ae4]:main():lattice-best-path.cc:99) For utterance Female-2-Female-2_21, best cost 36.5268 + 1368.38 = 1404.91 over 238 frames.
Female-2-Female-2_21 STAYCATION ENAKNYA KEMANA YA 
LOG (lattice-best-path[5.5.1124~1-21ae4]:main():lattice-best-path.cc:99) For utterance Female-2-Female-2_27, best cost 44.239 + 1726.83 = 1771.07 over 307 frames.
Female-2-Female-2_27 PINGIN LIBURAN TAPI TUGAS BANYAK 
LOG (lattice-best-path[5.5.1124~1-21ae4]:main():lattice-best-path.cc:99) For utterance Female-2-Female-2_3, best cost 60.3364 + 1600.99 = 1661.32 over 272 frames.
Female-2-Female-2_3 PALING SERU KALAU LIBURAN BARENG TEMEN MALAM 
LOG (lattice-best-path[5.5.1124~1-21ae4]:main():lattice-best-path.cc:99) For utterance Female-2-Female-2_38, best cost 86.1011 + 3337.07 = 3423.18 over 564 frames.
Female-2-Female-2_38 LIBURAN TAHUN LALU KURANG KERASA MENURUTKU GAK BISA PERGI JAUH KARENA MASIH WABAH 
LOG (lattice-best-path[5.5.1124~1-21ae4]:main():lattice-best-path.cc:99) For utterance Female-2-Female-2_42, best cost 88.0474 + 3966.31 = 4054.36 over 667 frames.
Female-2-Female-2_42 LITERALLY TRACKING KE PEGUNUNGAN MEMBERIKAN KESEMPATAN UNTUK MERASAKAN KESEGARAN UDARA ALAMI 
LOG (lattice-best-path[5.5.1124~1-21ae4]:main():lattice-best-path.cc:99) For utterance Female-2-Female-2_5, best cost 67.0053 + 2207.55 = 2274.56 over 358 frames.
Female-2-Female-2_5 KEBANYAKAN LIBURAN ENAK JUGA SIH BORING JUGA TERNYATA 
LOG (lattice-best-path[5.5.1124~1-21ae4]:main():lattice-best-path.cc:99) For utterance Female-2-Female-2_50, best cost 58.4633 + 2621.19 = 2679.66 over 444 frames.
Female-2-Female-2_50 SEBAGIAN BESAR MAHASISWA SUDAH MENGUNJUNGI AIR TERJUN CILEMBER 
LOG (lattice-best-path[5.5.1124~1-21ae4]:main():lattice-best-path.cc:99) For utterance Female-2-Female-2_9, best cost 83.4306 + 3057.54 = 3140.97 over 512 frames.
Female-2-Female-2_9 BERKEMAH DI DAERAH PERBUKITAN ATAU KEBUN TEH JUGA BISA JADI ALTERNATIF BERLIBUR 
LOG (lattice-best-path[5.5.1124~1-21ae4]:main():lattice-best-path.cc:99) For utterance Female-3-Female-3_11, best cost 37.9596 + 1786.43 = 1824.39 over 305 frames.
Female-3-Female-3_11 STAYCATION ENAKNYA KEMANA YA 
LOG (lattice-best-path[5.5.1124~1-21ae4]:main():lattice-best-path.cc:99) For utterance Female-3-Female-3_14, best cost 62.0281 + 2344.52 = 2406.55 over 410 frames.
Female-3-Female-3_14 TERSERAH MAU KEMANA PENTING MAKANANNYA ENAK ENAK 
LOG (lattice-best-path[5.5.1124~1-21ae4]:main():lattice-best-path.cc:99) For utterance Female-3-Female-3_16, best cost 51.8225 + 2324.41 = 2376.23 over 398 frames.
Female-3-Female-3_16 LIBURAN KE PALEMBANG WAJIB MAKAN PEMPEK 
LOG (lattice-best-path[5.5.1124~1-21ae4]:main():lattice-best-path.cc:99) For utterance Female-3-Female-3_2, best cost 60.492 + 2356.75 = 2417.24 over 405 frames.
Female-3-Female-3_2 BESOK LONG WEEKEND NIH ENAKNYA LIBURAN KEMANA YA 
LOG (lattice-best-path[5.5.1124~1-21ae4]:main():lattice-best-path.cc:99) For utterance Female-3-Female-3_20, best cost 99.5781 + 3555.37 = 3654.95 over 620 frames.
Female-3-Female-3_20 KAYAKNYA TIDUR MAIN DI DAN MAKAN MAKAN SELAMA LIBURAN ENAK KALI YA 
LOG (lattice-best-path[5.5.1124~1-21ae4]:main():lattice-best-path.cc:99) For utterance Female-3-Female-3_22, best cost 91.8862 + 3336.67 = 3428.56 over 550 frames.
Female-3-Female-3_22 LIBURAN BULAN DEPAN JANGAN LUPA BAWA OBAT YA JUST IN CASE SAKIT DI LOKASI 
LOG (lattice-best-path[5.5.1124~1-21ae4]:main():lattice-best-path.cc:99) For utterance Female-3-Female-3_39, best cost 62.6854 + 2632.96 = 2695.65 over 425 frames.
Female-3-Female-3_39 INDONESIA TERKENAL AKAN PESONA LAUT DAN PANTAINYA 
LOG (lattice-best-path[5.5.1124~1-21ae4]:main():lattice-best-path.cc:99) For utterance Female-3-Female-3_42, best cost 53.7212 + 2957.92 = 3011.64 over 510 frames.
Female-3-Female-3_42 SAMBIL KULINERAN TERUS ENJOY BARENG KELUARGA 
LOG (lattice-best-path[5.5.1124~1-21ae4]:main():lattice-best-path.cc:99) For utterance Female-3-Female-3_48, best cost 88.6698 + 4081.01 = 4169.68 over 705 frames.
Female-3-Female-3_48 PAS SAMPE TEMPAT TUJUAN COBA HIRUP UDARANYA YANG SEGER DIJAMIN BETAH 
LOG (lattice-best-path[5.5.1124~1-21ae4]:main():lattice-best-path.cc:99) For utterance Female-3-Female-3_9, best cost 95.525 + 3667.06 = 3762.59 over 605 frames.
Female-3-Female-3_9 BUAT KALIAN YANG LAGI MERENCANAKAN LIBURAN PASTIKAN SUDAH PUNYA PLAN YANG BAGUS 
LOG (lattice-best-path[5.5.1124~1-21ae4]:main():lattice-best-path.cc:99) For utterance Female-4-Female-4_11, best cost 120.819 + 4665.5 = 4786.32 over 812 frames.
Female-4-Female-4_11 SOMETIMES KITA TUH INGIN LIBURAN KE TEMPAT YANG SEPI GITU NGGA SIH SEJENAK MENJAUH DARI KERAMAIAN KOTA 
LOG (lattice-best-path[5.5.1124~1-21ae4]:main():lattice-best-path.cc:99) For utterance Female-4-Female-4_14, best cost 120.03 + 4727.93 = 4847.96 over 804 frames.
Female-4-Female-4_14 KALAU LIBURAN NAIK KERETA DARI BANDUNG KE JOGJA JANGAN LUPA REGISTRASI UNTUK FACE RECOGNITION DULU BEBERAPA JAM SEBELUMNYA 
LOG (lattice-best-path[5.5.1124~1-21ae4]:main():lattice-best-path.cc:99) For utterance Female-4-Female-4_2, best cost 49.1699 + 1960.76 = 2009.93 over 324 frames.
Female-4-Female-4_2 DESTINATION STREET FOOD GITU ENAK KALI YA 
LOG (lattice-best-path[5.5.1124~1-21ae4]:main():lattice-best-path.cc:99) For utterance Female-4-Female-4_22, best cost 92.1758 + 4330.23 = 4422.4 over 744 frames.
Female-4-Female-4_22 LITERALLY TRACKING KE PEGUNUNGAN MEMBERIKAN KESEMPATAN UNTUK MERASAKAN KESEGARAN UDARA ALAMI 
LOG (lattice-best-path[5.5.1124~1-21ae4]:main():lattice-best-path.cc:99) For utterance Female-4-Female-4_25, best cost 92.3447 + 4141.7 = 4234.04 over 718 frames.
Female-4-Female-4_25 LIBURAN DENGAN MEREKA SELALU SANGAT MENYENANGKAN MEREKA SEPERTI SECOND FAMILY BAGI SAYA 
LOG (lattice-best-path[5.5.1124~1-21ae4]:main():lattice-best-path.cc:99) For utterance Female-4-Female-4_28, best cost 66.6537 + 2572.83 = 2639.48 over 435 frames.
Female-4-Female-4_28 SEMAKIN BANYAK TURIS ASING YANG BERKUNJUNG KE LOMBOK 
LOG (lattice-best-path[5.5.1124~1-21ae4]:main():lattice-best-path.cc:99) For utterance Female-4-Female-4_30, best cost 57.7087 + 2914.67 = 2972.38 over 504 frames.
Female-4-Female-4_30 SEBAGIAN BESAR MAHASISWA SUDAH MENGUNJUNGI AIR TERJUN CILEMBER 
LOG (lattice-best-path[5.5.1124~1-21ae4]:main():lattice-best-path.cc:99) For utterance Female-4-Female-4_40, best cost 67.3601 + 3056.67 = 3124.03 over 521 frames.
Female-4-Female-4_40 ABIS LIBURAN TIBALAH KERJAAN DAN TUGAS SUDAH MENANTI 
LOG (lattice-best-path[5.5.1124~1-21ae4]:main():lattice-best-path.cc:99) For utterance Female-4-Female-4_44, best cost 67.5386 + 2823.17 = 2890.71 over 487 frames.
Female-4-Female-4_44 KALAU SEMPAT BAWAKAN OLEH OLEH UNTUK ORANG KESAYANGAN 
LOG (lattice-best-path[5.5.1124~1-21ae4]:main():lattice-best-path.cc:99) For utterance Female-4-Female-4_8, best cost 74.9978 + 3294.88 = 3369.87 over 572 frames.
Female-4-Female-4_8 LIBUR TELAH TIBA LIBUR TELAH TIBA HORE HARI DI 
LOG (lattice-best-path[5.5.1124~1-21ae4]:main():lattice-best-path.cc:99) For utterance Female-5-Female-5_14, best cost 65.7216 + 3336.83 = 3402.55 over 580 frames.
Female-5-Female-5_14 ACTUALLY LIBURAN SAYA TAHUN INI SANGAT MENGESANKAN 
LOG (lattice-best-path[5.5.1124~1-21ae4]:main():lattice-best-path.cc:99) For utterance Female-5-Female-5_15, best cost 98.1482 + 4946.62 = 5044.77 over 855 frames.
Female-5-Female-5_15 LIBURAN DENGAN MEREKA SELALU SANGAT MENYENANGKAN MEREKA SEPERTI SECOND FAMILY BAGI SAYA 
LOG (lattice-best-path[5.5.1124~1-21ae4]:main():lattice-best-path.cc:99) For utterance Female-5-Female-5_2, best cost 111.486 + 4740.72 = 4852.2 over 803 frames.
Female-5-Female-5_2 LIBURAN BULAN DEPAN JANGAN LUPA BAWA OBAT YA JUST IN CASE SAKIT DI LOKASI E 
LOG (lattice-best-path[5.5.1124~1-21ae4]:main():lattice-best-path.cc:99) For utterance Female-5-Female-5_20, best cost 63.4737 + 3910.53 = 3974.01 over 660 frames.
Female-5-Female-5_20 SEBAGIAN BESAR MAHASISWA SUDAH MENGUNJUNGI AIR TERJUN CILEMBER 
LOG (lattice-best-path[5.5.1124~1-21ae4]:main():lattice-best-path.cc:99) For utterance Female-5-Female-5_24, best cost 107.372 + 4998.07 = 5105.45 over 830 frames.
Female-5-Female-5_24 TEMPAT PALING ENAK BUAT LIBURAN TUH YANG UDARANYA SEJUK ADEM AYEM BIAR NGGA KERINGETAN 
LOG (lattice-best-path[5.5.1124~1-21ae4]:main():lattice-best-path.cc:99) For utterance Female-5-Female-5_30, best cost 68.3989 + 3179.53 = 3247.93 over 538 frames.
Female-5-Female-5_30 ABIS LIBURAN TIBALAH KERJAAN DAN TUGAS SUDAH MENANTI 
LOG (lattice-best-path[5.5.1124~1-21ae4]:main():lattice-best-path.cc:99) For utterance Female-5-Female-5_36, best cost 82.1172 + 3359.82 = 3441.94 over 580 frames.
Female-5-Female-5_36 KATA KALI AKU SUDAH LAMA TIDAK LIBURAN BARENG KELUARGA 
LOG (lattice-best-path[5.5.1124~1-21ae4]:main():lattice-best-path.cc:99) For utterance Female-5-Female-5_44, best cost 66.1864 + 3580.02 = 3646.21 over 608 frames.
Female-5-Female-5_44 SEKARANG TRAVELING JADI MAKIN MUDAH DENGAN RESERVASI ONLINE 
LOG (lattice-best-path[5.5.1124~1-21ae4]:main():lattice-best-path.cc:99) For utterance Female-5-Female-5_6, best cost 96.4708 + 5274.36 = 5370.83 over 918 frames.
Female-5-Female-5_6 KALAU KE PUNCAK JANGAN BUANG SAMPAH SEMBARANGAN SAMPAHNYA DIBAWA LAGI TURUN KE BAWAH 
LOG (lattice-best-path[5.5.1124~1-21ae4]:main():lattice-best-path.cc:99) For utterance Female-5-Female-5_9, best cost 93.9531 + 3921.99 = 4015.94 over 700 frames.
Female-5-Female-5_9 KALAU TIDAK BISA LIBURAN KE LEMBANG AKU LEBIH PILIH DI RUMAH AJA 
LOG (lattice-best-path[5.5.1124~1-21ae4]:main():lattice-best-path.cc:99) For utterance Female-6-Female-6_10, best cost 66.2725 + 4013.4 = 4079.68 over 683 frames.
Female-6-Female-6_10 SEBAGIAN BESAR MAHASISWA SUDAH MENGUNJUNGI AIR TERJUN CILEMBER 
LOG (lattice-best-path[5.5.1124~1-21ae4]:main():lattice-best-path.cc:99) For utterance Female-6-Female-6_11, best cost 65.6172 + 2904.59 = 2970.21 over 510 frames.
Female-6-Female-6_11 KALO CAPE KERJA ENAKNYA LIBURAN SIH INI MAH 
LOG (lattice-best-path[5.5.1124~1-21ae4]:main():lattice-best-path.cc:99) For utterance Female-6-Female-6_33, best cost 79.9187 + 3809.72 = 3889.64 over 680 frames.
Female-6-Female-6_33 SEMOGA SUATU HARI KAMI BISA STAYCATION DI VILLA PEGUNUNGAN 
LOG (lattice-best-path[5.5.1124~1-21ae4]:main():lattice-best-path.cc:99) For utterance Female-6-Female-6_34, best cost 70.1823 + 3662.85 = 3733.03 over 630 frames.
Female-6-Female-6_34 SEKARANG TRAVELING JADI MAKIN MUDAH DENGAN RESERVASI ONLINE 
LOG (lattice-best-path[5.5.1124~1-21ae4]:main():lattice-best-path.cc:99) For utterance Female-6-Female-6_38, best cost 54.0305 + 3289.45 = 3343.48 over 580 frames.
Female-6-Female-6_38 PULAU BINTAN COCOK DIKUNJUNGI BERSAMA KELUARGA 
LOG (lattice-best-path[5.5.1124~1-21ae4]:main():lattice-best-path.cc:99) For utterance Female-6-Female-6_41, best cost 87.8218 + 3608.5 = 3696.32 over 640 frames.
Female-6-Female-6_41 TEMPAT LIBURAN YANG PALING TERKENAL DI BANDUNG ADA DI MANA YA 
LOG (lattice-best-path[5.5.1124~1-21ae4]:main():lattice-best-path.cc:99) For utterance Female-6-Female-6_42, best cost 130.339 + 5146.87 = 5277.21 over 890 frames.
Female-6-Female-6_42 DI LEMBANG BANYAK TEMPAT WISATA YANG BISA DI KUNJUNGI UNTUK LIBURAN BERSAMA TEMAN DAN KELUARGA 
LOG (lattice-best-path[5.5.1124~1-21ae4]:main():lattice-best-path.cc:99) For utterance Female-6-Female-6_43, best cost 86.1099 + 3890.04 = 3976.15 over 660 frames.
Female-6-Female-6_43 WEEKEND INI AKU DAN TEMANKU AKAN PERGI GLAMPING KE RANCA UPAS 
LOG (lattice-best-path[5.5.1124~1-21ae4]:main():lattice-best-path.cc:99) For utterance Female-6-Female-6_49, best cost 111.61 + 5091.63 = 5203.24 over 865 frames.
Female-6-Female-6_49 KITA PERLU PREPARE DENGAN MATANG UNTUK LIBURAN AKHIR TAHUN INI WHICH IS PASTI SANGAT SERU 
LOG (lattice-best-path[5.5.1124~1-21ae4]:main():lattice-best-path.cc:99) For utterance Female-6-Female-6_9, best cost 65.0858 + 3170.87 = 3235.96 over 565 frames.
Female-6-Female-6_9 INDONESIA TERKENAL AKAN PESONA LAUT DAN PANTAINYA 
LOG (lattice-best-path[5.5.1124~1-21ae4]:main():lattice-best-path.cc:99) For utterance Female-7-human_rights_un_ind_rd_0004, best cost 171.329 + 6856 = 7027.33 over 1192 frames.
Female-7-human_rights_un_ind_rd_0004 MENIMBANG BAHWA HAK HAK ASASI MANUSIA PERLU DILINDUNGI OLEH PERATURAN HUKUM SUPAYA ORANG TIDAK AKAN TERPAKSA MEMILIH PEMBERONTAKAN SEBAGAI USAHA TERAKHIR GUNA MENENTANG KELALIMAN DAN PENINDASAN 
LOG (lattice-best-path[5.5.1124~1-21ae4]:main():lattice-best-path.cc:99) For utterance Female-7-human_rights_un_ind_rd_0005, best cost 66.7968 + 2547.62 = 2614.42 over 448 frames.
Female-7-human_rights_un_ind_rd_0005 MENIMBANG BAHWA PEMBANGUNAN HUBUNGAN PERSAHABATAN ANTARA NEGARA NEGARA PERLU DIGALAKKAN 
LOG (lattice-best-path[5.5.1124~1-21ae4]:main():lattice-best-path.cc:99) For utterance Female-7-human_rights_un_ind_rd_0008, best cost 127.648 + 3498.24 = 3625.89 over 608 frames.
Female-7-human_rights_un_ind_rd_0008 DAN TELAH BERTEKAD UNTUK MENGGALAKKAN KEMAJUAN SOSIAL DAN TARAF HIDUP YANG LEBIH BAIK DI DALAM KEMERDEKAAN YANG LEBIH LUAS 
LOG (lattice-best-path[5.5.1124~1-21ae4]:main():lattice-best-path.cc:99) For utterance Female-7-human_rights_un_ind_rd_0010, best cost 43.4826 + 1502.87 = 1546.35 over 266 frames.
Female-7-human_rights_un_ind_rd_0010 DENGAN BEKERJASAMA DENGAN PERSERIKATAN BANGSA BANGSA 
LOG (lattice-best-path[5.5.1124~1-21ae4]:main():lattice-best-path.cc:99) For utterance Female-7-human_rights_un_ind_rd_0019, best cost 102.093 + 3233.29 = 3335.39 over 568 frames.
Female-7-human_rights_un_ind_rd_0019 MEREKA DIKARUNIAI AKAL DAN HATI NURANI DAN HENDAKNYA BERGAUL SATU SAMA LAIN DALAM SEMANGAT PERSAUDARAAN 
LOG (lattice-best-path[5.5.1124~1-21ae4]:main():lattice-best-path.cc:99) For utterance Female-7-human_rights_un_ind_rd_0021, best cost 94.6594 + 3802.86 = 3897.52 over 680 frames.
Female-7-human_rights_un_ind_rd_0021 SEPERTI RAS WARNA KULIT JENIS KELAMIN BAHASA AGAMA POLITIK ATAU PENDAPAT YANG BERLAINAN 
LOG (lattice-best-path[5.5.1124~1-21ae4]:main():lattice-best-path.cc:99) For utterance Female-7-human_rights_un_ind_rd_0026, best cost 35.6519 + 1125.42 = 1161.07 over 196 frames.
Female-7-human_rights_un_ind_rd_0026 YANG BERBENTUK WILAYAH WILAYAH PERWALIAN 
LOG (lattice-best-path[5.5.1124~1-21ae4]:main():lattice-best-path.cc:99) For utterance Female-7-human_rights_un_ind_rd_0027, best cost 68.0557 + 1935.81 = 2003.86 over 342 frames.
Female-7-human_rights_un_ind_rd_0027 JAJAHAN ATAU YANG BERADA DI BAWAH BATASAN KEDAULATAN YANG LAIN 
LOG (lattice-best-path[5.5.1124~1-21ae4]:main():lattice-best-path.cc:99) For utterance Female-7-human_rights_un_ind_rd_0042, best cost 108.515 + 4273.96 = 4382.47 over 776 frames.
Female-7-human_rights_un_ind_rd_0042 PASAL SEBELAS SATU SETIAP ORANG YANG DITUNTUT KARENA DISANGKA MELAKUKAN SUATU PELANGGARAN HUKUM DIANGGAP TIDAK BERSALAH 
LOG (lattice-best-path[5.5.1124~1-21ae4]:main():lattice-best-path.cc:99) For utterance Female-7-human_rights_un_ind_rd_0053, best cost 41.6234 + 1368.47 = 1410.09 over 250 frames.
Female-7-human_rights_un_ind_rd_0053 SETIAP ORANG BERHAK MENINGGALKAN SUATU NEGERI 
LOG (lattice-best-path[5.5.1124~1-21ae4]:main():lattice-best-path.cc:99) For utterance Female-7-human_rights_un_ind_rd_0055, best cost 131.523 + 4938.76 = 5070.29 over 940 frames.
Female-7-human_rights_un_ind_rd_0055 PASAL EMPAT BELAS SATU SETIAP ORANG BERHAK MENCARI DAN MENIKMATI SUAKA DI NEGARA LAIN UNTUK MELINDUNGI DIRI DARI PENGEJARAN 
LOG (lattice-best-path[5.5.1124~1-21ae4]:main():lattice-best-path.cc:99) For utterance Female-7-human_rights_un_ind_rd_0064, best cost 73.651 + 2217.78 = 2291.44 over 418 frames.
Female-7-human_rights_un_ind_rd_0064 DI DALAM MASA PERKAWINAN DAN PADA SAAT PERCERAIAN DUA 
LOG (lattice-best-path[5.5.1124~1-21ae4]:main():lattice-best-path.cc:99) For utterance Female-7-human_rights_un_ind_rd_0067, best cost 75.3471 + 2519.68 = 2595.02 over 460 frames.
Female-7-human_rights_un_ind_rd_0067 PASAL TUJUH BELAS IS SATU SETIAP ORANG BERHAK MEMILIKI HARTA 
LOG (lattice-best-path[5.5.1124~1-21ae4]:main():lattice-best-path.cc:99) For utterance Female-7-human_rights_un_ind_rd_0069, best cost 60.3453 + 2240.46 = 2300.8 over 408 frames.
Female-7-human_rights_un_ind_rd_0069 TAK SEORANG PUN BOLEH DIRAMPAS HARTANYA DENGAN SEMENA MENA 
LOG (lattice-best-path[5.5.1124~1-21ae4]:main():lattice-best-path.cc:99) For utterance Female-7-human_rights_un_ind_rd_0072, best cost 78.683 + 2684 = 2762.68 over 488 frames.
Female-7-human_rights_un_ind_rd_0072 DAN KEBEBASAN UNTUK MENYATAKAN AGAMA ATAU KEPERCAYAAN DENGAN CARA MENGAJARKANNYA 
LOG (lattice-best-path[5.5.1124~1-21ae4]:main():lattice-best-path.cc:99) For utterance Female-7-human_rights_un_ind_rd_0076, best cost 67.2129 + 2003.24 = 2070.45 over 366 frames.
Female-7-human_rights_un_ind_rd_0076 DALAM HAK INI TERMASUK KEBEBASAN MEMILIKI PENDAPAT TANPA GANGGUAN 
LOG (lattice-best-path[5.5.1124~1-21ae4]:main():lattice-best-path.cc:99) For utterance Female-7-human_rights_un_ind_rd_0077, best cost 25.6923 + 579.286 = 604.978 over 102 frames.
Female-7-human_rights_un_ind_rd_0077 DAN UNTUK MENCARI 
LOG (lattice-best-path[5.5.1124~1-21ae4]:main():lattice-best-path.cc:99) For utterance Female-7-human_rights_un_ind_rd_0087, best cost 37.9149 + 1368.56 = 1406.47 over 252 frames.
Female-7-human_rights_un_ind_rd_0087 PASAL DUA PULUH DUA SETIAP ORANG 
LOG (lattice-best-path[5.5.1124~1-21ae4]:main():lattice-best-path.cc:99) For utterance Female-7-human_rights_un_ind_rd_0096, best cost 42.3733 + 1252.26 = 1294.63 over 234 frames.
Female-7-human_rights_un_ind_rd_0096 DAN BERHAK ATAS PERLINDUNGAN DARI PENGANGGURAN 
LOG (lattice-best-path[5.5.1124~1-21ae4]:main():lattice-best-path.cc:99) For utterance Female-7-human_rights_un_ind_rd_0098, best cost 118.19 + 3935.06 = 4053.25 over 718 frames.
Female-7-human_rights_un_ind_rd_0098 SETIAP ORANG YANG MELAKUKAN PEKERJAAN BERHAK ATAS PENGUPAHAN YANG ADIL DAN BAIK YANG MENJAMIN KEHIDUPANNYA DAN KELUARGANYA 
LOG (lattice-best-path[5.5.1124~1-21ae4]:main():lattice-best-path.cc:99) For utterance Female-7-human_rights_un_ind_rd_0099, best cost 56.2848 + 1616.05 = 1672.34 over 288 frames.
Female-7-human_rights_un_ind_rd_0099 SUATU KEHIDUPAN YANG PANTAS UNTUK MANUSIA BERMARTABAT 
LOG (lattice-best-path[5.5.1124~1-21ae4]:main():lattice-best-path.cc:99) For utterance Female-7-human_rights_un_ind_rd_0101, best cost 86.1609 + 3527.73 = 3613.89 over 650 frames.
Female-7-human_rights_un_ind_rd_0101 SETIAP ORANG BERHAK MENDIRIKAN DAN MEMASUKI SERIKAT SERIKAT PEKERJA UNTUK MELINDUNGI KEPENTINGANNYA 
LOG (lattice-best-path[5.5.1124~1-21ae4]:main():lattice-best-path.cc:99) For utterance Female-7-human_rights_un_ind_rd_0117, best cost 36.6047 + 1310.1 = 1346.71 over 222 frames.
Female-7-human_rights_un_ind_rd_0117 PENDIDIKAN HARUS MENGGALAKKAN SALING PENGERTIAN 
LOG (lattice-best-path[5.5.1124~1-21ae4]:main():lattice-best-path.cc:99) For utterance Female-7-human_rights_un_ind_rd_0121, best cost 109.636 + 3301.14 = 3410.77 over 580 frames.
Female-7-human_rights_un_ind_rd_0121 ORANG TUA MEMPUNYAI HAK UTAMA UNTUK MEMILIH JENIS PENDIDIKAN YANG AKAN DIBERIKAN KEPADA ANAK ANAK MEREKA 
LOG (lattice-best-path[5.5.1124~1-21ae4]:main():lattice-best-path.cc:99) For utterance Female-7-human_rights_un_ind_rd_0124, best cost 140.267 + 5200.46 = 5340.72 over 930 frames.
Female-7-human_rights_un_ind_rd_0124 SETIAP ORANG BERHAK UNTUK MEMPEROLEH PERLINDUNGAN ATAS KEPENTINGAN KEPENTINGAN MORIL DAN MATERIAL YANG DIPEROLEH SEBAGAI HASIL DARI SESUATU PRODUKSI ILMIAH 
LOG (lattice-best-path[5.5.1124~1-21ae4]:main():lattice-best-path.cc:99) For utterance Female-7-human_rights_un_ind_rd_0129, best cost 217.837 + 7595.64 = 7813.48 over 1344 frames.
Female-7-human_rights_un_ind_rd_0129 SETIAP ORANG HARUS TUNDUK HANYA PADA PEMBATASAN PEMBATASAN YANG DITETAPKAN OLEH UNDANG UNDANG DENGAN MAKSUD SEMATA MATA UNTUK MENJAMIN PENGAKUAN SERTA PENGHORMATAN YANG LAYAK TERHADAP HAK HAK DAN KEBEBASAN KEBEBASAN ORANG LAIN 
LOG (lattice-best-path[5.5.1124~1-21ae4]:main():lattice-best-path.cc:99) For utterance Female-7-human_rights_un_ind_rd_0132, best cost 158.693 + 5671.05 = 5829.74 over 980 frames.
Female-7-human_rights_un_ind_rd_0132 HAK HAK DAN KEBEBASAN KEBEBASAN INI DENGAN JALAN BAGAIMANA PUN SEKALI SEKALI TIDAK BOLEH DILAKSANAKAN BERTENTANGAN DENGAN TUJUAN DAN DASAR PERSERIKATAN BANGSA BANGSA 
LOG (lattice-best-path[5.5.1124~1-21ae4]:main():lattice-best-path.cc:99) For utterance Male-1-Male-1_17, best cost 222.8 + 9586.96 = 9809.76 over 1652 frames.
Male-1-Male-1_17 JADI KATANYA SEKARANG TUH LONGEST TRAIN TRACK IN TO PULANG ADALAH TRANS SIBERIAN RAILWAY DENGAN PANJANG SEPI KUMPUL RATUS LIMA PULUH SEMBILAN KM 
LOG (lattice-best-path[5.5.1124~1-21ae4]:main():lattice-best-path.cc:99) For utterance Male-1-Male-1_18, best cost 80.6543 + 3842.95 = 3923.6 over 701 frames.
Male-1-Male-1_18 PENGEN DEH RASANYA COBAIN RESTORAN ASLI DARI PERANCIS 
LOG (lattice-best-path[5.5.1124~1-21ae4]:main():lattice-best-path.cc:99) For utterance Male-1-Male-1_28, best cost 93.9247 + 4231.56 = 4325.48 over 752 frames.
Male-1-Male-1_28 SAYA LEBIH SUKA BAWA KOPER SIH DARIPADA BACKPACK SOALNYA LEBIH RAPI 
LOG (lattice-best-path[5.5.1124~1-21ae4]:main():lattice-best-path.cc:99) For utterance Male-1-Male-1_30, best cost 121.26 + 5471.54 = 5592.8 over 992 frames.
Male-1-Male-1_30 ASIK BANGET NAIK GUNUNG BROMO KARENA UDARA SEGAR DAN BISA LIAT PEMANDANGAN YANG REFRESHING 
LOG (lattice-best-path[5.5.1124~1-21ae4]:main():lattice-best-path.cc:99) For utterance Male-1-Male-1_32, best cost 82.0182 + 3978.58 = 4060.6 over 727 frames.
Male-1-Male-1_32 SAYA SUKA MINUM KOPI SAMBIL BERSANTAI DENGAN TEMAN DI GUNUNG 
LOG (lattice-best-path[5.5.1124~1-21ae4]:main():lattice-best-path.cc:99) For utterance Male-1-Male-1_35, best cost 132.879 + 4806.92 = 4939.8 over 855 frames.
Male-1-Male-1_35 DI DI BULAN KAMI SIBUK MENJADI OPSI YANG MENARIK KARENA BISA BERMAIN SAMBIL BELAJAR 
LOG (lattice-best-path[5.5.1124~1-21ae4]:main():lattice-best-path.cc:99) For utterance Male-1-Male-1_36, best cost 72.4456 + 3738.6 = 3811.05 over 658 frames.
Male-1-Male-1_36 SALAH SATU TUJUAN HIKING SAYA ADALAH GUNUNG RINJANI 
LOG (lattice-best-path[5.5.1124~1-21ae4]:main():lattice-best-path.cc:99) For utterance Male-1-Male-1_48, best cost 99.0434 + 4668.16 = 4767.21 over 795 frames.
Male-1-Male-1_48 RENCANANYA KITA MAU JOIN COOKING CLASS KE UNTUK BELAJAR MEMASAK MASAKAN INDONESIA 
LOG (lattice-best-path[5.5.1124~1-21ae4]:main():lattice-best-path.cc:99) For utterance Male-1-Male-1_49, best cost 102.978 + 5916.73 = 6019.71 over 992 frames.
Male-1-Male-1_49 LETS EXPLORE CULTURAL LANDMARKS DI YOGYAKARTA DI SANA BANYAK BELAJAR SEJARAH LOH 
LOG (lattice-best-path[5.5.1124~1-21ae4]:main():lattice-best-path.cc:99) For utterance Male-1-Male-1_6, best cost 73.5073 + 3301.91 = 3375.42 over 607 frames.
Male-1-Male-1_6 HOLIDAY PALING ENAK KALAU BISA JALAN JALAN BARENG KELUARGA 
LOG (lattice-best-path[5.5.1124~1-21ae4]:main():lattice-best-path.cc:99) For utterance Male-10-Male-10_11, best cost 72.1567 + 2621.47 = 2693.62 over 494 frames.
Male-10-Male-10_11 AKHIR SEMESTER NANTI AKU MAU LIBURAN KE BALI MAU IKUT 
LOG (lattice-best-path[5.5.1124~1-21ae4]:main():lattice-best-path.cc:99) For utterance Male-10-Male-10_12, best cost 67.0841 + 2347.98 = 2415.06 over 430 frames.
Male-10-Male-10_12 VILLA DI UBUD ITU SUPER COZY COCOK BUAT LIBURAN 
LOG (lattice-best-path[5.5.1124~1-21ae4]:main():lattice-best-path.cc:99) For utterance Male-10-Male-10_13, best cost 80.9813 + 2975.69 = 3056.67 over 558 frames.
Male-10-Male-10_13 AKU PERNAH NYELAM DI GILI TRAWANGAN TERUMBU KARANGNYA ITU BAGUS BANGET SIH 
LOG (lattice-best-path[5.5.1124~1-21ae4]:main():lattice-best-path.cc:99) For utterance Male-10-Male-10_18, best cost 67.0266 + 2488.23 = 2555.25 over 462 frames.
Male-10-Male-10_18 KALAU KE MEDAN JANGAN LUPA COBAIN DURIAN ENAK BANGET 
LOG (lattice-best-path[5.5.1124~1-21ae4]:main():lattice-best-path.cc:99) For utterance Male-10-Male-10_21, best cost 60.4375 + 2138.52 = 2198.96 over 398 frames.
Male-10-Male-10_21 UDARA PALING SEGAR ADALAH UDARA DI GUNUNG 
LOG (lattice-best-path[5.5.1124~1-21ae4]:main():lattice-best-path.cc:99) For utterance Male-10-Male-10_33, best cost 95.5827 + 3447.82 = 3543.41 over 622 frames.
Male-10-Male-10_33 NGOMONG NGOMONG WAKTU LIBUR HAMPIR TIBA KITA HARUS MERENCANAKAN KEMANA KITA PERGI NANTI 
LOG (lattice-best-path[5.5.1124~1-21ae4]:main():lattice-best-path.cc:99) For utterance Male-10-Male-10_34, best cost 98.011 + 3369.86 = 3467.87 over 638 frames.
Male-10-Male-10_34 KATANYA TRANS STUDIO BANDUNG LAGI NGADAIN DISKON NIH AYO KE SANA MUMPUNG LAGI LIBUR 
LOG (lattice-best-path[5.5.1124~1-21ae4]:main():lattice-best-path.cc:99) For utterance Male-10-Male-10_45, best cost 70.2001 + 2298.13 = 2368.33 over 446 frames.
Male-10-Male-10_45 BUTUH UANG BERAPA YA KALAU MAU JALAN JALAN KE MACAU 
LOG (lattice-best-path[5.5.1124~1-21ae4]:main():lattice-best-path.cc:99) For utterance Male-10-Male-10_50, best cost 55.1116 + 1893.35 = 1948.46 over 366 frames.
Male-10-Male-10_50 HATI HATI DI JALAN YA SAFE FLIGHT 
LOG (lattice-best-path[5.5.1124~1-21ae4]:main():lattice-best-path.cc:99) For utterance Male-10-Male-10_8, best cost 98.24 + 3498.52 = 3596.76 over 654 frames.
Male-10-Male-10_8 SETELAH BERMAIN SEPANJANG HARI KITA BISA KUMPUL KUMPUL BUAT BARBEQUE MALAM DI TEPI PANTAI 
LOG (lattice-best-path[5.5.1124~1-21ae4]:main():lattice-best-path.cc:99) For utterance Male-11-Male-11_14, best cost 81.0498 + 3419.23 = 3500.28 over 608 frames.
Male-11-Male-11_14 LIBURAN HARI INI SUDAH SELESAI BESOK LIBURAN DENGAN UJIAN LAGI 
LOG (lattice-best-path[5.5.1124~1-21ae4]:main():lattice-best-path.cc:99) For utterance Male-11-Male-11_19, best cost 41.5565 + 2617.34 = 2658.9 over 478 frames.
Male-11-Male-11_19 CAMPING SEBELUM SIDANG SEPERTINYA MENYENANGKAN 
LOG (lattice-best-path[5.5.1124~1-21ae4]:main():lattice-best-path.cc:99) For utterance Male-11-Male-11_20, best cost 73.0256 + 3435.42 = 3508.45 over 608 frames.
Male-11-Male-11_20 KE PUNCAK LEBIH CEPAT LEWAT TRACK SATU DARIPADA TRACK DUA 
LOG (lattice-best-path[5.5.1124~1-21ae4]:main():lattice-best-path.cc:99) For utterance Male-11-Male-11_23, best cost 98.7647 + 4358.49 = 4457.26 over 773 frames.
Male-11-Male-11_23 NGOMONG NGOMONG WAKTU LIBUR HAMPIR TIBA KITA HARUS MERENCANAKAN KEMANA KITA PERGI NANTI 
LOG (lattice-best-path[5.5.1124~1-21ae4]:main():lattice-best-path.cc:99) For utterance Male-11-Male-11_26, best cost 49.2786 + 2203.97 = 2253.25 over 418 frames.
Male-11-Male-11_26 KAYAKNYA KITA BAKAL LIBURAN MINGGU INI 
LOG (lattice-best-path[5.5.1124~1-21ae4]:main():lattice-best-path.cc:99) For utterance Male-11-Male-11_29, best cost 79.7318 + 3264.79 = 3344.52 over 603 frames.
Male-11-Male-11_29 AKU TAKUT BANGET NAIK BANANA BOAT MENDING MAIN YANG LAIN AJA YA 
LOG (lattice-best-path[5.5.1124~1-21ae4]:main():lattice-best-path.cc:99) For utterance Male-11-Male-11_36, best cost 74.2109 + 3290.97 = 3365.18 over 598 frames.
Male-11-Male-11_36 KAK AKU MAU JASTIP DONG MUMPUNG KAKAK LAGI ABROAD KE LONDON 
LOG (lattice-best-path[5.5.1124~1-21ae4]:main():lattice-best-path.cc:99) For utterance Male-11-Male-11_4, best cost 81.2314 + 3602.16 = 3683.39 over 645 frames.
Male-11-Male-11_4 KALAU KE BANDUNG KAMU HARUS COBA JAJANAN PINGGIR JALAN DI BRAGA 
LOG (lattice-best-path[5.5.1124~1-21ae4]:main():lattice-best-path.cc:99) For utterance Male-11-Male-11_44, best cost 98.4179 + 4420.34 = 4518.76 over 775 frames.
Male-11-Male-11_44 KALAU LIBURAN KE SURABAYA JANGAN LUPA COBA RAWON SETAN MAKANAN TERKENAL DI KOTA INI 
LOG (lattice-best-path[5.5.1124~1-21ae4]:main():lattice-best-path.cc:99) For utterance Male-11-Male-11_7, best cost 95.2186 + 4230.96 = 4326.18 over 738 frames.
Male-11-Male-11_7 AKU KEMARIN BARU BALIK DARI YOGYAKARTA THE TEMPLES AND THE CULTURE BLEW MY MIND BRO 
LOG (lattice-best-path[5.5.1124~1-21ae4]:main():lattice-best-path.cc:99) For utterance Male-12-Male-12_14, best cost 99.0072 + 2856.18 = 2955.19 over 495 frames.
Male-12-Male-12_14 KATANYA TRANS STUDIO BANDUNG LAGI NGADAIN DISKON NIH AYO KE SANA NGOMONG WAKTU LIBUR 
LOG (lattice-best-path[5.5.1124~1-21ae4]:main():lattice-best-path.cc:99) For utterance Male-12-Male-12_21, best cost 109.796 + 4354.63 = 4464.42 over 740 frames.
Male-12-Male-12_21 DAN BANDUNG BAGIKU BUKAN CUMA MASALAH GEOGRAFIS LEBIH DARI ITU MELIBATKAN PERASAAN YANG BERSAMAKU KETIKA SUNYI 
LOG (lattice-best-path[5.5.1124~1-21ae4]:main():lattice-best-path.cc:99) For utterance Male-12-Male-12_25, best cost 68.437 + 1993.04 = 2061.48 over 350 frames.
Male-12-Male-12_25 BUTUH UANG BERAPA YA KALAU MAU JALAN JALAN KE MACAU 
LOG (lattice-best-path[5.5.1124~1-21ae4]:main():lattice-best-path.cc:99) For utterance Male-12-Male-12_28, best cost 69.3285 + 2436.04 = 2505.37 over 410 frames.
Male-12-Male-12_28 PINGIN DI RASANYA COBAIN CROISSANT ASLI DARI PERANCIS 
LOG (lattice-best-path[5.5.1124~1-21ae4]:main():lattice-best-path.cc:99) For utterance Male-12-Male-12_29, best cost 65.8808 + 2307.64 = 2373.53 over 383 frames.
Male-12-Male-12_29 COBAIN DEH PAKE AIR BNB KADANG SUKA ADA DISCOUNT NYA 
LOG (lattice-best-path[5.5.1124~1-21ae4]:main():lattice-best-path.cc:99) For utterance Male-12-Male-12_30, best cost 62.0294 + 1664.18 = 1726.21 over 295 frames.
Male-12-Male-12_30 GAK DI JALAN YA SAFE FLIGHT 
LOG (lattice-best-path[5.5.1124~1-21ae4]:main():lattice-best-path.cc:99) For utterance Male-12-Male-12_32, best cost 78.1498 + 2444.37 = 2522.52 over 423 frames.
Male-12-Male-12_32 KAMI PUNYA RENCANA UNTUK BERLIBUR KE LUAR NEGERI TAHUN DEPAN 
LOG (lattice-best-path[5.5.1124~1-21ae4]:main():lattice-best-path.cc:99) For utterance Male-12-Male-12_40, best cost 106.204 + 3282.23 = 3388.43 over 560 frames.
Male-12-Male-12_40 ASIK BANGET NAIK GUNUNG BROMO KARENA UDARA SEGAR DAN BISA LIAT PEMANDANGAN YANG REFRESHING 
LOG (lattice-best-path[5.5.1124~1-21ae4]:main():lattice-best-path.cc:99) For utterance Male-12-Male-12_48, best cost 80.9366 + 2471.53 = 2552.47 over 430 frames.
Male-12-Male-12_48 TRIP YANG PALING MEMORABLE ADALAH WAKTU AKU KE DANAU TOBA 
LOG (lattice-best-path[5.5.1124~1-21ae4]:main():lattice-best-path.cc:99) For utterance Male-12-Male-12_50, best cost 56.5783 + 2366.85 = 2423.43 over 425 frames.
Male-12-Male-12_50 TRACKING DI GUNUNG SEMERU TERNYATA ADVENTUROUS BANGET 
LOG (lattice-best-path[5.5.1124~1-21ae4]:main():lattice-best-path.cc:99) For utterance Male-13-Male-13_11, best cost 120.506 + 6353.07 = 6473.58 over 1055 frames.
Male-13-Male-13_11 DAN BANDUNG BAGIKU BUKAN CUMA MASALAH GEOGRAFIS LEBIH JAUH DARI ITU MELIBATKAN PERASAAN YANG BERSAMAKU KETIKA SUNYI 
LOG (lattice-best-path[5.5.1124~1-21ae4]:main():lattice-best-path.cc:99) For utterance Male-13-Male-13_20, best cost 56.9695 + 2539.42 = 2596.39 over 443 frames.
Male-13-Male-13_20 HATI HATI DI JALAN YA SAFE FLIGHT 
LOG (lattice-best-path[5.5.1124~1-21ae4]:main():lattice-best-path.cc:99) For utterance Male-13-Male-13_22, best cost 72.1542 + 3054.35 = 3126.51 over 533 frames.
Male-13-Male-13_22 KAMI PUNYA RENCANA UNTUK BERLIBUR KE LUAR NEGERI TAHUN DEPAN 
LOG (lattice-best-path[5.5.1124~1-21ae4]:main():lattice-best-path.cc:99) For utterance Male-13-Male-13_27, best cost 80.5025 + 3361.4 = 3441.9 over 588 frames.
Male-13-Male-13_27 TAHUN KEMARIN KAMI MENCOBA GLAMPING SELAMA TIGA HARI DI TENGAH HUTAN 
LOG (lattice-best-path[5.5.1124~1-21ae4]:main():lattice-best-path.cc:99) For utterance Male-13-Male-13_37, best cost 75.6732 + 3308.77 = 3384.45 over 598 frames.
Male-13-Male-13_37 LIBURAN YANG RELAXING BUAT SAYA ADALAH KE UBUD BALI 
LOG (lattice-best-path[5.5.1124~1-21ae4]:main():lattice-best-path.cc:99) For utterance Male-13-Male-13_4, best cost 97.1193 + 4053.83 = 4150.95 over 695 frames.
Male-13-Male-13_4 KATANYA TRANS STUDIO BANDUNG LAGI NGADAIN DISKON NIH AYO KE SANA MUMPUNG LAGI LIBUR 
LOG (lattice-best-path[5.5.1124~1-21ae4]:main():lattice-best-path.cc:99) For utterance Male-13-Male-13_41, best cost 95.6322 + 4605.68 = 4701.31 over 773 frames.
Male-13-Male-13_41 REKOMENDASI VACATION SALAH SATUNYA KE WISATA LEMBANG PARK ZOO HEALING SEKALIGUS MENGENAL BINATANG 
LOG (lattice-best-path[5.5.1124~1-21ae4]:main():lattice-best-path.cc:99) For utterance Male-13-Male-13_46, best cost 107.54 + 5099.1 = 5206.64 over 860 frames.
Male-13-Male-13_46 LETS TRY MAKANAN TRADISIONAL DI PASAR LOKAL DAN EXPERIENCE CITA RASA KHAS MAKANAN INDONESIA 
LOG (lattice-best-path[5.5.1124~1-21ae4]:main():lattice-best-path.cc:99) For utterance Male-13-Male-13_47, best cost 97.3406 + 4155.14 = 4252.48 over 695 frames.
Male-13-Male-13_47 AYO KITA SNORKELING DI PULAU KOMODO LIHAT BANYAK BIOTA BIOTA LAUT YANG BERAGAM 
LOG (lattice-best-path[5.5.1124~1-21ae4]:main():lattice-best-path.cc:99) For utterance Male-13-Male-13_6, best cost 50.6975 + 2418.51 = 2469.21 over 433 frames.
Male-13-Male-13_6 KAYAKNYA KITA BAKAL LIBURAN MINGGU INI 
LOG (lattice-best-path[5.5.1124~1-21ae4]:main():lattice-best-path.cc:99) For utterance Male-2-Male-2_10, best cost 86.7596 + 3376.73 = 3463.49 over 580 frames.
Male-2-Male-2_10 LIBURAN TERUS BIKIN BOSEN TAPI TUGAS TERUS JUGA PUSING JADI HARUS SEIMBANG 
LOG (lattice-best-path[5.5.1124~1-21ae4]:main():lattice-best-path.cc:99) For utterance Male-2-Male-2_18, best cost 61.0838 + 2242.08 = 2303.17 over 403 frames.
Male-2-Male-2_18 HIKING DI MUSIM KEMARAU KAYAKNYA SERU NIH 
LOG (lattice-best-path[5.5.1124~1-21ae4]:main():lattice-best-path.cc:99) For utterance Male-2-Male-2_19, best cost 94.4017 + 3417.29 = 3511.7 over 595 frames.
Male-2-Male-2_19 BUAT KALIAN YANG LAGI MERENCANAKAN LIBURAN PASTIKAN SUDAH PUNYA PLAN YANG BAGUS 
LOG (lattice-best-path[5.5.1124~1-21ae4]:main():lattice-best-path.cc:99) For utterance Male-2-Male-2_21, best cost 76.0653 + 2733.34 = 2809.41 over 491 frames.
Male-2-Male-2_21 LIBURAN TAHUN INI SERU BANGET SOALNYA BISA BARENG KELUARGA 
LOG (lattice-best-path[5.5.1124~1-21ae4]:main():lattice-best-path.cc:99) For utterance Male-2-Male-2_26, best cost 80.1218 + 2812.89 = 2893.01 over 508 frames.
Male-2-Male-2_26 LIBURAN DI PANTAI TUH RASANYA KURANG LENGKAP KALAU BELUM LIHAT SUNSET 
LOG (lattice-best-path[5.5.1124~1-21ae4]:main():lattice-best-path.cc:99) For utterance Male-2-Male-2_28, best cost 80.8987 + 3071.28 = 3152.17 over 533 frames.
Male-2-Male-2_28 SAYA LEBIH SUKA BAWA KOPER SIH DARIPADA BACKPACK SOALNYA LEBIH RAPI 
LOG (lattice-best-path[5.5.1124~1-21ae4]:main():lattice-best-path.cc:99) For utterance Male-2-Male-2_31, best cost 70.7601 + 2747 = 2817.76 over 489 frames.
Male-2-Male-2_31 AKU SUKA BERLIBUR DI PEGUNUNGAN KARENA UDARANYA SEGAR 
LOG (lattice-best-path[5.5.1124~1-21ae4]:main():lattice-best-path.cc:99) For utterance Male-2-Male-2_45, best cost 124.905 + 4441.5 = 4566.41 over 768 frames.
Male-2-Male-2_45 BESOK KITA BOAT TOUR DI DANAU TOBA YA SEKALIAN EXPLORE THE BEAUTY OF THE LARGEST VOLCANIC LAKE IN THE WORLD 
LOG (lattice-best-path[5.5.1124~1-21ae4]:main():lattice-best-path.cc:99) For utterance Male-2-Male-2_6, best cost 78.2204 + 3037.74 = 3115.96 over 525 frames.
Male-2-Male-2_6 HOLIDAY PALING ENAK KALAU BISA JALAN JALAN BARENG KELUARGA 
LOG (lattice-best-path[5.5.1124~1-21ae4]:main():lattice-best-path.cc:99) For utterance Male-2-Male-2_8, best cost 62.261 + 2072.05 = 2134.31 over 359 frames.
Male-2-Male-2_8 LIBURAN KE DAERAH GUNUNG BISA JADI ALTERNATIF 
LOG (lattice-best-path[5.5.1124~1-21ae4]:main():lattice-best-path.cc:99) For utterance Male-3-Male-3_1, best cost 58.4887 + 2438.49 = 2496.98 over 482 frames.
Male-3-Male-3_1 BUAT NGILANGIN PENAT PALING ENAK LIBURAN KE PANTAI 
LOG (lattice-best-path[5.5.1124~1-21ae4]:main():lattice-best-path.cc:99) For utterance Male-3-Male-3_18, best cost 57.0097 + 2513.85 = 2570.86 over 478 frames.
Male-3-Male-3_18 HIKING DI MUSIM KEMARAU KAYAKNYA SERU NIH 
LOG (lattice-best-path[5.5.1124~1-21ae4]:main():lattice-best-path.cc:99) For utterance Male-3-Male-3_22, best cost 47.5802 + 2165.47 = 2213.05 over 422 frames.
Male-3-Male-3_22 DESTINATION STREET FOOD GITU ENAK KALI YA 
LOG (lattice-best-path[5.5.1124~1-21ae4]:main():lattice-best-path.cc:99) For utterance Male-3-Male-3_26, best cost 49.7552 + 2154.1 = 2203.86 over 394 frames.
Male-3-Male-3_26 LIBURAN KE PALEMBANG WAJIB MAKAN PEMPEK 
LOG (lattice-best-path[5.5.1124~1-21ae4]:main():lattice-best-path.cc:99) For utterance Male-3-Male-3_29, best cost 48.9881 + 2430.53 = 2479.52 over 458 frames.
Male-3-Male-3_29 PENGEN LIBURAN TAPI TESIS BELOM KELAR 
LOG (lattice-best-path[5.5.1124~1-21ae4]:main():lattice-best-path.cc:99) For utterance Male-3-Male-3_30, best cost 89.9413 + 3346.19 = 3436.13 over 622 frames.
Male-3-Male-3_30 KAYAKNYA TIDUR MAIN YANG MAKAN MAKAN SELAMA LIBURAN ENAK KALI YA 
LOG (lattice-best-path[5.5.1124~1-21ae4]:main():lattice-best-path.cc:99) For utterance Male-3-Male-3_37, best cost 77.6843 + 3214.52 = 3292.2 over 586 frames.
Male-3-Male-3_37 KALAU TURUN DARI GUNUNG BISA NGGA TINGGAL NGGELINDING AJA CAPEK SOALNYA 
LOG (lattice-best-path[5.5.1124~1-21ae4]:main():lattice-best-path.cc:99) For utterance Male-3-Male-3_39, best cost 85.6344 + 2840.35 = 2925.98 over 534 frames.
Male-3-Male-3_39 KALO KITA BISA LIBURAN KE LEMBANG AKU LEBIH PILIH DI RUMAH AJA 
LOG (lattice-best-path[5.5.1124~1-21ae4]:main():lattice-best-path.cc:99) For utterance Male-3-Male-3_41, best cost 95.4011 + 4613.69 = 4709.09 over 834 frames.
Male-3-Male-3_41 REKOMENDASI VACATION SALAH SATUNYA KE WISATA LEMBANG PARK ZOO HEALING SEKALIGUS MENGENAL BINATANG 
LOG (lattice-best-path[5.5.1124~1-21ae4]:main():lattice-best-path.cc:99) For utterance Male-3-Male-3_44, best cost 138.116 + 4447.39 = 4585.51 over 786 frames.
Male-3-Male-3_44 KITA RELAX SEJENAK YUK DI VILLA YANG ADA DI PEGUNUNGAN SAMBIL MENIKMATI PIDANA ALAM DAN UDARA SEGAR 
LOG (lattice-best-path[5.5.1124~1-21ae4]:main():lattice-best-path.cc:99) For utterance Male-4-Male-4_12, best cost 67.4128 + 1817.57 = 1884.98 over 339 frames.
Male-4-Male-4_12 NANTI KALAU SUDAH LIBURAN DAN LUPA JALAN JALAN 
LOG (lattice-best-path[5.5.1124~1-21ae4]:main():lattice-best-path.cc:99) For utterance Male-4-Male-4_27, best cost 71.1327 + 2022.86 = 2093.99 over 349 frames.
Male-4-Male-4_27 PANTAI SELALU MENJADI TUJUH FAVORIT SAYA UNTUK LIBURAN 
LOG (lattice-best-path[5.5.1124~1-21ae4]:main():lattice-best-path.cc:99) For utterance Male-4-Male-4_32, best cost 125.257 + 4053.25 = 4178.51 over 734 frames.
Male-4-Male-4_32 DI LEMBANG BANYAK TEMPAT WISATA YANG BISA DI KUNJUNGI UNTUK LIBURAN SAMA TEMAN DAN KELUARGA 
LOG (lattice-best-path[5.5.1124~1-21ae4]:main():lattice-best-path.cc:99) For utterance Male-4-Male-4_33, best cost 103.598 + 2959.98 = 3063.58 over 498 frames.
Male-4-Male-4_33 WEEKEND INI AKU DAN TEMANKU AKAN PERGI GLAMPING KE AJA UPAH SEPI 
LOG (lattice-best-path[5.5.1124~1-21ae4]:main():lattice-best-path.cc:99) For utterance Male-4-Male-4_34, best cost 69.5771 + 2634.09 = 2703.67 over 498 frames.
Male-4-Male-4_34 KALAU LAGI LIBURAN PALING ENAK HUNTING STREET FOOD DI BANDUNG 
LOG (lattice-best-path[5.5.1124~1-21ae4]:main():lattice-best-path.cc:99) For utterance Male-4-Male-4_44, best cost 57.6459 + 1866.13 = 1923.77 over 325 frames.
Male-4-Male-4_44 JAKARTA GERAH BANGET DAH BUTUH LIBURAN BUAH 
LOG (lattice-best-path[5.5.1124~1-21ae4]:main():lattice-best-path.cc:99) For utterance Male-4-Male-4_46, best cost 58.6 + 2678.66 = 2737.26 over 493 frames.
Male-4-Male-4_46 INI KULIAH MULU KAPAN LIBURANNYA DAH PINTER KAGAK MUMET IYA 
LOG (lattice-best-path[5.5.1124~1-21ae4]:main():lattice-best-path.cc:99) For utterance Male-4-Male-4_47, best cost 70.07 + 2914.05 = 2984.12 over 512 frames.
Male-4-Male-4_47 TEMEN GW KEMARIN LIBURAN KE JERMAN KATANYA DISITU NYIMENG LEGAL 
LOG (lattice-best-path[5.5.1124~1-21ae4]:main():lattice-best-path.cc:99) For utterance Male-4-Male-4_5, best cost 53.6641 + 1909.32 = 1962.98 over 324 frames.
Male-4-Male-4_5 JADI BISA BENER BENER MENIKMATI LIBURAN GITU 
LOG (lattice-best-path[5.5.1124~1-21ae4]:main():lattice-best-path.cc:99) For utterance Male-4-Male-4_7, best cost 88.1074 + 3152.55 = 3240.66 over 570 frames.
Male-4-Male-4_7 CARI MAKANAN BUAT TEMAN SEMOGA SUARA PERJALANAN BIAR NGGA LAPER 
LOG (lattice-best-path[5.5.1124~1-21ae4]:main():lattice-best-path.cc:99) For utterance Male-5-Male-5_15, best cost 61.7759 + 3272.06 = 3333.83 over 608 frames.
Male-5-Male-5_15 SEBELUM LIBURAN JANGAN LUPA UNTUK MEMBUAT ITINERARY 
LOG (lattice-best-path[5.5.1124~1-21ae4]:main():lattice-best-path.cc:99) For utterance Male-5-Male-5_29, best cost 102.287 + 4134.59 = 4236.87 over 743 frames.
Male-5-Male-5_29 KITA PERLU PREPARE DENGAN MATANG UNTUK LIBURAN AKHIR TAHUN INI WHICH IS PASTI SANGAT SERU 
LOG (lattice-best-path[5.5.1124~1-21ae4]:main():lattice-best-path.cc:99) For utterance Male-5-Male-5_41, best cost 53.9067 + 2267.17 = 2321.08 over 450 frames.
Male-5-Male-5_41 DI BANDUNG ENAKNYA STAYCATION DI MANA YA 
LOG (lattice-best-path[5.5.1124~1-21ae4]:main():lattice-best-path.cc:99) For utterance Male-5-Male-5_46, best cost 70.3741 + 2929.89 = 3000.26 over 533 frames.
Male-5-Male-5_46 MAIN MAIN DI TAHURA PAGI HARI TERNYATA SERU JUGA 
LOG (lattice-best-path[5.5.1124~1-21ae4]:main():lattice-best-path.cc:99) For utterance Male-5-Male-5_47, best cost 77.6214 + 3087.58 = 3165.2 over 530 frames.
Male-5-Male-5_47 AKU SANGAT MENANTIKAN LIBURAN AKHIR TAHUN INI UNTUK PERGI KE PANTAI 
LOG (lattice-best-path[5.5.1124~1-21ae4]:main():lattice-best-path.cc:99) For utterance Male-5-Male-5_48, best cost 83.32 + 4052.95 = 4136.27 over 720 frames.
Male-5-Male-5_48 AKU SELALU MEMBAWA KAMERA UNTUK MENGABADIKAN MOMEN MOMEN INDAH SELAMA PERJALANAN 
LOG (lattice-best-path[5.5.1124~1-21ae4]:main():lattice-best-path.cc:99) For utterance Male-5-Male-5_49, best cost 56.8066 + 2782.36 = 2839.17 over 503 frames.
Male-5-Male-5_49 JONI MENGAJAKKU PERGI KE PULAU KOMODO MINGGU DEPAN 
LOG (lattice-best-path[5.5.1124~1-21ae4]:main():lattice-best-path.cc:99) For utterance Male-5-Male-5_5, best cost 76.8338 + 3274.99 = 3351.82 over 578 frames.
Male-5-Male-5_5 DENGAN BEGITU LIBURAN JADI LEBIH BERMAKNA DAN LEBIH MENYENANGKAN 
LOG (lattice-best-path[5.5.1124~1-21ae4]:main():lattice-best-path.cc:99) For utterance Male-5-Male-5_6, best cost 63.3381 + 3009.36 = 3072.7 over 540 frames.
Male-5-Male-5_6 APPARENTLY AKU SUDAH LAMA TIDAK LIBURAN BARENG KELUARGA 
LOG (lattice-best-path[5.5.1124~1-21ae4]:main():lattice-best-path.cc:99) For utterance Male-5-Male-5_7, best cost 89.9776 + 3772.6 = 3862.57 over 675 frames.
Male-5-Male-5_7 JADI HARUS DIAGENDAKAN JALAN JALAN ATAU SEKEDAR KUMPUL KELUARGA UNTUK HEALING 
LOG (lattice-best-path[5.5.1124~1-21ae4]:main():lattice-best-path.cc:99) For utterance Male-6-Male-6_10, best cost 49.1681 + 2918.77 = 2967.93 over 543 frames.
Male-6-Male-6_10 KOTA MEDAN ADALAH SURGANYA PENYUKA DURIAN 
LOG (lattice-best-path[5.5.1124~1-21ae4]:main():lattice-best-path.cc:99) For utterance Male-6-Male-6_15, best cost 97.5997 + 4518.12 = 4615.72 over 798 frames.
Male-6-Male-6_15 LIBURAN KE TANGKUBAN PERAHU SANGAT MENYENANGKAN KARENA PEMANDANGAN DARI ATAS KAWAH SANGAT INDAH 
LOG (lattice-best-path[5.5.1124~1-21ae4]:main():lattice-best-path.cc:99) For utterance Male-6-Male-6_2, best cost 56.947 + 2823.5 = 2880.44 over 538 frames.
Male-6-Male-6_2 KAMI BERENCANA UNTUK HIKING KE GUNUNG RINJANI 
LOG (lattice-best-path[5.5.1124~1-21ae4]:main():lattice-best-path.cc:99) For utterance Male-6-Male-6_21, best cost 86.2859 + 3792.36 = 3878.65 over 675 frames.
Male-6-Male-6_21 KATA AKU MAH YA KITA BUTUH VACATION SETENGAH TAHUN DUA KALI SETAHUN 
LOG (lattice-best-path[5.5.1124~1-21ae4]:main():lattice-best-path.cc:99) For utterance Male-6-Male-6_26, best cost 66.9329 + 3836.33 = 3903.26 over 685 frames.
Male-6-Male-6_26 INI KULIAH MULU KAPAN LIBURANNYA DAH PINTER KAGAK MUMET IYA 
LOG (lattice-best-path[5.5.1124~1-21ae4]:main():lattice-best-path.cc:99) For utterance Male-6-Male-6_35, best cost 82.1043 + 3682.72 = 3764.82 over 678 frames.
Male-6-Male-6_35 JALAN JALAN KE BALI BELUM PUAS KALAU BELUM MAKAN SEAFOOD DI JIMBARAN 
LOG (lattice-best-path[5.5.1124~1-21ae4]:main():lattice-best-path.cc:99) For utterance Male-6-Male-6_37, best cost 82.374 + 3818.3 = 3900.67 over 695 frames.
Male-6-Male-6_37 AKU SANGAT MENANTIKAN LIBURAN AKHIR TAHUN INI UNTUK PERGI KE PANTAI 
LOG (lattice-best-path[5.5.1124~1-21ae4]:main():lattice-best-path.cc:99) For utterance Male-6-Male-6_38, best cost 82.5733 + 4292.53 = 4375.1 over 770 frames.
Male-6-Male-6_38 AKU SELALU MEMBAWA KAMERA UNTUK MENGABADIKAN MOMEN MOMEN INDAH SELAMA PERJALANAN 
LOG (lattice-best-path[5.5.1124~1-21ae4]:main():lattice-best-path.cc:99) For utterance Male-6-Male-6_45, best cost 101.887 + 4631.62 = 4733.51 over 803 frames.
Male-6-Male-6_45 KALAU MAU DOKUMENTASI KATA FOTO FOTO SEBAIKNYA SAAT SAAT SUNRISE BIAR EYE CATCHY 
LOG (lattice-best-path[5.5.1124~1-21ae4]:main():lattice-best-path.cc:99) For utterance Male-6-Male-6_49, best cost 104.519 + 4634.78 = 4739.3 over 803 frames.
Male-6-Male-6_49 KITA JUGA BISA NYANYI NYANYI SAMBIL MEMANDANGI BINTANG BINTANG YANG BERSINAR DI LANGIT MALAM 
LOG (lattice-best-path[5.5.1124~1-21ae4]:main():lattice-best-path.cc:99) For utterance Male-7-Male-7_12, best cost 79.3141 + 3944.47 = 4023.78 over 670 frames.
Male-7-Male-7_12 KANTOR LAGI SIBUK SIBUKNYA PROJECTNYA SAATNYA AMBIL UNPAID FOOD 
LOG (lattice-best-path[5.5.1124~1-21ae4]:main():lattice-best-path.cc:99) For utterance Male-7-Male-7_19, best cost 85.9114 + 4179.82 = 4265.73 over 730 frames.
Male-7-Male-7_19 STRESS GAK SIH LIBURAN DI PRINDAVAN SALAH MAKAN DIKIT LANGSUNG OPNAME 
LOG (lattice-best-path[5.5.1124~1-21ae4]:main():lattice-best-path.cc:99) For utterance Male-7-Male-7_26, best cost 67.6927 + 3195.37 = 3263.06 over 575 frames.
Male-7-Male-7_26 MAIN MAIN DI TAHURA PAGI HARI TERNYATA SERU JUGA 
LOG (lattice-best-path[5.5.1124~1-21ae4]:main():lattice-best-path.cc:99) For utterance Male-7-Male-7_35, best cost 89.6029 + 4615.72 = 4705.32 over 768 frames.
Male-7-Male-7_35 KALAU MAU DOKUMENTASI ATAU FOTO FOTO SEBAIKNYA SAAT SAAT SUNRISE BIAR EYE CATCHY 
LOG (lattice-best-path[5.5.1124~1-21ae4]:main():lattice-best-path.cc:99) For utterance Male-7-Male-7_40, best cost 108.139 + 4628.08 = 4736.22 over 795 frames.
Male-7-Male-7_40 PAS PULANG KITA BISA MAMPIR DAN MEMBELI BEBERAPA OLEH OLEH BUAT TEMAN DAN KELUARGA 
LOG (lattice-best-path[5.5.1124~1-21ae4]:main():lattice-best-path.cc:99) For utterance Male-7-Male-7_42, best cost 80.9308 + 3731.06 = 3812 over 633 frames.
Male-7-Male-7_42 SETELAH DI UBUD ITU SUPER COZY COCOK BUAT LIBURAN 
LOG (lattice-best-path[5.5.1124~1-21ae4]:main():lattice-best-path.cc:99) For utterance Male-7-Male-7_43, best cost 88.2383 + 4148.51 = 4236.74 over 698 frames.
Male-7-Male-7_43 AKU PERNAH NYELAM DI GILI TRAWANGAN TERUMBU KARANGNYA ITU BAGUS BANGET SIH 
LOG (lattice-best-path[5.5.1124~1-21ae4]:main():lattice-best-path.cc:99) For utterance Male-7-Male-7_48, best cost 70.1853 + 3257.89 = 3328.08 over 593 frames.
Male-7-Male-7_48 KALAU KE MEDAN JANGAN LUPA COBAIN DURIAN ENAK BANGET 
LOG (lattice-best-path[5.5.1124~1-21ae4]:main():lattice-best-path.cc:99) For utterance Male-7-Male-7_5, best cost 109.155 + 5376.22 = 5485.37 over 940 frames.
Male-7-Male-7_5 LIBURAN KE TANGKUBAN PERAHU SANGAT MENYENANGKAN KARENA PEMANDANGAN DARI ATAS KAWAH SANGAT INDAH 
LOG (lattice-best-path[5.5.1124~1-21ae4]:main():lattice-best-path.cc:99) For utterance Male-7-Male-7_50, best cost 90.4067 + 4028.8 = 4119.21 over 668 frames.
Male-7-Male-7_50 TREKKING DI BROMO TUH CAPEK BANGET TAPI SUNRISE VIEW NYA BEH SO BEAUTIFUL 
LOG (lattice-best-path[5.5.1124~1-21ae4]:main():lattice-best-path.cc:99) For utterance Male-8-Male-8_11, best cost 53.0136 + 2267.88 = 2320.89 over 453 frames.
Male-8-Male-8_11 DI BANDUNG ENAKNYA STAYCATION DI MANA YA 
LOG (lattice-best-path[5.5.1124~1-21ae4]:main():lattice-best-path.cc:99) For utterance Male-8-Male-8_16, best cost 69.882 + 2479.58 = 2549.47 over 480 frames.
Male-8-Male-8_16 MAIN MAIN DI TAHURA PAGI HARI TERNYATA SERU JUGA 
LOG (lattice-best-path[5.5.1124~1-21ae4]:main():lattice-best-path.cc:99) For utterance Male-8-Male-8_2, best cost 91.5888 + 3535.43 = 3627.02 over 678 frames.
Male-8-Male-8_2 KANTOR LAGI SIBUK SIBUKNYA JANDA SAATNYA AMBIL UNPAID LIFE 
LOG (lattice-best-path[5.5.1124~1-21ae4]:main():lattice-best-path.cc:99) For utterance Male-8-Male-8_22, best cost 153.935 + 5848.99 = 6002.93 over 1132 frames.
Male-8-Male-8_22 GIMANA KALO KITA CAMPING KE GUNUNG MENIKMATI MALAM YANG BERBINTANG BAWA KITA MENA NYANYI NYANYI DI TENGAH API UNGGUN 
LOG (lattice-best-path[5.5.1124~1-21ae4]:main():lattice-best-path.cc:99) For utterance Male-8-Male-8_23, best cost 170.937 + 6177.68 = 6348.62 over 1165 frames.
Male-8-Male-8_23 GA CUMA ITU KALO PAGI PAGI KITA BISA LIAT PEMANDANGAN YANG INDAH KAYA POHON POHON YANG HIJAU LUPA BAWA HAMPARAN PADANG RUMPUT YANG LUAS 
LOG (lattice-best-path[5.5.1124~1-21ae4]:main():lattice-best-path.cc:99) For utterance Male-8-Male-8_32, best cost 76.138 + 3281.1 = 3357.24 over 606 frames.
Male-8-Male-8_32 BERSINAR DI UBUDLOG (lattice-scale[5.5.1124~1-21ae4]:main():lattice-scale.cc:107) Done 217 lattices.
 ITU SUPER COZY COCOK BUAT LIBURAN 
LOG (lattice-add-penalty[5.5.1124~1-21ae4]:main():lattice-add-penalty.cc:62) Done adding word insertion penalty to 217 lattices.
LOG (lattice-best-path[5.5.1124~1-21ae4]:main():lattice-best-path.cc:99) For utterance Male-8-Male-8_38, best cost 70.4185 + 3648.54 = 3718.96 over 750 frames.
Male-8-Male-8_38 KALAU KE MEDAN JANGAN LUPA COBAIN DURIAN ENAK BANGET 
LOG (lattice-best-path[5.5.1124~1-21ae4]:main():lattice-best-path.cc:99) For utterance Male-8-Male-8_41, best cost 62.1134 + 3065.73 = 3127.85 over 608 frames.
Male-8-Male-8_41 UDARA PALING SEGAR ADALAH UDARA DI GUNUNG 
LOG (lattice-best-path[5.5.1124~1-21ae4]:main():lattice-best-path.cc:99) For utterance Male-8-Male-8_43, best cost 64.0874 + 3307.38 = 3371.47 over 648 frames.
Male-8-Male-8_43 AKHIR TAHUN INI AKU AKAN LIBURAN DI PANTAI 
LOG (lattice-best-path[5.5.1124~1-21ae4]:main():lattice-best-path.cc:99) For utterance Male-8-Male-8_45, best cost 92.2501 + 4783.01 = 4875.26 over 893 frames.
Male-8-Male-8_45 SETELAH SEMESTER INI SELESAI AKU MAU BERLIBUR DI PANTAI SELAMA SEBULAN 
LOG (lattice-best-path[5.5.1124~1-21ae4]:main():lattice-best-path.cc:99) For utterance Male-9-Male-9_18, best cost 95.0417 + 3476.59 = 3571.63 over 581 frames.
Male-9-Male-9_18 SETELAH BERMAIN SEPANJANG HARI KITA BISA KUMPUL KUMPUL BUAT BARBEQUE MALAM DI TEPI PANTAI 
LOG (lattice-best-path[5.5.1124~1-21ae4]:main():lattice-best-path.cc:99) For utterance Male-9-Male-9_21, best cost 80.8385 + 2756.69 = 2837.53 over 461 frames.
Male-9-Male-9_21 AKHIR SEMESTER NANTI AKU MAU LIBURAN KE BALI MAU IKUT 
LOG (lattice-best-path[5.5.1124~1-21ae4]:main():lattice-best-path.cc:99) For utterance Male-9-Male-9_22, best cost 71.7447 + 2559.1 = 2630.85 over 427 frames.
Male-9-Male-9_22 VILLA DI UBUD ITU SUPER COZY COCOK BUAT LIBURAN 
LOG (lattice-best-path[5.5.1124~1-21ae4]:main():lattice-best-path.cc:99) For utterance Male-9-Male-9_26, best cost 86.1386 + 3310.37 = 3396.51 over 555 frames.
Male-9-Male-9_26 SELAMA DI JAKARTA THE TRAFFIC WAS CRAZY TAPI NIGHTLIFE NYA SERU BANGET 
LOG (lattice-best-path[5.5.1124~1-21ae4]:main():lattice-best-path.cc:99) For utterance Male-9-Male-9_30, best cost 85.5785 + 3436.93 = 3522.51 over 581 frames.
Male-9-Male-9_30 TREKKING DI BROMO TUH CAPEK BANGET TAPI SUNRISE VIEW NYA BEH SO BEAUTIFUL 
LOG (lattice-best-path[5.5.1124~1-21ae4]:main():lattice-best-path.cc:99) For utterance Male-9-Male-9_31, best cost 57.124 + 1936.85 = 1993.98 over 332 frames.
Male-9-Male-9_31 UDARA PALING SEGAR ADALAH UDARA DI GUNUNG 
LOG (lattice-best-path[5.5.1124~1-21ae4]:main():lattice-best-path.cc:99) For utterance Male-9-Male-9_32, best cost 56.3962 + 2093.89 = 2150.28 over 367 frames.
Male-9-Male-9_32 LIBURAN AKAN TERASA JIKA BERSAMA KELUARGA 
LOG (lattice-best-path[5.5.1124~1-21ae4]:main():lattice-best-path.cc:99) For utterance Male-9-Male-9_43, best cost 95.875 + 3260.77 = 3356.65 over 564 frames.
Male-9-Male-9_43 NGOMONG NGOMONG WAKTU LIBUR HAMPIR TIBA KITA HARUS MERENCANAKAN KEMANA KITA PERGI NANTI 
LOG (lattice-best-path[5.5.1124~1-21ae4]:main():lattice-best-path.cc:99) For utterance Male-9-Male-9_44, best cost 93.5785 + 3216.59 = 3310.17 over 538 frames.
Male-9-Male-9_44 KATANYA TRANS STUDIO BANDUNG LAGI NGADAIN DISKON NIH AYO KE SANA MUMPUNG LAGI LIBUR 
LOG (lattice-best-path[5.5.1124~1-21ae4]:main():lattice-best-path.cc:99) For utterance Male-9-Male-9_49, best cost 79.9351 + 2656.51 = 2736.44 over 461 frames.
Male-9-Male-9_49 AKU TAKUT BANGET NAIK BANANA BOAT MENDING MAIN YANG LAIN AJA YA 
LOG (lattice-best-path[5.5.1124~1-21ae4]:main():lattice-best-path.cc:124) Overall cost per frame is 5.80207 = 0.138201 [graph] + 5.66387 [acoustic] over 128454 frames.
LOG (lattice-best-path[5.5.1124~1-21ae4]:main():lattice-best-path.cc:128) Done 217 lattices, failed for 0
# Accounting: time=1 threads=1
# Ended (code 0) at Thu Dec  7 00:06:09 WIB 2023, elapsed time 1 seconds
