# lattice-depth-per-frame "ark:gunzip -c exp/tri1/decode/lat.1.gz|" "ark,t:|gzip -c > exp/tri1/decode/depth_tmp.1.gz" ark:- | lattice-best-path --acoustic-scale=0.1 ark:- ark:/dev/null "ark,t:|gzip -c >exp/tri1/decode/ali_tmp.1.gz" 
# Started at Tue Dec  5 23:36:00 WIB 2023
#
lattice-best-path --acoustic-scale=0.1 ark:- ark:/dev/null 'ark,t:|gzip -c >exp/tri1/decode/ali_tmp.1.gz' 
lattice-depth-per-frame 'ark:gunzip -c exp/tri1/decode/lat.1.gz|' 'ark,t:|gzip -c > exp/tri1/decode/depth_tmp.1.gz' ark:- 
LOG (lattice-best-path[5.5.1124~1-21ae4]:main():lattice-best-path.cc:99) For utterance Female-1-Female-1_1, best cost 62.9108 + 4071.42 = 4134.33 over 440 frames.
LOG (lattice-best-path[5.5.1124~1-21ae4]:main():lattice-best-path.cc:99) For utterance Female-1-Female-1_19, best cost 88.1665 + 5739.89 = 5828.06 over 638 frames.
LOG (lattice-best-path[5.5.1124~1-21ae4]:main():lattice-best-path.cc:99) For utterance Female-1-Female-1_21, best cost 35.5841 + 2914.47 = 2950.05 over 325 frames.
LOG (lattice-best-path[5.5.1124~1-21ae4]:main():lattice-best-path.cc:99) For utterance Female-1-Female-1_32, best cost 79.3752 + 5470.93 = 5550.31 over 588 frames.
LOG (lattice-best-path[5.5.1124~1-21ae4]:main():lattice-best-path.cc:99) For utterance Female-1-Female-1_36, best cost 62.2932 + 3882.32 = 3944.61 over 409 frames.
LOG (lattice-best-path[5.5.1124~1-21ae4]:main():lattice-best-path.cc:99) For utterance Female-1-Female-1_37, best cost 68.5987 + 4349.89 = 4418.49 over 471 frames.
LOG (lattice-best-path[5.5.1124~1-21ae4]:main():lattice-best-path.cc:99) For utterance Female-1-Female-1_39, best cost 57.8984 + 4097.89 = 4155.79 over 461 frames.
LOG (lattice-best-path[5.5.1124~1-21ae4]:main():lattice-best-path.cc:99) For utterance Female-1-Female-1_43, best cost 96.023 + 5848.39 = 5944.41 over 640 frames.
LOG (lattice-best-path[5.5.1124~1-21ae4]:main():lattice-best-path.cc:99) For utterance Female-1-Female-1_48, best cost 73.3274 + 6101.34 = 6174.67 over 648 frames.
LOG (lattice-best-path[5.5.1124~1-21ae4]:main():lattice-best-path.cc:99) For utterance Female-1-Female-1_50, best cost 92.0395 + 5331.09 = 5423.13 over 590 frames.
LOG (lattice-best-path[5.5.1124~1-21ae4]:main():lattice-best-path.cc:99) For utterance Female-2-Female-2_13, best cost 59.1619 + 3516.7 = 3575.86 over 375 frames.
LOG (lattice-best-path[5.5.1124~1-21ae4]:main():lattice-best-path.cc:99) For utterance Female-2-Female-2_16, best cost 72.5813 + 5532.29 = 5604.87 over 581 frames.
LOG (lattice-best-path[5.5.1124~1-21ae4]:main():lattice-best-path.cc:99) For utterance Female-2-Female-2_20, best cost 58.0427 + 3556.19 = 3614.23 over 367 frames.
LOG (lattice-best-path[5.5.1124~1-21ae4]:main():lattice-best-path.cc:99) For utterance Female-2-Female-2_3, best cost 54.8072 + 2595.05 = 2649.86 over 272 frames.
LOG (lattice-best-path[5.5.1124~1-21ae4]:main():lattice-best-path.cc:99) For utterance Female-2-Female-2_33, best cost 100.45 + 6466.03 = 6566.48 over 684 frames.
LOG (lattice-best-path[5.5.1124~1-21ae4]:main():lattice-best-path.cc:99) For utterance Female-2-Female-2_35, best cost 92.3136 + 6924.11 = 7016.42 over 752 frames.
LOG (lattice-best-path[5.5.1124~1-21ae4]:main():lattice-best-path.cc:99) For utterance Female-2-Female-2_37, best cost 68.3656 + 4601.4 = 4669.77 over 495 frames.
LOG (lattice-best-path[5.5.1124~1-21ae4]:main():lattice-best-path.cc:99) For utterance Female-2-Female-2_43, best cost 85.12 + 5493.67 = 5578.79 over 581 frames.
LOG (lattice-best-path[5.5.1124~1-21ae4]:main():lattice-best-path.cc:99) For utterance Female-2-Female-2_6, best cost 59.4492 + 3907.74 = 3967.19 over 418 frames.
LOG (lattice-best-path[5.5.1124~1-21ae4]:main():lattice-best-path.cc:99) For utterance Female-2-Female-2_7, best cost 77.1922 + 3542.62 = 3619.81 over 375 frames.
LOG (lattice-best-path[5.5.1124~1-21ae4]:main():lattice-best-path.cc:99) For utterance Female-3-Female-3_13, best cost 49.3514 + 3816.93 = 3866.28 over 408 frames.
LOG (lattice-best-path[5.5.1124~1-21ae4]:main():lattice-best-path.cc:99) For utterance Female-3-Female-3_15, best cost 48.2828 + 4154.01 = 4202.3 over 448 frames.
LOG (lattice-best-path[5.5.1124~1-21ae4]:main():lattice-best-path.cc:99) For utterance Female-3-Female-3_23, best cost 127.764 + 7481.45 = 7609.21 over 783 frames.
LOG (lattice-best-path[5.5.1124~1-21ae4]:main():lattice-best-path.cc:99) For utterance Female-3-Female-3_28, best cost 78.5784 + 6298.9 = 6377.48 over 658 frames.
LOG (lattice-best-path[5.5.1124~1-21ae4]:main():lattice-best-path.cc:99) For utterance Female-3-Female-3_3, best cost 67.5523 + 4582.99 = 4650.55 over 493 frames.
LOG (lattice-best-path[5.5.1124~1-21ae4]:main():lattice-best-path.cc:99) For utterance Female-3-Female-3_32, best cost 85.321 + 7614.32 = 7699.64 over 775 frames.
LOG (lattice-best-path[5.5.1124~1-21ae4]:main():lattice-best-path.cc:99) For utterance Female-3-Female-3_33, best cost 93.6914 + 7271.64 = 7365.33 over 735 frames.
LOG (lattice-best-path[5.5.1124~1-21ae4]:main():lattice-best-path.cc:99) For utterance Female-3-Female-3_39, best cost 58.8536 + 4217.21 = 4276.07 over 425 frames.
LOG (lattice-best-path[5.5.1124~1-21ae4]:main():lattice-best-path.cc:99) For utterance Female-3-Female-3_4, best cost 92.6152 + 5084.81 = 5177.42 over 540 frames.
LOG (lattice-best-path[5.5.1124~1-21ae4]:main():lattice-best-path.cc:99) For utterance Female-3-Female-3_8, best cost 46.3721 + 3502.13 = 3548.5 over 390 frames.
LOG (lattice-best-path[5.5.1124~1-21ae4]:main():lattice-best-path.cc:99) For utterance Female-4-Female-4_12, best cost 90.9069 + 5310.72 = 5401.63 over 598 frames.
LOG (lattice-best-path[5.5.1124~1-21ae4]:main():lattice-best-path.cc:99) For utterance Female-4-Female-4_26, best cost 55.1982 + 5511.46 = 5566.66 over 607 frames.
LOG (lattice-best-path[5.5.1124~1-21ae4]:main():lattice-best-path.cc:99) For utterance Female-4-Female-4_3, best cost 57.2683 + 4007.32 = 4064.59 over 435 frames.
LOG (lattice-best-path[5.5.1124~1-21ae4]:main():lattice-best-path.cc:99) For utterance Female-4-Female-4_34, best cost 80.9938 + 5530.22 = 5611.21 over 598 frames.
LOG (lattice-best-path[5.5.1124~1-21ae4]:main():lattice-best-path.cc:99) For utterance Female-4-Female-4_38, best cost 74.2936 + 5155.16 = 5229.45 over 572 frames.
LOG (lattice-best-path[5.5.1124~1-21ae4]:main():lattice-best-path.cc:99) For utterance Female-4-Female-4_4, best cost 56.4097 + 4250.72 = 4307.13 over 478 frames.
LOG (lattice-best-path[5.5.1124~1-21ae4]:main():lattice-best-path.cc:99) For utterance Female-4-Female-4_42, best cost 58.6954 + 3669.14 = 3727.83 over 401 frames.
LOG (lattice-best-path[5.5.1124~1-21ae4]:main():lattice-best-path.cc:99) For utterance Female-4-Female-4_43, best cost 56.4978 + 3320.87 = 3377.37 over 367 frames.
LOG (lattice-best-path[5.5.1124~1-21ae4]:main():lattice-best-path.cc:99) For utterance Female-4-Female-4_6, best cost 40.9546 + 3162.01 = 3202.96 over 358 frames.
LOG (lattice-best-path[5.5.1124~1-21ae4]:main():lattice-best-path.cc:99) For utterance Female-4-Female-4_8, best cost 61.6735 + 5227.68 = 5289.35 over 572 frames.
LOG (lattice-best-path[5.5.1124~1-21ae4]:main():lattice-best-path.cc:99) For utterance Female-5-Female-5_11, best cost 59.9436 + 5697.89 = 5757.84 over 618 frames.
LOG (lattice-best-path[5.5.1124~1-21ae4]:main():lattice-best-path.cc:99) For utterance Female-5-Female-5_12, best cost 95.3281 + 8313.59 = 8408.92 over 905 frames.
LOG (lattice-best-path[5.5.1124~1-21ae4]:main():lattice-best-path.cc:99) For utterance Female-5-Female-5_17, best cost 63.744 + 5164.22 = 5227.97 over 565 frames.
LOG (lattice-best-path[5.5.1124~1-21ae4]:main():lattice-best-path.cc:99) For utterance Female-5-Female-5_21, best cost 71.8727 + 5131.13 = 5203.01 over 550 frames.
LOG (lattice-best-path[5.5.1124~1-21ae4]:main():lattice-best-path.cc:99) For utterance Female-5-Female-5_33, best cost 68.3124 + 4038.08 = 4106.39 over 433 frames.
LOG (lattice-best-path[5.5.1124~1-21ae4]:main():lattice-best-path.cc:99) For utterance Female-5-Female-5_35, best cost 76.4922 + 6282.34 = 6358.84 over 670 frames.
LOG (lattice-best-path[5.5.1124~1-21ae4]:main():lattice-best-path.cc:99) For utterance Female-5-Female-5_43, best cost 68.2949 + 5877.34 = 5945.64 over 618 frames.
LOG (lattice-best-path[5.5.1124~1-21ae4]:main():lattice-best-path.cc:99) For utterance Female-5-Female-5_44, best cost 58.1357 + 5729.02 = 5787.16 over 608 frames.
LOG (lattice-best-path[5.5.1124~1-21ae4]:main():lattice-best-path.cc:99) For utterance Female-5-Female-5_5, best cost 122.633 + 8718.09 = 8840.72 over 915 frames.
LOG (lattice-best-path[5.5.1124~1-21ae4]:main():lattice-best-path.cc:99) For utterance Female-5-Female-5_50, best cost 57.0911 + 4826.01 = 4883.1 over 543 frames.
LOG (lattice-best-path[5.5.1124~1-21ae4]:main():lattice-best-path.cc:99) For utterance Female-6-Female-6_1, best cost 63.6526 + 5717.5 = 5781.15 over 608 frames.
LOG (lattice-best-path[5.5.1124~1-21ae4]:main():lattice-best-path.cc:99) For utterance Female-6-Female-6_19, best cost 90.5123 + 7058.12 = 7148.63 over 753 frames.
LOG (lattice-best-path[5.5.1124~1-21ae4]:main():lattice-best-path.cc:99) For utterance Female-6-Female-6_27, best cost 101.05 + 7564.54 = 7665.59 over 815 frames.
LOG (lattice-best-path[5.5.1124~1-21ae4]:main():lattice-best-path.cc:99) For utterance Female-6-Female-6_28, best cost 78.8246 + 6973.05 = 7051.87 over 763 frames.
LOG (lattice-best-path[5.5.1124~1-21ae4]:main():lattice-best-path.cc:99) For utterance Female-6-Female-6_34, best cost 62.4029 + 5906.34 = 5968.74 over 630 frames.
LOG (lattice-best-path[5.5.1124~1-21ae4]:main():lattice-best-path.cc:99) For utterance Female-6-Female-6_37, best cost 69.8363 + 6129.6 = 6199.44 over 680 frames.
LOG (lattice-best-path[5.5.1124~1-21ae4]:main():lattice-best-path.cc:99) For utterance Female-6-Female-6_40, best cost 61.8186 + 5210.31 = 5272.13 over 560 frames.
LOG (lattice-best-path[5.5.1124~1-21ae4]:main():lattice-best-path.cc:99) For utterance Female-6-Female-6_47, best cost 74.4932 + 5975.35 = 6049.85 over 640 frames.
LOG (lattice-best-path[5.5.1124~1-21ae4]:main():lattice-best-path.cc:99) For utterance Female-6-Female-6_7, best cost 64.5734 + 5107.15 = 5171.72 over 565 frames.
LOG (lattice-best-path[5.5.1124~1-21ae4]:main():lattice-best-path.cc:99) For utterance Female-6-Female-6_9, best cost 59.1068 + 5088.58 = 5147.69 over 565 frames.
LOG (lattice-best-path[5.5.1124~1-21ae4]:main():lattice-best-path.cc:99) For utterance Female-7-human_rights_un_ind_rd_0000, best cost 190.842 + 11872.8 = 12063.7 over 1314 frames.
LOG (lattice-best-path[5.5.1124~1-21ae4]:main():lattice-best-path.cc:99) For utterance Female-7-human_rights_un_ind_rd_0008, best cost 108.906 + 5606.19 = 5715.09 over 608 frames.
LOG (lattice-best-path[5.5.1124~1-21ae4]:main():lattice-best-path.cc:99) For utterance Female-7-human_rights_un_ind_rd_0017, best cost 122.983 + 6821.38 = 6944.37 over 738 frames.
LOG (lattice-best-path[5.5.1124~1-21ae4]:main():lattice-best-path.cc:99) For utterance Female-7-human_rights_un_ind_rd_0018, best cost 89.1651 + 5134.82 = 5223.98 over 584 frames.
LOG (lattice-best-path[5.5.1124~1-21ae4]:main():lattice-best-path.cc:99) For utterance Female-7-human_rights_un_ind_rd_0021, best cost 79.5465 + 6097.5 = 6177.04 over 680 frames.
LOG (lattice-best-path[5.5.1124~1-21ae4]:main():lattice-best-path.cc:99) For utterance Female-7-human_rights_un_ind_rd_0026, best cost 31.1334 + 1794.13 = 1825.27 over 196 frames.
LOG (lattice-best-path[5.5.1124~1-21ae4]:main():lattice-best-path.cc:99) For utterance Female-7-human_rights_un_ind_rd_0027, best cost 61.23 + 3096.92 = 3158.15 over 342 frames.
LOG (lattice-best-path[5.5.1124~1-21ae4]:main():lattice-best-path.cc:99) For utterance Female-7-human_rights_un_ind_rd_0033, best cost 92.6834 + 5555.31 = 5647.99 over 628 frames.
LOG (lattice-best-path[5.5.1124~1-21ae4]:main():lattice-best-path.cc:99) For utterance Female-7-human_rights_un_ind_rd_0047, best cost 102.659 + 6741.12 = 6843.78 over 760 frames.
LOG (lattice-best-path[5.5.1124~1-21ae4]:main():lattice-best-path.cc:99) For utterance Female-7-human_rights_un_ind_rd_0053, best cost 35.789 + 2176.11 = 2211.89 over 250 frames.
LOG (lattice-best-path[5.5.1124~1-21ae4]:main():lattice-best-path.cc:99) For utterance Female-7-human_rights_un_ind_rd_0063, best cost 48.618 + 2533.58 = 2582.2 over 274 frames.
LOG (lattice-best-path[5.5.1124~1-21ae4]:main():lattice-best-path.cc:99) For utterance Female-7-human_rights_un_ind_rd_0065, best cost 91.5989 + 7162.6 = 7254.2 over 830 frames.
LOG (lattice-best-path[5.5.1124~1-21ae4]:main():lattice-best-path.cc:99) For utterance Female-7-human_rights_un_ind_rd_0068, best cost 51.4491 + 2310.06 = 2361.51 over 250 frames.
LOG (lattice-best-path[5.5.1124~1-21ae4]:main():lattice-best-path.cc:99) For utterance Female-7-human_rights_un_ind_rd_0074, best cost 86.6237 + 5027.27 = 5113.89 over 590 frames.
LOG (lattice-best-path[5.5.1124~1-21ae4]:main():lattice-best-path.cc:99) For utterance Female-7-human_rights_un_ind_rd_0077, best cost 23.8922 + 918.041 = 941.934 over 102 frames.
LOG (lattice-best-path[5.5.1124~1-21ae4]:main():lattice-best-path.cc:99) For utterance Female-7-human_rights_un_ind_rd_0080, best cost 51.8435 + 3303.98 = 3355.83 over 368 frames.
LOG (lattice-best-path[5.5.1124~1-21ae4]:main():lattice-best-path.cc:99) For utterance Female-7-human_rights_un_ind_rd_0083, best cost 83.895 + 6069.66 = 6153.55 over 702 frames.
LOG (lattice-best-path[5.5.1124~1-21ae4]:main():lattice-best-path.cc:99) For utterance Female-7-human_rights_un_ind_rd_0091, best cost 19.9721 + 942.572 = 962.544 over 100 frames.
LOG (lattice-best-path[5.5.1124~1-21ae4]:main():lattice-best-path.cc:99) For utterance Female-7-human_rights_un_ind_rd_0092, best cost 91.508 + 5807.52 = 5899.02 over 676 frames.
LOG (lattice-best-path[5.5.1124~1-21ae4]:main():lattice-best-path.cc:99) For utterance Female-7-human_rights_un_ind_rd_0100, best cost 54.4144 + 3545.5 = 3599.91 over 404 frames.
LOG (lattice-best-path[5.5.1124~1-21ae4]:main():lattice-best-path.cc:99) For utterance Female-7-human_rights_un_ind_rd_0106, best cost 38.9812 + 2052.86 = 2091.84 over 236 frames.
LOG (lattice-best-path[5.5.1124~1-21ae4]:main():lattice-best-path.cc:99) For utterance Female-7-human_rights_un_ind_rd_0109, best cost 68.945 + 3366.62 = 3435.57 over 378 frames.
LOG (lattice-best-path[5.5.1124~1-21ae4]:main():lattice-best-path.cc:99) For utterance Female-7-human_rights_un_ind_rd_0111, best cost 58.7423 + 4542.91 = 4601.65 over 532 frames.
LOG (lattice-best-path[5.5.1124~1-21ae4]:main():lattice-best-path.cc:99) For utterance Female-7-human_rights_un_ind_rd_0118, best cost 47.1947 + 2456.58 = 2503.78 over 266 frames.
LOG (lattice-best-path[5.5.1124~1-21ae4]:main():lattice-best-path.cc:99) For utterance Female-7-human_rights_un_ind_rd_0124, best cost 123.15 + 8297.33 = 8420.48 over 930 frames.
LOG (lattice-best-path[5.5.1124~1-21ae4]:main():lattice-best-path.cc:99) For utterance Female-7-human_rights_un_ind_rd_0130, best cost 66.592 + 3263.59 = 3330.19 over 360 frames.
LOG (lattice-best-path[5.5.1124~1-21ae4]:main():lattice-best-path.cc:99) For utterance Female-7-human_rights_un_ind_rd_0135, best cost 167.632 + 10503.3 = 10670.9 over 1137 frames.
LOG (lattice-best-path[5.5.1124~1-21ae4]:main():lattice-best-path.cc:99) For utterance Male-1-Male-1_1, best cost 53.1603 + 5180.73 = 5233.89 over 564 frames.
LOG (lattice-best-path[5.5.1124~1-21ae4]:main():lattice-best-path.cc:99) For utterance Male-1-Male-1_11, best cost 108.439 + 11634.3 = 11742.7 over 1275 frames.
LOG (lattice-best-path[5.5.1124~1-21ae4]:main():lattice-best-path.cc:99) For utterance Male-1-Male-1_15, best cost 102.32 + 6992.26 = 7094.58 over 838 frames.
LOG (lattice-best-path[5.5.1124~1-21ae4]:main():lattice-best-path.cc:99) For utterance Male-1-Male-1_19, best cost 61.8579 + 6277.29 = 6339.15 over 718 frames.
LOG (lattice-best-path[5.5.1124~1-21ae4]:main():lattice-best-path.cc:99) For utterance Male-1-Male-1_22, best cost 80.8758 + 5578.54 = 5659.42 over 615 frames.
LOG (lattice-best-path[5.5.1124~1-21ae4]:main():lattice-best-path.cc:99) For utterance Male-1-Male-1_28, best cost 71.9266 + 6828.66 = 6900.59 over 752 frames.
LOG (lattice-best-path[5.5.1124~1-21ae4]:main():lattice-best-path.cc:99) For utterance Male-1-Male-1_30, best cost 97.5157 + 8828.24 = 8925.75 over 992 frames.
LOG (lattice-best-path[5.5.1124~1-21ae4]:main():lattice-best-path.cc:99) For utterance Male-1-Male-1_43, best cost 115.347 + 6710.68 = 6826.02 over 701 frames.
LOG (lattice-best-path[5.5.1124~1-21ae4]:main():lattice-best-path.cc:99) For utterance Male-1-Male-1_44, best cost 140.631 + 8485.38 = 8626.01 over 872 frames.
LOG (lattice-best-path[5.5.1124~1-21ae4]:main():lattice-best-path.cc:99) For utterance Male-1-Male-1_45, best cost 85.8926 + 12334.6 = 12420.5 over 1238 frames.
LOG (lattice-best-path[5.5.1124~1-21ae4]:main():lattice-best-path.cc:99) For utterance Male-10-Male-10_2, best cost 107.536 + 6606.96 = 6714.49 over 766 frames.
LOG (lattice-best-path[5.5.1124~1-21ae4]:main():lattice-best-path.cc:99) For utterance Male-10-Male-10_24, best cost 67.6989 + 4509.25 = 4576.95 over 558 frames.
LOG (lattice-best-path[5.5.1124~1-21ae4]:main():lattice-best-path.cc:99) For utterance Male-10-Male-10_25, best cost 74.6567 + 4534.3 = 4608.96 over 526 frames.
LOG (lattice-best-path[5.5.1124~1-21ae4]:main():lattice-best-path.cc:99) For utterance Male-10-Male-10_28, best cost 39.7157 + 3309.11 = 3348.83 over 398 frames.
LOG (lattice-best-path[5.5.1124~1-21ae4]:main():lattice-best-path.cc:99) For utterance Male-10-Male-10_29, best cost 36.8729 + 3446.87 = 3483.74 over 414 frames.
LOG (lattice-best-path[5.5.1124~1-21ae4]:main():lattice-best-path.cc:99) For utterance Male-10-Male-10_3, best cost 120.122 + 7095.15 = 7215.27 over 798 frames.
LOG (lattice-best-path[5.5.1124~1-21ae4]:main():lattice-best-path.cc:99) For utterance Male-10-Male-10_34, best cost 81.8629 + 5400.47 = 5482.33 over 638 frames.
LOG (lattice-best-path[5.5.1124~1-21ae4]:main():lattice-best-path.cc:99) For utterance Male-10-Male-10_40, best cost 61.4871 + 4457.34 = 4518.83 over 510 frames.
LOG (lattice-best-path[5.5.1124~1-21ae4]:main():lattice-best-path.cc:99) For utterance Male-10-Male-10_43, best cost 63.5646 + 4749 = 4812.56 over 574 frames.
LOG (lattice-best-path[5.5.1124~1-21ae4]:main():lattice-best-path.cc:99) For utterance Male-10-Male-10_44, best cost 67.4036 + 4112.58 = 4179.98 over 494 frames.
LOG (lattice-best-path[5.5.1124~1-21ae4]:main():lattice-best-path.cc:99) For utterance Male-11-Male-11_10, best cost 82.2935 + 6943.2 = 7025.5 over 798 frames.
LOG (lattice-best-path[5.5.1124~1-21ae4]:main():lattice-best-path.cc:99) For utterance Male-11-Male-11_17, best cost 54.0512 + 4404.44 = 4458.49 over 488 frames.
LOG (lattice-best-path[5.5.1124~1-21ae4]:main():lattice-best-path.cc:99) For utterance Male-11-Male-11_2, best cost 75.6771 + 5005.24 = 5080.91 over 558 frames.
LOG (lattice-best-path[5.5.1124~1-21ae4]:main():lattice-best-path.cc:99) For utterance Male-11-Male-11_25, best cost 63.0753 + 5056.15 = 5119.22 over 550 frames.
LOG (lattice-best-path[5.5.1124~1-21ae4]:main():lattice-best-path.cc:99) For utterance Male-11-Male-11_26, best cost 43.4316 + 3495.38 = 3538.81 over 418 frames.
LOG (lattice-best-path[5.5.1124~1-21ae4]:main():lattice-best-path.cc:99) For utterance Male-11-Male-11_3, best cost 75.7001 + 5945.66 = 6021.36 over 663 frames.
LOG (lattice-best-path[5.5.1124~1-21ae4]:main():lattice-best-path.cc:99) For utterance Male-11-Male-11_31, best cost 105.281 + 9834.07 = 9939.35 over 1055 frames.
LOG (lattice-best-path[5.5.1124~1-21ae4]:main():lattice-best-path.cc:99) For utterance Male-11-Male-11_47, best cost 69.0623 + 5649.63 = 5718.69 over 628 frames.
LOG (lattice-best-path[5.5.1124~1-21ae4]:main():lattice-best-path.cc:99) For utterance Male-11-Male-11_50, best cost 94.0104 + 6995.65 = 7089.66 over 768 frames.
LOG (lattice-best-path[5.5.1124~1-21ae4]:main():lattice-best-path.cc:99) For utterance Male-11-Male-11_7, best cost 102.437 + 6711.93 = 6814.37 over 738 frames.
LOG (lattice-best-path[5.5.1124~1-21ae4]:main():lattice-best-path.cc:99) For utterance Male-12-Male-12_1, best cost 53.2295 + 2795.34 = 2848.57 over 298 frames.
LOG (lattice-best-path[5.5.1124~1-21ae4]:main():lattice-best-path.cc:99) For utterance Male-12-Male-12_21, best cost 99.1613 + 6911.56 = 7010.73 over 740 frames.
LOG (lattice-best-path[5.5.1124~1-21ae4]:main():lattice-best-path.cc:99) For utterance Male-12-Male-12_24, best cost 56.0542 + 3090.53 = 3146.58 over 338 frames.
LOG (lattice-best-path[5.5.1124~1-21ae4]:main():lattice-best-path.cc:99) For utterance Male-12-Male-12_28, best cost 86.3736 + 3862.32 = 3948.69 over 410 frames.
LOG (lattice-best-path[5.5.1124~1-21ae4]:main():lattice-best-path.cc:99) For utterance Male-12-Male-12_30, best cost 56.7219 + 2681.06 = 2737.78 over 295 frames.
LOG (lattice-best-path[5.5.1124~1-21ae4]:main():lattice-best-path.cc:99) For utterance Male-12-Male-12_31, best cost 61.1677 + 3713.14 = 3774.3 over 393 frames.
LOG (lattice-best-path[5.5.1124~1-21ae4]:main():lattice-best-path.cc:99) For utterance Male-12-Male-12_38, best cost 74.1617 + 4573.83 = 4647.99 over 495 frames.
LOG (lattice-best-path[5.5.1124~1-21ae4]:main():lattice-best-path.cc:99) For utterance Male-12-Male-12_43, best cost 60.8538 + 4200.47 = 4261.33 over 470 frames.
LOG (lattice-best-path[5.5.1124~1-21ae4]:main():lattice-best-path.cc:99) For utterance Male-12-Male-12_47, best cost 65.7464 + 4565.04 = 4630.78 over 520 frames.
LOG (lattice-best-path[5.5.1124~1-21ae4]:main():lattice-best-path.cc:99) For utterance Male-12-Male-12_9, best cost 40.23 + 3142.01 = 3182.24 over 328 frames.
LOG (lattice-best-path[5.5.1124~1-21ae4]:main():lattice-best-path.cc:99) For utterance Male-13-Male-13_15, best cost 67.4053 + 4157.2 = 4224.61 over 450 frames.
LOG (lattice-best-path[5.5.1124~1-21ae4]:main():lattice-best-path.cc:99) For utterance Male-13-Male-13_16, best cost 69.0128 + 5189.86 = 5258.87 over 545 frames.
LOG (lattice-best-path[5.5.1124~1-21ae4]:main():lattice-best-path.cc:99) For utterance Male-13-Male-13_19, best cost 72.0341 + 5222.2 = 5294.24 over 545 frames.
LOG (lattice-best-path[5.5.1124~1-21ae4]:main():lattice-best-path.cc:99) For utterance Male-13-Male-13_32, best cost 66.4351 + 5420.08 = 5486.51 over 593 frames.
LOG (lattice-best-path[5.5.1124~1-21ae4]:main():lattice-best-path.cc:99) For utterance Male-13-Male-13_34, best cost 84.2948 + 7579.7 = 7663.99 over 825 frames.
LOG (lattice-best-path[5.5.1124~1-21ae4]:main():lattice-best-path.cc:99) For utterance Male-13-Male-13_40, best cost 57.2713 + 5270.84 = 5328.11 over 593 frames.
LOG (lattice-best-path[5.5.1124~1-21ae4]:main():lattice-best-path.cc:99) For utterance Male-13-Male-13_44, best cost 117.531 + 8391.72 = 8509.25 over 900 frames.
LOG (lattice-best-path[5.5.1124~1-21ae4]:main():lattice-best-path.cc:99) For utterance Male-13-Male-13_5, best cost 67.8821 + 5416.92 = 5484.8 over 583 frames.
LOG (lattice-best-path[5.5.1124~1-21ae4]:main():lattice-best-path.cc:99) For utterance Male-13-Male-13_6, best cost 47.4466 + 3847.9 = 3895.34 over 433 frames.
LOG (lattice-best-path[5.5.1124~1-21ae4]:main():lattice-best-path.cc:99) For utterance Male-13-Male-13_9, best cost 73.1066 + 5186.75 = 5259.86 over 553 frames.
LOG (lattice-best-path[5.5.1124~1-21ae4]:main():lattice-best-path.cc:99) For utterance Male-2-Male-2_13, best cost 66.5571 + 4558.15 = 4624.71 over 501 frames.
LOG (lattice-best-path[5.5.1124~1-21ae4]:main():lattice-best-path.cc:99) For utterance Male-2-Male-2_20, best cost 65.0233 + 4113.5 = 4178.53 over 480 frames.
LOG (lattice-best-path[5.5.1124~1-21ae4]:main():lattice-best-path.cc:99) For utterance Male-2-Male-2_21, best cost 62.8876 + 4341.62 = 4404.51 over 491 frames.
LOG (lattice-best-path[5.5.1124~1-21ae4]:main():lattice-best-path.cc:99) For utterance Male-2-Male-2_28, best cost 83.7428 + 4913.25 = 4997 over 533 frames.
LOG (lattice-best-path[5.5.1124~1-21ae4]:main():lattice-best-path.cc:99) For utterance Male-2-Male-2_32, best cost 63.1982 + 4116.28 = 4179.48 over 474 frames.
LOG (lattice-best-path[5.5.1124~1-21ae4]:main():lattice-best-path.cc:99) For utterance Male-2-Male-2_4, best cost 79.8777 + 5938.92 = 6018.8 over 634 frames.
LOG (lattice-best-path[5.5.1124~1-21ae4]:main():lattice-best-path.cc:99) For utterance Male-2-Male-2_43, best cost 84.4499 + 4860.65 = 4945.1 over 536 frames.
LOG (lattice-best-path[5.5.1124~1-21ae4]:main():lattice-best-path.cc:99) For utterance Male-2-Male-2_45, best cost 105.672 + 7132.37 = 7238.04 over 768 frames.
LOG (lattice-best-path[5.5.1124~1-21ae4]:main():lattice-best-path.cc:99) For utterance Male-2-Male-2_49, best cost 84.5671 + 6431.66 = 6516.23 over 700 frames.
LOG (lattice-best-path[5.5.1124~1-21ae4]:main():lattice-best-path.cc:99) For utterance Male-2-Male-2_8, best cost 55.417 + 3333.44 = 3388.86 over 359 frames.
LOG (lattice-best-path[5.5.1124~1-21ae4]:main():lattice-best-path.cc:99) For utterance Male-3-Male-3_13, best cost 60.3864 + 3880.21 = 3940.6 over 458 frames.
LOG (lattice-best-path[5.5.1124~1-21ae4]:main():lattice-best-path.cc:99) For utterance Male-3-Male-3_14, best cost 87.5169 + 5168.5 = 5256.02 over 590 frames.
LOG (lattice-best-path[5.5.1124~1-21ae4]:main():lattice-best-path.cc:99) For utterance Male-3-Male-3_20, best cost 53.9563 + 4463.42 = 4517.38 over 534 frames.
LOG (lattice-best-path[5.5.1124~1-21ae4]:main():lattice-best-path.cc:99) For utterance Male-3-Male-3_24, best cost 53.1598 + 3999.92 = 4053.08 over 462 frames.
LOG (lattice-best-path[5.5.1124~1-21ae4]:main():lattice-best-path.cc:99) For utterance Male-3-Male-3_25, best cost 47.9116 + 4158.36 = 4206.27 over 490 frames.
LOG (lattice-best-path[5.5.1124~1-21ae4]:main():lattice-best-path.cc:99) For utterance Male-3-Male-3_3, best cost 44.1242 + 2855.2 = 2899.32 over 366 frames.
LOG (lattice-best-path[5.5.1124~1-21ae4]:main():lattice-best-path.cc:99) For utterance Male-3-Male-3_32, best cost 75.8131 + 6303.27 = 6379.08 over 742 frames.
LOG (lattice-best-path[5.5.1124~1-21ae4]:main():lattice-best-path.cc:99) For utterance Male-3-Male-3_39, best cost 75.5845 + 4546.43 = 4622.01 over 534 frames.
LOG (lattice-best-path[5.5.1124~1-21ae4]:main():lattice-best-path.cc:99) For utterance Male-3-Male-3_44, best cost 127.749 + 7098.9 = 7226.65 over 786 frames.
LOG (lattice-best-path[5.5.1124~1-21ae4]:main():lattice-best-path.cc:99) For utterance Male-3-Male-3_49, best cost 88.813 + 5946.3 = 6035.11 over 642 frames.
LOG (lattice-best-path[5.5.1124~1-21ae4]:main():lattice-best-path.cc:99) For utterance Male-4-Male-4_11, best cost 82.3864 + 5251.61 = 5334 over 599 frames.
LOG (lattice-best-path[5.5.1124~1-21ae4]:main():lattice-best-path.cc:99) For utterance Male-4-Male-4_15, best cost 151.232 + 7627.87 = 7779.1 over 822 frames.
LOG (lattice-best-path[5.5.1124~1-21ae4]:main():lattice-best-path.cc:99) For utterance Male-4-Male-4_26, best cost 53.5101 + 4997 = 5050.51 over 585 frames.
LOG (lattice-best-path[5.5.1124~1-21ae4]:main():lattice-best-path.cc:99) For utterance Male-4-Male-4_31, best cost 70.6064 + 2738.58 = 2809.19 over 286 frames.
LOG (lattice-best-path[5.5.1124~1-21ae4]:main():lattice-best-path.cc:99) For utterance Male-4-Male-4_36, best cost 68.041 + 4553.64 = 4621.68 over 498 frames.
LOG (lattice-best-path[5.5.1124~1-21ae4]:main():lattice-best-path.cc:99) For utterance Male-4-Male-4_37, best cost 67.6633 + 4152.32 = 4219.98 over 479 frames.
LOG (lattice-best-path[5.5.1124~1-21ae4]:main():lattice-best-path.cc:99) For utterance Male-4-Male-4_4, best cost 83.4233 + 6105.39 = 6188.81 over 667 frames.
LOG (lattice-best-path[5.5.1124~1-21ae4]:main():lattice-best-path.cc:99) For utterance Male-4-Male-4_43, best cost 73.3052 + 3800.2 = 3873.51 over 416 frames.
LOG (lattice-best-path[5.5.1124~1-21ae4]:main():lattice-best-path.cc:99) For utterance Male-4-Male-4_44, best cost 50.7243 + 2992.81 = 3043.53 over 325 frames.
LOG (lattice-best-path[5.5.1124~1-21ae4]:main():lattice-best-path.cc:99) For utterance Male-4-Male-4_9, best cost 108.753 + 5137.08 = 5245.83 over 575 frames.
LOG (lattice-best-path[5.5.1124~1-21ae4]:main():lattice-best-path.cc:99) For utterance Male-5-Male-5_1, best cost 73.8667 + 5825.2 = 5899.06 over 638 frames.
LOG (lattice-best-path[5.5.1124~1-21ae4]:main():lattice-best-path.cc:99) For utterance Male-5-Male-5_10, best cost 88.4826 + 7563.78 = 7652.27 over 870 frames.
LOG (lattice-best-path[5.5.1124~1-21ae4]:main():lattice-best-path.cc:99) For utterance Male-5-Male-5_13, best cost 59.976 + 4661.92 = 4721.9 over 515 frames.
LOG (lattice-best-path[5.5.1124~1-21ae4]:main():lattice-best-path.cc:99) For utterance Male-5-Male-5_17, best cost 58.0347 + 4871.21 = 4929.25 over 563 frames.
LOG (lattice-best-path[5.5.1124~1-21ae4]:main():lattice-best-path.cc:99) For utterance Male-5-Male-5_19, best cost 75.0634 + 5425.97 = 5501.04 over 603 frames.
LOG (lattice-best-path[5.5.1124~1-21ae4]:main():lattice-best-path.cc:99) For utterance Male-5-Male-5_25, best cost 84.5774 + 7045.4 = 7129.98 over 790 frames.
LOG (lattice-best-path[5.5.1124~1-21ae4]:main():lattice-best-path.cc:99) For utterance Male-5-Male-5_28, best cost 79.1709 + 6409.66 = 6488.83 over 718 frames.
LOG (lattice-best-path[5.5.1124~1-21ae4]:main():lattice-best-path.cc:99) For utterance Male-5-Male-5_29, best cost 85.8854 + 6620.56 = 6706.45 over 743 frames.
LOG (lattice-best-path[5.5.1124~1-21ae4]:main():lattice-best-path.cc:99) For utterance Male-5-Male-5_3, best cost 60.6145 + 3948.5 = 4009.12 over 445 frames.
LOG (lattice-best-path[5.5.1124~1-21ae4]:main():lattice-best-path.cc:99) For utterance Male-5-Male-5_43, best cost 62.535 + 4882.38 = 4944.91 over 538 frames.
LOG (lattice-best-path[5.5.1124~1-21ae4]:main():lattice-best-path.cc:99) For utterance Male-6-Male-6_11, best cost 68.8189 + 5666.75 = 5735.56 over 640 frames.
LOG (lattice-best-path[5.5.1124~1-21ae4]:main():lattice-best-path.cc:99) For utterance Male-6-Male-6_14, best cost 85.0008 + 5778.61 = 5863.61 over 643 frames.
LOG (lattice-best-path[5.5.1124~1-21ae4]:main():lattice-best-path.cc:99) For utterance Male-6-Male-6_15, best cost 83.4352 + 7278.02 = 7361.45 over 798 frames.
LOG (lattice-best-path[5.5.1124~1-21ae4]:main():lattice-best-path.cc:99) For utterance Male-6-Male-6_33, best cost 64.5171 + 5891.49 = 5956.01 over 668 frames.
LOG (lattice-best-path[5.5.1124~1-21ae4]:main():lattice-best-path.cc:99) For utterance Male-6-Male-6_34, best cost 84.3287 + 6649.75 = 6734.07 over 760 frames.
LOG (lattice-best-path[5.5.1124~1-21ae4]:main():lattice-best-path.cc:99) For utterance Male-6-Male-6_38, best cost 70.6293 + 6883.62 = 6954.25 over 770 frames.
LOG (lattice-best-path[5.5.1124~1-21ae4]:main():lattice-best-path.cc:99) For utterance Male-6-Male-6_41, best cost 84.4808 + 7849.23 = 7933.71 over 880 frames.
LOG (lattice-best-path[5.5.1124~1-21ae4]:main():lattice-best-path.cc:99) For utterance Male-6-Male-6_43, best cost 146.231 + 9519.01 = 9665.24 over 1023 frames.
LOG (lattice-best-path[5.5.1124~1-21ae4]:main():lattice-best-path.cc:99) For utterance Male-6-Male-6_44, best cost 95.3976 + 7872.07 = 7967.47 over 865 frames.
LOG (lattice-best-path[5.5.1124~1-21ae4]:main():lattice-best-path.cc:99) For utterance Male-6-Male-6_5, best cost 52.9608 + 4608.47 = 4661.43 over 523 frames.
LOG (lattice-best-path[5.5.1124~1-21ae4]:main():lattice-best-path.cc:99) For utterance Male-7-Male-7_11, best cost 90.063 + 7393.25 = 7483.32 over 773 frames.
LOG (lattice-best-path[5.5.1124~1-21ae4]:main():lattice-best-path.cc:99) For utterance Male-7-Male-7_2, best cost 105.739 + 7923.15 = 8028.89 over 860 frames.
LOG (lattice-best-path[5.5.1124~1-21ae4]:main():lattice-best-path.cc:99) For utterance Male-7-Male-7_29, best cost 60.7621 + 4872.16 = 4932.92 over 545 frames.
LOG (lattice-best-path[5.5.1124~1-21ae4]:main():lattice-best-path.cc:99) For utterance Male-7-Male-7_34, best cost 104.434 + 7988.62 = 8093.05 over 848 frames.
LOG (lattice-best-path[5.5.1124~1-21ae4]:main():lattice-best-path.cc:99) For utterance Male-7-Male-7_39, best cost 102.151 + 6841.89 = 6944.04 over 735 frames.
LOG (lattice-best-path[5.5.1124~1-21ae4]:main():lattice-best-path.cc:99) For utterance Male-7-Male-7_4, best cost 75.3296 + 5762.68 = 5838.01 over 660 frames.
LOG (lattice-best-path[5.5.1124~1-21ae4]:main():lattice-best-path.cc:99) For utterance Male-7-Male-7_44, best cost 74.2852 + 6863.6 = 6937.89 over 738 frames.
LOG (lattice-best-path[5.5.1124~1-21ae4]:main():lattice-best-path.cc:99) For utterance Male-7-Male-7_46, best cost 81.6895 + 6148.17 = 6229.86 over 660 frames.
LOG (lattice-best-path[5.5.1124~1-21ae4]:main():lattice-best-path.cc:99) For utterance Male-7-Male-7_49, best cost 81.0198 + 7321.85 = 7402.87 over 773 frames.
LOG (lattice-best-path[5.5.1124~1-21ae4]:main():lattice-best-path.cc:99) For utterance Male-7-Male-7_50, best cost 99.2879 + 6405.6 = 6504.89 over 668 frames.
LOG (lattice-best-path[5.5.1124~1-21ae4]:main():lattice-best-path.cc:99) For utterance Male-8-Male-8_10, best cost 48.1139 + 4545.3 = 4593.42 over 550 frames.
LOG (lattice-best-path[5.5.1124~1-21ae4]:main():lattice-best-path.cc:99) For utterance Male-8-Male-8_11, best cost 46.3583 + 3606.18 = 3652.54 over 453 frames.
LOG (lattice-best-path[5.5.1124~1-21ae4]:main():lattice-best-path.cc:99) For utterance Male-8-Male-8_14, best cost 80.2454 + 6126.99 = 6207.24 over 720 frames.
LOG (lattice-best-path[5.5.1124~1-21ae4]:main():lattice-best-path.cc:99) For utterance Male-8-Male-8_19, best cost 52.2209 + 4866.01 = 4918.23 over 600 frames.
LOG (lattice-best-path[5.5.1124~1-21ae4]:main():lattice-best-path.cc:99) For utterance Male-8-Male-8_22, best cost 124.338 + 9328.93 = 9453.26 over 1132 frames.
LOG (lattice-best-path[5.5.1124~1-21ae4]:main():lattice-best-path.cc:99) For utterance Male-8-Male-8_39, best cost 100.793 + 7369.56 = 7470.35 over 870 frames.
LOG (lattice-best-path[5.5.1124~1-21ae4]:main():lattice-best-path.cc:99) For utterance Male-8-Male-8_41, best cost 53.307 + 4973.98 = 5027.29 over 608 frames.
LOG (lattice-depth-per-frame[5.5.1124~1-21ae4]:main():lattice-depth-per-frame.cc:82) Done 217 lattices.
LOG (lattice-best-path[5.5.1124~1-21ae4]:main():lattice-best-path.cc:99) For utterance Male-8-Male-8_48, best cost 42.4828 + 4523.25 = 4565.73 over 558 frames.
LOG (lattice-best-path[5.5.1124~1-21ae4]:main():lattice-best-path.cc:99) For utterance Male-8-Male-8_5, best cost 77.0421 + 5211.04 = 5288.08 over 643 frames.
LOG (lattice-best-path[5.5.1124~1-21ae4]:main():lattice-best-path.cc:99) For utterance Male-8-Male-8_9, best cost 75.0267 + 6310.06 = 6385.08 over 750 frames.
LOG (lattice-best-path[5.5.1124~1-21ae4]:main():lattice-best-path.cc:99) For utterance Male-9-Male-9_1, best cost 44.225 + 3932.54 = 3976.76 over 478 frames.
LOG (lattice-best-path[5.5.1124~1-21ae4]:main():lattice-best-path.cc:99) For utterance Male-9-Male-9_12, best cost 104.789 + 6817.07 = 6921.86 over 718 frames.
LOG (lattice-best-path[5.5.1124~1-21ae4]:main():lattice-best-path.cc:99) For utterance Male-9-Male-9_22, best cost 66.4082 + 4085.15 = 4151.56 over 427 frames.
LOG (lattice-best-path[5.5.1124~1-21ae4]:main():lattice-best-path.cc:99) For utterance Male-9-Male-9_27, best cost 83.5761 + 6101.68 = 6185.25 over 641 frames.
LOG (lattice-best-path[5.5.1124~1-21ae4]:main():lattice-best-path.cc:99) For utterance Male-9-Male-9_29, best cost 73.4434 + 5601.38 = 5674.82 over 581 frames.
LOG (lattice-best-path[5.5.1124~1-21ae4]:main():lattice-best-path.cc:99) For utterance Male-9-Male-9_33, best cost 50.6479 + 2818.85 = 2869.5 over 307 frames.
LOG (lattice-best-path[5.5.1124~1-21ae4]:main():lattice-best-path.cc:99) For utterance Male-9-Male-9_38, best cost 38.427 + 2906.8 = 2945.23 over 324 frames.
LOG (lattice-best-path[5.5.1124~1-21ae4]:main():lattice-best-path.cc:99) For utterance Male-9-Male-9_39, best cost 38.1442 + 3077.04 = 3115.19 over 332 frames.
LOG (lattice-best-path[5.5.1124~1-21ae4]:main():lattice-best-path.cc:99) For utterance Male-9-Male-9_45, best cost 61.4987 + 3618.07 = 3679.57 over 384 frames.
LOG (lattice-best-path[5.5.1124~1-21ae4]:main():lattice-best-path.cc:99) For utterance Male-9-Male-9_6, best cost 62.7684 + 4236.81 = 4299.58 over 478 frames.
LOG (lattice-best-path[5.5.1124~1-21ae4]:main():lattice-best-path.cc:124) Overall cost per frame is 9.17478 = 0.12624 [graph] + 9.04854 [acoustic] over 128341 frames.
LOG (lattice-best-path[5.5.1124~1-21ae4]:main():lattice-best-path.cc:128) Done 217 lattices, failed for 0
# Accounting: time=0 threads=1
# Ended (code 0) at Tue Dec  5 23:36:00 WIB 2023, elapsed time 0 seconds
