# gmm-init-model --write-occs=exp/tri1/1.occs exp/tri1/tree exp/tri1/treeacc data/lang/topo exp/tri1/1.mdl 
# Started at Thu Dec  7 00:04:34 WIB 2023
#
gmm-init-model --write-occs=exp/tri1/1.occs exp/tri1/tree exp/tri1/treeacc data/lang/topo exp/tri1/1.mdl 
LOG (gmm-init-model[5.5.1124~1-21ae4]:main():gmm-init-model.cc:271) Number of separate statistics is 13637
WARNING (gmm-init-model[5.5.1124~1-21ae4]:InitAmGmm():gmm-init-model.cc:55) Tree has pdf-id 1 with no stats; corresponding phone list: 6 7 8 9 10 
WARNING (gmm-init-model[5.5.1124~1-21ae4]:InitAmGmm():gmm-init-model.cc:83) Very small count for state 8: 53; corresponding phone list: 35 36 37 38 
WARNING (gmm-init-model[5.5.1124~1-21ae4]:InitAmGmm():gmm-init-model.cc:83) Very small count for state 12: 95; corresponding phone list: 51 52 53 54 
WARNING (gmm-init-model[5.5.1124~1-21ae4]:InitAmGmm():gmm-init-model.cc:83) Very small count for state 14: 43; corresponding phone list: 59 60 61 62 
WARNING (gmm-init-model[5.5.1124~1-21ae4]:InitAmGmm():gmm-init-model.cc:83) Very small count for state 22: 69; corresponding phone list: 91 
WARNING (gmm-init-model[5.5.1124~1-21ae4]:InitAmGmm():gmm-init-model.cc:83) Very small count for state 23: 43; corresponding phone list: 95 96 97 98 
WARNING (gmm-init-model[5.5.1124~1-21ae4]:InitAmGmm():gmm-init-model.cc:83) Very small count for state 27: 47; corresponding phone list: 111 112 113 114 
WARNING (gmm-init-model[5.5.1124~1-21ae4]:InitAmGmm():gmm-init-model.cc:83) Very small count for state 31: 30; corresponding phone list: 127 128 129 130 
WARNING (gmm-init-model[5.5.1124~1-21ae4]:InitAmGmm():gmm-init-model.cc:83) Very small count for state 33: 50; corresponding phone list: 135 136 137 138 
WARNING (gmm-init-model[5.5.1124~1-21ae4]:InitAmGmm():gmm-init-model.cc:83) Very small count for state 49: 48; corresponding phone list: 11 12 13 14 
WARNING (gmm-init-model[5.5.1124~1-21ae4]:InitAmGmm():gmm-init-model.cc:83) Very small count for state 57: 24; corresponding phone list: 120 
WARNING (gmm-init-model[5.5.1124~1-21ae4]:InitAmGmm():gmm-init-model.cc:83) Very small count for state 68: 92; corresponding phone list: 39 40 41 42 
WARNING (gmm-init-model[5.5.1124~1-21ae4]:InitAmGmm():gmm-init-model.cc:83) Very small count for state 80: 84; corresponding phone list: 35 36 37 38 
WARNING (gmm-init-model[5.5.1124~1-21ae4]:InitAmGmm():gmm-init-model.cc:83) Very small count for state 83: 55; corresponding phone list: 107 108 109 110 
WARNING (gmm-init-model[5.5.1124~1-21ae4]:InitAmGmm():gmm-init-model.cc:83) Very small count for state 94: 65; corresponding phone list: 27 28 29 30 
WARNING (gmm-init-model[5.5.1124~1-21ae4]:InitAmGmm():gmm-init-model.cc:83) Very small count for state 100: 85; corresponding phone list: 11 12 13 14 
WARNING (gmm-init-model[5.5.1124~1-21ae4]:InitAmGmm():gmm-init-model.cc:83) Very small count for state 103: 49; corresponding phone list: 11 12 13 14 
WARNING (gmm-init-model[5.5.1124~1-21ae4]:InitAmGmm():gmm-init-model.cc:83) Very small count for state 114: 22; corresponding phone list: 79 80 81 82 
WARNING (gmm-init-model[5.5.1124~1-21ae4]:InitAmGmm():gmm-init-model.cc:83) Very small count for state 116: 99; corresponding phone list: 35 36 37 38 
WARNING (gmm-init-model[5.5.1124~1-21ae4]:InitAmGmm():gmm-init-model.cc:83) Very small count for state 129: 56; corresponding phone list: 12 13 14 
WARNING (gmm-init-model[5.5.1124~1-21ae4]:InitAmGmm():gmm-init-model.cc:83) Very small count for state 131: 67; corresponding phone list: 92 93 94 
WARNING (gmm-init-model[5.5.1124~1-21ae4]:InitAmGmm():gmm-init-model.cc:83) Very small count for state 139: 65; corresponding phone list: 115 116 117 118 
WARNING (gmm-init-model[5.5.1124~1-21ae4]:InitAmGmm():gmm-init-model.cc:83) Very small count for state 140: 72; corresponding phone list: 12 
WARNING (gmm-init-model[5.5.1124~1-21ae4]:InitAmGmm():gmm-init-model.cc:83) Very small count for state 141: 79; corresponding phone list: 51 52 53 54 
WARNING (gmm-init-model[5.5.1124~1-21ae4]:InitAmGmm():gmm-init-model.cc:83) Very small count for state 170: 36; corresponding phone list: 19 20 21 22 
WARNING (gmm-init-model[5.5.1124~1-21ae4]:InitAmGmm():gmm-init-model.cc:83) Very small count for state 176: 85; corresponding phone list: 51 52 53 54 
WARNING (gmm-init-model[5.5.1124~1-21ae4]:InitAmGmm():gmm-init-model.cc:83) Very small count for state 180: 51; corresponding phone list: 119 120 121 122 
WARNING (gmm-init-model[5.5.1124~1-21ae4]:InitAmGmm():gmm-init-model.cc:83) Very small count for state 188: 83; corresponding phone list: 107 108 109 110 
WARNING (gmm-init-model[5.5.1124~1-21ae4]:InitAmGmm():gmm-init-model.cc:83) Very small count for state 191: 71; corresponding phone list: 43 45 46 
WARNING (gmm-init-model[5.5.1124~1-21ae4]:InitAmGmm():gmm-init-model.cc:83) Very small count for state 194: 96; corresponding phone list: 47 48 49 50 
WARNING (gmm-init-model[5.5.1124~1-21ae4]:InitAmGmm():gmm-init-model.cc:83) Very small count for state 205: 45; corresponding phone list: 23 24 25 26 
WARNING (gmm-init-model[5.5.1124~1-21ae4]:InitAmGmm():gmm-init-model.cc:83) Very small count for state 209: 43; corresponding phone list: 111 112 113 114 
WARNING (gmm-init-model[5.5.1124~1-21ae4]:InitAmGmm():gmm-init-model.cc:83) Very small count for state 211: 48; corresponding phone list: 75 76 77 78 
WARNING (gmm-init-model[5.5.1124~1-21ae4]:InitAmGmm():gmm-init-model.cc:83) Very small count for state 221: 74; corresponding phone list: 11 12 13 14 
WARNING (gmm-init-model[5.5.1124~1-21ae4]:InitAmGmm():gmm-init-model.cc:83) Very small count for state 231: 34; corresponding phone list: 119 120 121 122 
WARNING (gmm-init-model[5.5.1124~1-21ae4]:InitAmGmm():gmm-init-model.cc:83) Very small count for state 241: 84; corresponding phone list: 131 132 133 134 
WARNING (gmm-init-model[5.5.1124~1-21ae4]:InitAmGmm():gmm-init-model.cc:83) Very small count for state 242: 65; corresponding phone list: 23 24 25 26 
WARNING (gmm-init-model[5.5.1124~1-21ae4]:InitAmGmm():gmm-init-model.cc:83) Very small count for state 245: 88; corresponding phone list: 55 56 57 58 
WARNING (gmm-init-model[5.5.1124~1-21ae4]:InitAmGmm():gmm-init-model.cc:83) Very small count for state 249: 83; corresponding phone list: 11 12 13 14 
WARNING (gmm-init-model[5.5.1124~1-21ae4]:InitAmGmm():gmm-init-model.cc:83) Very small count for state 257: 57; corresponding phone list: 131 132 133 134 
WARNING (gmm-init-model[5.5.1124~1-21ae4]:InitAmGmm():gmm-init-model.cc:83) Very small count for state 275: 36; corresponding phone list: 92 93 94 
WARNING (gmm-init-model[5.5.1124~1-21ae4]:InitAmGmm():gmm-init-model.cc:83) Very small count for state 278: 87; corresponding phone list: 11 
WARNING (gmm-init-model[5.5.1124~1-21ae4]:InitAmGmm():gmm-init-model.cc:83) Very small count for state 282: 38; corresponding phone list: 119 120 121 122 
WARNING (gmm-init-model[5.5.1124~1-21ae4]:InitAmGmm():gmm-init-model.cc:83) Very small count for state 294: 91; corresponding phone list: 40 41 42 
WARNING (gmm-init-model[5.5.1124~1-21ae4]:InitAmGmm():gmm-init-model.cc:83) Very small count for state 295: 63; corresponding phone list: 39 40 41 42 
WARNING (gmm-init-model[5.5.1124~1-21ae4]:InitAmGmm():gmm-init-model.cc:83) Very small count for state 300: 63; corresponding phone list: 91 92 93 94 
WARNING (gmm-init-model[5.5.1124~1-21ae4]:InitAmGmm():gmm-init-model.cc:83) Very small count for state 309: 80; corresponding phone list: 39 40 41 42 
WARNING (gmm-init-model[5.5.1124~1-21ae4]:InitAmGmm():gmm-init-model.cc:83) Very small count for state 322: 59; corresponding phone list: 12 13 14 
WARNING (gmm-init-model[5.5.1124~1-21ae4]:InitAmGmm():gmm-init-model.cc:83) Very small count for state 329: 80; corresponding phone list: 103 104 105 106 
WARNING (gmm-init-model[5.5.1124~1-21ae4]:InitAmGmm():gmm-init-model.cc:83) Very small count for state 347: 50; corresponding phone list: 35 36 37 38 
WARNING (gmm-init-model[5.5.1124~1-21ae4]:InitAmGmm():gmm-init-model.cc:83) Very small count for state 364: 40; corresponding phone list: 31 32 33 34 
WARNING (gmm-init-model[5.5.1124~1-21ae4]:InitAmGmm():gmm-init-model.cc:83) Very small count for state 370: 95; corresponding phone list: 11 12 13 14 
WARNING (gmm-init-model[5.5.1124~1-21ae4]:InitAmGmm():gmm-init-model.cc:83) Very small count for state 372: 45; corresponding phone list: 123 124 125 126 
WARNING (gmm-init-model[5.5.1124~1-21ae4]:InitAmGmm():gmm-init-model.cc:83) Very small count for state 373: 25; corresponding phone list: 55 56 57 58 
WARNING (gmm-init-model[5.5.1124~1-21ae4]:InitAmGmm():gmm-init-model.cc:83) Very small count for state 375: 50; corresponding phone list: 13 14 
WARNING (gmm-init-model[5.5.1124~1-21ae4]:InitAmGmm():gmm-init-model.cc:83) Very small count for state 381: 84; corresponding phone list: 119 120 121 122 
WARNING (gmm-init-model[5.5.1124~1-21ae4]:InitAmGmm():gmm-init-model.cc:83) Very small count for state 386: 37; corresponding phone list: 91 
WARNING (gmm-init-model[5.5.1124~1-21ae4]:InitAmGmm():gmm-init-model.cc:83) Very small count for state 393: 52; corresponding phone list: 99 100 101 102 
WARNING (gmm-init-model[5.5.1124~1-21ae4]:InitAmGmm():gmm-init-model.cc:83) Very small count for state 395: 71; corresponding phone list: 55 57 58 
WARNING (gmm-init-model[5.5.1124~1-21ae4]:InitAmGmm():gmm-init-model.cc:83) Very small count for state 398: 92; corresponding phone list: 23 24 25 26 
WARNING (gmm-init-model[5.5.1124~1-21ae4]:InitAmGmm():gmm-init-model.cc:83) Very small count for state 400: 98; corresponding phone list: 92 93 94 
WARNING (gmm-init-model[5.5.1124~1-21ae4]:InitAmGmm():gmm-init-model.cc:83) Very small count for state 401: 68; corresponding phone list: 55 56 57 58 
WARNING (gmm-init-model[5.5.1124~1-21ae4]:InitAmGmm():gmm-init-model.cc:83) Very small count for state 419: 68; corresponding phone list: 115 116 117 118 
WARNING (gmm-init-model[5.5.1124~1-21ae4]:InitAmGmm():gmm-init-model.cc:83) Very small count for state 423: 75; corresponding phone list: 75 76 77 78 
WARNING (gmm-init-model[5.5.1124~1-21ae4]:InitAmGmm():gmm-init-model.cc:83) Very small count for state 427: 40; corresponding phone list: 23 24 25 26 
WARNING (gmm-init-model[5.5.1124~1-21ae4]:InitAmGmm():gmm-init-model.cc:83) Very small count for state 429: 89; corresponding phone list: 127 128 129 130 
WARNING (gmm-init-model[5.5.1124~1-21ae4]:InitAmGmm():gmm-init-model.cc:83) Very small count for state 435: 96; corresponding phone list: 99 101 102 
WARNING (gmm-init-model[5.5.1124~1-21ae4]:InitAmGmm():gmm-init-model.cc:83) Very small count for state 440: 39; corresponding phone list: 51 52 53 54 
WARNING (gmm-init-model[5.5.1124~1-21ae4]:InitAmGmm():gmm-init-model.cc:83) Very small count for state 452: 43; corresponding phone list: 87 88 89 90 
WARNING (gmm-init-model[5.5.1124~1-21ae4]:InitAmGmm():gmm-init-model.cc:83) Very small count for state 453: 59; corresponding phone list: 63 64 65 66 
WARNING (gmm-init-model[5.5.1124~1-21ae4]:InitAmGmm():gmm-init-model.cc:83) Very small count for state 454: 91; corresponding phone list: 111 112 113 114 
WARNING (gmm-init-model[5.5.1124~1-21ae4]:InitAmGmm():gmm-init-model.cc:83) Very small count for state 466: 43; corresponding phone list: 19 20 21 22 
WARNING (gmm-init-model[5.5.1124~1-21ae4]:InitAmGmm():gmm-init-model.cc:83) Very small count for state 468: 19; corresponding phone list: 91 92 93 94 
WARNING (gmm-init-model[5.5.1124~1-21ae4]:InitAmGmm():gmm-init-model.cc:83) Very small count for state 471: 40; corresponding phone list: 120 
WARNING (gmm-init-model[5.5.1124~1-21ae4]:InitAmGmm():gmm-init-model.cc:83) Very small count for state 479: 99; corresponding phone list: 12 13 14 
WARNING (gmm-init-model[5.5.1124~1-21ae4]:InitAmGmm():gmm-init-model.cc:83) Very small count for state 482: 57; corresponding phone list: 79 81 82 
WARNING (gmm-init-model[5.5.1124~1-21ae4]:InitAmGmm():gmm-init-model.cc:83) Very small count for state 493: 52; corresponding phone list: 67 68 69 70 
WARNING (gmm-init-model[5.5.1124~1-21ae4]:InitAmGmm():gmm-init-model.cc:83) Very small count for state 496: 48; corresponding phone list: 92 93 94 
WARNING (gmm-init-model[5.5.1124~1-21ae4]:InitAmGmm():gmm-init-model.cc:83) Very small count for state 499: 84; corresponding phone list: 11 12 13 14 
WARNING (gmm-init-model[5.5.1124~1-21ae4]:InitAmGmm():gmm-init-model.cc:83) Very small count for state 501: 99; corresponding phone list: 99 100 101 102 
WARNING (gmm-init-model[5.5.1124~1-21ae4]:InitAmGmm():gmm-init-model.cc:83) Very small count for state 504: 24; corresponding phone list: 39 40 41 42 
WARNING (gmm-init-model[5.5.1124~1-21ae4]:InitAmGmm():gmm-init-model.cc:83) Very small count for state 520: 94; corresponding phone list: 47 48 49 50 
WARNING (gmm-init-model[5.5.1124~1-21ae4]:InitAmGmm():gmm-init-model.cc:83) Very small count for state 521: 75; corresponding phone list: 51 52 53 54 
WARNING (gmm-init-model[5.5.1124~1-21ae4]:InitAmGmm():gmm-init-model.cc:83) Very small count for state 526: 58; corresponding phone list: 57 
WARNING (gmm-init-model[5.5.1124~1-21ae4]:InitAmGmm():gmm-init-model.cc:83) Very small count for state 528: 80; corresponding phone list: 12 
WARNING (gmm-init-model[5.5.1124~1-21ae4]:InitAmGmm():gmm-init-model.cc:83) Very small count for state 540: 46; corresponding phone list: 12 13 14 
WARNING (gmm-init-model[5.5.1124~1-21ae4]:InitAmGmm():gmm-init-model.cc:83) Very small count for state 544: 88; corresponding phone list: 12 13 14 
WARNING (gmm-init-model[5.5.1124~1-21ae4]:InitAmGmm():gmm-init-model.cc:83) Very small count for state 563: 74; corresponding phone list: 107 108 109 110 
WARNING (gmm-init-model[5.5.1124~1-21ae4]:InitAmGmm():gmm-init-model.cc:83) Very small count for state 566: 17; corresponding phone list: 11 12 13 14 
WARNING (gmm-init-model[5.5.1124~1-21ae4]:InitAmGmm():gmm-init-model.cc:83) Very small count for state 567: 32; corresponding phone list: 51 53 54 
WARNING (gmm-init-model[5.5.1124~1-21ae4]:InitAmGmm():gmm-init-model.cc:83) Very small count for state 579: 41; corresponding phone list: 87 88 89 90 
WARNING (gmm-init-model[5.5.1124~1-21ae4]:InitAmGmm():gmm-init-model.cc:83) Very small count for state 589: 72; corresponding phone list: 51 52 53 54 
WARNING (gmm-init-model[5.5.1124~1-21ae4]:InitAmGmm():gmm-init-model.cc:83) Very small count for state 608: 99; corresponding phone list: 119 120 121 122 
WARNING (gmm-init-model[5.5.1124~1-21ae4]:InitAmGmm():gmm-init-model.cc:83) Very small count for state 612: 65; corresponding phone list: 23 24 25 26 
WARNING (gmm-init-model[5.5.1124~1-21ae4]:InitAmGmm():gmm-init-model.cc:83) Very small count for state 638: 95; corresponding phone list: 99 100 101 102 
WARNING (gmm-init-model[5.5.1124~1-21ae4]:InitAmGmm():gmm-init-model.cc:83) Very small count for state 641: 52; corresponding phone list: 11 12 13 14 
WARNING (gmm-init-model[5.5.1124~1-21ae4]:InitAmGmm():gmm-init-model.cc:83) Very small count for state 647: 83; corresponding phone list: 119 120 121 122 
WARNING (gmm-init-model[5.5.1124~1-21ae4]:InitAmGmm():gmm-init-model.cc:83) Very small count for state 654: 59; corresponding phone list: 95 96 97 98 
WARNING (gmm-init-model[5.5.1124~1-21ae4]:InitAmGmm():gmm-init-model.cc:83) Very small count for state 658: 74; corresponding phone list: 115 116 117 118 
WARNING (gmm-init-model[5.5.1124~1-21ae4]:InitAmGmm():gmm-init-model.cc:83) Very small count for state 667: 99; corresponding phone list: 51 52 53 54 
WARNING (gmm-init-model[5.5.1124~1-21ae4]:InitAmGmm():gmm-init-model.cc:83) Very small count for state 671: 91; corresponding phone list: 55 56 57 58 
WARNING (gmm-init-model[5.5.1124~1-21ae4]:InitAmGmm():gmm-init-model.cc:83) Very small count for state 680: 99; corresponding phone list: 12 13 14 
WARNING (gmm-init-model[5.5.1124~1-21ae4]:InitAmGmm():gmm-init-model.cc:83) Very small count for state 687: 51; corresponding phone list: 51 52 53 54 
WARNING (gmm-init-model[5.5.1124~1-21ae4]:InitAmGmm():gmm-init-model.cc:83) Very small count for state 688: 25; corresponding phone list: 51 52 53 54 
WARNING (gmm-init-model[5.5.1124~1-21ae4]:InitAmGmm():gmm-init-model.cc:83) Very small count for state 693: 36; corresponding phone list: 91 
WARNING (gmm-init-model[5.5.1124~1-21ae4]:InitAmGmm():gmm-init-model.cc:83) Very small count for state 713: 88; corresponding phone list: 131 132 133 134 
WARNING (gmm-init-model[5.5.1124~1-21ae4]:InitAmGmm():gmm-init-model.cc:83) Very small count for state 747: 96; corresponding phone list: 119 120 121 122 
WARNING (gmm-init-model[5.5.1124~1-21ae4]:InitAmGmm():gmm-init-model.cc:83) Very small count for state 756: 43; corresponding phone list: 135 136 137 138 
WARNING (gmm-init-model[5.5.1124~1-21ae4]:InitAmGmm():gmm-init-model.cc:83) Very small count for state 757: 76; corresponding phone list: 15 16 17 18 
WARNING (gmm-init-model[5.5.1124~1-21ae4]:InitAmGmm():gmm-init-model.cc:83) Very small count for state 769: 36; corresponding phone list: 135 136 137 138 
WARNING (gmm-init-model[5.5.1124~1-21ae4]:InitAmGmm():gmm-init-model.cc:83) Very small count for state 772: 76; corresponding phone list: 12 13 14 
WARNING (gmm-init-model[5.5.1124~1-21ae4]:InitAmGmm():gmm-init-model.cc:83) Very small count for state 805: 96; corresponding phone list: 12 13 14 
WARNING (gmm-init-model[5.5.1124~1-21ae4]:InitAmGmm():gmm-init-model.cc:83) Very small count for state 816: 54; corresponding phone list: 55 56 57 58 
WARNING (gmm-init-model[5.5.1124~1-21ae4]:InitAmGmm():gmm-init-model.cc:83) Very small count for state 844: 14; corresponding phone list: 31 32 33 34 
WARNING (gmm-init-model[5.5.1124~1-21ae4]:InitAmGmm():gmm-init-model.cc:83) Very small count for state 859: 20; corresponding phone list: 35 36 37 38 
WARNING (gmm-init-model[5.5.1124~1-21ae4]:InitAmGmm():gmm-init-model.cc:83) Very small count for state 867: 93; corresponding phone list: 75 76 77 78 
WARNING (gmm-init-model[5.5.1124~1-21ae4]:InitAmGmm():gmm-init-model.cc:83) Very small count for state 894: 65; corresponding phone list: 35 36 37 38 
WARNING (gmm-init-model[5.5.1124~1-21ae4]:InitAmGmm():gmm-init-model.cc:83) Very small count for state 902: 33; corresponding phone list: 75 76 77 78 
WARNING (gmm-init-model[5.5.1124~1-21ae4]:InitAmGmm():gmm-init-model.cc:83) Very small count for state 904: 34; corresponding phone list: 99 100 101 102 
WARNING (gmm-init-model[5.5.1124~1-21ae4]:InitAmGmm():gmm-init-model.cc:83) Very small count for state 910: 87; corresponding phone list: 43 44 45 46 
WARNING (gmm-init-model[5.5.1124~1-21ae4]:InitAmGmm():gmm-init-model.cc:83) Very small count for state 916: 99; corresponding phone list: 87 88 89 90 
WARNING (gmm-init-model[5.5.1124~1-21ae4]:InitAmGmm():gmm-init-model.cc:83) Very small count for state 918: 44; corresponding phone list: 15 16 17 18 
WARNING (gmm-init-model[5.5.1124~1-21ae4]:InitAmGmm():gmm-init-model.cc:83) Very small count for state 952: 81; corresponding phone list: 15 16 17 18 
WARNING (gmm-init-model[5.5.1124~1-21ae4]:InitAmGmm():gmm-init-model.cc:83) Very small count for state 953: 82; corresponding phone list: 127 128 129 130 
WARNING (gmm-init-model[5.5.1124~1-21ae4]:InitAmGmm():gmm-init-model.cc:83) Very small count for state 956: 61; corresponding phone list: 127 128 129 130 
WARNING (gmm-init-model[5.5.1124~1-21ae4]:InitAmGmm():gmm-init-model.cc:83) Very small count for state 958: 67; corresponding phone list: 135 136 137 138 
LOG (gmm-init-model[5.5.1124~1-21ae4]:main():gmm-init-model.cc:306) Wrote model.
# Accounting: time=0 threads=1
# Ended (code 0) at Thu Dec  7 00:04:34 WIB 2023, elapsed time 0 seconds
