# gmm-est --mix-up=10000 --power=0.25 --write-occs=exp/tri1/31.occs exp/tri1/30.mdl "gmm-sum-accs - exp/tri1/30.*.acc |" exp/tri1/31.mdl 
# Started at Thu Dec  7 00:05:14 WIB 2023
#
gmm-est --mix-up=10000 --power=0.25 --write-occs=exp/tri1/31.occs exp/tri1/30.mdl 'gmm-sum-accs - exp/tri1/30.*.acc |' exp/tri1/31.mdl 
gmm-sum-accs - exp/tri1/30.1.acc 
LOG (gmm-sum-accs[5.5.1124~1-21ae4]:main():gmm-sum-accs.cc:63) Summed 1 stats, total count 521991, avg like/frame -86.9557
LOG (gmm-sum-accs[5.5.1124~1-21ae4]:main():gmm-sum-accs.cc:66) Total count of stats is 521991
LOG (gmm-sum-accs[5.5.1124~1-21ae4]:main():gmm-sum-accs.cc:67) Written stats to -
LOG (gmm-est[5.5.1124~1-21ae4]:MleUpdate():transition-model.cc:528) TransitionModel::Update, objf change is 0.000177662 per frame over 521991 frames. 
LOG (gmm-est[5.5.1124~1-21ae4]:MleUpdate():transition-model.cc:531) 114 probabilities floored, 1952 out of 3890 transition-states skipped due to insuffient data (it is normal to have some skipped.)
LOG (gmm-est[5.5.1124~1-21ae4]:main():gmm-est.cc:102) Transition model update: Overall 0.000177662 log-like improvement per frame over 521991 frames.
WARNING (gmm-est[5.5.1124~1-21ae4]:MleDiagGmmUpdate():mle-diag-gmm.cc:365) Gaussian has too little data but not removing it because it is the last Gaussian: i = 0, occ = 0, weight = 1
WARNING (gmm-est[5.5.1124~1-21ae4]:MleDiagGmmUpdate():mle-diag-gmm.cc:359) Too little data - removing Gaussian (weight 0.028521, occupation count 9.953817, vector size 39)
WARNING (gmm-est[5.5.1124~1-21ae4]:MleDiagGmmUpdate():mle-diag-gmm.cc:359) Too little data - removing Gaussian (weight 0.041301, occupation count 9.870876, vector size 39)
WARNING (gmm-est[5.5.1124~1-21ae4]:MleDiagGmmUpdate():mle-diag-gmm.cc:359) Too little data - removing Gaussian (weight 0.035265, occupation count 9.979906, vector size 39)
WARNING (gmm-est[5.5.1124~1-21ae4]:MleDiagGmmUpdate():mle-diag-gmm.cc:359) Too little data - removing Gaussian (weight 0.046296, occupation count 9.999995, vector size 39)
WARNING (gmm-est[5.5.1124~1-21ae4]:MleDiagGmmUpdate():mle-diag-gmm.cc:359) Too little data - removing Gaussian (weight 0.062684, occupation count 9.966688, vector size 39)
WARNING (gmm-est[5.5.1124~1-21ae4]:MleDiagGmmUpdate():mle-diag-gmm.cc:359) Too little data - removing Gaussian (weight 0.038136, occupation count 9.991523, vector size 39)
WARNING (gmm-est[5.5.1124~1-21ae4]:MleDiagGmmUpdate():mle-diag-gmm.cc:359) Too little data - removing Gaussian (weight 0.049256, occupation count 9.999035, vector size 39)
LOG (gmm-est[5.5.1124~1-21ae4]:MleAmDiagGmmUpdate():mle-am-diag-gmm.cc:225) 0 variance elements floored in 0 Gaussians, out of 9996
LOG (gmm-est[5.5.1124~1-21ae4]:MleAmDiagGmmUpdate():mle-am-diag-gmm.cc:229) Removed 7 Gaussians due to counts < --min-gaussian-occupancy=10 and --remove-low-count-gaussians=true
LOG (gmm-est[5.5.1124~1-21ae4]:main():gmm-est.cc:113) GMM update: Overall 0.0757773 objective function improvement per frame over 521991 frames
LOG (gmm-est[5.5.1124~1-21ae4]:main():gmm-est.cc:116) GMM update: Overall avg like per frame = -86.9557 over 521991 frames.
LOG (gmm-est[5.5.1124~1-21ae4]:SplitByCount():am-diag-gmm.cc:116) Split 960 states with target = 10000, power = 0.25, perturb_factor = 0.01 and min_count = 20, split #Gauss from 9996 to 10025
LOG (gmm-est[5.5.1124~1-21ae4]:main():gmm-est.cc:146) Written model to exp/tri1/31.mdl
# Accounting: time=0 threads=1
# Ended (code 0) at Thu Dec  7 00:05:14 WIB 2023, elapsed time 0 seconds
