# gmm-est --mix-up=2640 --power=0.25 --write-occs=exp/tri1/4.occs exp/tri1/3.mdl "gmm-sum-accs - exp/tri1/3.*.acc |" exp/tri1/4.mdl 
# Started at Tue Dec  5 23:34:45 WIB 2023
#
gmm-est --mix-up=2640 --power=0.25 --write-occs=exp/tri1/4.occs exp/tri1/3.mdl 'gmm-sum-accs - exp/tri1/3.*.acc |' exp/tri1/4.mdl 
gmm-sum-accs - exp/tri1/3.1.acc 
LOG (gmm-sum-accs[5.5.1124~1-21ae4]:main():gmm-sum-accs.cc:63) Summed 1 stats, total count 523342, avg like/frame -93.4636
LOG (gmm-sum-accs[5.5.1124~1-21ae4]:main():gmm-sum-accs.cc:66) Total count of stats is 523342
LOG (gmm-sum-accs[5.5.1124~1-21ae4]:main():gmm-sum-accs.cc:67) Written stats to -
LOG (gmm-est[5.5.1124~1-21ae4]:MleUpdate():transition-model.cc:528) TransitionModel::Update, objf change is 0 per frame over 523342 frames. 
LOG (gmm-est[5.5.1124~1-21ae4]:MleUpdate():transition-model.cc:531) 43 probabilities floored, 1980 out of 3922 transition-states skipped due to insuffient data (it is normal to have some skipped.)
LOG (gmm-est[5.5.1124~1-21ae4]:main():gmm-est.cc:102) Transition model update: Overall 0 log-like improvement per frame over 523342 frames.
WARNING (gmm-est[5.5.1124~1-21ae4]:MleDiagGmmUpdate():mle-diag-gmm.cc:365) Gaussian has too little data but not removing it because it is the last Gaussian: i = 0, occ = 0, weight = 1
LOG (gmm-est[5.5.1124~1-21ae4]:MleAmDiagGmmUpdate():mle-am-diag-gmm.cc:225) 0 variance elements floored in 0 Gaussians, out of 2320
LOG (gmm-est[5.5.1124~1-21ae4]:MleAmDiagGmmUpdate():mle-am-diag-gmm.cc:229) Removed 0 Gaussians due to counts < --min-gaussian-occupancy=10 and --remove-low-count-gaussians=true
LOG (gmm-est[5.5.1124~1-21ae4]:main():gmm-est.cc:113) GMM update: Overall 0.663121 objective function improvement per frame over 523342 frames
LOG (gmm-est[5.5.1124~1-21ae4]:main():gmm-est.cc:116) GMM update: Overall avg like per frame = -93.4636 over 523342 frames.
LOG (gmm-est[5.5.1124~1-21ae4]:SplitByCount():am-diag-gmm.cc:116) Split 960 states with target = 2640, power = 0.25, perturb_factor = 0.01 and min_count = 20, split #Gauss from 2320 to 2640
LOG (gmm-est[5.5.1124~1-21ae4]:main():gmm-est.cc:146) Written model to exp/tri1/4.mdl
# Accounting: time=0 threads=1
# Ended (code 0) at Tue Dec  5 23:34:45 WIB 2023, elapsed time 0 seconds
