# align-equal-compiled "ark:gunzip -c exp/mono/fsts.1.gz|" "ark,s,cs:apply-cmvn  --utt2spk=ark:data/train/split1/1/utt2spk scp:data/train/split1/1/cmvn.scp scp:data/train/split1/1/feats.scp ark:- | add-deltas  ark:- ark:- |" ark,t:- | gmm-acc-stats-ali --binary=true exp/mono/0.mdl "ark,s,cs:apply-cmvn  --utt2spk=ark:data/train/split1/1/utt2spk scp:data/train/split1/1/cmvn.scp scp:data/train/split1/1/feats.scp ark:- | add-deltas  ark:- ark:- |" ark:- exp/mono/0.1.acc 
# Started at Thu Dec  7 00:01:14 WIB 2023
#
align-equal-compiled 'ark:gunzip -c exp/mono/fsts.1.gz|' 'ark,s,cs:apply-cmvn  --utt2spk=ark:data/train/split1/1/utt2spk scp:data/train/split1/1/cmvn.scp scp:data/train/split1/1/feats.scp ark:- | add-deltas  ark:- ark:- |' ark,t:- 
gmm-acc-stats-ali --binary=true exp/mono/0.mdl 'ark,s,cs:apply-cmvn  --utt2spk=ark:data/train/split1/1/utt2spk scp:data/train/split1/1/cmvn.scp scp:data/train/split1/1/feats.scp ark:- | add-deltas  ark:- ark:- |' ark:- exp/mono/0.1.acc 
add-deltas ark:- ark:- 
add-deltas ark:- ark:- 
apply-cmvn --utt2spk=ark:data/train/split1/1/utt2spk scp:data/train/split1/1/cmvn.scp scp:data/train/split1/1/feats.scp ark:- 
apply-cmvn --utt2spk=ark:data/train/split1/1/utt2spk scp:data/train/split1/1/cmvn.scp scp:data/train/split1/1/feats.scp ark:- 
LOG (gmm-acc-stats-ali[5.5.1124~1-21ae4]:main():gmm-acc-stats-ali.cc:105) Processed 50 utterances; for utterance Female-2-Female-2_19 avg. like is -104.303 over 735 frames.
LOG (gmm-acc-stats-ali[5.5.1124~1-21ae4]:main():gmm-acc-stats-ali.cc:105) Processed 100 utterances; for utterance Female-3-Female-3_32 avg. like is -109.557 over 775 frames.
LOG (gmm-acc-stats-ali[5.5.1124~1-21ae4]:main():gmm-acc-stats-ali.cc:105) Processed 150 utterances; for utterance Female-4-Female-4_43 avg. like is -102.471 over 367 frames.
LOG (gmm-acc-stats-ali[5.5.1124~1-21ae4]:main():gmm-acc-stats-ali.cc:105) Processed 200 utterances; for utterance Female-5-Female-5_8 avg. like is -107.63 over 753 frames.
LOG (gmm-acc-stats-ali[5.5.1124~1-21ae4]:main():gmm-acc-stats-ali.cc:105) Processed 250 utterances; for utterance Female-7-human_rights_un_ind_rd_0013 avg. like is -106.003 over 652 frames.
LOG (gmm-acc-stats-ali[5.5.1124~1-21ae4]:main():gmm-acc-stats-ali.cc:105) Processed 300 utterances; for utterance Female-7-human_rights_un_ind_rd_0074 avg. like is -101.717 over 590 frames.
LOG (gmm-acc-stats-ali[5.5.1124~1-21ae4]:main():gmm-acc-stats-ali.cc:105) Processed 350 utterances; for utterance Male-1-Male-1_10 avg. like is -103.978 over 864 frames.
LOG (gmm-acc-stats-ali[5.5.1124~1-21ae4]:main():gmm-acc-stats-ali.cc:105) Processed 400 utterances; for utterance Male-10-Male-10_24 avg. like is -96.4386 over 558 frames.
LOG (gmm-acc-stats-ali[5.5.1124~1-21ae4]:main():gmm-acc-stats-ali.cc:105) Processed 450 utterances; for utterance Male-11-Male-11_34 avg. like is -106.747 over 543 frames.
LOG (gmm-acc-stats-ali[5.5.1124~1-21ae4]:main():gmm-acc-stats-ali.cc:105) Processed 500 utterances; for utterance Male-12-Male-12_45 avg. like is -106.334 over 570 frames.
LOG (gmm-acc-stats-ali[5.5.1124~1-21ae4]:main():gmm-acc-stats-ali.cc:105) Processed 550 utterances; for utterance Male-2-Male-2_11 avg. like is -106.937 over 433 frames.
LOG (gmm-acc-stats-ali[5.5.1124~1-21ae4]:main():gmm-acc-stats-ali.cc:105) Processed 600 utterances; for utterance Male-3-Male-3_21 avg. like is -102.529 over 354 frames.
LOG (gmm-acc-stats-ali[5.5.1124~1-21ae4]:main():gmm-acc-stats-ali.cc:105) Processed 650 utterances; for utterance Male-4-Male-4_30 avg. like is -109.683 over 392 frames.
LOG (gmm-acc-stats-ali[5.5.1124~1-21ae4]:main():gmm-acc-stats-ali.cc:105) Processed 700 utterances; for utterance Male-5-Male-5_4 avg. like is -101.098 over 535 frames.
LOG (gmm-acc-stats-ali[5.5.1124~1-21ae4]:main():gmm-acc-stats-ali.cc:105) Processed 750 utterances; for utterance Male-7-Male-7_10 avg. like is -102.404 over 923 frames.
LOG (gmm-acc-stats-ali[5.5.1124~1-21ae4]:main():gmm-acc-stats-ali.cc:105) Processed 800 utterances; for utterance Male-8-Male-8_24 avg. like is -95.961 over 970 frames.
LOG (apply-cmvn[5.5.1124~1-21ae4]:main():apply-cmvn.cc:162) Applied cepstral mean normalization to 868 utterances, errors on 0
LOG (align-equal-compiled[5.5.1124~1-21ae4]:main():align-equal-compiled.cc:107) Success: done 868 utterances.
LOG (gmm-acc-stats-ali[5.5.1124~1-21ae4]:main():gmm-acc-stats-ali.cc:105) Processed 850 utterances; for utterance Male-9-Male-9_35 avg. like is -114.006 over 461 frames.
LOG (apply-cmvn[5.5.1124~1-21ae4]:main():apply-cmvn.cc:162) Applied cepstral mean normalization to 868 utterances, errors on 0
LOG (gmm-acc-stats-ali[5.5.1124~1-21ae4]:main():gmm-acc-stats-ali.cc:112) Done 868 files, 0 with errors.
LOG (gmm-acc-stats-ali[5.5.1124~1-21ae4]:main():gmm-acc-stats-ali.cc:115) Overall avg like per frame (Gaussian only) = -104.731 over 523752 frames.
LOG (gmm-acc-stats-ali[5.5.1124~1-21ae4]:main():gmm-acc-stats-ali.cc:123) Written accs.
# Accounting: time=1 threads=1
# Ended (code 0) at Thu Dec  7 00:01:15 WIB 2023, elapsed time 1 seconds
