# gmm-align-compiled --transition-scale=1.0 --acoustic-scale=0.1 --self-loop-scale=0.1 --beam=10 --retry-beam=40 --careful=false "gmm-boost-silence --boost=1.0 1 exp/mono/3.mdl - |" "ark:gunzip -c exp/mono/fsts.1.gz|" "ark,s,cs:apply-cmvn  --utt2spk=ark:data/train/split1/1/utt2spk scp:data/train/split1/1/cmvn.scp scp:data/train/split1/1/feats.scp ark:- | add-deltas  ark:- ark:- |" "ark,t:|gzip -c >exp/mono/ali.1.gz" 
# Started at Thu Dec  7 00:01:40 WIB 2023
#
gmm-align-compiled --transition-scale=1.0 --acoustic-scale=0.1 --self-loop-scale=0.1 --beam=10 --retry-beam=40 --careful=false 'gmm-boost-silence --boost=1.0 1 exp/mono/3.mdl - |' 'ark:gunzip -c exp/mono/fsts.1.gz|' 'ark,s,cs:apply-cmvn  --utt2spk=ark:data/train/split1/1/utt2spk scp:data/train/split1/1/cmvn.scp scp:data/train/split1/1/feats.scp ark:- | add-deltas  ark:- ark:- |' 'ark,t:|gzip -c >exp/mono/ali.1.gz' 
gmm-boost-silence --boost=1.0 1 exp/mono/3.mdl - 
WARNING (gmm-boost-silence[5.5.1124~1-21ae4]:main():gmm-boost-silence.cc:82) The pdfs for the silence phones may be shared by other phones (note: this probably does not matter.)
LOG (gmm-boost-silence[5.5.1124~1-21ae4]:main():gmm-boost-silence.cc:93) Boosted weights for 5 pdfs, by factor of 1
LOG (gmm-boost-silence[5.5.1124~1-21ae4]:main():gmm-boost-silence.cc:103) Wrote model to -
apply-cmvn --utt2spk=ark:data/train/split1/1/utt2spk scp:data/train/split1/1/cmvn.scp scp:data/train/split1/1/feats.scp ark:- 
add-deltas ark:- ark:- 
LOG (gmm-align-compiled[5.5.1124~1-21ae4]:main():gmm-align-compiled.cc:127) Female-1-Female-1_1
LOG (gmm-align-compiled[5.5.1124~1-21ae4]:main():gmm-align-compiled.cc:127) Female-1-Female-1_10
LOG (gmm-align-compiled[5.5.1124~1-21ae4]:main():gmm-align-compiled.cc:127) Female-1-Female-1_11
LOG (gmm-align-compiled[5.5.1124~1-21ae4]:main():gmm-align-compiled.cc:127) Female-1-Female-1_12
LOG (gmm-align-compiled[5.5.1124~1-21ae4]:main():gmm-align-compiled.cc:127) Female-1-Female-1_13
WARNING (gmm-align-compiled[5.5.1124~1-21ae4]:AlignUtteranceWrapper():decoder-wrappers.cc:617) Retrying utterance Female-1-Female-1_13 with beam 40
LOG (gmm-align-compiled[5.5.1124~1-21ae4]:main():gmm-align-compiled.cc:127) Female-1-Female-1_14
LOG (gmm-align-compiled[5.5.1124~1-21ae4]:main():gmm-align-compiled.cc:127) Female-1-Female-1_15
LOG (gmm-align-compiled[5.5.1124~1-21ae4]:main():gmm-align-compiled.cc:127) Female-1-Female-1_16
LOG (gmm-align-compiled[5.5.1124~1-21ae4]:main():gmm-align-compiled.cc:127) Female-1-Female-1_17
LOG (gmm-align-compiled[5.5.1124~1-21ae4]:main():gmm-align-compiled.cc:127) Female-1-Female-1_18
LOG (gmm-align-compiled[5.5.1124~1-21ae4]:main():gmm-align-compiled.cc:127) Female-1-Female-1_19
LOG (gmm-align-compiled[5.5.1124~1-21ae4]:main():gmm-align-compiled.cc:127) Female-1-Female-1_2
LOG (gmm-align-compiled[5.5.1124~1-21ae4]:main():gmm-align-compiled.cc:127) Female-1-Female-1_20
LOG (gmm-align-compiled[5.5.1124~1-21ae4]:main():gmm-align-compiled.cc:127) Female-1-Female-1_21
LOG (gmm-align-compiled[5.5.1124~1-21ae4]:main():gmm-align-compiled.cc:127) Female-1-Female-1_23
LOG (gmm-align-compiled[5.5.1124~1-21ae4]:main():gmm-align-compiled.cc:127) Female-1-Female-1_24
LOG (gmm-align-compiled[5.5.1124~1-21ae4]:main():gmm-align-compiled.cc:127) Female-1-Female-1_25
LOG (gmm-align-compiled[5.5.1124~1-21ae4]:main():gmm-align-compiled.cc:127) Female-1-Female-1_26
LOG (gmm-align-compiled[5.5.1124~1-21ae4]:main():gmm-align-compiled.cc:127) Female-1-Female-1_28
LOG (gmm-align-compiled[5.5.1124~1-21ae4]:main():gmm-align-compiled.cc:127) Female-1-Female-1_29
LOG (gmm-align-compiled[5.5.1124~1-21ae4]:main():gmm-align-compiled.cc:127) Female-1-Female-1_3
LOG (gmm-align-compiled[5.5.1124~1-21ae4]:main():gmm-align-compiled.cc:127) Female-1-Female-1_30
LOG (gmm-align-compiled[5.5.1124~1-21ae4]:main():gmm-align-compiled.cc:127) Female-1-Female-1_31
LOG (gmm-align-compiled[5.5.1124~1-21ae4]:main():gmm-align-compiled.cc:127) Female-1-Female-1_34
LOG (gmm-align-compiled[5.5.1124~1-21ae4]:main():gmm-align-compiled.cc:127) Female-1-Female-1_35
LOG (gmm-align-compiled[5.5.1124~1-21ae4]:main():gmm-align-compiled.cc:127) Female-1-Female-1_36
LOG (gmm-align-compiled[5.5.1124~1-21ae4]:main():gmm-align-compiled.cc:127) Female-1-Female-1_38
LOG (gmm-align-compiled[5.5.1124~1-21ae4]:main():gmm-align-compiled.cc:127) Female-1-Female-1_39
LOG (gmm-align-compiled[5.5.1124~1-21ae4]:main():gmm-align-compiled.cc:127) Female-1-Female-1_4
LOG (gmm-align-compiled[5.5.1124~1-21ae4]:main():gmm-align-compiled.cc:127) Female-1-Female-1_41
WARNING (gmm-align-compiled[5.5.1124~1-21ae4]:AlignUtteranceWrapper():decoder-wrappers.cc:617) Retrying utterance Female-1-Female-1_41 with beam 40
WARNING (gmm-align-compiled[5.5.1124~1-21ae4]:AlignUtteranceWrapper():decoder-wrappers.cc:626) Did not successfully decode file Female-1-Female-1_41, len = 523
LOG (gmm-align-compiled[5.5.1124~1-21ae4]:main():gmm-align-compiled.cc:127) Female-1-Female-1_43
LOG (gmm-align-compiled[5.5.1124~1-21ae4]:main():gmm-align-compiled.cc:127) Female-1-Female-1_44
LOG (gmm-align-compiled[5.5.1124~1-21ae4]:main():gmm-align-compiled.cc:127) Female-1-Female-1_46
WARNING (gmm-align-compiled[5.5.1124~1-21ae4]:AlignUtteranceWrapper():decoder-wrappers.cc:617) Retrying utterance Female-1-Female-1_46 with beam 40
LOG (gmm-align-compiled[5.5.1124~1-21ae4]:main():gmm-align-compiled.cc:127) Female-1-Female-1_47
WARNING (gmm-align-compiled[5.5.1124~1-21ae4]:AlignUtteranceWrapper():decoder-wrappers.cc:617) Retrying utterance Female-1-Female-1_47 with beam 40
LOG (gmm-align-compiled[5.5.1124~1-21ae4]:main():gmm-align-compiled.cc:127) Female-1-Female-1_48
LOG (gmm-align-compiled[5.5.1124~1-21ae4]:main():gmm-align-compiled.cc:127) Female-1-Female-1_5
LOG (gmm-align-compiled[5.5.1124~1-21ae4]:main():gmm-align-compiled.cc:127) Female-1-Female-1_50
LOG (gmm-align-compiled[5.5.1124~1-21ae4]:main():gmm-align-compiled.cc:127) Female-1-Female-1_6
LOG (gmm-align-compiled[5.5.1124~1-21ae4]:main():gmm-align-compiled.cc:127) Female-1-Female-1_7
LOG (gmm-align-compiled[5.5.1124~1-21ae4]:main():gmm-align-compiled.cc:127) Female-1-Female-1_8
LOG (gmm-align-compiled[5.5.1124~1-21ae4]:main():gmm-align-compiled.cc:127) Female-2-Female-2_1
LOG (gmm-align-compiled[5.5.1124~1-21ae4]:main():gmm-align-compiled.cc:127) Female-2-Female-2_10
LOG (gmm-align-compiled[5.5.1124~1-21ae4]:main():gmm-align-compiled.cc:127) Female-2-Female-2_11
LOG (gmm-align-compiled[5.5.1124~1-21ae4]:main():gmm-align-compiled.cc:127) Female-2-Female-2_12
LOG (gmm-align-compiled[5.5.1124~1-21ae4]:main():gmm-align-compiled.cc:127) Female-2-Female-2_13
LOG (gmm-align-compiled[5.5.1124~1-21ae4]:main():gmm-align-compiled.cc:127) Female-2-Female-2_14
LOG (gmm-align-compiled[5.5.1124~1-21ae4]:main():gmm-align-compiled.cc:127) Female-2-Female-2_16
LOG (gmm-align-compiled[5.5.1124~1-21ae4]:main():gmm-align-compiled.cc:127) Female-2-Female-2_17
LOG (gmm-align-compiled[5.5.1124~1-21ae4]:main():gmm-align-compiled.cc:127) Female-2-Female-2_18
LOG (gmm-align-compiled[5.5.1124~1-21ae4]:main():gmm-align-compiled.cc:127) Female-2-Female-2_19
LOG (gmm-align-compiled[5.5.1124~1-21ae4]:main():gmm-align-compiled.cc:127) Female-2-Female-2_20
LOG (gmm-align-compiled[5.5.1124~1-21ae4]:main():gmm-align-compiled.cc:127) Female-2-Female-2_22
LOG (gmm-align-compiled[5.5.1124~1-21ae4]:main():gmm-align-compiled.cc:127) Female-2-Female-2_23
LOG (gmm-align-compiled[5.5.1124~1-21ae4]:main():gmm-align-compiled.cc:127) Female-2-Female-2_24
LOG (gmm-align-compiled[5.5.1124~1-21ae4]:main():gmm-align-compiled.cc:127) Female-2-Female-2_25
LOG (gmm-align-compiled[5.5.1124~1-21ae4]:main():gmm-align-compiled.cc:127) Female-2-Female-2_26
LOG (gmm-align-compiled[5.5.1124~1-21ae4]:main():gmm-align-compiled.cc:127) Female-2-Female-2_28
LOG (gmm-align-compiled[5.5.1124~1-21ae4]:main():gmm-align-compiled.cc:127) Female-2-Female-2_29
LOG (gmm-align-compiled[5.5.1124~1-21ae4]:main():gmm-align-compiled.cc:127) Female-2-Female-2_30
LOG (gmm-align-compiled[5.5.1124~1-21ae4]:main():gmm-align-compiled.cc:127) Female-2-Female-2_31
LOG (gmm-align-compiled[5.5.1124~1-21ae4]:main():gmm-align-compiled.cc:127) Female-2-Female-2_32
LOG (gmm-align-compiled[5.5.1124~1-21ae4]:main():gmm-align-compiled.cc:127) Female-2-Female-2_33
LOG (gmm-align-compiled[5.5.1124~1-21ae4]:main():gmm-align-compiled.cc:127) Female-2-Female-2_34
LOG (gmm-align-compiled[5.5.1124~1-21ae4]:main():gmm-align-compiled.cc:127) Female-2-Female-2_35
LOG (gmm-align-compiled[5.5.1124~1-21ae4]:main():gmm-align-compiled.cc:127) Female-2-Female-2_36
LOG (gmm-align-compiled[5.5.1124~1-21ae4]:main():gmm-align-compiled.cc:127) Female-2-Female-2_37
LOG (gmm-align-compiled[5.5.1124~1-21ae4]:main():gmm-align-compiled.cc:127) Female-2-Female-2_39
LOG (gmm-align-compiled[5.5.1124~1-21ae4]:main():gmm-align-compiled.cc:127) Female-2-Female-2_4
LOG (gmm-align-compiled[5.5.1124~1-21ae4]:main():gmm-align-compiled.cc:127) Female-2-Female-2_40
LOG (gmm-align-compiled[5.5.1124~1-21ae4]:main():gmm-align-compiled.cc:127) Female-2-Female-2_41
LOG (gmm-align-compiled[5.5.1124~1-21ae4]:main():gmm-align-compiled.cc:127) Female-2-Female-2_43
LOG (gmm-align-compiled[5.5.1124~1-21ae4]:main():gmm-align-compiled.cc:127) Female-2-Female-2_44
LOG (gmm-align-compiled[5.5.1124~1-21ae4]:main():gmm-align-compiled.cc:127) Female-2-Female-2_45
LOG (gmm-align-compiled[5.5.1124~1-21ae4]:main():gmm-align-compiled.cc:127) Female-2-Female-2_46
LOG (gmm-align-compiled[5.5.1124~1-21ae4]:main():gmm-align-compiled.cc:127) Female-2-Female-2_47
LOG (gmm-align-compiled[5.5.1124~1-21ae4]:main():gmm-align-compiled.cc:127) Female-2-Female-2_48
LOG (gmm-align-compiled[5.5.1124~1-21ae4]:main():gmm-align-compiled.cc:127) Female-2-Female-2_49
LOG (gmm-align-compiled[5.5.1124~1-21ae4]:main():gmm-align-compiled.cc:127) Female-2-Female-2_6
LOG (gmm-align-compiled[5.5.1124~1-21ae4]:main():gmm-align-compiled.cc:127) Female-2-Female-2_7
LOG (gmm-align-compiled[5.5.1124~1-21ae4]:main():gmm-align-compiled.cc:127) Female-2-Female-2_8
LOG (gmm-align-compiled[5.5.1124~1-21ae4]:main():gmm-align-compiled.cc:127) Female-3-Female-3_1
LOG (gmm-align-compiled[5.5.1124~1-21ae4]:main():gmm-align-compiled.cc:127) Female-3-Female-3_10
LOG (gmm-align-compiled[5.5.1124~1-21ae4]:main():gmm-align-compiled.cc:127) Female-3-Female-3_12
LOG (gmm-align-compiled[5.5.1124~1-21ae4]:main():gmm-align-compiled.cc:127) Female-3-Female-3_13
LOG (gmm-align-compiled[5.5.1124~1-21ae4]:main():gmm-align-compiled.cc:127) Female-3-Female-3_15
LOG (gmm-align-compiled[5.5.1124~1-21ae4]:main():gmm-align-compiled.cc:127) Female-3-Female-3_17
LOG (gmm-align-compiled[5.5.1124~1-21ae4]:main():gmm-align-compiled.cc:127) Female-3-Female-3_18
LOG (gmm-align-compiled[5.5.1124~1-21ae4]:main():gmm-align-compiled.cc:127) Female-3-Female-3_19
LOG (gmm-align-compiled[5.5.1124~1-21ae4]:main():gmm-align-compiled.cc:127) Female-3-Female-3_21
LOG (gmm-align-compiled[5.5.1124~1-21ae4]:main():gmm-align-compiled.cc:127) Female-3-Female-3_23
LOG (gmm-align-compiled[5.5.1124~1-21ae4]:main():gmm-align-compiled.cc:127) Female-3-Female-3_24
LOG (gmm-align-compiled[5.5.1124~1-21ae4]:main():gmm-align-compiled.cc:127) Female-3-Female-3_25
LOG (gmm-align-compiled[5.5.1124~1-21ae4]:main():gmm-align-compiled.cc:127) Female-3-Female-3_26
LOG (gmm-align-compiled[5.5.1124~1-21ae4]:main():gmm-align-compiled.cc:127) Female-3-Female-3_27
LOG (gmm-align-compiled[5.5.1124~1-21ae4]:main():gmm-align-compiled.cc:127) Female-3-Female-3_28
LOG (gmm-align-compiled[5.5.1124~1-21ae4]:main():gmm-align-compiled.cc:127) Female-3-Female-3_29
LOG (gmm-align-compiled[5.5.1124~1-21ae4]:main():gmm-align-compiled.cc:127) Female-3-Female-3_3
LOG (gmm-align-compiled[5.5.1124~1-21ae4]:main():gmm-align-compiled.cc:127) Female-3-Female-3_30
LOG (gmm-align-compiled[5.5.1124~1-21ae4]:main():gmm-align-compiled.cc:127) Female-3-Female-3_31
LOG (gmm-align-compiled[5.5.1124~1-21ae4]:main():gmm-align-compiled.cc:127) Female-3-Female-3_32
LOG (gmm-align-compiled[5.5.1124~1-21ae4]:main():gmm-align-compiled.cc:127) Female-3-Female-3_33
LOG (gmm-align-compiled[5.5.1124~1-21ae4]:main():gmm-align-compiled.cc:127) Female-3-Female-3_34
LOG (gmm-align-compiled[5.5.1124~1-21ae4]:main():gmm-align-compiled.cc:127) Female-3-Female-3_35
LOG (gmm-align-compiled[5.5.1124~1-21ae4]:main():gmm-align-compiled.cc:127) Female-3-Female-3_36
LOG (gmm-align-compiled[5.5.1124~1-21ae4]:main():gmm-align-compiled.cc:127) Female-3-Female-3_37
LOG (gmm-align-compiled[5.5.1124~1-21ae4]:main():gmm-align-compiled.cc:127) Female-3-Female-3_38
LOG (gmm-align-compiled[5.5.1124~1-21ae4]:main():gmm-align-compiled.cc:127) Female-3-Female-3_4
LOG (gmm-align-compiled[5.5.1124~1-21ae4]:main():gmm-align-compiled.cc:127) Female-3-Female-3_40
LOG (gmm-align-compiled[5.5.1124~1-21ae4]:main():gmm-align-compiled.cc:127) Female-3-Female-3_41
LOG (gmm-align-compiled[5.5.1124~1-21ae4]:main():gmm-align-compiled.cc:127) Female-3-Female-3_43
LOG (gmm-align-compiled[5.5.1124~1-21ae4]:main():gmm-align-compiled.cc:127) Female-3-Female-3_44
LOG (gmm-align-compiled[5.5.1124~1-21ae4]:main():gmm-align-compiled.cc:127) Female-3-Female-3_45
LOG (gmm-align-compiled[5.5.1124~1-21ae4]:main():gmm-align-compiled.cc:127) Female-3-Female-3_46
LOG (gmm-align-compiled[5.5.1124~1-21ae4]:main():gmm-align-compiled.cc:127) Female-3-Female-3_47
LOG (gmm-align-compiled[5.5.1124~1-21ae4]:main():gmm-align-compiled.cc:127) Female-3-Female-3_49
LOG (gmm-align-compiled[5.5.1124~1-21ae4]:main():gmm-align-compiled.cc:127) Female-3-Female-3_5
LOG (gmm-align-compiled[5.5.1124~1-21ae4]:main():gmm-align-compiled.cc:127) Female-3-Female-3_50
LOG (gmm-align-compiled[5.5.1124~1-21ae4]:main():gmm-align-compiled.cc:127) Female-3-Female-3_6
LOG (gmm-align-compiled[5.5.1124~1-21ae4]:main():gmm-align-compiled.cc:127) Female-3-Female-3_7
LOG (gmm-align-compiled[5.5.1124~1-21ae4]:main():gmm-align-compiled.cc:127) Female-3-Female-3_8
LOG (gmm-align-compiled[5.5.1124~1-21ae4]:main():gmm-align-compiled.cc:127) Female-4-Female-4_1
LOG (gmm-align-compiled[5.5.1124~1-21ae4]:main():gmm-align-compiled.cc:127) Female-4-Female-4_10
LOG (gmm-align-compiled[5.5.1124~1-21ae4]:main():gmm-align-compiled.cc:127) Female-4-Female-4_12
LOG (gmm-align-compiled[5.5.1124~1-21ae4]:main():gmm-align-compiled.cc:127) Female-4-Female-4_13
LOG (gmm-align-compiled[5.5.1124~1-21ae4]:main():gmm-align-compiled.cc:127) Female-4-Female-4_15
LOG (gmm-align-compiled[5.5.1124~1-21ae4]:main():gmm-align-compiled.cc:127) Female-4-Female-4_16
LOG (gmm-align-compiled[5.5.1124~1-21ae4]:main():gmm-align-compiled.cc:127) Female-4-Female-4_17
WARNING (gmm-align-compiled[5.5.1124~1-21ae4]:AlignUtteranceWrapper():decoder-wrappers.cc:617) Retrying utterance Female-4-Female-4_17 with beam 40
LOG (gmm-align-compiled[5.5.1124~1-21ae4]:main():gmm-align-compiled.cc:127) Female-4-Female-4_18
LOG (gmm-align-compiled[5.5.1124~1-21ae4]:main():gmm-align-compiled.cc:127) Female-4-Female-4_19
LOG (gmm-align-compiled[5.5.1124~1-21ae4]:main():gmm-align-compiled.cc:127) Female-4-Female-4_20
WARNING (gmm-align-compiled[5.5.1124~1-21ae4]:AlignUtteranceWrapper():decoder-wrappers.cc:617) Retrying utterance Female-4-Female-4_20 with beam 40
LOG (gmm-align-compiled[5.5.1124~1-21ae4]:main():gmm-align-compiled.cc:127) Female-4-Female-4_21
LOG (gmm-align-compiled[5.5.1124~1-21ae4]:main():gmm-align-compiled.cc:127) Female-4-Female-4_23
LOG (gmm-align-compiled[5.5.1124~1-21ae4]:main():gmm-align-compiled.cc:127) Female-4-Female-4_24
LOG (gmm-align-compiled[5.5.1124~1-21ae4]:main():gmm-align-compiled.cc:127) Female-4-Female-4_26
LOG (gmm-align-compiled[5.5.1124~1-21ae4]:main():gmm-align-compiled.cc:127) Female-4-Female-4_27
LOG (gmm-align-compiled[5.5.1124~1-21ae4]:main():gmm-align-compiled.cc:127) Female-4-Female-4_29
LOG (gmm-align-compiled[5.5.1124~1-21ae4]:main():gmm-align-compiled.cc:127) Female-4-Female-4_3
LOG (gmm-align-compiled[5.5.1124~1-21ae4]:main():gmm-align-compiled.cc:127) Female-4-Female-4_31
LOG (gmm-align-compiled[5.5.1124~1-21ae4]:main():gmm-align-compiled.cc:127) Female-4-Female-4_32
LOG (gmm-align-compiled[5.5.1124~1-21ae4]:main():gmm-align-compiled.cc:127) Female-4-Female-4_33
LOG (gmm-align-compiled[5.5.1124~1-21ae4]:main():gmm-align-compiled.cc:127) Female-4-Female-4_34
LOG (gmm-align-compiled[5.5.1124~1-21ae4]:main():gmm-align-compiled.cc:127) Female-4-Female-4_35
LOG (gmm-align-compiled[5.5.1124~1-21ae4]:main():gmm-align-compiled.cc:127) Female-4-Female-4_36
LOG (gmm-align-compiled[5.5.1124~1-21ae4]:main():gmm-align-compiled.cc:127) Female-4-Female-4_37
LOG (gmm-align-compiled[5.5.1124~1-21ae4]:main():gmm-align-compiled.cc:127) Female-4-Female-4_38
LOG (gmm-align-compiled[5.5.1124~1-21ae4]:main():gmm-align-compiled.cc:127) Female-4-Female-4_39
LOG (gmm-align-compiled[5.5.1124~1-21ae4]:main():gmm-align-compiled.cc:127) Female-4-Female-4_4
LOG (gmm-align-compiled[5.5.1124~1-21ae4]:main():gmm-align-compiled.cc:127) Female-4-Female-4_41
LOG (gmm-align-compiled[5.5.1124~1-21ae4]:main():gmm-align-compiled.cc:127) Female-4-Female-4_42
LOG (gmm-align-compiled[5.5.1124~1-21ae4]:main():gmm-align-compiled.cc:127) Female-4-Female-4_43
LOG (gmm-align-compiled[5.5.1124~1-21ae4]:main():gmm-align-compiled.cc:127) Female-4-Female-4_45
LOG (gmm-align-compiled[5.5.1124~1-21ae4]:main():gmm-align-compiled.cc:127) Female-4-Female-4_46
LOG (gmm-align-compiled[5.5.1124~1-21ae4]:main():gmm-align-compiled.cc:127) Female-4-Female-4_47
LOG (gmm-align-compiled[5.5.1124~1-21ae4]:main():gmm-align-compiled.cc:127) Female-4-Female-4_48
LOG (gmm-align-compiled[5.5.1124~1-21ae4]:main():gmm-align-compiled.cc:127) Female-4-Female-4_49
LOG (gmm-align-compiled[5.5.1124~1-21ae4]:main():gmm-align-compiled.cc:127) Female-4-Female-4_5
LOG (gmm-align-compiled[5.5.1124~1-21ae4]:main():gmm-align-compiled.cc:127) Female-4-Female-4_50
LOG (gmm-align-compiled[5.5.1124~1-21ae4]:main():gmm-align-compiled.cc:127) Female-4-Female-4_6
LOG (gmm-align-compiled[5.5.1124~1-21ae4]:main():gmm-align-compiled.cc:127) Female-4-Female-4_7
LOG (gmm-align-compiled[5.5.1124~1-21ae4]:main():gmm-align-compiled.cc:127) Female-4-Female-4_9
LOG (gmm-align-compiled[5.5.1124~1-21ae4]:main():gmm-align-compiled.cc:127) Female-5-Female-5_1
LOG (gmm-align-compiled[5.5.1124~1-21ae4]:main():gmm-align-compiled.cc:127) Female-5-Female-5_10
LOG (gmm-align-compiled[5.5.1124~1-21ae4]:main():gmm-align-compiled.cc:127) Female-5-Female-5_11
LOG (gmm-align-compiled[5.5.1124~1-21ae4]:main():gmm-align-compiled.cc:127) Female-5-Female-5_12
LOG (gmm-align-compiled[5.5.1124~1-21ae4]:main():gmm-align-compiled.cc:127) Female-5-Female-5_13
LOG (gmm-align-compiled[5.5.1124~1-21ae4]:main():gmm-align-compiled.cc:127) Female-5-Female-5_16
LOG (gmm-align-compiled[5.5.1124~1-21ae4]:main():gmm-align-compiled.cc:127) Female-5-Female-5_17
LOG (gmm-align-compiled[5.5.1124~1-21ae4]:main():gmm-align-compiled.cc:127) Female-5-Female-5_18
LOG (gmm-align-compiled[5.5.1124~1-21ae4]:main():gmm-align-compiled.cc:127) Female-5-Female-5_19
LOG (gmm-align-compiled[5.5.1124~1-21ae4]:main():gmm-align-compiled.cc:127) Female-5-Female-5_21
LOG (gmm-align-compiled[5.5.1124~1-21ae4]:main():gmm-align-compiled.cc:127) Female-5-Female-5_22
LOG (gmm-align-compiled[5.5.1124~1-21ae4]:main():gmm-align-compiled.cc:127) Female-5-Female-5_23
LOG (gmm-align-compiled[5.5.1124~1-21ae4]:main():gmm-align-compiled.cc:127) Female-5-Female-5_25
LOG (gmm-align-compiled[5.5.1124~1-21ae4]:main():gmm-align-compiled.cc:127) Female-5-Female-5_26
LOG (gmm-align-compiled[5.5.1124~1-21ae4]:main():gmm-align-compiled.cc:127) Female-5-Female-5_27
LOG (gmm-align-compiled[5.5.1124~1-21ae4]:main():gmm-align-compiled.cc:127) Female-5-Female-5_28
LOG (gmm-align-compiled[5.5.1124~1-21ae4]:main():gmm-align-compiled.cc:127) Female-5-Female-5_29
LOG (gmm-align-compiled[5.5.1124~1-21ae4]:main():gmm-align-compiled.cc:127) Female-5-Female-5_3
LOG (gmm-align-compiled[5.5.1124~1-21ae4]:main():gmm-align-compiled.cc:127) Female-5-Female-5_31
LOG (gmm-align-compiled[5.5.1124~1-21ae4]:main():gmm-align-compiled.cc:127) Female-5-Female-5_32
LOG (gmm-align-compiled[5.5.1124~1-21ae4]:main():gmm-align-compiled.cc:127) Female-5-Female-5_33
LOG (gmm-align-compiled[5.5.1124~1-21ae4]:main():gmm-align-compiled.cc:127) Female-5-Female-5_34
LOG (gmm-align-compiled[5.5.1124~1-21ae4]:main():gmm-align-compiled.cc:127) Female-5-Female-5_35
LOG (gmm-align-compiled[5.5.1124~1-21ae4]:main():gmm-align-compiled.cc:127) Female-5-Female-5_37
LOG (gmm-align-compiled[5.5.1124~1-21ae4]:main():gmm-align-compiled.cc:127) Female-5-Female-5_38
LOG (gmm-align-compiled[5.5.1124~1-21ae4]:main():gmm-align-compiled.cc:127) Female-5-Female-5_39
LOG (gmm-align-compiled[5.5.1124~1-21ae4]:main():gmm-align-compiled.cc:127) Female-5-Female-5_4
LOG (gmm-align-compiled[5.5.1124~1-21ae4]:main():gmm-align-compiled.cc:127) Female-5-Female-5_40
LOG (gmm-align-compiled[5.5.1124~1-21ae4]:main():gmm-align-compiled.cc:127) Female-5-Female-5_41
LOG (gmm-align-compiled[5.5.1124~1-21ae4]:main():gmm-align-compiled.cc:127) Female-5-Female-5_42
LOG (gmm-align-compiled[5.5.1124~1-21ae4]:main():gmm-align-compiled.cc:127) Female-5-Female-5_43
LOG (gmm-align-compiled[5.5.1124~1-21ae4]:main():gmm-align-compiled.cc:127) Female-5-Female-5_45
LOG (gmm-align-compiled[5.5.1124~1-21ae4]:main():gmm-align-compiled.cc:127) Female-5-Female-5_46
LOG (gmm-align-compiled[5.5.1124~1-21ae4]:main():gmm-align-compiled.cc:127) Female-5-Female-5_47
LOG (gmm-align-compiled[5.5.1124~1-21ae4]:main():gmm-align-compiled.cc:127) Female-5-Female-5_48
LOG (gmm-align-compiled[5.5.1124~1-21ae4]:main():gmm-align-compiled.cc:127) Female-5-Female-5_49
LOG (gmm-align-compiled[5.5.1124~1-21ae4]:main():gmm-align-compiled.cc:127) Female-5-Female-5_5
LOG (gmm-align-compiled[5.5.1124~1-21ae4]:main():gmm-align-compiled.cc:127) Female-5-Female-5_50
LOG (gmm-align-compiled[5.5.1124~1-21ae4]:main():gmm-align-compiled.cc:127) Female-5-Female-5_7
LOG (gmm-align-compiled[5.5.1124~1-21ae4]:main():gmm-align-compiled.cc:127) Female-5-Female-5_8
LOG (gmm-align-compiled[5.5.1124~1-21ae4]:main():gmm-align-compiled.cc:127) Female-6-Female-6_1
LOG (gmm-align-compiled[5.5.1124~1-21ae4]:main():gmm-align-compiled.cc:127) Female-6-Female-6_12
LOG (gmm-align-compiled[5.5.1124~1-21ae4]:main():gmm-align-compiled.cc:127) Female-6-Female-6_13
LOG (gmm-align-compiled[5.5.1124~1-21ae4]:main():gmm-align-compiled.cc:127) Female-6-Female-6_14
LOG (gmm-align-compiled[5.5.1124~1-21ae4]:main():gmm-align-compiled.cc:127) Female-6-Female-6_15
LOG (gmm-align-compiled[5.5.1124~1-21ae4]:main():gmm-align-compiled.cc:127) Female-6-Female-6_16
LOG (gmm-align-compiled[5.5.1124~1-21ae4]:main():gmm-align-compiled.cc:127) Female-6-Female-6_17
LOG (gmm-align-compiled[5.5.1124~1-21ae4]:main():gmm-align-compiled.cc:127) Female-6-Female-6_18
LOG (gmm-align-compiled[5.5.1124~1-21ae4]:main():gmm-align-compiled.cc:127) Female-6-Female-6_19
LOG (gmm-align-compiled[5.5.1124~1-21ae4]:main():gmm-align-compiled.cc:127) Female-6-Female-6_2
LOG (gmm-align-compiled[5.5.1124~1-21ae4]:main():gmm-align-compiled.cc:127) Female-6-Female-6_20
LOG (gmm-align-compiled[5.5.1124~1-21ae4]:main():gmm-align-compiled.cc:127) Female-6-Female-6_21
LOG (gmm-align-compiled[5.5.1124~1-21ae4]:main():gmm-align-compiled.cc:127) Female-6-Female-6_22
LOG (gmm-align-compiled[5.5.1124~1-21ae4]:main():gmm-align-compiled.cc:127) Female-6-Female-6_23
LOG (gmm-align-compiled[5.5.1124~1-21ae4]:main():gmm-align-compiled.cc:127) Female-6-Female-6_24
LOG (gmm-align-compiled[5.5.1124~1-21ae4]:main():gmm-align-compiled.cc:127) Female-6-Female-6_25
LOG (gmm-align-compiled[5.5.1124~1-21ae4]:main():gmm-align-compiled.cc:127) Female-6-Female-6_26
LOG (gmm-align-compiled[5.5.1124~1-21ae4]:main():gmm-align-compiled.cc:127) Female-6-Female-6_27
LOG (gmm-align-compiled[5.5.1124~1-21ae4]:main():gmm-align-compiled.cc:127) Female-6-Female-6_28
LOG (gmm-align-compiled[5.5.1124~1-21ae4]:main():gmm-align-compiled.cc:127) Female-6-Female-6_29
LOG (gmm-align-compiled[5.5.1124~1-21ae4]:main():gmm-align-compiled.cc:127) Female-6-Female-6_3
LOG (gmm-align-compiled[5.5.1124~1-21ae4]:main():gmm-align-compiled.cc:127) Female-6-Female-6_30
LOG (gmm-align-compiled[5.5.1124~1-21ae4]:main():gmm-align-compiled.cc:127) Female-6-Female-6_31
LOG (gmm-align-compiled[5.5.1124~1-21ae4]:main():gmm-align-compiled.cc:127) Female-6-Female-6_32
LOG (gmm-align-compiled[5.5.1124~1-21ae4]:main():gmm-align-compiled.cc:127) Female-6-Female-6_35
LOG (gmm-align-compiled[5.5.1124~1-21ae4]:main():gmm-align-compiled.cc:127) Female-6-Female-6_36
LOG (gmm-align-compiled[5.5.1124~1-21ae4]:main():gmm-align-compiled.cc:127) Female-6-Female-6_37
LOG (gmm-align-compiled[5.5.1124~1-21ae4]:main():gmm-align-compiled.cc:127) Female-6-Female-6_39
LOG (gmm-align-compiled[5.5.1124~1-21ae4]:main():gmm-align-compiled.cc:127) Female-6-Female-6_4
LOG (gmm-align-compiled[5.5.1124~1-21ae4]:main():gmm-align-compiled.cc:127) Female-6-Female-6_40
LOG (gmm-align-compiled[5.5.1124~1-21ae4]:main():gmm-align-compiled.cc:127) Female-6-Female-6_44
LOG (gmm-align-compiled[5.5.1124~1-21ae4]:main():gmm-align-compiled.cc:127) Female-6-Female-6_45
LOG (gmm-align-compiled[5.5.1124~1-21ae4]:main():gmm-align-compiled.cc:127) Female-6-Female-6_46
LOG (gmm-align-compiled[5.5.1124~1-21ae4]:main():gmm-align-compiled.cc:127) Female-6-Female-6_47
LOG (gmm-align-compiled[5.5.1124~1-21ae4]:main():gmm-align-compiled.cc:127) Female-6-Female-6_48
LOG (gmm-align-compiled[5.5.1124~1-21ae4]:main():gmm-align-compiled.cc:127) Female-6-Female-6_5
LOG (gmm-align-compiled[5.5.1124~1-21ae4]:main():gmm-align-compiled.cc:127) Female-6-Female-6_50
LOG (gmm-align-compiled[5.5.1124~1-21ae4]:main():gmm-align-compiled.cc:127) Female-6-Female-6_6
LOG (gmm-align-compiled[5.5.1124~1-21ae4]:main():gmm-align-compiled.cc:127) Female-6-Female-6_7
LOG (gmm-align-compiled[5.5.1124~1-21ae4]:main():gmm-align-compiled.cc:127) Female-6-Female-6_8
LOG (gmm-align-compiled[5.5.1124~1-21ae4]:main():gmm-align-compiled.cc:127) Female-7-human_rights_un_ind_rd_0000
LOG (gmm-align-compiled[5.5.1124~1-21ae4]:main():gmm-align-compiled.cc:127) Female-7-human_rights_un_ind_rd_0001
LOG (gmm-align-compiled[5.5.1124~1-21ae4]:main():gmm-align-compiled.cc:127) Female-7-human_rights_un_ind_rd_0002
LOG (gmm-align-compiled[5.5.1124~1-21ae4]:main():gmm-align-compiled.cc:127) Female-7-human_rights_un_ind_rd_0003
LOG (gmm-align-compiled[5.5.1124~1-21ae4]:main():gmm-align-compiled.cc:127) Female-7-human_rights_un_ind_rd_0006
LOG (gmm-align-compiled[5.5.1124~1-21ae4]:main():gmm-align-compiled.cc:127) Female-7-human_rights_un_ind_rd_0007
LOG (gmm-align-compiled[5.5.1124~1-21ae4]:main():gmm-align-compiled.cc:127) Female-7-human_rights_un_ind_rd_0009
LOG (gmm-align-compiled[5.5.1124~1-21ae4]:main():gmm-align-compiled.cc:127) Female-7-human_rights_un_ind_rd_0011
LOG (gmm-align-compiled[5.5.1124~1-21ae4]:main():gmm-align-compiled.cc:127) Female-7-human_rights_un_ind_rd_0012
LOG (gmm-align-compiled[5.5.1124~1-21ae4]:main():gmm-align-compiled.cc:127) Female-7-human_rights_un_ind_rd_0013
LOG (gmm-align-compiled[5.5.1124~1-21ae4]:main():gmm-align-compiled.cc:127) Female-7-human_rights_un_ind_rd_0014
LOG (gmm-align-compiled[5.5.1124~1-21ae4]:main():gmm-align-compiled.cc:127) Female-7-human_rights_un_ind_rd_0015
LOG (gmm-align-compiled[5.5.1124~1-21ae4]:main():gmm-align-compiled.cc:127) Female-7-human_rights_un_ind_rd_0016
LOG (gmm-align-compiled[5.5.1124~1-21ae4]:main():gmm-align-compiled.cc:127) Female-7-human_rights_un_ind_rd_0017
LOG (gmm-align-compiled[5.5.1124~1-21ae4]:main():gmm-align-compiled.cc:127) Female-7-human_rights_un_ind_rd_0018
LOG (gmm-align-compiled[5.5.1124~1-21ae4]:main():gmm-align-compiled.cc:127) Female-7-human_rights_un_ind_rd_0020
LOG (gmm-align-compiled[5.5.1124~1-21ae4]:main():gmm-align-compiled.cc:127) Female-7-human_rights_un_ind_rd_0022
LOG (gmm-align-compiled[5.5.1124~1-21ae4]:main():gmm-align-compiled.cc:127) Female-7-human_rights_un_ind_rd_0023
LOG (gmm-align-compiled[5.5.1124~1-21ae4]:main():gmm-align-compiled.cc:127) Female-7-human_rights_un_ind_rd_0024
LOG (gmm-align-compiled[5.5.1124~1-21ae4]:main():gmm-align-compiled.cc:127) Female-7-human_rights_un_ind_rd_0025
LOG (gmm-align-compiled[5.5.1124~1-21ae4]:main():gmm-align-compiled.cc:127) Female-7-human_rights_un_ind_rd_0028
LOG (gmm-align-compiled[5.5.1124~1-21ae4]:main():gmm-align-compiled.cc:127) Female-7-human_rights_un_ind_rd_0029
LOG (gmm-align-compiled[5.5.1124~1-21ae4]:main():gmm-align-compiled.cc:127) Female-7-human_rights_un_ind_rd_0030
LOG (gmm-align-compiled[5.5.1124~1-21ae4]:main():gmm-align-compiled.cc:127) Female-7-human_rights_un_ind_rd_0031
LOG (gmm-align-compiled[5.5.1124~1-21ae4]:main():gmm-align-compiled.cc:127) Female-7-human_rights_un_ind_rd_0032
WARNING (gmm-align-compiled[5.5.1124~1-21ae4]:AlignUtteranceWrapper():decoder-wrappers.cc:617) Retrying utterance Female-7-human_rights_un_ind_rd_0032 with beam 40
LOG (gmm-align-compiled[5.5.1124~1-21ae4]:main():gmm-align-compiled.cc:127) Female-7-human_rights_un_ind_rd_0033
LOG (gmm-align-compiled[5.5.1124~1-21ae4]:main():gmm-align-compiled.cc:127) Female-7-human_rights_un_ind_rd_0034
LOG (gmm-align-compiled[5.5.1124~1-21ae4]:main():gmm-align-compiled.cc:127) Female-7-human_rights_un_ind_rd_0035
LOG (gmm-align-compiled[5.5.1124~1-21ae4]:main():gmm-align-compiled.cc:127) Female-7-human_rights_un_ind_rd_0036
LOG (gmm-align-compiled[5.5.1124~1-21ae4]:main():gmm-align-compiled.cc:127) Female-7-human_rights_un_ind_rd_0037
LOG (gmm-align-compiled[5.5.1124~1-21ae4]:main():gmm-align-compiled.cc:127) Female-7-human_rights_un_ind_rd_0038
LOG (gmm-align-compiled[5.5.1124~1-21ae4]:main():gmm-align-compiled.cc:127) Female-7-human_rights_un_ind_rd_0039
LOG (gmm-align-compiled[5.5.1124~1-21ae4]:main():gmm-align-compiled.cc:127) Female-7-human_rights_un_ind_rd_0040
LOG (gmm-align-compiled[5.5.1124~1-21ae4]:main():gmm-align-compiled.cc:127) Female-7-human_rights_un_ind_rd_0041
LOG (gmm-align-compiled[5.5.1124~1-21ae4]:main():gmm-align-compiled.cc:127) Female-7-human_rights_un_ind_rd_0043
LOG (gmm-align-compiled[5.5.1124~1-21ae4]:main():gmm-align-compiled.cc:127) Female-7-human_rights_un_ind_rd_0044
LOG (gmm-align-compiled[5.5.1124~1-21ae4]:main():gmm-align-compiled.cc:127) Female-7-human_rights_un_ind_rd_0045
LOG (gmm-align-compiled[5.5.1124~1-21ae4]:main():gmm-align-compiled.cc:127) Female-7-human_rights_un_ind_rd_0046
LOG (gmm-align-compiled[5.5.1124~1-21ae4]:main():gmm-align-compiled.cc:127) Female-7-human_rights_un_ind_rd_0047
LOG (gmm-align-compiled[5.5.1124~1-21ae4]:main():gmm-align-compiled.cc:127) Female-7-human_rights_un_ind_rd_0048
LOG (gmm-align-compiled[5.5.1124~1-21ae4]:main():gmm-align-compiled.cc:127) Female-7-human_rights_un_ind_rd_0049
LOG (gmm-align-compiled[5.5.1124~1-21ae4]:main():gmm-align-compiled.cc:127) Female-7-human_rights_un_ind_rd_0050
LOG (gmm-align-compiled[5.5.1124~1-21ae4]:main():gmm-align-compiled.cc:127) Female-7-human_rights_un_ind_rd_0051
LOG (gmm-align-compiled[5.5.1124~1-21ae4]:main():gmm-align-compiled.cc:127) Female-7-human_rights_un_ind_rd_0052
LOG (gmm-align-compiled[5.5.1124~1-21ae4]:main():gmm-align-compiled.cc:127) Female-7-human_rights_un_ind_rd_0054
LOG (gmm-align-compiled[5.5.1124~1-21ae4]:main():gmm-align-compiled.cc:127) Female-7-human_rights_un_ind_rd_0056
LOG (gmm-align-compiled[5.5.1124~1-21ae4]:main():gmm-align-compiled.cc:127) Female-7-human_rights_un_ind_rd_0057
LOG (gmm-align-compiled[5.5.1124~1-21ae4]:main():gmm-align-compiled.cc:127) Female-7-human_rights_un_ind_rd_0058
LOG (gmm-align-compiled[5.5.1124~1-21ae4]:main():gmm-align-compiled.cc:127) Female-7-human_rights_un_ind_rd_0059
LOG (gmm-align-compiled[5.5.1124~1-21ae4]:main():gmm-align-compiled.cc:127) Female-7-human_rights_un_ind_rd_0060
LOG (gmm-align-compiled[5.5.1124~1-21ae4]:main():gmm-align-compiled.cc:127) Female-7-human_rights_un_ind_rd_0061
LOG (gmm-align-compiled[5.5.1124~1-21ae4]:main():gmm-align-compiled.cc:127) Female-7-human_rights_un_ind_rd_0062
LOG (gmm-align-compiled[5.5.1124~1-21ae4]:main():gmm-align-compiled.cc:127) Female-7-human_rights_un_ind_rd_0063
LOG (gmm-align-compiled[5.5.1124~1-21ae4]:main():gmm-align-compiled.cc:127) Female-7-human_rights_un_ind_rd_0065
LOG (gmm-align-compiled[5.5.1124~1-21ae4]:main():gmm-align-compiled.cc:127) Female-7-human_rights_un_ind_rd_0066
LOG (gmm-align-compiled[5.5.1124~1-21ae4]:main():gmm-align-compiled.cc:127) Female-7-human_rights_un_ind_rd_0068
LOG (gmm-align-compiled[5.5.1124~1-21ae4]:main():gmm-align-compiled.cc:127) Female-7-human_rights_un_ind_rd_0070
LOG (gmm-align-compiled[5.5.1124~1-21ae4]:main():gmm-align-compiled.cc:127) Female-7-human_rights_un_ind_rd_0071
LOG (gmm-align-compiled[5.5.1124~1-21ae4]:main():gmm-align-compiled.cc:127) Female-7-human_rights_un_ind_rd_0073
LOG (gmm-align-compiled[5.5.1124~1-21ae4]:main():gmm-align-compiled.cc:127) Female-7-human_rights_un_ind_rd_0074
LOG (gmm-align-compiled[5.5.1124~1-21ae4]:main():gmm-align-compiled.cc:127) Female-7-human_rights_un_ind_rd_0075
LOG (gmm-align-compiled[5.5.1124~1-21ae4]:main():gmm-align-compiled.cc:127) Female-7-human_rights_un_ind_rd_0078
LOG (gmm-align-compiled[5.5.1124~1-21ae4]:main():gmm-align-compiled.cc:127) Female-7-human_rights_un_ind_rd_0079
LOG (gmm-align-compiled[5.5.1124~1-21ae4]:main():gmm-align-compiled.cc:127) Female-7-human_rights_un_ind_rd_0080
LOG (gmm-align-compiled[5.5.1124~1-21ae4]:main():gmm-align-compiled.cc:127) Female-7-human_rights_un_ind_rd_0081
LOG (gmm-align-compiled[5.5.1124~1-21ae4]:main():gmm-align-compiled.cc:127) Female-7-human_rights_un_ind_rd_0082
LOG (gmm-align-compiled[5.5.1124~1-21ae4]:main():gmm-align-compiled.cc:127) Female-7-human_rights_un_ind_rd_0083
LOG (gmm-align-compiled[5.5.1124~1-21ae4]:main():gmm-align-compiled.cc:127) Female-7-human_rights_un_ind_rd_0084
LOG (gmm-align-compiled[5.5.1124~1-21ae4]:main():gmm-align-compiled.cc:127) Female-7-human_rights_un_ind_rd_0085
LOG (gmm-align-compiled[5.5.1124~1-21ae4]:main():gmm-align-compiled.cc:127) Female-7-human_rights_un_ind_rd_0086
LOG (gmm-align-compiled[5.5.1124~1-21ae4]:main():gmm-align-compiled.cc:127) Female-7-human_rights_un_ind_rd_0088
LOG (gmm-align-compiled[5.5.1124~1-21ae4]:main():gmm-align-compiled.cc:127) Female-7-human_rights_un_ind_rd_0090
LOG (gmm-align-compiled[5.5.1124~1-21ae4]:main():gmm-align-compiled.cc:127) Female-7-human_rights_un_ind_rd_0091
LOG (gmm-align-compiled[5.5.1124~1-21ae4]:main():gmm-align-compiled.cc:127) Female-7-human_rights_un_ind_rd_0092
LOG (gmm-align-compiled[5.5.1124~1-21ae4]:main():gmm-align-compiled.cc:127) Female-7-human_rights_un_ind_rd_0093
LOG (gmm-align-compiled[5.5.1124~1-21ae4]:main():gmm-align-compiled.cc:127) Female-7-human_rights_un_ind_rd_0094
LOG (gmm-align-compiled[5.5.1124~1-21ae4]:main():gmm-align-compiled.cc:127) Female-7-human_rights_un_ind_rd_0095
LOG (gmm-align-compiled[5.5.1124~1-21ae4]:main():gmm-align-compiled.cc:127) Female-7-human_rights_un_ind_rd_0097
LOG (gmm-align-compiled[5.5.1124~1-21ae4]:main():gmm-align-compiled.cc:127) Female-7-human_rights_un_ind_rd_0100
LOG (gmm-align-compiled[5.5.1124~1-21ae4]:main():gmm-align-compiled.cc:127) Female-7-human_rights_un_ind_rd_0102
LOG (gmm-align-compiled[5.5.1124~1-21ae4]:main():gmm-align-compiled.cc:127) Female-7-human_rights_un_ind_rd_0103
LOG (gmm-align-compiled[5.5.1124~1-21ae4]:main():gmm-align-compiled.cc:127) Female-7-human_rights_un_ind_rd_0104
LOG (gmm-align-compiled[5.5.1124~1-21ae4]:main():gmm-align-compiled.cc:127) Female-7-human_rights_un_ind_rd_0105
LOG (gmm-align-compiled[5.5.1124~1-21ae4]:main():gmm-align-compiled.cc:127) Female-7-human_rights_un_ind_rd_0106
LOG (gmm-align-compiled[5.5.1124~1-21ae4]:main():gmm-align-compiled.cc:127) Female-7-human_rights_un_ind_rd_0107
LOG (gmm-align-compiled[5.5.1124~1-21ae4]:main():gmm-align-compiled.cc:127) Female-7-human_rights_un_ind_rd_0108
LOG (gmm-align-compiled[5.5.1124~1-21ae4]:main():gmm-align-compiled.cc:127) Female-7-human_rights_un_ind_rd_0109
LOG (gmm-align-compiled[5.5.1124~1-21ae4]:main():gmm-align-compiled.cc:127) Female-7-human_rights_un_ind_rd_0110
LOG (gmm-align-compiled[5.5.1124~1-21ae4]:main():gmm-align-compiled.cc:127) Female-7-human_rights_un_ind_rd_0111
LOG (gmm-align-compiled[5.5.1124~1-21ae4]:main():gmm-align-compiled.cc:127) Female-7-human_rights_un_ind_rd_0112
LOG (gmm-align-compiled[5.5.1124~1-21ae4]:main():gmm-align-compiled.cc:127) Female-7-human_rights_un_ind_rd_0113
LOG (gmm-align-compiled[5.5.1124~1-21ae4]:main():gmm-align-compiled.cc:127) Female-7-human_rights_un_ind_rd_0114
LOG (gmm-align-compiled[5.5.1124~1-21ae4]:main():gmm-align-compiled.cc:127) Female-7-human_rights_un_ind_rd_0115
LOG (gmm-align-compiled[5.5.1124~1-21ae4]:main():gmm-align-compiled.cc:127) Female-7-human_rights_un_ind_rd_0116
LOG (gmm-align-compiled[5.5.1124~1-21ae4]:main():gmm-align-compiled.cc:127) Female-7-human_rights_un_ind_rd_0118
LOG (gmm-align-compiled[5.5.1124~1-21ae4]:main():gmm-align-compiled.cc:127) Female-7-human_rights_un_ind_rd_0119
LOG (gmm-align-compiled[5.5.1124~1-21ae4]:main():gmm-align-compiled.cc:127) Female-7-human_rights_un_ind_rd_0120
LOG (gmm-align-compiled[5.5.1124~1-21ae4]:main():gmm-align-compiled.cc:127) Female-7-human_rights_un_ind_rd_0122
LOG (gmm-align-compiled[5.5.1124~1-21ae4]:main():gmm-align-compiled.cc:127) Female-7-human_rights_un_ind_rd_0123
LOG (gmm-align-compiled[5.5.1124~1-21ae4]:main():gmm-align-compiled.cc:127) Female-7-human_rights_un_ind_rd_0125
LOG (gmm-align-compiled[5.5.1124~1-21ae4]:main():gmm-align-compiled.cc:127) Female-7-human_rights_un_ind_rd_0126
LOG (gmm-align-compiled[5.5.1124~1-21ae4]:main():gmm-align-compiled.cc:127) Female-7-human_rights_un_ind_rd_0127
LOG (gmm-align-compiled[5.5.1124~1-21ae4]:main():gmm-align-compiled.cc:127) Female-7-human_rights_un_ind_rd_0128
LOG (gmm-align-compiled[5.5.1124~1-21ae4]:main():gmm-align-compiled.cc:127) Female-7-human_rights_un_ind_rd_0130
LOG (gmm-align-compiled[5.5.1124~1-21ae4]:main():gmm-align-compiled.cc:127) Female-7-human_rights_un_ind_rd_0131
LOG (gmm-align-compiled[5.5.1124~1-21ae4]:main():gmm-align-compiled.cc:127) Female-7-human_rights_un_ind_rd_0133
LOG (gmm-align-compiled[5.5.1124~1-21ae4]:main():gmm-align-compiled.cc:127) Female-7-human_rights_un_ind_rd_0134
LOG (gmm-align-compiled[5.5.1124~1-21ae4]:main():gmm-align-compiled.cc:127) Female-7-human_rights_un_ind_rd_0135
LOG (gmm-align-compiled[5.5.1124~1-21ae4]:main():gmm-align-compiled.cc:127) Male-1-Male-1_1
LOG (gmm-align-compiled[5.5.1124~1-21ae4]:main():gmm-align-compiled.cc:127) Male-1-Male-1_10
LOG (gmm-align-compiled[5.5.1124~1-21ae4]:main():gmm-align-compiled.cc:127) Male-1-Male-1_11
LOG (gmm-align-compiled[5.5.1124~1-21ae4]:main():gmm-align-compiled.cc:127) Male-1-Male-1_12
LOG (gmm-align-compiled[5.5.1124~1-21ae4]:main():gmm-align-compiled.cc:127) Male-1-Male-1_13
LOG (gmm-align-compiled[5.5.1124~1-21ae4]:main():gmm-align-compiled.cc:127) Male-1-Male-1_14
LOG (gmm-align-compiled[5.5.1124~1-21ae4]:main():gmm-align-compiled.cc:127) Male-1-Male-1_15
LOG (gmm-align-compiled[5.5.1124~1-21ae4]:main():gmm-align-compiled.cc:127) Male-1-Male-1_16
LOG (gmm-align-compiled[5.5.1124~1-21ae4]:main():gmm-align-compiled.cc:127) Male-1-Male-1_19
LOG (gmm-align-compiled[5.5.1124~1-21ae4]:main():gmm-align-compiled.cc:127) Male-1-Male-1_2
LOG (gmm-align-compiled[5.5.1124~1-21ae4]:main():gmm-align-compiled.cc:127) Male-1-Male-1_20
LOG (gmm-align-compiled[5.5.1124~1-21ae4]:main():gmm-align-compiled.cc:127) Male-1-Male-1_21
LOG (gmm-align-compiled[5.5.1124~1-21ae4]:main():gmm-align-compiled.cc:127) Male-1-Male-1_22
LOG (gmm-align-compiled[5.5.1124~1-21ae4]:main():gmm-align-compiled.cc:127) Male-1-Male-1_23
LOG (gmm-align-compiled[5.5.1124~1-21ae4]:main():gmm-align-compiled.cc:127) Male-1-Male-1_24
LOG (gmm-align-compiled[5.5.1124~1-21ae4]:main():gmm-align-compiled.cc:127) Male-1-Male-1_25
LOG (gmm-align-compiled[5.5.1124~1-21ae4]:main():gmm-align-compiled.cc:127) Male-1-Male-1_26
LOG (gmm-align-compiled[5.5.1124~1-21ae4]:main():gmm-align-compiled.cc:127) Male-1-Male-1_27
LOG (gmm-align-compiled[5.5.1124~1-21ae4]:main():gmm-align-compiled.cc:127) Male-1-Male-1_29
LOG (gmm-align-compiled[5.5.1124~1-21ae4]:main():gmm-align-compiled.cc:127) Male-1-Male-1_3
LOG (gmm-align-compiled[5.5.1124~1-21ae4]:main():gmm-align-compiled.cc:127) Male-1-Male-1_31
LOG (gmm-align-compiled[5.5.1124~1-21ae4]:main():gmm-align-compiled.cc:127) Male-1-Male-1_33
LOG (gmm-align-compiled[5.5.1124~1-21ae4]:main():gmm-align-compiled.cc:127) Male-1-Male-1_34
LOG (gmm-align-compiled[5.5.1124~1-21ae4]:main():gmm-align-compiled.cc:127) Male-1-Male-1_37
LOG (gmm-align-compiled[5.5.1124~1-21ae4]:main():gmm-align-compiled.cc:127) Male-1-Male-1_38
LOG (gmm-align-compiled[5.5.1124~1-21ae4]:main():gmm-align-compiled.cc:127) Male-1-Male-1_39
LOG (gmm-align-compiled[5.5.1124~1-21ae4]:main():gmm-align-compiled.cc:127) Male-1-Male-1_4
LOG (gmm-align-compiled[5.5.1124~1-21ae4]:main():gmm-align-compiled.cc:127) Male-1-Male-1_40
LOG (gmm-align-compiled[5.5.1124~1-21ae4]:main():gmm-align-compiled.cc:127) Male-1-Male-1_41
LOG (gmm-align-compiled[5.5.1124~1-21ae4]:main():gmm-align-compiled.cc:127) Male-1-Male-1_42
WARNING (gmm-align-compiled[5.5.1124~1-21ae4]:AlignUtteranceWrapper():decoder-wrappers.cc:617) Retrying utterance Male-1-Male-1_42 with beam 40
LOG (gmm-align-compiled[5.5.1124~1-21ae4]:main():gmm-align-compiled.cc:127) Male-1-Male-1_43
LOG (gmm-align-compiled[5.5.1124~1-21ae4]:main():gmm-align-compiled.cc:127) Male-1-Male-1_44
LOG (gmm-align-compiled[5.5.1124~1-21ae4]:main():gmm-align-compiled.cc:127) Male-1-Male-1_45
WARNING (gmm-align-compiled[5.5.1124~1-21ae4]:AlignUtteranceWrapper():decoder-wrappers.cc:617) Retrying utterance Male-1-Male-1_45 with beam 40
WARNING (gmm-align-compiled[5.5.1124~1-21ae4]:AlignUtteranceWrapper():decoder-wrappers.cc:626) Did not successfully decode file Male-1-Male-1_45, len = 1238
LOG (gmm-align-compiled[5.5.1124~1-21ae4]:main():gmm-align-compiled.cc:127) Male-1-Male-1_46
LOG (gmm-align-compiled[5.5.1124~1-21ae4]:main():gmm-align-compiled.cc:127) Male-1-Male-1_47
LOG (gmm-align-compiled[5.5.1124~1-21ae4]:main():gmm-align-compiled.cc:127) Male-1-Male-1_5
LOG (gmm-align-compiled[5.5.1124~1-21ae4]:main():gmm-align-compiled.cc:127) Male-1-Male-1_50
LOG (gmm-align-compiled[5.5.1124~1-21ae4]:main():gmm-align-compiled.cc:127) Male-1-Male-1_7
LOG (gmm-align-compiled[5.5.1124~1-21ae4]:main():gmm-align-compiled.cc:127) Male-1-Male-1_8
LOG (gmm-align-compiled[5.5.1124~1-21ae4]:main():gmm-align-compiled.cc:127) Male-1-Male-1_9
LOG (gmm-align-compiled[5.5.1124~1-21ae4]:main():gmm-align-compiled.cc:127) Male-10-Male-10_1
LOG (gmm-align-compiled[5.5.1124~1-21ae4]:main():gmm-align-compiled.cc:127) Male-10-Male-10_10
WARNING (gmm-align-compiled[5.5.1124~1-21ae4]:AlignUtteranceWrapper():decoder-wrappers.cc:617) Retrying utterance Male-10-Male-10_10 with beam 40
LOG (gmm-align-compiled[5.5.1124~1-21ae4]:main():gmm-align-compiled.cc:127) Male-10-Male-10_14
LOG (gmm-align-compiled[5.5.1124~1-21ae4]:main():gmm-align-compiled.cc:127) Male-10-Male-10_15
LOG (gmm-align-compiled[5.5.1124~1-21ae4]:main():gmm-align-compiled.cc:127) Male-10-Male-10_16
LOG (gmm-align-compiled[5.5.1124~1-21ae4]:main():gmm-align-compiled.cc:127) Male-10-Male-10_17
LOG (gmm-align-compiled[5.5.1124~1-21ae4]:main():gmm-align-compiled.cc:127) Male-10-Male-10_19
LOG (gmm-align-compiled[5.5.1124~1-21ae4]:main():gmm-align-compiled.cc:127) Male-10-Male-10_2
LOG (gmm-align-compiled[5.5.1124~1-21ae4]:main():gmm-align-compiled.cc:127) Male-10-Male-10_20
LOG (gmm-align-compiled[5.5.1124~1-21ae4]:main():gmm-align-compiled.cc:127) Male-10-Male-10_22
LOG (gmm-align-compiled[5.5.1124~1-21ae4]:main():gmm-align-compiled.cc:127) Male-10-Male-10_23
LOG (gmm-align-compiled[5.5.1124~1-21ae4]:main():gmm-align-compiled.cc:127) Male-10-Male-10_24
LOG (gmm-align-compiled[5.5.1124~1-21ae4]:main():gmm-align-compiled.cc:127) Male-10-Male-10_25
LOG (gmm-align-compiled[5.5.1124~1-21ae4]:main():gmm-align-compiled.cc:127) Male-10-Male-10_26
LOG (gmm-align-compiled[5.5.1124~1-21ae4]:main():gmm-align-compiled.cc:127) Male-10-Male-10_27
LOG (gmm-align-compiled[5.5.1124~1-21ae4]:main():gmm-align-compiled.cc:127) Male-10-Male-10_28
LOG (gmm-align-compiled[5.5.1124~1-21ae4]:main():gmm-align-compiled.cc:127) Male-10-Male-10_29
LOG (gmm-align-compiled[5.5.1124~1-21ae4]:main():gmm-align-compiled.cc:127) Male-10-Male-10_3
LOG (gmm-align-compiled[5.5.1124~1-21ae4]:main():gmm-align-compiled.cc:127) Male-10-Male-10_30
LOG (gmm-align-compiled[5.5.1124~1-21ae4]:main():gmm-align-compiled.cc:127) Male-10-Male-10_31
LOG (gmm-align-compiled[5.5.1124~1-21ae4]:main():gmm-align-compiled.cc:127) Male-10-Male-10_32
LOG (gmm-align-compiled[5.5.1124~1-21ae4]:main():gmm-align-compiled.cc:127) Male-10-Male-10_35
LOG (gmm-align-compiled[5.5.1124~1-21ae4]:main():gmm-align-compiled.cc:127) Male-10-Male-10_36
LOG (gmm-align-compiled[5.5.1124~1-21ae4]:main():gmm-align-compiled.cc:127) Male-10-Male-10_37
LOG (gmm-align-compiled[5.5.1124~1-21ae4]:main():gmm-align-compiled.cc:127) Male-10-Male-10_38
LOG (gmm-align-compiled[5.5.1124~1-21ae4]:main():gmm-align-compiled.cc:127) Male-10-Male-10_39
LOG (gmm-align-compiled[5.5.1124~1-21ae4]:main():gmm-align-compiled.cc:127) Male-10-Male-10_4
LOG (gmm-align-compiled[5.5.1124~1-21ae4]:main():gmm-align-compiled.cc:127) Male-10-Male-10_40
LOG (gmm-align-compiled[5.5.1124~1-21ae4]:main():gmm-align-compiled.cc:127) Male-10-Male-10_41
LOG (gmm-align-compiled[5.5.1124~1-21ae4]:main():gmm-align-compiled.cc:127) Male-10-Male-10_42
LOG (gmm-align-compiled[5.5.1124~1-21ae4]:main():gmm-align-compiled.cc:127) Male-10-Male-10_43
LOG (gmm-align-compiled[5.5.1124~1-21ae4]:main():gmm-align-compiled.cc:127) Male-10-Male-10_44
LOG (gmm-align-compiled[5.5.1124~1-21ae4]:main():gmm-align-compiled.cc:127) Male-10-Male-10_46
LOG (gmm-align-compiled[5.5.1124~1-21ae4]:main():gmm-align-compiled.cc:127) Male-10-Male-10_47
LOG (gmm-align-compiled[5.5.1124~1-21ae4]:main():gmm-align-compiled.cc:127) Male-10-Male-10_48
LOG (gmm-align-compiled[5.5.1124~1-21ae4]:main():gmm-align-compiled.cc:127) Male-10-Male-10_49
LOG (gmm-align-compiled[5.5.1124~1-21ae4]:main():gmm-align-compiled.cc:127) Male-10-Male-10_5
LOG (gmm-align-compiled[5.5.1124~1-21ae4]:main():gmm-align-compiled.cc:127) Male-10-Male-10_6
LOG (gmm-align-compiled[5.5.1124~1-21ae4]:main():gmm-align-compiled.cc:127) Male-10-Male-10_7
LOG (gmm-align-compiled[5.5.1124~1-21ae4]:main():gmm-align-compiled.cc:127) Male-10-Male-10_9
LOG (gmm-align-compiled[5.5.1124~1-21ae4]:main():gmm-align-compiled.cc:127) Male-11-Male-11_1
LOG (gmm-align-compiled[5.5.1124~1-21ae4]:main():gmm-align-compiled.cc:127) Male-11-Male-11_10
LOG (gmm-align-compiled[5.5.1124~1-21ae4]:main():gmm-align-compiled.cc:127) Male-11-Male-11_11
LOG (gmm-align-compiled[5.5.1124~1-21ae4]:main():gmm-align-compiled.cc:127) Male-11-Male-11_12
LOG (gmm-align-compiled[5.5.1124~1-21ae4]:main():gmm-align-compiled.cc:127) Male-11-Male-11_13
LOG (gmm-align-compiled[5.5.1124~1-21ae4]:main():gmm-align-compiled.cc:127) Male-11-Male-11_15
LOG (gmm-align-compiled[5.5.1124~1-21ae4]:main():gmm-align-compiled.cc:127) Male-11-Male-11_16
LOG (gmm-align-compiled[5.5.1124~1-21ae4]:main():gmm-align-compiled.cc:127) Male-11-Male-11_17
LOG (gmm-align-compiled[5.5.1124~1-21ae4]:main():gmm-align-compiled.cc:127) Male-11-Male-11_18
LOG (gmm-align-compiled[5.5.1124~1-21ae4]:main():gmm-align-compiled.cc:127) Male-11-Male-11_2
LOG (gmm-align-compiled[5.5.1124~1-21ae4]:main():gmm-align-compiled.cc:127) Male-11-Male-11_21
LOG (gmm-align-compiled[5.5.1124~1-21ae4]:main():gmm-align-compiled.cc:127) Male-11-Male-11_22
LOG (gmm-align-compiled[5.5.1124~1-21ae4]:main():gmm-align-compiled.cc:127) Male-11-Male-11_24
LOG (gmm-align-compiled[5.5.1124~1-21ae4]:main():gmm-align-compiled.cc:127) Male-11-Male-11_25
LOG (gmm-align-compiled[5.5.1124~1-21ae4]:main():gmm-align-compiled.cc:127) Male-11-Male-11_27
LOG (gmm-align-compiled[5.5.1124~1-21ae4]:main():gmm-align-compiled.cc:127) Male-11-Male-11_28
LOG (gmm-align-compiled[5.5.1124~1-21ae4]:main():gmm-align-compiled.cc:127) Male-11-Male-11_3
LOG (gmm-align-compiled[5.5.1124~1-21ae4]:main():gmm-align-compiled.cc:127) Male-11-Male-11_30
LOG (gmm-align-compiled[5.5.1124~1-21ae4]:main():gmm-align-compiled.cc:127) Male-11-Male-11_31
LOG (gmm-align-compiled[5.5.1124~1-21ae4]:main():gmm-align-compiled.cc:127) Male-11-Male-11_32
LOG (gmm-align-compiled[5.5.1124~1-21ae4]:main():gmm-align-compiled.cc:127) Male-11-Male-11_33
LOG (gmm-align-compiled[5.5.1124~1-21ae4]:main():gmm-align-compiled.cc:127) Male-11-Male-11_34
LOG (gmm-align-compiled[5.5.1124~1-21ae4]:main():gmm-align-compiled.cc:127) Male-11-Male-11_35
LOG (gmm-align-compiled[5.5.1124~1-21ae4]:main():gmm-align-compiled.cc:127) Male-11-Male-11_37
LOG (gmm-align-compiled[5.5.1124~1-21ae4]:main():gmm-align-compiled.cc:127) Male-11-Male-11_38
LOG (gmm-align-compiled[5.5.1124~1-21ae4]:main():gmm-align-compiled.cc:127) Male-11-Male-11_39
LOG (gmm-align-compiled[5.5.1124~1-21ae4]:main():gmm-align-compiled.cc:127) Male-11-Male-11_40
LOG (gmm-align-compiled[5.5.1124~1-21ae4]:main():gmm-align-compiled.cc:127) Male-11-Male-11_41
LOG (gmm-align-compiled[5.5.1124~1-21ae4]:main():gmm-align-compiled.cc:127) Male-11-Male-11_42
LOG (gmm-align-compiled[5.5.1124~1-21ae4]:main():gmm-align-compiled.cc:127) Male-11-Male-11_43
LOG (gmm-align-compiled[5.5.1124~1-21ae4]:main():gmm-align-compiled.cc:127) Male-11-Male-11_45
LOG (gmm-align-compiled[5.5.1124~1-21ae4]:main():gmm-align-compiled.cc:127) Male-11-Male-11_46
LOG (gmm-align-compiled[5.5.1124~1-21ae4]:main():gmm-align-compiled.cc:127) Male-11-Male-11_47
LOG (gmm-align-compiled[5.5.1124~1-21ae4]:main():gmm-align-compiled.cc:127) Male-11-Male-11_48
LOG (gmm-align-compiled[5.5.1124~1-21ae4]:main():gmm-align-compiled.cc:127) Male-11-Male-11_49
LOG (gmm-align-compiled[5.5.1124~1-21ae4]:main():gmm-align-compiled.cc:127) Male-11-Male-11_5
LOG (gmm-align-compiled[5.5.1124~1-21ae4]:main():gmm-align-compiled.cc:127) Male-11-Male-11_50
LOG (gmm-align-compiled[5.5.1124~1-21ae4]:main():gmm-align-compiled.cc:127) Male-11-Male-11_6
LOG (gmm-align-compiled[5.5.1124~1-21ae4]:main():gmm-align-compiled.cc:127) Male-11-Male-11_8
LOG (gmm-align-compiled[5.5.1124~1-21ae4]:main():gmm-align-compiled.cc:127) Male-11-Male-11_9
LOG (gmm-align-compiled[5.5.1124~1-21ae4]:main():gmm-align-compiled.cc:127) Male-12-Male-12_1
LOG (gmm-align-compiled[5.5.1124~1-21ae4]:main():gmm-align-compiled.cc:127) Male-12-Male-12_10
LOG (gmm-align-compiled[5.5.1124~1-21ae4]:main():gmm-align-compiled.cc:127) Male-12-Male-12_11
LOG (gmm-align-compiled[5.5.1124~1-21ae4]:main():gmm-align-compiled.cc:127) Male-12-Male-12_12
LOG (gmm-align-compiled[5.5.1124~1-21ae4]:main():gmm-align-compiled.cc:127) Male-12-Male-12_13
LOG (gmm-align-compiled[5.5.1124~1-21ae4]:main():gmm-align-compiled.cc:127) Male-12-Male-12_15
LOG (gmm-align-compiled[5.5.1124~1-21ae4]:main():gmm-align-compiled.cc:127) Male-12-Male-12_16
LOG (gmm-align-compiled[5.5.1124~1-21ae4]:main():gmm-align-compiled.cc:127) Male-12-Male-12_17
LOG (gmm-align-compiled[5.5.1124~1-21ae4]:main():gmm-align-compiled.cc:127) Male-12-Male-12_18
LOG (gmm-align-compiled[5.5.1124~1-21ae4]:main():gmm-align-compiled.cc:127) Male-12-Male-12_19
LOG (gmm-align-compiled[5.5.1124~1-21ae4]:main():gmm-align-compiled.cc:127) Male-12-Male-12_2
LOG (gmm-align-compiled[5.5.1124~1-21ae4]:main():gmm-align-compiled.cc:127) Male-12-Male-12_20
LOG (gmm-align-compiled[5.5.1124~1-21ae4]:main():gmm-align-compiled.cc:127) Male-12-Male-12_22
LOG (gmm-align-compiled[5.5.1124~1-21ae4]:main():gmm-align-compiled.cc:127) Male-12-Male-12_23
LOG (gmm-align-compiled[5.5.1124~1-21ae4]:main():gmm-align-compiled.cc:127) Male-12-Male-12_24
LOG (gmm-align-compiled[5.5.1124~1-21ae4]:main():gmm-align-compiled.cc:127) Male-12-Male-12_26
LOG (gmm-align-compiled[5.5.1124~1-21ae4]:main():gmm-align-compiled.cc:127) Male-12-Male-12_27
LOG (gmm-align-compiled[5.5.1124~1-21ae4]:main():gmm-align-compiled.cc:127) Male-12-Male-12_3
LOG (gmm-align-compiled[5.5.1124~1-21ae4]:main():gmm-align-compiled.cc:127) Male-12-Male-12_31
LOG (gmm-align-compiled[5.5.1124~1-21ae4]:main():gmm-align-compiled.cc:127) Male-12-Male-12_33
LOG (gmm-align-compiled[5.5.1124~1-21ae4]:main():gmm-align-compiled.cc:127) Male-12-Male-12_34
LOG (gmm-align-compiled[5.5.1124~1-21ae4]:main():gmm-align-compiled.cc:127) Male-12-Male-12_35
LOG (gmm-align-compiled[5.5.1124~1-21ae4]:main():gmm-align-compiled.cc:127) Male-12-Male-12_36
LOG (gmm-align-compiled[5.5.1124~1-21ae4]:main():gmm-align-compiled.cc:127) Male-12-Male-12_37
LOG (gmm-align-compiled[5.5.1124~1-21ae4]:main():gmm-align-compiled.cc:127) Male-12-Male-12_38
LOG (gmm-align-compiled[5.5.1124~1-21ae4]:main():gmm-align-compiled.cc:127) Male-12-Male-12_39
LOG (gmm-align-compiled[5.5.1124~1-21ae4]:main():gmm-align-compiled.cc:127) Male-12-Male-12_4
LOG (gmm-align-compiled[5.5.1124~1-21ae4]:main():gmm-align-compiled.cc:127) Male-12-Male-12_41
LOG (gmm-align-compiled[5.5.1124~1-21ae4]:main():gmm-align-compiled.cc:127) Male-12-Male-12_42
LOG (gmm-align-compiled[5.5.1124~1-21ae4]:main():gmm-align-compiled.cc:127) Male-12-Male-12_43
LOG (gmm-align-compiled[5.5.1124~1-21ae4]:main():gmm-align-compiled.cc:127) Male-12-Male-12_44
LOG (gmm-align-compiled[5.5.1124~1-21ae4]:main():gmm-align-compiled.cc:127) Male-12-Male-12_45
LOG (gmm-align-compiled[5.5.1124~1-21ae4]:main():gmm-align-compiled.cc:127) Male-12-Male-12_46
LOG (gmm-align-compiled[5.5.1124~1-21ae4]:main():gmm-align-compiled.cc:127) Male-12-Male-12_47
LOG (gmm-align-compiled[5.5.1124~1-21ae4]:main():gmm-align-compiled.cc:127) Male-12-Male-12_49
LOG (gmm-align-compiled[5.5.1124~1-21ae4]:main():gmm-align-compiled.cc:127) Male-12-Male-12_5
LOG (gmm-align-compiled[5.5.1124~1-21ae4]:main():gmm-align-compiled.cc:127) Male-12-Male-12_6
LOG (gmm-align-compiled[5.5.1124~1-21ae4]:main():gmm-align-compiled.cc:127) Male-12-Male-12_7
LOG (gmm-align-compiled[5.5.1124~1-21ae4]:main():gmm-align-compiled.cc:127) Male-12-Male-12_8
LOG (gmm-align-compiled[5.5.1124~1-21ae4]:main():gmm-align-compiled.cc:127) Male-12-Male-12_9
LOG (gmm-align-compiled[5.5.1124~1-21ae4]:main():gmm-align-compiled.cc:127) Male-13-Male-13_1
LOG (gmm-align-compiled[5.5.1124~1-21ae4]:main():gmm-align-compiled.cc:127) Male-13-Male-13_10
LOG (gmm-align-compiled[5.5.1124~1-21ae4]:main():gmm-align-compiled.cc:127) Male-13-Male-13_12
LOG (gmm-align-compiled[5.5.1124~1-21ae4]:main():gmm-align-compiled.cc:127) Male-13-Male-13_13
LOG (gmm-align-compiled[5.5.1124~1-21ae4]:main():gmm-align-compiled.cc:127) Male-13-Male-13_14
LOG (gmm-align-compiled[5.5.1124~1-21ae4]:main():gmm-align-compiled.cc:127) Male-13-Male-13_15
LOG (gmm-align-compiled[5.5.1124~1-21ae4]:main():gmm-align-compiled.cc:127) Male-13-Male-13_16
LOG (gmm-align-compiled[5.5.1124~1-21ae4]:main():gmm-align-compiled.cc:127) Male-13-Male-13_17
LOG (gmm-align-compiled[5.5.1124~1-21ae4]:main():gmm-align-compiled.cc:127) Male-13-Male-13_18
LOG (gmm-align-compiled[5.5.1124~1-21ae4]:main():gmm-align-compiled.cc:127) Male-13-Male-13_19
LOG (gmm-align-compiled[5.5.1124~1-21ae4]:main():gmm-align-compiled.cc:127) Male-13-Male-13_2
LOG (gmm-align-compiled[5.5.1124~1-21ae4]:main():gmm-align-compiled.cc:127) Male-13-Male-13_21
LOG (gmm-align-compiled[5.5.1124~1-21ae4]:main():gmm-align-compiled.cc:127) Male-13-Male-13_23
LOG (gmm-align-compiled[5.5.1124~1-21ae4]:main():gmm-align-compiled.cc:127) Male-13-Male-13_24
LOG (gmm-align-compiled[5.5.1124~1-21ae4]:main():gmm-align-compiled.cc:127) Male-13-Male-13_25
LOG (gmm-align-compiled[5.5.1124~1-21ae4]:main():gmm-align-compiled.cc:127) Male-13-Male-13_26
LOG (gmm-align-compiled[5.5.1124~1-21ae4]:main():gmm-align-compiled.cc:127) Male-13-Male-13_28
LOG (gmm-align-compiled[5.5.1124~1-21ae4]:main():gmm-align-compiled.cc:127) Male-13-Male-13_29
LOG (gmm-align-compiled[5.5.1124~1-21ae4]:main():gmm-align-compiled.cc:127) Male-13-Male-13_3
LOG (gmm-align-compiled[5.5.1124~1-21ae4]:main():gmm-align-compiled.cc:127) Male-13-Male-13_30
LOG (gmm-align-compiled[5.5.1124~1-21ae4]:main():gmm-align-compiled.cc:127) Male-13-Male-13_31
LOG (gmm-align-compiled[5.5.1124~1-21ae4]:main():gmm-align-compiled.cc:127) Male-13-Male-13_32
LOG (gmm-align-compiled[5.5.1124~1-21ae4]:main():gmm-align-compiled.cc:127) Male-13-Male-13_33
LOG (gmm-align-compiled[5.5.1124~1-21ae4]:main():gmm-align-compiled.cc:127) Male-13-Male-13_34
LOG (gmm-align-compiled[5.5.1124~1-21ae4]:main():gmm-align-compiled.cc:127) Male-13-Male-13_35
LOG (gmm-align-compiled[5.5.1124~1-21ae4]:main():gmm-align-compiled.cc:127) Male-13-Male-13_36
LOG (gmm-align-compiled[5.5.1124~1-21ae4]:main():gmm-align-compiled.cc:127) Male-13-Male-13_38
LOG (gmm-align-compiled[5.5.1124~1-21ae4]:main():gmm-align-compiled.cc:127) Male-13-Male-13_39
LOG (gmm-align-compiled[5.5.1124~1-21ae4]:main():gmm-align-compiled.cc:127) Male-13-Male-13_40
LOG (gmm-align-compiled[5.5.1124~1-21ae4]:main():gmm-align-compiled.cc:127) Male-13-Male-13_42
LOG (gmm-align-compiled[5.5.1124~1-21ae4]:main():gmm-align-compiled.cc:127) Male-13-Male-13_43
LOG (gmm-align-compiled[5.5.1124~1-21ae4]:main():gmm-align-compiled.cc:127) Male-13-Male-13_44
LOG (gmm-align-compiled[5.5.1124~1-21ae4]:main():gmm-align-compiled.cc:127) Male-13-Male-13_45
LOG (gmm-align-compiled[5.5.1124~1-21ae4]:main():gmm-align-compiled.cc:127) Male-13-Male-13_48
LOG (gmm-align-compiled[5.5.1124~1-21ae4]:main():gmm-align-compiled.cc:127) Male-13-Male-13_49
LOG (gmm-align-compiled[5.5.1124~1-21ae4]:main():gmm-align-compiled.cc:127) Male-13-Male-13_5
LOG (gmm-align-compiled[5.5.1124~1-21ae4]:main():gmm-align-compiled.cc:127) Male-13-Male-13_50
LOG (gmm-align-compiled[5.5.1124~1-21ae4]:main():gmm-align-compiled.cc:127) Male-13-Male-13_7
LOG (gmm-align-compiled[5.5.1124~1-21ae4]:main():gmm-align-compiled.cc:127) Male-13-Male-13_8
LOG (gmm-align-compiled[5.5.1124~1-21ae4]:main():gmm-align-compiled.cc:127) Male-13-Male-13_9
LOG (gmm-align-compiled[5.5.1124~1-21ae4]:main():gmm-align-compiled.cc:127) Male-2-Male-2_1
LOG (gmm-align-compiled[5.5.1124~1-21ae4]:main():gmm-align-compiled.cc:127) Male-2-Male-2_11
LOG (gmm-align-compiled[5.5.1124~1-21ae4]:main():gmm-align-compiled.cc:127) Male-2-Male-2_12
LOG (gmm-align-compiled[5.5.1124~1-21ae4]:main():gmm-align-compiled.cc:127) Male-2-Male-2_13
LOG (gmm-align-compiled[5.5.1124~1-21ae4]:main():gmm-align-compiled.cc:127) Male-2-Male-2_14
LOG (gmm-align-compiled[5.5.1124~1-21ae4]:main():gmm-align-compiled.cc:127) Male-2-Male-2_15
LOG (gmm-align-compiled[5.5.1124~1-21ae4]:main():gmm-align-compiled.cc:127) Male-2-Male-2_16
LOG (gmm-align-compiled[5.5.1124~1-21ae4]:main():gmm-align-compiled.cc:127) Male-2-Male-2_17
LOG (gmm-align-compiled[5.5.1124~1-21ae4]:main():gmm-align-compiled.cc:127) Male-2-Male-2_2
LOG (gmm-align-compiled[5.5.1124~1-21ae4]:main():gmm-align-compiled.cc:127) Male-2-Male-2_20
LOG (gmm-align-compiled[5.5.1124~1-21ae4]:main():gmm-align-compiled.cc:127) Male-2-Male-2_22
LOG (gmm-align-compiled[5.5.1124~1-21ae4]:main():gmm-align-compiled.cc:127) Male-2-Male-2_23
LOG (gmm-align-compiled[5.5.1124~1-21ae4]:main():gmm-align-compiled.cc:127) Male-2-Male-2_24
LOG (gmm-align-compiled[5.5.1124~1-21ae4]:main():gmm-align-compiled.cc:127) Male-2-Male-2_25
LOG (gmm-align-compiled[5.5.1124~1-21ae4]:main():gmm-align-compiled.cc:127) Male-2-Male-2_27
LOG (gmm-align-compiled[5.5.1124~1-21ae4]:main():gmm-align-compiled.cc:127) Male-2-Male-2_29
LOG (gmm-align-compiled[5.5.1124~1-21ae4]:main():gmm-align-compiled.cc:127) Male-2-Male-2_3
LOG (gmm-align-compiled[5.5.1124~1-21ae4]:main():gmm-align-compiled.cc:127) Male-2-Male-2_30
LOG (gmm-align-compiled[5.5.1124~1-21ae4]:main():gmm-align-compiled.cc:127) Male-2-Male-2_32
LOG (gmm-align-compiled[5.5.1124~1-21ae4]:main():gmm-align-compiled.cc:127) Male-2-Male-2_33
LOG (gmm-align-compiled[5.5.1124~1-21ae4]:main():gmm-align-compiled.cc:127) Male-2-Male-2_34
LOG (gmm-align-compiled[5.5.1124~1-21ae4]:main():gmm-align-compiled.cc:127) Male-2-Male-2_35
LOG (gmm-align-compiled[5.5.1124~1-21ae4]:main():gmm-align-compiled.cc:127) Male-2-Male-2_36
LOG (gmm-align-compiled[5.5.1124~1-21ae4]:main():gmm-align-compiled.cc:127) Male-2-Male-2_37
LOG (gmm-align-compiled[5.5.1124~1-21ae4]:main():gmm-align-compiled.cc:127) Male-2-Male-2_38
LOG (gmm-align-compiled[5.5.1124~1-21ae4]:main():gmm-align-compiled.cc:127) Male-2-Male-2_39
LOG (gmm-align-compiled[5.5.1124~1-21ae4]:main():gmm-align-compiled.cc:127) Male-2-Male-2_4
LOG (gmm-align-compiled[5.5.1124~1-21ae4]:main():gmm-align-compiled.cc:127) Male-2-Male-2_40
LOG (gmm-align-compiled[5.5.1124~1-21ae4]:main():gmm-align-compiled.cc:127) Male-2-Male-2_41
LOG (gmm-align-compiled[5.5.1124~1-21ae4]:main():gmm-align-compiled.cc:127) Male-2-Male-2_42
LOG (gmm-align-compiled[5.5.1124~1-21ae4]:main():gmm-align-compiled.cc:127) Male-2-Male-2_43
LOG (gmm-align-compiled[5.5.1124~1-21ae4]:main():gmm-align-compiled.cc:127) Male-2-Male-2_44
LOG (gmm-align-compiled[5.5.1124~1-21ae4]:main():gmm-align-compiled.cc:127) Male-2-Male-2_46
LOG (gmm-align-compiled[5.5.1124~1-21ae4]:main():gmm-align-compiled.cc:127) Male-2-Male-2_47
LOG (gmm-align-compiled[5.5.1124~1-21ae4]:main():gmm-align-compiled.cc:127) Male-2-Male-2_48
LOG (gmm-align-compiled[5.5.1124~1-21ae4]:main():gmm-align-compiled.cc:127) Male-2-Male-2_49
LOG (gmm-align-compiled[5.5.1124~1-21ae4]:main():gmm-align-compiled.cc:127) Male-2-Male-2_5
LOG (gmm-align-compiled[5.5.1124~1-21ae4]:main():gmm-align-compiled.cc:127) Male-2-Male-2_50
LOG (gmm-align-compiled[5.5.1124~1-21ae4]:main():gmm-align-compiled.cc:127) Male-2-Male-2_7
LOG (gmm-align-compiled[5.5.1124~1-21ae4]:main():gmm-align-compiled.cc:127) Male-2-Male-2_9
LOG (gmm-align-compiled[5.5.1124~1-21ae4]:main():gmm-align-compiled.cc:127) Male-3-Male-3_10
LOG (gmm-align-compiled[5.5.1124~1-21ae4]:main():gmm-align-compiled.cc:127) Male-3-Male-3_11
LOG (gmm-align-compiled[5.5.1124~1-21ae4]:main():gmm-align-compiled.cc:127) Male-3-Male-3_12
LOG (gmm-align-compiled[5.5.1124~1-21ae4]:main():gmm-align-compiled.cc:127) Male-3-Male-3_13
LOG (gmm-align-compiled[5.5.1124~1-21ae4]:main():gmm-align-compiled.cc:127) Male-3-Male-3_14
LOG (gmm-align-compiled[5.5.1124~1-21ae4]:main():gmm-align-compiled.cc:127) Male-3-Male-3_15
LOG (gmm-align-compiled[5.5.1124~1-21ae4]:main():gmm-align-compiled.cc:127) Male-3-Male-3_16
LOG (gmm-align-compiled[5.5.1124~1-21ae4]:main():gmm-align-compiled.cc:127) Male-3-Male-3_17
LOG (gmm-align-compiled[5.5.1124~1-21ae4]:main():gmm-align-compiled.cc:127) Male-3-Male-3_19
WARNING (gmm-align-compiled[5.5.1124~1-21ae4]:AlignUtteranceWrapper():decoder-wrappers.cc:617) Retrying utterance Male-3-Male-3_19 with beam 40
LOG (gmm-align-compiled[5.5.1124~1-21ae4]:main():gmm-align-compiled.cc:127) Male-3-Male-3_2
LOG (gmm-align-compiled[5.5.1124~1-21ae4]:main():gmm-align-compiled.cc:127) Male-3-Male-3_20
LOG (gmm-align-compiled[5.5.1124~1-21ae4]:main():gmm-align-compiled.cc:127) Male-3-Male-3_21
LOG (gmm-align-compiled[5.5.1124~1-21ae4]:main():gmm-align-compiled.cc:127) Male-3-Male-3_23
LOG (gmm-align-compiled[5.5.1124~1-21ae4]:main():gmm-align-compiled.cc:127) Male-3-Male-3_24
LOG (gmm-align-compiled[5.5.1124~1-21ae4]:main():gmm-align-compiled.cc:127) Male-3-Male-3_25
LOG (gmm-align-compiled[5.5.1124~1-21ae4]:main():gmm-align-compiled.cc:127) Male-3-Male-3_27
LOG (gmm-align-compiled[5.5.1124~1-21ae4]:main():gmm-align-compiled.cc:127) Male-3-Male-3_28
LOG (gmm-align-compiled[5.5.1124~1-21ae4]:main():gmm-align-compiled.cc:127) Male-3-Male-3_3
LOG (gmm-align-compiled[5.5.1124~1-21ae4]:main():gmm-align-compiled.cc:127) Male-3-Male-3_31
LOG (gmm-align-compiled[5.5.1124~1-21ae4]:main():gmm-align-compiled.cc:127) Male-3-Male-3_32
LOG (gmm-align-compiled[5.5.1124~1-21ae4]:main():gmm-align-compiled.cc:127) Male-3-Male-3_33
LOG (gmm-align-compiled[5.5.1124~1-21ae4]:main():gmm-align-compiled.cc:127) Male-3-Male-3_34
WARNING (gmm-align-compiled[5.5.1124~1-21ae4]:AlignUtteranceWrapper():decoder-wrappers.cc:617) Retrying utterance Male-3-Male-3_34 with beam 40
LOG (gmm-align-compiled[5.5.1124~1-21ae4]:main():gmm-align-compiled.cc:127) Male-3-Male-3_35
LOG (gmm-align-compiled[5.5.1124~1-21ae4]:main():gmm-align-compiled.cc:127) Male-3-Male-3_36
LOG (gmm-align-compiled[5.5.1124~1-21ae4]:main():gmm-align-compiled.cc:127) Male-3-Male-3_38
LOG (gmm-align-compiled[5.5.1124~1-21ae4]:main():gmm-align-compiled.cc:127) Male-3-Male-3_4
LOG (gmm-align-compiled[5.5.1124~1-21ae4]:main():gmm-align-compiled.cc:127) Male-3-Male-3_40
WARNING (gmm-align-compiled[5.5.1124~1-21ae4]:AlignUtteranceWrapper():decoder-wrappers.cc:617) Retrying utterance Male-3-Male-3_40 with beam 40
LOG (gmm-align-compiled[5.5.1124~1-21ae4]:main():gmm-align-compiled.cc:127) Male-3-Male-3_42
LOG (gmm-align-compiled[5.5.1124~1-21ae4]:main():gmm-align-compiled.cc:127) Male-3-Male-3_43
LOG (gmm-align-compiled[5.5.1124~1-21ae4]:main():gmm-align-compiled.cc:127) Male-3-Male-3_45
LOG (gmm-align-compiled[5.5.1124~1-21ae4]:main():gmm-align-compiled.cc:127) Male-3-Male-3_46
LOG (gmm-align-compiled[5.5.1124~1-21ae4]:main():gmm-align-compiled.cc:127) Male-3-Male-3_47
LOG (gmm-align-compiled[5.5.1124~1-21ae4]:main():gmm-align-compiled.cc:127) Male-3-Male-3_48
LOG (gmm-align-compiled[5.5.1124~1-21ae4]:main():gmm-align-compiled.cc:127) Male-3-Male-3_49
LOG (gmm-align-compiled[5.5.1124~1-21ae4]:main():gmm-align-compiled.cc:127) Male-3-Male-3_5
LOG (gmm-align-compiled[5.5.1124~1-21ae4]:main():gmm-align-compiled.cc:127) Male-3-Male-3_50
LOG (gmm-align-compiled[5.5.1124~1-21ae4]:main():gmm-align-compiled.cc:127) Male-3-Male-3_6
WARNING (gmm-align-compiled[5.5.1124~1-21ae4]:AlignUtteranceWrapper():decoder-wrappers.cc:617) Retrying utterance Male-3-Male-3_6 with beam 40
LOG (gmm-align-compiled[5.5.1124~1-21ae4]:main():gmm-align-compiled.cc:127) Male-3-Male-3_7
LOG (gmm-align-compiled[5.5.1124~1-21ae4]:main():gmm-align-compiled.cc:127) Male-3-Male-3_8
LOG (gmm-align-compiled[5.5.1124~1-21ae4]:main():gmm-align-compiled.cc:127) Male-3-Male-3_9
LOG (gmm-align-compiled[5.5.1124~1-21ae4]:main():gmm-align-compiled.cc:127) Male-4-Male-4_1
LOG (gmm-align-compiled[5.5.1124~1-21ae4]:main():gmm-align-compiled.cc:127) Male-4-Male-4_10
WARNING (gmm-align-compiled[5.5.1124~1-21ae4]:AlignUtteranceWrapper():decoder-wrappers.cc:617) Retrying utterance Male-4-Male-4_10 with beam 40
LOG (gmm-align-compiled[5.5.1124~1-21ae4]:main():gmm-align-compiled.cc:127) Male-4-Male-4_11
WARNING (gmm-align-compiled[5.5.1124~1-21ae4]:AlignUtteranceWrapper():decoder-wrappers.cc:617) Retrying utterance Male-4-Male-4_11 with beam 40
LOG (gmm-align-compiled[5.5.1124~1-21ae4]:main():gmm-align-compiled.cc:127) Male-4-Male-4_13
LOG (gmm-align-compiled[5.5.1124~1-21ae4]:main():gmm-align-compiled.cc:127) Male-4-Male-4_14
LOG (gmm-align-compiled[5.5.1124~1-21ae4]:main():gmm-align-compiled.cc:127) Male-4-Male-4_15
LOG (gmm-align-compiled[5.5.1124~1-21ae4]:main():gmm-align-compiled.cc:127) Male-4-Male-4_16
LOG (gmm-align-compiled[5.5.1124~1-21ae4]:main():gmm-align-compiled.cc:127) Male-4-Male-4_17
WARNING (gmm-align-compiled[5.5.1124~1-21ae4]:AlignUtteranceWrapper():decoder-wrappers.cc:617) Retrying utterance Male-4-Male-4_17 with beam 40
LOG (gmm-align-compiled[5.5.1124~1-21ae4]:main():gmm-align-compiled.cc:127) Male-4-Male-4_18
LOG (gmm-align-compiled[5.5.1124~1-21ae4]:main():gmm-align-compiled.cc:127) Male-4-Male-4_19
LOG (gmm-align-compiled[5.5.1124~1-21ae4]:main():gmm-align-compiled.cc:127) Male-4-Male-4_2
LOG (gmm-align-compiled[5.5.1124~1-21ae4]:main():gmm-align-compiled.cc:127) Male-4-Male-4_20
LOG (gmm-align-compiled[5.5.1124~1-21ae4]:main():gmm-align-compiled.cc:127) Male-4-Male-4_21
LOG (gmm-align-compiled[5.5.1124~1-21ae4]:main():gmm-align-compiled.cc:127) Male-4-Male-4_22
LOG (gmm-align-compiled[5.5.1124~1-21ae4]:main():gmm-align-compiled.cc:127) Male-4-Male-4_23
LOG (gmm-align-compiled[5.5.1124~1-21ae4]:main():gmm-align-compiled.cc:127) Male-4-Male-4_24
LOG (gmm-align-compiled[5.5.1124~1-21ae4]:main():gmm-align-compiled.cc:127) Male-4-Male-4_25
WARNING (gmm-align-compiled[5.5.1124~1-21ae4]:AlignUtteranceWrapper():decoder-wrappers.cc:617) Retrying utterance Male-4-Male-4_25 with beam 40
LOG (gmm-align-compiled[5.5.1124~1-21ae4]:main():gmm-align-compiled.cc:127) Male-4-Male-4_26
LOG (gmm-align-compiled[5.5.1124~1-21ae4]:main():gmm-align-compiled.cc:127) Male-4-Male-4_28
WARNING (gmm-align-compiled[5.5.1124~1-21ae4]:AlignUtteranceWrapper():decoder-wrappers.cc:617) Retrying utterance Male-4-Male-4_28 with beam 40
LOG (gmm-align-compiled[5.5.1124~1-21ae4]:main():gmm-align-compiled.cc:127) Male-4-Male-4_29
WARNING (gmm-align-compiled[5.5.1124~1-21ae4]:AlignUtteranceWrapper():decoder-wrappers.cc:617) Retrying utterance Male-4-Male-4_29 with beam 40
LOG (gmm-align-compiled[5.5.1124~1-21ae4]:main():gmm-align-compiled.cc:127) Male-4-Male-4_3
LOG (gmm-align-compiled[5.5.1124~1-21ae4]:main():gmm-align-compiled.cc:127) Male-4-Male-4_30
LOG (gmm-align-compiled[5.5.1124~1-21ae4]:main():gmm-align-compiled.cc:127) Male-4-Male-4_31
WARNING (gmm-align-compiled[5.5.1124~1-21ae4]:AlignUtteranceWrapper():decoder-wrappers.cc:617) Retrying utterance Male-4-Male-4_31 with beam 40
LOG (gmm-align-compiled[5.5.1124~1-21ae4]:main():gmm-align-compiled.cc:127) Male-4-Male-4_35
WARNING (gmm-align-compiled[5.5.1124~1-21ae4]:AlignUtteranceWrapper():decoder-wrappers.cc:617) Retrying utterance Male-4-Male-4_35 with beam 40
LOG (gmm-align-compiled[5.5.1124~1-21ae4]:main():gmm-align-compiled.cc:127) Male-4-Male-4_36
WARNING (gmm-align-compiled[5.5.1124~1-21ae4]:AlignUtteranceWrapper():decoder-wrappers.cc:617) Retrying utterance Male-4-Male-4_36 with beam 40
LOG (gmm-align-compiled[5.5.1124~1-21ae4]:main():gmm-align-compiled.cc:127) Male-4-Male-4_37
LOG (gmm-align-compiled[5.5.1124~1-21ae4]:main():gmm-align-compiled.cc:127) Male-4-Male-4_38
LOG (gmm-align-compiled[5.5.1124~1-21ae4]:main():gmm-align-compiled.cc:127) Male-4-Male-4_39
WARNING (gmm-align-compiled[5.5.1124~1-21ae4]:AlignUtteranceWrapper():decoder-wrappers.cc:617) Retrying utterance Male-4-Male-4_39 with beam 40
WARNING (gmm-align-compiled[5.5.1124~1-21ae4]:AlignUtteranceWrapper():decoder-wrappers.cc:626) Did not successfully decode file Male-4-Male-4_39, len = 599
LOG (gmm-align-compiled[5.5.1124~1-21ae4]:main():gmm-align-compiled.cc:127) Male-4-Male-4_4
WARNING (gmm-align-compiled[5.5.1124~1-21ae4]:AlignUtteranceWrapper():decoder-wrappers.cc:617) Retrying utterance Male-4-Male-4_4 with beam 40
LOG (gmm-align-compiled[5.5.1124~1-21ae4]:main():gmm-align-compiled.cc:127) Male-4-Male-4_40
LOG (gmm-align-compiled[5.5.1124~1-21ae4]:main():gmm-align-compiled.cc:127) Male-4-Male-4_41
WARNING (gmm-align-compiled[5.5.1124~1-21ae4]:AlignUtteranceWrapper():decoder-wrappers.cc:617) Retrying utterance Male-4-Male-4_41 with beam 40
LOG (gmm-align-compiled[5.5.1124~1-21ae4]:main():gmm-align-compiled.cc:127) Male-4-Male-4_42
WARNING (gmm-align-compiled[5.5.1124~1-21ae4]:AlignUtteranceWrapper():decoder-wrappers.cc:617) Retrying utterance Male-4-Male-4_42 with beam 40
LOG (gmm-align-compiled[5.5.1124~1-21ae4]:main():gmm-align-compiled.cc:127) Male-4-Male-4_43
LOG (gmm-align-compiled[5.5.1124~1-21ae4]:main():gmm-align-compiled.cc:127) Male-4-Male-4_45
WARNING (gmm-align-compiled[5.5.1124~1-21ae4]:AlignUtteranceWrapper():decoder-wrappers.cc:617) Retrying utterance Male-4-Male-4_45 with beam 40
LOG (gmm-align-compiled[5.5.1124~1-21ae4]:main():gmm-align-compiled.cc:127) Male-4-Male-4_48
LOG (gmm-align-compiled[5.5.1124~1-21ae4]:main():gmm-align-compiled.cc:127) Male-4-Male-4_49
LOG (gmm-align-compiled[5.5.1124~1-21ae4]:main():gmm-align-compiled.cc:127) Male-4-Male-4_50
LOG (gmm-align-compiled[5.5.1124~1-21ae4]:main():gmm-align-compiled.cc:127) Male-4-Male-4_6
WARNING (gmm-align-compiled[5.5.1124~1-21ae4]:AlignUtteranceWrapper():decoder-wrappers.cc:617) Retrying utterance Male-4-Male-4_6 with beam 40
LOG (gmm-align-compiled[5.5.1124~1-21ae4]:main():gmm-align-compiled.cc:127) Male-4-Male-4_8
WARNING (gmm-align-compiled[5.5.1124~1-21ae4]:AlignUtteranceWrapper():decoder-wrappers.cc:617) Retrying utterance Male-4-Male-4_8 with beam 40
LOG (gmm-align-compiled[5.5.1124~1-21ae4]:main():gmm-align-compiled.cc:127) Male-4-Male-4_9
WARNING (gmm-align-compiled[5.5.1124~1-21ae4]:AlignUtteranceWrapper():decoder-wrappers.cc:617) Retrying utterance Male-4-Male-4_9 with beam 40
LOG (gmm-align-compiled[5.5.1124~1-21ae4]:main():gmm-align-compiled.cc:127) Male-5-Male-5_1
LOG (gmm-align-compiled[5.5.1124~1-21ae4]:main():gmm-align-compiled.cc:127) Male-5-Male-5_10
LOG (gmm-align-compiled[5.5.1124~1-21ae4]:main():gmm-align-compiled.cc:127) Male-5-Male-5_11
LOG (gmm-align-compiled[5.5.1124~1-21ae4]:main():gmm-align-compiled.cc:127) Male-5-Male-5_12
LOG (gmm-align-compiled[5.5.1124~1-21ae4]:main():gmm-align-compiled.cc:127) Male-5-Male-5_13
LOG (gmm-align-compiled[5.5.1124~1-21ae4]:main():gmm-align-compiled.cc:127) Male-5-Male-5_14
LOG (gmm-align-compiled[5.5.1124~1-21ae4]:main():gmm-align-compiled.cc:127) Male-5-Male-5_16
LOG (gmm-align-compiled[5.5.1124~1-21ae4]:main():gmm-align-compiled.cc:127) Male-5-Male-5_17
LOG (gmm-align-compiled[5.5.1124~1-21ae4]:main():gmm-align-compiled.cc:127) Male-5-Male-5_18
LOG (gmm-align-compiled[5.5.1124~1-21ae4]:main():gmm-align-compiled.cc:127) Male-5-Male-5_19
LOG (gmm-align-compiled[5.5.1124~1-21ae4]:main():gmm-align-compiled.cc:127) Male-5-Male-5_2
LOG (gmm-align-compiled[5.5.1124~1-21ae4]:main():gmm-align-compiled.cc:127) Male-5-Male-5_20
LOG (gmm-align-compiled[5.5.1124~1-21ae4]:main():gmm-align-compiled.cc:127) Male-5-Male-5_21
LOG (gmm-align-compiled[5.5.1124~1-21ae4]:main():gmm-align-compiled.cc:127) Male-5-Male-5_22
LOG (gmm-align-compiled[5.5.1124~1-21ae4]:main():gmm-align-compiled.cc:127) Male-5-Male-5_23
LOG (gmm-align-compiled[5.5.1124~1-21ae4]:main():gmm-align-compiled.cc:127) Male-5-Male-5_24
LOG (gmm-align-compiled[5.5.1124~1-21ae4]:main():gmm-align-compiled.cc:127) Male-5-Male-5_25
LOG (gmm-align-compiled[5.5.1124~1-21ae4]:main():gmm-align-compiled.cc:127) Male-5-Male-5_26
LOG (gmm-align-compiled[5.5.1124~1-21ae4]:main():gmm-align-compiled.cc:127) Male-5-Male-5_27
LOG (gmm-align-compiled[5.5.1124~1-21ae4]:main():gmm-align-compiled.cc:127) Male-5-Male-5_28
LOG (gmm-align-compiled[5.5.1124~1-21ae4]:main():gmm-align-compiled.cc:127) Male-5-Male-5_3
LOG (gmm-align-compiled[5.5.1124~1-21ae4]:main():gmm-align-compiled.cc:127) Male-5-Male-5_30
LOG (gmm-align-compiled[5.5.1124~1-21ae4]:main():gmm-align-compiled.cc:127) Male-5-Male-5_31
LOG (gmm-align-compiled[5.5.1124~1-21ae4]:main():gmm-align-compiled.cc:127) Male-5-Male-5_32
LOG (gmm-align-compiled[5.5.1124~1-21ae4]:main():gmm-align-compiled.cc:127) Male-5-Male-5_33
WARNING (gmm-align-compiled[5.5.1124~1-21ae4]:AlignUtteranceWrapper():decoder-wrappers.cc:617) Retrying utterance Male-5-Male-5_33 with beam 40
LOG (gmm-align-compiled[5.5.1124~1-21ae4]:main():gmm-align-compiled.cc:127) Male-5-Male-5_34
LOG (gmm-align-compiled[5.5.1124~1-21ae4]:main():gmm-align-compiled.cc:127) Male-5-Male-5_35
LOG (gmm-align-compiled[5.5.1124~1-21ae4]:main():gmm-align-compiled.cc:127) Male-5-Male-5_36
LOG (gmm-align-compiled[5.5.1124~1-21ae4]:main():gmm-align-compiled.cc:127) Male-5-Male-5_37
LOG (gmm-align-compiled[5.5.1124~1-21ae4]:main():gmm-align-compiled.cc:127) Male-5-Male-5_38
LOG (gmm-align-compiled[5.5.1124~1-21ae4]:main():gmm-align-compiled.cc:127) Male-5-Male-5_39
LOG (gmm-align-compiled[5.5.1124~1-21ae4]:main():gmm-align-compiled.cc:127) Male-5-Male-5_4
LOG (gmm-align-compiled[5.5.1124~1-21ae4]:main():gmm-align-compiled.cc:127) Male-5-Male-5_40
LOG (gmm-align-compiled[5.5.1124~1-21ae4]:main():gmm-align-compiled.cc:127) Male-5-Male-5_42
LOG (gmm-align-compiled[5.5.1124~1-21ae4]:main():gmm-align-compiled.cc:127) Male-5-Male-5_43
LOG (gmm-align-compiled[5.5.1124~1-21ae4]:main():gmm-align-compiled.cc:127) Male-5-Male-5_44
LOG (gmm-align-compiled[5.5.1124~1-21ae4]:main():gmm-align-compiled.cc:127) Male-5-Male-5_45
LOG (gmm-align-compiled[5.5.1124~1-21ae4]:main():gmm-align-compiled.cc:127) Male-5-Male-5_50
LOG (gmm-align-compiled[5.5.1124~1-21ae4]:main():gmm-align-compiled.cc:127) Male-5-Male-5_8
LOG (gmm-align-compiled[5.5.1124~1-21ae4]:main():gmm-align-compiled.cc:127) Male-5-Male-5_9
LOG (gmm-align-compiled[5.5.1124~1-21ae4]:main():gmm-align-compiled.cc:127) Male-6-Male-6_1
LOG (gmm-align-compiled[5.5.1124~1-21ae4]:main():gmm-align-compiled.cc:127) Male-6-Male-6_11
LOG (gmm-align-compiled[5.5.1124~1-21ae4]:main():gmm-align-compiled.cc:127) Male-6-Male-6_12
LOG (gmm-align-compiled[5.5.1124~1-21ae4]:main():gmm-align-compiled.cc:127) Male-6-Male-6_13
LOG (gmm-align-compiled[5.5.1124~1-21ae4]:main():gmm-align-compiled.cc:127) Male-6-Male-6_14
LOG (gmm-align-compiled[5.5.1124~1-21ae4]:main():gmm-align-compiled.cc:127) Male-6-Male-6_16
LOG (gmm-align-compiled[5.5.1124~1-21ae4]:main():gmm-align-compiled.cc:127) Male-6-Male-6_17
LOG (gmm-align-compiled[5.5.1124~1-21ae4]:main():gmm-align-compiled.cc:127) Male-6-Male-6_18
LOG (gmm-align-compiled[5.5.1124~1-21ae4]:main():gmm-align-compiled.cc:127) Male-6-Male-6_19
LOG (gmm-align-compiled[5.5.1124~1-21ae4]:main():gmm-align-compiled.cc:127) Male-6-Male-6_20
LOG (gmm-align-compiled[5.5.1124~1-21ae4]:main():gmm-align-compiled.cc:127) Male-6-Male-6_22
LOG (gmm-align-compiled[5.5.1124~1-21ae4]:main():gmm-align-compiled.cc:127) Male-6-Male-6_23
LOG (gmm-align-compiled[5.5.1124~1-21ae4]:main():gmm-align-compiled.cc:127) Male-6-Male-6_24
LOG (gmm-align-compiled[5.5.1124~1-21ae4]:main():gmm-align-compiled.cc:127) Male-6-Male-6_25
LOG (gmm-align-compiled[5.5.1124~1-21ae4]:main():gmm-align-compiled.cc:127) Male-6-Male-6_27
LOG (gmm-align-compiled[5.5.1124~1-21ae4]:main():gmm-align-compiled.cc:127) Male-6-Male-6_28
LOG (gmm-align-compiled[5.5.1124~1-21ae4]:main():gmm-align-compiled.cc:127) Male-6-Male-6_29
LOG (gmm-align-compiled[5.5.1124~1-21ae4]:main():gmm-align-compiled.cc:127) Male-6-Male-6_3
LOG (gmm-align-compiled[5.5.1124~1-21ae4]:main():gmm-align-compiled.cc:127) Male-6-Male-6_30
LOG (gmm-align-compiled[5.5.1124~1-21ae4]:main():gmm-align-compiled.cc:127) Male-6-Male-6_31
LOG (gmm-align-compiled[5.5.1124~1-21ae4]:main():gmm-align-compiled.cc:127) Male-6-Male-6_32
LOG (gmm-align-compiled[5.5.1124~1-21ae4]:main():gmm-align-compiled.cc:127) Male-6-Male-6_33
LOG (gmm-align-compiled[5.5.1124~1-21ae4]:main():gmm-align-compiled.cc:127) Male-6-Male-6_34
LOG (gmm-align-compiled[5.5.1124~1-21ae4]:main():gmm-align-compiled.cc:127) Male-6-Male-6_36
LOG (gmm-align-compiled[5.5.1124~1-21ae4]:main():gmm-align-compiled.cc:127) Male-6-Male-6_39
LOG (gmm-align-compiled[5.5.1124~1-21ae4]:main():gmm-align-compiled.cc:127) Male-6-Male-6_4
LOG (gmm-align-compiled[5.5.1124~1-21ae4]:main():gmm-align-compiled.cc:127) Male-6-Male-6_40
LOG (gmm-align-compiled[5.5.1124~1-21ae4]:main():gmm-align-compiled.cc:127) Male-6-Male-6_41
LOG (gmm-align-compiled[5.5.1124~1-21ae4]:main():gmm-align-compiled.cc:127) Male-6-Male-6_42
LOG (gmm-align-compiled[5.5.1124~1-21ae4]:main():gmm-align-compiled.cc:127) Male-6-Male-6_43
LOG (gmm-align-compiled[5.5.1124~1-21ae4]:main():gmm-align-compiled.cc:127) Male-6-Male-6_44
LOG (gmm-align-compiled[5.5.1124~1-21ae4]:main():gmm-align-compiled.cc:127) Male-6-Male-6_46
LOG (gmm-align-compiled[5.5.1124~1-21ae4]:main():gmm-align-compiled.cc:127) Male-6-Male-6_47
LOG (gmm-align-compiled[5.5.1124~1-21ae4]:main():gmm-align-compiled.cc:127) Male-6-Male-6_48
LOG (gmm-align-compiled[5.5.1124~1-21ae4]:main():gmm-align-compiled.cc:127) Male-6-Male-6_5
LOG (gmm-align-compiled[5.5.1124~1-21ae4]:main():gmm-align-compiled.cc:127) Male-6-Male-6_50
LOG (gmm-align-compiled[5.5.1124~1-21ae4]:main():gmm-align-compiled.cc:127) Male-6-Male-6_6
LOG (gmm-align-compiled[5.5.1124~1-21ae4]:main():gmm-align-compiled.cc:127) Male-6-Male-6_7
LOG (gmm-align-compiled[5.5.1124~1-21ae4]:main():gmm-align-compiled.cc:127) Male-6-Male-6_8
LOG (gmm-align-compiled[5.5.1124~1-21ae4]:main():gmm-align-compiled.cc:127) Male-6-Male-6_9
LOG (gmm-align-compiled[5.5.1124~1-21ae4]:main():gmm-align-compiled.cc:127) Male-7-Male-7_1
LOG (gmm-align-compiled[5.5.1124~1-21ae4]:main():gmm-align-compiled.cc:127) Male-7-Male-7_10
LOG (gmm-align-compiled[5.5.1124~1-21ae4]:main():gmm-align-compiled.cc:127) Male-7-Male-7_11
LOG (gmm-align-compiled[5.5.1124~1-21ae4]:main():gmm-align-compiled.cc:127) Male-7-Male-7_13
LOG (gmm-align-compiled[5.5.1124~1-21ae4]:main():gmm-align-compiled.cc:127) Male-7-Male-7_14
LOG (gmm-align-compiled[5.5.1124~1-21ae4]:main():gmm-align-compiled.cc:127) Male-7-Male-7_15
LOG (gmm-align-compiled[5.5.1124~1-21ae4]:main():gmm-align-compiled.cc:127) Male-7-Male-7_16
LOG (gmm-align-compiled[5.5.1124~1-21ae4]:main():gmm-align-compiled.cc:127) Male-7-Male-7_17
LOG (gmm-align-compiled[5.5.1124~1-21ae4]:main():gmm-align-compiled.cc:127) Male-7-Male-7_18
LOG (gmm-align-compiled[5.5.1124~1-21ae4]:main():gmm-align-compiled.cc:127) Male-7-Male-7_2
LOG (gmm-align-compiled[5.5.1124~1-21ae4]:main():gmm-align-compiled.cc:127) Male-7-Male-7_20
LOG (gmm-align-compiled[5.5.1124~1-21ae4]:main():gmm-align-compiled.cc:127) Male-7-Male-7_21
LOG (gmm-align-compiled[5.5.1124~1-21ae4]:main():gmm-align-compiled.cc:127) Male-7-Male-7_22
LOG (gmm-align-compiled[5.5.1124~1-21ae4]:main():gmm-align-compiled.cc:127) Male-7-Male-7_23
LOG (gmm-align-compiled[5.5.1124~1-21ae4]:main():gmm-align-compiled.cc:127) Male-7-Male-7_24
LOG (gmm-align-compiled[5.5.1124~1-21ae4]:main():gmm-align-compiled.cc:127) Male-7-Male-7_25
LOG (gmm-align-compiled[5.5.1124~1-21ae4]:main():gmm-align-compiled.cc:127) Male-7-Male-7_27
LOG (gmm-align-compiled[5.5.1124~1-21ae4]:main():gmm-align-compiled.cc:127) Male-7-Male-7_28
LOG (gmm-align-compiled[5.5.1124~1-21ae4]:main():gmm-align-compiled.cc:127) Male-7-Male-7_29
WARNING (gmm-align-compiled[5.5.1124~1-21ae4]:AlignUtteranceWrapper():decoder-wrappers.cc:617) Retrying utterance Male-7-Male-7_29 with beam 40
LOG (gmm-align-compiled[5.5.1124~1-21ae4]:main():gmm-align-compiled.cc:127) Male-7-Male-7_3
LOG (gmm-align-compiled[5.5.1124~1-21ae4]:main():gmm-align-compiled.cc:127) Male-7-Male-7_30
LOG (gmm-align-compiled[5.5.1124~1-21ae4]:main():gmm-align-compiled.cc:127) Male-7-Male-7_31
LOG (gmm-align-compiled[5.5.1124~1-21ae4]:main():gmm-align-compiled.cc:127) Male-7-Male-7_32
LOG (gmm-align-compiled[5.5.1124~1-21ae4]:main():gmm-align-compiled.cc:127) Male-7-Male-7_33
LOG (gmm-align-compiled[5.5.1124~1-21ae4]:main():gmm-align-compiled.cc:127) Male-7-Male-7_34
LOG (gmm-align-compiled[5.5.1124~1-21ae4]:main():gmm-align-compiled.cc:127) Male-7-Male-7_36
LOG (gmm-align-compiled[5.5.1124~1-21ae4]:main():gmm-align-compiled.cc:127) Male-7-Male-7_37
WARNING (gmm-align-compiled[5.5.1124~1-21ae4]:AlignUtteranceWrapper():decoder-wrappers.cc:617) Retrying utterance Male-7-Male-7_37 with beam 40
LOG (gmm-align-compiled[5.5.1124~1-21ae4]:main():gmm-align-compiled.cc:127) Male-7-Male-7_38
LOG (gmm-align-compiled[5.5.1124~1-21ae4]:main():gmm-align-compiled.cc:127) Male-7-Male-7_39
LOG (gmm-align-compiled[5.5.1124~1-21ae4]:main():gmm-align-compiled.cc:127) Male-7-Male-7_4
LOG (gmm-align-compiled[5.5.1124~1-21ae4]:main():gmm-align-compiled.cc:127) Male-7-Male-7_41
LOG (gmm-align-compiled[5.5.1124~1-21ae4]:main():gmm-align-compiled.cc:127) Male-7-Male-7_44
LOG (gmm-align-compiled[5.5.1124~1-21ae4]:main():gmm-align-compiled.cc:127) Male-7-Male-7_45
LOG (gmm-align-compiled[5.5.1124~1-21ae4]:main():gmm-align-compiled.cc:127) Male-7-Male-7_46
LOG (gmm-align-compiled[5.5.1124~1-21ae4]:main():gmm-align-compiled.cc:127) Male-7-Male-7_47
LOG (gmm-align-compiled[5.5.1124~1-21ae4]:main():gmm-align-compiled.cc:127) Male-7-Male-7_49
LOG (gmm-align-compiled[5.5.1124~1-21ae4]:main():gmm-align-compiled.cc:127) Male-7-Male-7_6
LOG (gmm-align-compiled[5.5.1124~1-21ae4]:main():gmm-align-compiled.cc:127) Male-7-Male-7_7
LOG (gmm-align-compiled[5.5.1124~1-21ae4]:main():gmm-align-compiled.cc:127) Male-7-Male-7_8
LOG (gmm-align-compiled[5.5.1124~1-21ae4]:main():gmm-align-compiled.cc:127) Male-7-Male-7_9
LOG (gmm-align-compiled[5.5.1124~1-21ae4]:main():gmm-align-compiled.cc:127) Male-8-Male-8_1
LOG (gmm-align-compiled[5.5.1124~1-21ae4]:main():gmm-align-compiled.cc:127) Male-8-Male-8_10
LOG (gmm-align-compiled[5.5.1124~1-21ae4]:main():gmm-align-compiled.cc:127) Male-8-Male-8_12
LOG (gmm-align-compiled[5.5.1124~1-21ae4]:main():gmm-align-compiled.cc:127) Male-8-Male-8_13
LOG (gmm-align-compiled[5.5.1124~1-21ae4]:main():gmm-align-compiled.cc:127) Male-8-Male-8_14
LOG (gmm-align-compiled[5.5.1124~1-21ae4]:main():gmm-align-compiled.cc:127) Male-8-Male-8_15
LOG (gmm-align-compiled[5.5.1124~1-21ae4]:main():gmm-align-compiled.cc:127) Male-8-Male-8_17
LOG (gmm-align-compiled[5.5.1124~1-21ae4]:main():gmm-align-compiled.cc:127) Male-8-Male-8_18
LOG (gmm-align-compiled[5.5.1124~1-21ae4]:main():gmm-align-compiled.cc:127) Male-8-Male-8_19
LOG (gmm-align-compiled[5.5.1124~1-21ae4]:main():gmm-align-compiled.cc:127) Male-8-Male-8_20
LOG (gmm-align-compiled[5.5.1124~1-21ae4]:main():gmm-align-compiled.cc:127) Male-8-Male-8_21
LOG (gmm-align-compiled[5.5.1124~1-21ae4]:main():gmm-align-compiled.cc:127) Male-8-Male-8_24
LOG (gmm-align-compiled[5.5.1124~1-21ae4]:main():gmm-align-compiled.cc:127) Male-8-Male-8_25
LOG (gmm-align-compiled[5.5.1124~1-21ae4]:main():gmm-align-compiled.cc:127) Male-8-Male-8_26
LOG (gmm-align-compiled[5.5.1124~1-21ae4]:main():gmm-align-compiled.cc:127) Male-8-Male-8_27
LOG (gmm-align-compiled[5.5.1124~1-21ae4]:main():gmm-align-compiled.cc:127) Male-8-Male-8_28
LOG (gmm-align-compiled[5.5.1124~1-21ae4]:main():gmm-align-compiled.cc:127) Male-8-Male-8_29
LOG (gmm-align-compiled[5.5.1124~1-21ae4]:main():gmm-align-compiled.cc:127) Male-8-Male-8_3
LOG (gmm-align-compiled[5.5.1124~1-21ae4]:main():gmm-align-compiled.cc:127) Male-8-Male-8_30
LOG (gmm-align-compiled[5.5.1124~1-21ae4]:main():gmm-align-compiled.cc:127) Male-8-Male-8_31
LOG (gmm-align-compiled[5.5.1124~1-21ae4]:main():gmm-align-compiled.cc:127) Male-8-Male-8_33
LOG (gmm-align-compiled[5.5.1124~1-21ae4]:main():gmm-align-compiled.cc:127) Male-8-Male-8_34
LOG (gmm-align-compiled[5.5.1124~1-21ae4]:main():gmm-align-compiled.cc:127) Male-8-Male-8_35
LOG (gmm-align-compiled[5.5.1124~1-21ae4]:main():gmm-align-compiled.cc:127) Male-8-Male-8_36
LOG (gmm-align-compiled[5.5.1124~1-21ae4]:main():gmm-align-compiled.cc:127) Male-8-Male-8_37
LOG (gmm-align-compiled[5.5.1124~1-21ae4]:main():gmm-align-compiled.cc:127) Male-8-Male-8_39
LOG (gmm-align-compiled[5.5.1124~1-21ae4]:main():gmm-align-compiled.cc:127) Male-8-Male-8_4
LOG (gmm-align-compiled[5.5.1124~1-21ae4]:main():gmm-align-compiled.cc:127) Male-8-Male-8_40
LOG (gmm-align-compiled[5.5.1124~1-21ae4]:main():gmm-align-compiled.cc:127) Male-8-Male-8_42
LOG (gmm-align-compiled[5.5.1124~1-21ae4]:main():gmm-align-compiled.cc:127) Male-8-Male-8_44
LOG (gmm-align-compiled[5.5.1124~1-21ae4]:main():gmm-align-compiled.cc:127) Male-8-Male-8_46
LOG (gmm-align-compiled[5.5.1124~1-21ae4]:main():gmm-align-compiled.cc:127) Male-8-Male-8_47
LOG (gmm-align-compiled[5.5.1124~1-21ae4]:main():gmm-align-compiled.cc:127) Male-8-Male-8_48
LOG (gmm-align-compiled[5.5.1124~1-21ae4]:main():gmm-align-compiled.cc:127) Male-8-Male-8_49
LOG (gmm-align-compiled[5.5.1124~1-21ae4]:main():gmm-align-compiled.cc:127) Male-8-Male-8_5
LOG (gmm-align-compiled[5.5.1124~1-21ae4]:main():gmm-align-compiled.cc:127) Male-8-Male-8_50
LOG (gmm-align-compiled[5.5.1124~1-21ae4]:main():gmm-align-compiled.cc:127) Male-8-Male-8_6
LOG (gmm-align-compiled[5.5.1124~1-21ae4]:main():gmm-align-compiled.cc:127) Male-8-Male-8_7
LOG (gmm-align-compiled[5.5.1124~1-21ae4]:main():gmm-align-compiled.cc:127) Male-8-Male-8_8
LOG (gmm-align-compiled[5.5.1124~1-21ae4]:main():gmm-align-compiled.cc:127) Male-8-Male-8_9
LOG (gmm-align-compiled[5.5.1124~1-21ae4]:main():gmm-align-compiled.cc:127) Male-9-Male-9_1
LOG (gmm-align-compiled[5.5.1124~1-21ae4]:main():gmm-align-compiled.cc:127) Male-9-Male-9_10
LOG (gmm-align-compiled[5.5.1124~1-21ae4]:main():gmm-align-compiled.cc:127) Male-9-Male-9_11
LOG (gmm-align-compiled[5.5.1124~1-21ae4]:main():gmm-align-compiled.cc:127) Male-9-Male-9_12
LOG (gmm-align-compiled[5.5.1124~1-21ae4]:main():gmm-align-compiled.cc:127) Male-9-Male-9_13
LOG (gmm-align-compiled[5.5.1124~1-21ae4]:main():gmm-align-compiled.cc:127) Male-9-Male-9_14
LOG (gmm-align-compiled[5.5.1124~1-21ae4]:main():gmm-align-compiled.cc:127) Male-9-Male-9_15
LOG (gmm-align-compiled[5.5.1124~1-21ae4]:main():gmm-align-compiled.cc:127) Male-9-Male-9_16
LOG (gmm-align-compiled[5.5.1124~1-21ae4]:main():gmm-align-compiled.cc:127) Male-9-Male-9_17
LOG (gmm-align-compiled[5.5.1124~1-21ae4]:main():gmm-align-compiled.cc:127) Male-9-Male-9_19
LOG (gmm-align-compiled[5.5.1124~1-21ae4]:main():gmm-align-compiled.cc:127) Male-9-Male-9_2
LOG (gmm-align-compiled[5.5.1124~1-21ae4]:main():gmm-align-compiled.cc:127) Male-9-Male-9_20
LOG (gmm-align-compiled[5.5.1124~1-21ae4]:main():gmm-align-compiled.cc:127) Male-9-Male-9_23
LOG (gmm-align-compiled[5.5.1124~1-21ae4]:main():gmm-align-compiled.cc:127) Male-9-Male-9_24
LOG (gmm-align-compiled[5.5.1124~1-21ae4]:main():gmm-align-compiled.cc:127) Male-9-Male-9_25
LOG (gmm-align-compiled[5.5.1124~1-21ae4]:main():gmm-align-compiled.cc:127) Male-9-Male-9_27
LOG (gmm-align-compiled[5.5.1124~1-21ae4]:main():gmm-align-compiled.cc:127) Male-9-Male-9_28
LOG (gmm-align-compiled[5.5.1124~1-21ae4]:main():gmm-align-compiled.cc:127) Male-9-Male-9_29
LOG (gmm-align-compiled[5.5.1124~1-21ae4]:main():gmm-align-compiled.cc:127) Male-9-Male-9_3
LOG (gmm-align-compiled[5.5.1124~1-21ae4]:main():gmm-align-compiled.cc:127) Male-9-Male-9_33
LOG (gmm-align-compiled[5.5.1124~1-21ae4]:main():gmm-align-compiled.cc:127) Male-9-Male-9_34
LOG (gmm-align-compiled[5.5.1124~1-21ae4]:main():gmm-align-compiled.cc:127) Male-9-Male-9_35
LOG (gmm-align-compiled[5.5.1124~1-21ae4]:main():gmm-align-compiled.cc:127) Male-9-Male-9_36
LOG (gmm-align-compiled[5.5.1124~1-21ae4]:main():gmm-align-compiled.cc:127) Male-9-Male-9_37
LOG (gmm-align-compiled[5.5.1124~1-21ae4]:main():gmm-align-compiled.cc:127) Male-9-Male-9_38
LOG (gmm-align-compiled[5.5.1124~1-21ae4]:main():gmm-align-compiled.cc:127) Male-9-Male-9_39
LOG (gmm-align-compiled[5.5.1124~1-21ae4]:main():gmm-align-compiled.cc:127) Male-9-Male-9_4
LOG (gmm-align-compiled[5.5.1124~1-21ae4]:main():gmm-align-compiled.cc:127) Male-9-Male-9_40
LOG (gmm-align-compiled[5.5.1124~1-21ae4]:main():gmm-align-compiled.cc:127) Male-9-Male-9_41
LOG (gmm-align-compiled[5.5.1124~1-21ae4]:main():gmm-align-compiled.cc:127) Male-9-Male-9_42
LOG (gmm-align-compiled[5.5.1124~1-21ae4]:main():gmm-align-compiled.cc:127) Male-9-Male-9_45
LOG (gmm-align-compiled[5.5.1124~1-21ae4]:main():gmm-align-compiled.cc:127) Male-9-Male-9_46
LOG (gmm-align-compiled[5.5.1124~1-21ae4]:main():gmm-align-compiled.cc:127) Male-9-Male-9_47
LOG (gmm-align-compiled[5.5.1124~1-21ae4]:main():gmm-align-compiled.cc:127) Male-9-Male-9_48
LOG (gmm-align-compiled[5.5.1124~1-21ae4]:main():gmm-align-compiled.cc:127) Male-9-Male-9_5
LOG (gmm-align-compiled[5.5.1124~1-21ae4]:main():gmm-align-compiled.cc:127) Male-9-Male-9_50
LOG (gmm-align-compiled[5.5.1124~1-21ae4]:main():gmm-align-compiled.cc:127) Male-9-Male-9_6
LOG (apply-cmvn[5.5.1124~1-21ae4]:main():apply-cmvn.cc:162) Applied cepstral mean normalization to 868 utterances, errors on 0
LOG (gmm-align-compiled[5.5.1124~1-21ae4]:main():gmm-align-compiled.cc:127) Male-9-Male-9_7
LOG (gmm-align-compiled[5.5.1124~1-21ae4]:main():gmm-align-compiled.cc:127) Male-9-Male-9_8
LOG (gmm-align-compiled[5.5.1124~1-21ae4]:main():gmm-align-compiled.cc:127) Male-9-Male-9_9
LOG (gmm-align-compiled[5.5.1124~1-21ae4]:main():gmm-align-compiled.cc:135) Overall log-likelihood per frame is -96.8005 over 521392 frames.
LOG (gmm-align-compiled[5.5.1124~1-21ae4]:main():gmm-align-compiled.cc:137) Retried 34 out of 868 utterances.
LOG (gmm-align-compiled[5.5.1124~1-21ae4]:main():gmm-align-compiled.cc:139) Done 865, errors on 3
# Accounting: time=3 threads=1
# Ended (code 0) at Thu Dec  7 00:01:43 WIB 2023, elapsed time 3 seconds
