# gmm-acc-stats-ali exp/tri2/19.mdl "ark,s,cs:apply-cmvn  --utt2spk=ark:data/train/split1/1/utt2spk scp:data/train/split1/1/cmvn.scp scp:data/train/split1/1/feats.scp ark:- | add-deltas  ark:- ark:- |" "ark,s,cs:gunzip -c exp/tri2/ali.1.gz|" exp/tri2/19.1.acc 
# Started at Thu Dec  7 00:06:36 WIB 2023
#
gmm-acc-stats-ali exp/tri2/19.mdl 'ark,s,cs:apply-cmvn  --utt2spk=ark:data/train/split1/1/utt2spk scp:data/train/split1/1/cmvn.scp scp:data/train/split1/1/feats.scp ark:- | add-deltas  ark:- ark:- |' 'ark,s,cs:gunzip -c exp/tri2/ali.1.gz|' exp/tri2/19.1.acc 
add-deltas ark:- ark:- 
apply-cmvn --utt2spk=ark:data/train/split1/1/utt2spk scp:data/train/split1/1/cmvn.scp scp:data/train/split1/1/feats.scp ark:- 
WARNING (gmm-acc-stats-ali[5.5.1124~1-21ae4]:main():gmm-acc-stats-ali.cc:79) No alignment for utterance Female-1-Female-1_41
LOG (gmm-acc-stats-ali[5.5.1124~1-21ae4]:main():gmm-acc-stats-ali.cc:105) Processed 50 utterances; for utterance Female-2-Female-2_20 avg. like is -93.2299 over 367 frames.
LOG (gmm-acc-stats-ali[5.5.1124~1-21ae4]:main():gmm-acc-stats-ali.cc:105) Processed 100 utterances; for utterance Female-3-Female-3_33 avg. like is -94.4853 over 735 frames.
LOG (gmm-acc-stats-ali[5.5.1124~1-21ae4]:main():gmm-acc-stats-ali.cc:105) Processed 150 utterances; for utterance Female-4-Female-4_45 avg. like is -88.9845 over 547 frames.
LOG (gmm-acc-stats-ali[5.5.1124~1-21ae4]:main():gmm-acc-stats-ali.cc:105) Processed 200 utterances; for utterance Female-6-Female-6_1 avg. like is -88.7355 over 608 frames.
LOG (gmm-acc-stats-ali[5.5.1124~1-21ae4]:main():gmm-acc-stats-ali.cc:105) Processed 250 utterances; for utterance Female-7-human_rights_un_ind_rd_0014 avg. like is -85.7226 over 706 frames.
LOG (gmm-acc-stats-ali[5.5.1124~1-21ae4]:main():gmm-acc-stats-ali.cc:105) Processed 300 utterances; for utterance Female-7-human_rights_un_ind_rd_0075 avg. like is -80.0896 over 590 frames.
LOG (gmm-acc-stats-ali[5.5.1124~1-21ae4]:main():gmm-acc-stats-ali.cc:105) Processed 350 utterances; for utterance Male-1-Male-1_11 avg. like is -86.9324 over 1275 frames.
WARNING (gmm-acc-stats-ali[5.5.1124~1-21ae4]:main():gmm-acc-stats-ali.cc:79) No alignment for utterance Male-1-Male-1_45
LOG (gmm-acc-stats-ali[5.5.1124~1-21ae4]:main():gmm-acc-stats-ali.cc:105) Processed 400 utterances; for utterance Male-10-Male-10_26 avg. like is -76.7906 over 350 frames.
LOG (gmm-acc-stats-ali[5.5.1124~1-21ae4]:main():gmm-acc-stats-ali.cc:105) Processed 450 utterances; for utterance Male-11-Male-11_37 avg. like is -91.6464 over 1435 frames.
LOG (gmm-acc-stats-ali[5.5.1124~1-21ae4]:main():gmm-acc-stats-ali.cc:105) Processed 500 utterances; for utterance Male-12-Male-12_47 avg. like is -86.1225 over 520 frames.
LOG (gmm-acc-stats-ali[5.5.1124~1-21ae4]:main():gmm-acc-stats-ali.cc:105) Processed 550 utterances; for utterance Male-2-Male-2_13 avg. like is -88.3367 over 501 frames.
LOG (gmm-acc-stats-ali[5.5.1124~1-21ae4]:main():gmm-acc-stats-ali.cc:105) Processed 600 utterances; for utterance Male-3-Male-3_24 avg. like is -83.883 over 462 frames.
LOG (gmm-acc-stats-ali[5.5.1124~1-21ae4]:main():gmm-acc-stats-ali.cc:105) Processed 650 utterances; for utterance Male-4-Male-4_35 avg. like is -95.7642 over 541 frames.
LOG (gmm-acc-stats-ali[5.5.1124~1-21ae4]:main():gmm-acc-stats-ali.cc:105) Processed 700 utterances; for utterance Male-5-Male-5_42 avg. like is -82.981 over 500 frames.
LOG (gmm-acc-stats-ali[5.5.1124~1-21ae4]:main():gmm-acc-stats-ali.cc:105) Processed 750 utterances; for utterance Male-7-Male-7_13 avg. like is -85.2871 over 595 frames.
LOG (gmm-acc-stats-ali[5.5.1124~1-21ae4]:main():gmm-acc-stats-ali.cc:105) Processed 800 utterances; for utterance Male-8-Male-8_26 avg. like is -79.032 over 1127 frames.
LOG (gmm-acc-stats-ali[5.5.1124~1-21ae4]:main():gmm-acc-stats-ali.cc:105) Processed 850 utterances; for utterance Male-9-Male-9_37 avg. like is -89.5534 over 358 frames.
LOG (apply-cmvn[5.5.1124~1-21ae4]:main():apply-cmvn.cc:162) Applied cepstral mean normalization to 868 utterances, errors on 0
LOG (gmm-acc-stats-ali[5.5.1124~1-21ae4]:main():gmm-acc-stats-ali.cc:112) Done 866 files, 2 with errors.
LOG (gmm-acc-stats-ali[5.5.1124~1-21ae4]:main():gmm-acc-stats-ali.cc:115) Overall avg like per frame (Gaussian only) = -87.2333 over 521991 frames.
LOG (gmm-acc-stats-ali[5.5.1124~1-21ae4]:main():gmm-acc-stats-ali.cc:123) Written accs.
# Accounting: time=1 threads=1
# Ended (code 0) at Thu Dec  7 00:06:37 WIB 2023, elapsed time 1 seconds
