# build-tree --verbose=1 --max-leaves=2500 --cluster-thresh=-1 exp/tri2/treeacc data/lang/phones/roots.int exp/tri2/questions.qst data/lang/topo exp/tri2/tree 
# Started at Thu Dec  7 00:06:16 WIB 2023
#
build-tree --verbose=1 --max-leaves=2500 --cluster-thresh=-1 exp/tri2/treeacc data/lang/phones/roots.int exp/tri2/questions.qst data/lang/topo exp/tri2/tree 
LOG (build-tree[5.5.1124~1-21ae4]:main():build-tree.cc:104) Number of separate statistics is 13646
LOG (build-tree[5.5.1124~1-21ae4]:BuildTree():build-tree.cc:161) BuildTree: before building trees, map has 34 leaves.
LOG (build-tree[5.5.1124~1-21ae4]:SplitDecisionTree():build-tree-utils.cc:577) DoDecisionTreeSplit: split 1263 times, #leaves now 1297
LOG (build-tree[5.5.1124~1-21ae4]:BuildTree():build-tree.cc:187) Setting clustering threshold to smallest split 300.234
VLOG[1] (build-tree[5.5.1124~1-21ae4]:BuildTree():build-tree.cc:196) After decision tree split, num-leaves = 1297, like-impr = 4.86582 per frame over 521991 frames.
VLOG[1] (build-tree[5.5.1124~1-21ae4]:BuildTree():build-tree.cc:200) Including just phones that were split, improvement is 4.86582 per frame over 521991 frames.
LOG (build-tree[5.5.1124~1-21ae4]:BuildTree():build-tree.cc:215) BuildTree: removed 285 leaves.
VLOG[1] (build-tree[5.5.1124~1-21ae4]:ClusterEventMapToNClustersRestrictedByMap():build-tree-utils.cc:914) Number of non-empty clusters in map = 33
VLOG[1] (build-tree[5.5.1124~1-21ae4]:ClusterEventMapToNClustersRestrictedByMap():build-tree-utils.cc:915) Number of non-empty clusters = 1011
LOG (build-tree[5.5.1124~1-21ae4]:BuildTree():build-tree.cc:231) BuildTree: Rounded num leaves to multiple of 8 by removing 4 leaves.
VLOG[1] (build-tree[5.5.1124~1-21ae4]:BuildTree():build-tree.cc:256) Objf change due to clustering -0.115803 per frame.
VLOG[1] (build-tree[5.5.1124~1-21ae4]:BuildTree():build-tree.cc:259) Normalizing over only split phones, this is: -0.115803 per frame.
VLOG[1] (build-tree[5.5.1124~1-21ae4]:BuildTree():build-tree.cc:262) Num-leaves is now 1008
VLOG[1] (build-tree[5.5.1124~1-21ae4]:main():build-tree.cc:143) For pdf-id 1, low count 0
VLOG[1] (build-tree[5.5.1124~1-21ae4]:main():build-tree.cc:143) For pdf-id 8, low count 52
VLOG[1] (build-tree[5.5.1124~1-21ae4]:main():build-tree.cc:143) For pdf-id 22, low count 69
VLOG[1] (build-tree[5.5.1124~1-21ae4]:main():build-tree.cc:143) For pdf-id 23, low count 42
VLOG[1] (build-tree[5.5.1124~1-21ae4]:main():build-tree.cc:143) For pdf-id 27, low count 46
VLOG[1] (build-tree[5.5.1124~1-21ae4]:main():build-tree.cc:143) For pdf-id 31, low count 29
VLOG[1] (build-tree[5.5.1124~1-21ae4]:main():build-tree.cc:143) For pdf-id 33, low count 47
VLOG[1] (build-tree[5.5.1124~1-21ae4]:main():build-tree.cc:143) For pdf-id 55, low count 55
VLOG[1] (build-tree[5.5.1124~1-21ae4]:main():build-tree.cc:143) For pdf-id 73, low count 89
VLOG[1] (build-tree[5.5.1124~1-21ae4]:main():build-tree.cc:143) For pdf-id 97, low count 56
VLOG[1] (build-tree[5.5.1124~1-21ae4]:main():build-tree.cc:143) For pdf-id 104, low count 89
VLOG[1] (build-tree[5.5.1124~1-21ae4]:main():build-tree.cc:143) For pdf-id 105, low count 62
VLOG[1] (build-tree[5.5.1124~1-21ae4]:main():build-tree.cc:143) For pdf-id 108, low count 57
VLOG[1] (build-tree[5.5.1124~1-21ae4]:main():build-tree.cc:143) For pdf-id 113, low count 24
VLOG[1] (build-tree[5.5.1124~1-21ae4]:main():build-tree.cc:143) For pdf-id 114, low count 71
VLOG[1] (build-tree[5.5.1124~1-21ae4]:main():build-tree.cc:143) For pdf-id 124, low count 44
VLOG[1] (build-tree[5.5.1124~1-21ae4]:main():build-tree.cc:143) For pdf-id 136, low count 36
VLOG[1] (build-tree[5.5.1124~1-21ae4]:main():build-tree.cc:143) For pdf-id 152, low count 68
VLOG[1] (build-tree[5.5.1124~1-21ae4]:main():build-tree.cc:143) For pdf-id 153, low count 86
VLOG[1] (build-tree[5.5.1124~1-21ae4]:main():build-tree.cc:143) For pdf-id 169, low count 36
VLOG[1] (build-tree[5.5.1124~1-21ae4]:main():build-tree.cc:143) For pdf-id 185, low count 52
VLOG[1] (build-tree[5.5.1124~1-21ae4]:main():build-tree.cc:143) For pdf-id 188, low count 86
VLOG[1] (build-tree[5.5.1124~1-21ae4]:main():build-tree.cc:143) For pdf-id 189, low count 60
VLOG[1] (build-tree[5.5.1124~1-21ae4]:main():build-tree.cc:143) For pdf-id 194, low count 95
VLOG[1] (build-tree[5.5.1124~1-21ae4]:main():build-tree.cc:143) For pdf-id 198, low count 47
VLOG[1] (build-tree[5.5.1124~1-21ae4]:main():build-tree.cc:143) For pdf-id 199, low count 53
VLOG[1] (build-tree[5.5.1124~1-21ae4]:main():build-tree.cc:143) For pdf-id 215, low count 87
VLOG[1] (build-tree[5.5.1124~1-21ae4]:main():build-tree.cc:143) For pdf-id 218, low count 73
VLOG[1] (build-tree[5.5.1124~1-21ae4]:main():build-tree.cc:143) For pdf-id 219, low count 66
VLOG[1] (build-tree[5.5.1124~1-21ae4]:main():build-tree.cc:143) For pdf-id 221, low count 49
VLOG[1] (build-tree[5.5.1124~1-21ae4]:main():build-tree.cc:143) For pdf-id 228, low count 79
VLOG[1] (build-tree[5.5.1124~1-21ae4]:main():build-tree.cc:143) For pdf-id 233, low count 35
VLOG[1] (build-tree[5.5.1124~1-21ae4]:main():build-tree.cc:143) For pdf-id 237, low count 44
VLOG[1] (build-tree[5.5.1124~1-21ae4]:main():build-tree.cc:143) For pdf-id 238, low count 23
VLOG[1] (build-tree[5.5.1124~1-21ae4]:main():build-tree.cc:143) For pdf-id 239, low count 74
VLOG[1] (build-tree[5.5.1124~1-21ae4]:main():build-tree.cc:143) For pdf-id 240, low count 39
VLOG[1] (build-tree[5.5.1124~1-21ae4]:main():build-tree.cc:143) For pdf-id 244, low count 65
VLOG[1] (build-tree[5.5.1124~1-21ae4]:main():build-tree.cc:143) For pdf-id 246, low count 90
VLOG[1] (build-tree[5.5.1124~1-21ae4]:main():build-tree.cc:143) For pdf-id 249, low count 46
VLOG[1] (build-tree[5.5.1124~1-21ae4]:main():build-tree.cc:143) For pdf-id 252, low count 53
VLOG[1] (build-tree[5.5.1124~1-21ae4]:main():build-tree.cc:143) For pdf-id 254, low count 41
VLOG[1] (build-tree[5.5.1124~1-21ae4]:main():build-tree.cc:143) For pdf-id 255, low count 86
VLOG[1] (build-tree[5.5.1124~1-21ae4]:main():build-tree.cc:143) For pdf-id 263, low count 27
VLOG[1] (build-tree[5.5.1124~1-21ae4]:main():build-tree.cc:143) For pdf-id 271, low count 30
VLOG[1] (build-tree[5.5.1124~1-21ae4]:main():build-tree.cc:143) For pdf-id 280, low count 47
VLOG[1] (build-tree[5.5.1124~1-21ae4]:main():build-tree.cc:143) For pdf-id 283, low count 71
VLOG[1] (build-tree[5.5.1124~1-21ae4]:main():build-tree.cc:143) For pdf-id 303, low count 92
VLOG[1] (build-tree[5.5.1124~1-21ae4]:main():build-tree.cc:143) For pdf-id 308, low count 69
VLOG[1] (build-tree[5.5.1124~1-21ae4]:main():build-tree.cc:143) For pdf-id 312, low count 93
VLOG[1] (build-tree[5.5.1124~1-21ae4]:main():build-tree.cc:143) For pdf-id 321, low count 95
VLOG[1] (build-tree[5.5.1124~1-21ae4]:main():build-tree.cc:143) For pdf-id 322, low count 85
VLOG[1] (build-tree[5.5.1124~1-21ae4]:main():build-tree.cc:143) For pdf-id 340, low count 63
VLOG[1] (build-tree[5.5.1124~1-21ae4]:main():build-tree.cc:143) For pdf-id 345, low count 88
VLOG[1] (build-tree[5.5.1124~1-21ae4]:main():build-tree.cc:143) For pdf-id 357, low count 80
VLOG[1] (build-tree[5.5.1124~1-21ae4]:main():build-tree.cc:143) For pdf-id 371, low count 95
VLOG[1] (build-tree[5.5.1124~1-21ae4]:main():build-tree.cc:143) For pdf-id 376, low count 81
VLOG[1] (build-tree[5.5.1124~1-21ae4]:main():build-tree.cc:143) For pdf-id 383, low count 28
VLOG[1] (build-tree[5.5.1124~1-21ae4]:main():build-tree.cc:143) For pdf-id 387, low count 30
VLOG[1] (build-tree[5.5.1124~1-21ae4]:main():build-tree.cc:143) For pdf-id 389, low count 69
VLOG[1] (build-tree[5.5.1124~1-21ae4]:main():build-tree.cc:143) For pdf-id 391, low count 61
VLOG[1] (build-tree[5.5.1124~1-21ae4]:main():build-tree.cc:143) For pdf-id 406, low count 92
VLOG[1] (build-tree[5.5.1124~1-21ae4]:main():build-tree.cc:143) For pdf-id 420, low count 50
VLOG[1] (build-tree[5.5.1124~1-21ae4]:main():build-tree.cc:143) For pdf-id 437, low count 51
VLOG[1] (build-tree[5.5.1124~1-21ae4]:main():build-tree.cc:143) For pdf-id 449, low count 74
VLOG[1] (build-tree[5.5.1124~1-21ae4]:main():build-tree.cc:143) For pdf-id 461, low count 92
VLOG[1] (build-tree[5.5.1124~1-21ae4]:main():build-tree.cc:143) For pdf-id 465, low count 84
VLOG[1] (build-tree[5.5.1124~1-21ae4]:main():build-tree.cc:143) For pdf-id 466, low count 48
VLOG[1] (build-tree[5.5.1124~1-21ae4]:main():build-tree.cc:143) For pdf-id 480, low count 21
VLOG[1] (build-tree[5.5.1124~1-21ae4]:main():build-tree.cc:143) For pdf-id 491, low count 47
VLOG[1] (build-tree[5.5.1124~1-21ae4]:main():build-tree.cc:143) For pdf-id 495, low count 22
VLOG[1] (build-tree[5.5.1124~1-21ae4]:main():build-tree.cc:143) For pdf-id 501, low count 63
VLOG[1] (build-tree[5.5.1124~1-21ae4]:main():build-tree.cc:143) For pdf-id 502, low count 96
VLOG[1] (build-tree[5.5.1124~1-21ae4]:main():build-tree.cc:143) For pdf-id 509, low count 57
VLOG[1] (build-tree[5.5.1124~1-21ae4]:main():build-tree.cc:143) For pdf-id 510, low count 94
VLOG[1] (build-tree[5.5.1124~1-21ae4]:main():build-tree.cc:143) For pdf-id 511, low count 68
VLOG[1] (build-tree[5.5.1124~1-21ae4]:main():build-tree.cc:143) For pdf-id 512, low count 28
VLOG[1] (build-tree[5.5.1124~1-21ae4]:main():build-tree.cc:143) For pdf-id 526, low count 82
VLOG[1] (build-tree[5.5.1124~1-21ae4]:main():build-tree.cc:143) For pdf-id 540, low count 86
VLOG[1] (build-tree[5.5.1124~1-21ae4]:main():build-tree.cc:143) For pdf-id 541, low count 88
VLOG[1] (build-tree[5.5.1124~1-21ae4]:main():build-tree.cc:143) For pdf-id 543, low count 26
VLOG[1] (build-tree[5.5.1124~1-21ae4]:main():build-tree.cc:143) For pdf-id 553, low count 18
VLOG[1] (build-tree[5.5.1124~1-21ae4]:main():build-tree.cc:143) For pdf-id 563, low count 34
VLOG[1] (build-tree[5.5.1124~1-21ae4]:main():build-tree.cc:143) For pdf-id 564, low count 42
VLOG[1] (build-tree[5.5.1124~1-21ae4]:main():build-tree.cc:143) For pdf-id 565, low count 24
VLOG[1] (build-tree[5.5.1124~1-21ae4]:main():build-tree.cc:143) For pdf-id 588, low count 29
VLOG[1] (build-tree[5.5.1124~1-21ae4]:main():build-tree.cc:143) For pdf-id 593, low count 56
VLOG[1] (build-tree[5.5.1124~1-21ae4]:main():build-tree.cc:143) For pdf-id 596, low count 79
VLOG[1] (build-tree[5.5.1124~1-21ae4]:main():build-tree.cc:143) For pdf-id 598, low count 46
VLOG[1] (build-tree[5.5.1124~1-21ae4]:main():build-tree.cc:143) For pdf-id 609, low count 40
VLOG[1] (build-tree[5.5.1124~1-21ae4]:main():build-tree.cc:143) For pdf-id 611, low count 99
VLOG[1] (build-tree[5.5.1124~1-21ae4]:main():build-tree.cc:143) For pdf-id 619, low count 94
VLOG[1] (build-tree[5.5.1124~1-21ae4]:main():build-tree.cc:143) For pdf-id 634, low count 79
VLOG[1] (build-tree[5.5.1124~1-21ae4]:main():build-tree.cc:143) For pdf-id 635, low count 94
VLOG[1] (build-tree[5.5.1124~1-21ae4]:main():build-tree.cc:143) For pdf-id 636, low count 94
VLOG[1] (build-tree[5.5.1124~1-21ae4]:main():build-tree.cc:143) For pdf-id 641, low count 15
VLOG[1] (build-tree[5.5.1124~1-21ae4]:main():build-tree.cc:143) For pdf-id 649, low count 21
VLOG[1] (build-tree[5.5.1124~1-21ae4]:main():build-tree.cc:143) For pdf-id 654, low count 71
VLOG[1] (build-tree[5.5.1124~1-21ae4]:main():build-tree.cc:143) For pdf-id 662, low count 77
VLOG[1] (build-tree[5.5.1124~1-21ae4]:main():build-tree.cc:143) For pdf-id 664, low count 92
VLOG[1] (build-tree[5.5.1124~1-21ae4]:main():build-tree.cc:143) For pdf-id 685, low count 72
VLOG[1] (build-tree[5.5.1124~1-21ae4]:main():build-tree.cc:143) For pdf-id 695, low count 93
VLOG[1] (build-tree[5.5.1124~1-21ae4]:main():build-tree.cc:143) For pdf-id 718, low count 63
VLOG[1] (build-tree[5.5.1124~1-21ae4]:main():build-tree.cc:143) For pdf-id 743, low count 60
VLOG[1] (build-tree[5.5.1124~1-21ae4]:main():build-tree.cc:143) For pdf-id 745, low count 64
VLOG[1] (build-tree[5.5.1124~1-21ae4]:main():build-tree.cc:143) For pdf-id 754, low count 14
VLOG[1] (build-tree[5.5.1124~1-21ae4]:main():build-tree.cc:143) For pdf-id 755, low count 27
VLOG[1] (build-tree[5.5.1124~1-21ae4]:main():build-tree.cc:143) For pdf-id 761, low count 62
VLOG[1] (build-tree[5.5.1124~1-21ae4]:main():build-tree.cc:143) For pdf-id 804, low count 88
VLOG[1] (build-tree[5.5.1124~1-21ae4]:main():build-tree.cc:143) For pdf-id 815, low count 70
VLOG[1] (build-tree[5.5.1124~1-21ae4]:main():build-tree.cc:143) For pdf-id 832, low count 85
VLOG[1] (build-tree[5.5.1124~1-21ae4]:main():build-tree.cc:143) For pdf-id 858, low count 90
VLOG[1] (build-tree[5.5.1124~1-21ae4]:main():build-tree.cc:143) For pdf-id 869, low count 55
VLOG[1] (build-tree[5.5.1124~1-21ae4]:main():build-tree.cc:143) For pdf-id 873, low count 97
VLOG[1] (build-tree[5.5.1124~1-21ae4]:main():build-tree.cc:143) For pdf-id 888, low count 44
VLOG[1] (build-tree[5.5.1124~1-21ae4]:main():build-tree.cc:143) For pdf-id 897, low count 63
VLOG[1] (build-tree[5.5.1124~1-21ae4]:main():build-tree.cc:143) For pdf-id 898, low count 26
VLOG[1] (build-tree[5.5.1124~1-21ae4]:main():build-tree.cc:143) For pdf-id 902, low count 62
VLOG[1] (build-tree[5.5.1124~1-21ae4]:main():build-tree.cc:143) For pdf-id 916, low count 28
VLOG[1] (build-tree[5.5.1124~1-21ae4]:main():build-tree.cc:143) For pdf-id 922, low count 67
VLOG[1] (build-tree[5.5.1124~1-21ae4]:main():build-tree.cc:143) For pdf-id 923, low count 84
VLOG[1] (build-tree[5.5.1124~1-21ae4]:main():build-tree.cc:143) For pdf-id 926, low count 66
VLOG[1] (build-tree[5.5.1124~1-21ae4]:main():build-tree.cc:143) For pdf-id 944, low count 99
VLOG[1] (build-tree[5.5.1124~1-21ae4]:main():build-tree.cc:143) For pdf-id 950, low count 85
VLOG[1] (build-tree[5.5.1124~1-21ae4]:main():build-tree.cc:143) For pdf-id 957, low count 36
VLOG[1] (build-tree[5.5.1124~1-21ae4]:main():build-tree.cc:143) For pdf-id 981, low count 37
VLOG[1] (build-tree[5.5.1124~1-21ae4]:main():build-tree.cc:143) For pdf-id 983, low count 35
VLOG[1] (build-tree[5.5.1124~1-21ae4]:main():build-tree.cc:143) For pdf-id 987, low count 89
VLOG[1] (build-tree[5.5.1124~1-21ae4]:main():build-tree.cc:143) For pdf-id 996, low count 72
VLOG[1] (build-tree[5.5.1124~1-21ae4]:main():build-tree.cc:143) For pdf-id 1000, low count 79
VLOG[1] (build-tree[5.5.1124~1-21ae4]:main():build-tree.cc:143) For pdf-id 1001, low count 58
VLOG[1] (build-tree[5.5.1124~1-21ae4]:main():build-tree.cc:143) For pdf-id 1006, low count 64
WARNING (build-tree[5.5.1124~1-21ae4]:main():build-tree.cc:185) Saw no stats for following phones: 2 3 4 5 6 7 8 9 10 14 19 22 26 30 34 38 46 50 54 60 62 66 68 70 74 78 82 86 88 90 94 95 98 102 106 110 114 118 122 126 130 134 136 138 
LOG (build-tree[5.5.1124~1-21ae4]:main():build-tree.cc:189) Wrote tree
# Accounting: time=1 threads=1
# Ended (code 0) at Thu Dec  7 00:06:17 WIB 2023, elapsed time 1 seconds
