# gmm-init-model --write-occs=exp/tri2/1.occs exp/tri2/tree exp/tri2/treeacc data/lang/topo exp/tri2/1.mdl 
# Started at Thu Dec  7 00:06:17 WIB 2023
#
gmm-init-model --write-occs=exp/tri2/1.occs exp/tri2/tree exp/tri2/treeacc data/lang/topo exp/tri2/1.mdl 
LOG (gmm-init-model[5.5.1124~1-21ae4]:main():gmm-init-model.cc:271) Number of separate statistics is 13646
WARNING (gmm-init-model[5.5.1124~1-21ae4]:InitAmGmm():gmm-init-model.cc:55) Tree has pdf-id 1 with no stats; corresponding phone list: 6 7 8 9 10 
WARNING (gmm-init-model[5.5.1124~1-21ae4]:InitAmGmm():gmm-init-model.cc:83) Very small count for state 8: 52; corresponding phone list: 35 36 37 38 
WARNING (gmm-init-model[5.5.1124~1-21ae4]:InitAmGmm():gmm-init-model.cc:83) Very small count for state 22: 69; corresponding phone list: 91 
WARNING (gmm-init-model[5.5.1124~1-21ae4]:InitAmGmm():gmm-init-model.cc:83) Very small count for state 23: 42; corresponding phone list: 95 96 97 98 
WARNING (gmm-init-model[5.5.1124~1-21ae4]:InitAmGmm():gmm-init-model.cc:83) Very small count for state 27: 46; corresponding phone list: 111 112 113 114 
WARNING (gmm-init-model[5.5.1124~1-21ae4]:InitAmGmm():gmm-init-model.cc:83) Very small count for state 31: 29; corresponding phone list: 127 128 129 130 
WARNING (gmm-init-model[5.5.1124~1-21ae4]:InitAmGmm():gmm-init-model.cc:83) Very small count for state 33: 47; corresponding phone list: 135 136 137 138 
WARNING (gmm-init-model[5.5.1124~1-21ae4]:InitAmGmm():gmm-init-model.cc:83) Very small count for state 55: 55; corresponding phone list: 11 12 13 14 
WARNING (gmm-init-model[5.5.1124~1-21ae4]:InitAmGmm():gmm-init-model.cc:83) Very small count for state 73: 89; corresponding phone list: 39 40 41 42 
WARNING (gmm-init-model[5.5.1124~1-21ae4]:InitAmGmm():gmm-init-model.cc:83) Very small count for state 97: 56; corresponding phone list: 107 108 109 110 
WARNING (gmm-init-model[5.5.1124~1-21ae4]:InitAmGmm():gmm-init-model.cc:83) Very small count for state 104: 89; corresponding phone list: 55 56 57 58 
WARNING (gmm-init-model[5.5.1124~1-21ae4]:InitAmGmm():gmm-init-model.cc:83) Very small count for state 105: 62; corresponding phone list: 27 28 29 30 
WARNING (gmm-init-model[5.5.1124~1-21ae4]:InitAmGmm():gmm-init-model.cc:83) Very small count for state 108: 57; corresponding phone list: 12 13 14 
WARNING (gmm-init-model[5.5.1124~1-21ae4]:InitAmGmm():gmm-init-model.cc:83) Very small count for state 113: 24; corresponding phone list: 119 120 121 122 
WARNING (gmm-init-model[5.5.1124~1-21ae4]:InitAmGmm():gmm-init-model.cc:83) Very small count for state 114: 71; corresponding phone list: 115 117 118 
WARNING (gmm-init-model[5.5.1124~1-21ae4]:InitAmGmm():gmm-init-model.cc:83) Very small count for state 124: 44; corresponding phone list: 12 13 14 
WARNING (gmm-init-model[5.5.1124~1-21ae4]:InitAmGmm():gmm-init-model.cc:83) Very small count for state 136: 36; corresponding phone list: 79 80 81 82 
WARNING (gmm-init-model[5.5.1124~1-21ae4]:InitAmGmm():gmm-init-model.cc:83) Very small count for state 152: 68; corresponding phone list: 92 93 94 
WARNING (gmm-init-model[5.5.1124~1-21ae4]:InitAmGmm():gmm-init-model.cc:83) Very small count for state 153: 86; corresponding phone list: 11 12 13 14 
WARNING (gmm-init-model[5.5.1124~1-21ae4]:InitAmGmm():gmm-init-model.cc:83) Very small count for state 169: 36; corresponding phone list: 31 32 33 34 
WARNING (gmm-init-model[5.5.1124~1-21ae4]:InitAmGmm():gmm-init-model.cc:83) Very small count for state 185: 52; corresponding phone list: 119 120 121 122 
WARNING (gmm-init-model[5.5.1124~1-21ae4]:InitAmGmm():gmm-init-model.cc:83) Very small count for state 188: 86; corresponding phone list: 107 108 109 110 
WARNING (gmm-init-model[5.5.1124~1-21ae4]:InitAmGmm():gmm-init-model.cc:83) Very small count for state 189: 60; corresponding phone list: 59 60 61 62 
WARNING (gmm-init-model[5.5.1124~1-21ae4]:InitAmGmm():gmm-init-model.cc:83) Very small count for state 194: 95; corresponding phone list: 35 36 37 38 
WARNING (gmm-init-model[5.5.1124~1-21ae4]:InitAmGmm():gmm-init-model.cc:83) Very small count for state 198: 47; corresponding phone list: 19 20 21 22 
WARNING (gmm-init-model[5.5.1124~1-21ae4]:InitAmGmm():gmm-init-model.cc:83) Very small count for state 199: 53; corresponding phone list: 11 12 13 14 
WARNING (gmm-init-model[5.5.1124~1-21ae4]:InitAmGmm():gmm-init-model.cc:83) Very small count for state 215: 87; corresponding phone list: 11 12 13 14 
WARNING (gmm-init-model[5.5.1124~1-21ae4]:InitAmGmm():gmm-init-model.cc:83) Very small count for state 218: 73; corresponding phone list: 75 76 77 78 
WARNING (gmm-init-model[5.5.1124~1-21ae4]:InitAmGmm():gmm-init-model.cc:83) Very small count for state 219: 66; corresponding phone list: 131 132 133 134 
WARNING (gmm-init-model[5.5.1124~1-21ae4]:InitAmGmm():gmm-init-model.cc:83) Very small count for state 221: 49; corresponding phone list: 51 52 53 54 
WARNING (gmm-init-model[5.5.1124~1-21ae4]:InitAmGmm():gmm-init-model.cc:83) Very small count for state 228: 79; corresponding phone list: 55 57 58 
WARNING (gmm-init-model[5.5.1124~1-21ae4]:InitAmGmm():gmm-init-model.cc:83) Very small count for state 233: 35; corresponding phone list: 71 72 73 74 
WARNING (gmm-init-model[5.5.1124~1-21ae4]:InitAmGmm():gmm-init-model.cc:83) Very small count for state 237: 44; corresponding phone list: 111 112 113 114 
WARNING (gmm-init-model[5.5.1124~1-21ae4]:InitAmGmm():gmm-init-model.cc:83) Very small count for state 238: 23; corresponding phone list: 127 128 129 130 
WARNING (gmm-init-model[5.5.1124~1-21ae4]:InitAmGmm():gmm-init-model.cc:83) Very small count for state 239: 74; corresponding phone list: 131 132 133 134 
WARNING (gmm-init-model[5.5.1124~1-21ae4]:InitAmGmm():gmm-init-model.cc:83) Very small count for state 240: 39; corresponding phone list: 23 24 25 26 
WARNING (gmm-init-model[5.5.1124~1-21ae4]:InitAmGmm():gmm-init-model.cc:83) Very small count for state 244: 65; corresponding phone list: 43 45 46 
WARNING (gmm-init-model[5.5.1124~1-21ae4]:InitAmGmm():gmm-init-model.cc:83) Very small count for state 246: 90; corresponding phone list: 51 52 53 54 
WARNING (gmm-init-model[5.5.1124~1-21ae4]:InitAmGmm():gmm-init-model.cc:83) Very small count for state 249: 46; corresponding phone list: 23 24 25 26 
WARNING (gmm-init-model[5.5.1124~1-21ae4]:InitAmGmm():gmm-init-model.cc:83) Very small count for state 252: 53; corresponding phone list: 71 72 73 74 
WARNING (gmm-init-model[5.5.1124~1-21ae4]:InitAmGmm():gmm-init-model.cc:83) Very small count for state 254: 41; corresponding phone list: 120 
WARNING (gmm-init-model[5.5.1124~1-21ae4]:InitAmGmm():gmm-init-model.cc:83) Very small count for state 255: 86; corresponding phone list: 107 108 109 110 
WARNING (gmm-init-model[5.5.1124~1-21ae4]:InitAmGmm():gmm-init-model.cc:83) Very small count for state 263: 27; corresponding phone list: 119 120 121 122 
WARNING (gmm-init-model[5.5.1124~1-21ae4]:InitAmGmm():gmm-init-model.cc:83) Very small count for state 271: 30; corresponding phone list: 51 52 53 54 
WARNING (gmm-init-model[5.5.1124~1-21ae4]:InitAmGmm():gmm-init-model.cc:83) Very small count for state 280: 47; corresponding phone list: 92 93 94 
WARNING (gmm-init-model[5.5.1124~1-21ae4]:InitAmGmm():gmm-init-model.cc:83) Very small count for state 283: 71; corresponding phone list: 91 92 93 94 
WARNING (gmm-init-model[5.5.1124~1-21ae4]:InitAmGmm():gmm-init-model.cc:83) Very small count for state 303: 92; corresponding phone list: 11 
WARNING (gmm-init-model[5.5.1124~1-21ae4]:InitAmGmm():gmm-init-model.cc:83) Very small count for state 308: 69; corresponding phone list: 12 13 14 
WARNING (gmm-init-model[5.5.1124~1-21ae4]:InitAmGmm():gmm-init-model.cc:83) Very small count for state 312: 93; corresponding phone list: 40 41 42 
WARNING (gmm-init-model[5.5.1124~1-21ae4]:InitAmGmm():gmm-init-model.cc:83) Very small count for state 321: 95; corresponding phone list: 119 120 121 122 
WARNING (gmm-init-model[5.5.1124~1-21ae4]:InitAmGmm():gmm-init-model.cc:83) Very small count for state 322: 85; corresponding phone list: 63 65 66 
WARNING (gmm-init-model[5.5.1124~1-21ae4]:InitAmGmm():gmm-init-model.cc:83) Very small count for state 340: 63; corresponding phone list: 39 40 41 42 
WARNING (gmm-init-model[5.5.1124~1-21ae4]:InitAmGmm():gmm-init-model.cc:83) Very small count for state 345: 88; corresponding phone list: 12 13 14 
WARNING (gmm-init-model[5.5.1124~1-21ae4]:InitAmGmm():gmm-init-model.cc:83) Very small count for state 357: 80; corresponding phone list: 39 40 41 42 
WARNING (gmm-init-model[5.5.1124~1-21ae4]:InitAmGmm():gmm-init-model.cc:83) Very small count for state 371: 95; corresponding phone list: 31 32 33 34 
WARNING (gmm-init-model[5.5.1124~1-21ae4]:InitAmGmm():gmm-init-model.cc:83) Very small count for state 376: 81; corresponding phone list: 12 13 14 
WARNING (gmm-init-model[5.5.1124~1-21ae4]:InitAmGmm():gmm-init-model.cc:83) Very small count for state 383: 28; corresponding phone list: 99 100 101 102 
WARNING (gmm-init-model[5.5.1124~1-21ae4]:InitAmGmm():gmm-init-model.cc:83) Very small count for state 387: 30; corresponding phone list: 91 
WARNING (gmm-init-model[5.5.1124~1-21ae4]:InitAmGmm():gmm-init-model.cc:83) Very small count for state 389: 69; corresponding phone list: 12 13 14 
WARNING (gmm-init-model[5.5.1124~1-21ae4]:InitAmGmm():gmm-init-model.cc:83) Very small count for state 391: 61; corresponding phone list: 12 13 14 
WARNING (gmm-init-model[5.5.1124~1-21ae4]:InitAmGmm():gmm-init-model.cc:83) Very small count for state 406: 92; corresponding phone list: 115 116 117 118 
WARNING (gmm-init-model[5.5.1124~1-21ae4]:InitAmGmm():gmm-init-model.cc:83) Very small count for state 420: 50; corresponding phone list: 99 100 101 102 
WARNING (gmm-init-model[5.5.1124~1-21ae4]:InitAmGmm():gmm-init-model.cc:83) Very small count for state 437: 51; corresponding phone list: 123 124 125 126 
WARNING (gmm-init-model[5.5.1124~1-21ae4]:InitAmGmm():gmm-init-model.cc:83) Very small count for state 449: 74; corresponding phone list: 51 52 53 54 
WARNING (gmm-init-model[5.5.1124~1-21ae4]:InitAmGmm():gmm-init-model.cc:83) Very small count for state 461: 92; corresponding phone list: 23 24 25 26 
WARNING (gmm-init-model[5.5.1124~1-21ae4]:InitAmGmm():gmm-init-model.cc:83) Very small count for state 465: 84; corresponding phone list: 119 120 121 122 
WARNING (gmm-init-model[5.5.1124~1-21ae4]:InitAmGmm():gmm-init-model.cc:83) Very small count for state 466: 48; corresponding phone list: 35 36 37 38 
WARNING (gmm-init-model[5.5.1124~1-21ae4]:InitAmGmm():gmm-init-model.cc:83) Very small count for state 480: 21; corresponding phone list: 35 36 37 38 
WARNING (gmm-init-model[5.5.1124~1-21ae4]:InitAmGmm():gmm-init-model.cc:83) Very small count for state 491: 47; corresponding phone list: 92 93 94 
WARNING (gmm-init-model[5.5.1124~1-21ae4]:InitAmGmm():gmm-init-model.cc:83) Very small count for state 495: 22; corresponding phone list: 91 92 93 94 
WARNING (gmm-init-model[5.5.1124~1-21ae4]:InitAmGmm():gmm-init-model.cc:83) Very small count for state 501: 63; corresponding phone list: 87 88 89 90 
WARNING (gmm-init-model[5.5.1124~1-21ae4]:InitAmGmm():gmm-init-model.cc:83) Very small count for state 502: 96; corresponding phone list: 51 52 53 54 
WARNING (gmm-init-model[5.5.1124~1-21ae4]:InitAmGmm():gmm-init-model.cc:83) Very small count for state 509: 57; corresponding phone list: 119 120 121 122 
WARNING (gmm-init-model[5.5.1124~1-21ae4]:InitAmGmm():gmm-init-model.cc:83) Very small count for state 510: 94; corresponding phone list: 111 112 113 114 
WARNING (gmm-init-model[5.5.1124~1-21ae4]:InitAmGmm():gmm-init-model.cc:83) Very small count for state 511: 68; corresponding phone list: 23 24 25 26 
WARNING (gmm-init-model[5.5.1124~1-21ae4]:InitAmGmm():gmm-init-model.cc:83) Very small count for state 512: 28; corresponding phone list: 53 
WARNING (gmm-init-model[5.5.1124~1-21ae4]:InitAmGmm():gmm-init-model.cc:83) Very small count for state 526: 82; corresponding phone list: 11 12 13 14 
WARNING (gmm-init-model[5.5.1124~1-21ae4]:InitAmGmm():gmm-init-model.cc:83) Very small count for state 540: 86; corresponding phone list: 47 48 49 50 
WARNING (gmm-init-model[5.5.1124~1-21ae4]:InitAmGmm():gmm-init-model.cc:83) Very small count for state 541: 88; corresponding phone list: 71 72 73 74 
WARNING (gmm-init-model[5.5.1124~1-21ae4]:InitAmGmm():gmm-init-model.cc:83) Very small count for state 543: 26; corresponding phone list: 35 36 37 38 
WARNING (gmm-init-model[5.5.1124~1-21ae4]:InitAmGmm():gmm-init-model.cc:83) Very small count for state 553: 18; corresponding phone list: 57 
WARNING (gmm-init-model[5.5.1124~1-21ae4]:InitAmGmm():gmm-init-model.cc:83) Very small count for state 563: 34; corresponding phone list: 79 80 81 82 
WARNING (gmm-init-model[5.5.1124~1-21ae4]:InitAmGmm():gmm-init-model.cc:83) Very small count for state 564: 42; corresponding phone list: 19 20 21 22 
WARNING (gmm-init-model[5.5.1124~1-21ae4]:InitAmGmm():gmm-init-model.cc:83) Very small count for state 565: 24; corresponding phone list: 39 40 41 42 
WARNING (gmm-init-model[5.5.1124~1-21ae4]:InitAmGmm():gmm-init-model.cc:83) Very small count for state 588: 29; corresponding phone list: 55 56 57 58 
WARNING (gmm-init-model[5.5.1124~1-21ae4]:InitAmGmm():gmm-init-model.cc:83) Very small count for state 593: 56; corresponding phone list: 67 68 69 70 
WARNING (gmm-init-model[5.5.1124~1-21ae4]:InitAmGmm():gmm-init-model.cc:83) Very small count for state 596: 79; corresponding phone list: 11 12 13 14 
WARNING (gmm-init-model[5.5.1124~1-21ae4]:InitAmGmm():gmm-init-model.cc:83) Very small count for state 598: 46; corresponding phone list: 87 88 89 90 
WARNING (gmm-init-model[5.5.1124~1-21ae4]:InitAmGmm():gmm-init-model.cc:83) Very small count for state 609: 40; corresponding phone list: 91 
WARNING (gmm-init-model[5.5.1124~1-21ae4]:InitAmGmm():gmm-init-model.cc:83) Very small count for state 611: 99; corresponding phone list: 51 53 54 
WARNING (gmm-init-model[5.5.1124~1-21ae4]:InitAmGmm():gmm-init-model.cc:83) Very small count for state 619: 94; corresponding phone list: 40 
WARNING (gmm-init-model[5.5.1124~1-21ae4]:InitAmGmm():gmm-init-model.cc:83) Very small count for state 634: 79; corresponding phone list: 107 108 109 110 
WARNING (gmm-init-model[5.5.1124~1-21ae4]:InitAmGmm():gmm-init-model.cc:83) Very small count for state 635: 94; corresponding phone list: 75 76 77 78 
WARNING (gmm-init-model[5.5.1124~1-21ae4]:InitAmGmm():gmm-init-model.cc:83) Very small count for state 636: 94; corresponding phone list: 131 132 133 134 
WARNING (gmm-init-model[5.5.1124~1-21ae4]:InitAmGmm():gmm-init-model.cc:83) Very small count for state 641: 15; corresponding phone list: 31 32 33 34 
WARNING (gmm-init-model[5.5.1124~1-21ae4]:InitAmGmm():gmm-init-model.cc:83) Very small count for state 649: 21; corresponding phone list: 11 12 13 14 
WARNING (gmm-init-model[5.5.1124~1-21ae4]:InitAmGmm():gmm-init-model.cc:83) Very small count for state 654: 71; corresponding phone list: 11 12 13 14 
WARNING (gmm-init-model[5.5.1124~1-21ae4]:InitAmGmm():gmm-init-model.cc:83) Very small count for state 662: 77; corresponding phone list: 55 56 57 58 
WARNING (gmm-init-model[5.5.1124~1-21ae4]:InitAmGmm():gmm-init-model.cc:83) Very small count for state 664: 92; corresponding phone list: 99 101 102 
WARNING (gmm-init-model[5.5.1124~1-21ae4]:InitAmGmm():gmm-init-model.cc:83) Very small count for state 685: 72; corresponding phone list: 119 120 121 122 
WARNING (gmm-init-model[5.5.1124~1-21ae4]:InitAmGmm():gmm-init-model.cc:83) Very small count for state 695: 93; corresponding phone list: 35 36 37 38 
WARNING (gmm-init-model[5.5.1124~1-21ae4]:InitAmGmm():gmm-init-model.cc:83) Very small count for state 718: 63; corresponding phone list: 40 
WARNING (gmm-init-model[5.5.1124~1-21ae4]:InitAmGmm():gmm-init-model.cc:83) Very small count for state 743: 60; corresponding phone list: 119 120 121 122 
WARNING (gmm-init-model[5.5.1124~1-21ae4]:InitAmGmm():gmm-init-model.cc:83) Very small count for state 745: 64; corresponding phone list: 23 24 25 26 
WARNING (gmm-init-model[5.5.1124~1-21ae4]:InitAmGmm():gmm-init-model.cc:83) Very small count for state 754: 14; corresponding phone list: 24 
WARNING (gmm-init-model[5.5.1124~1-21ae4]:InitAmGmm():gmm-init-model.cc:83) Very small count for state 755: 27; corresponding phone list: 91 92 93 94 
WARNING (gmm-init-model[5.5.1124~1-21ae4]:InitAmGmm():gmm-init-model.cc:83) Very small count for state 761: 62; corresponding phone list: 95 96 97 98 
WARNING (gmm-init-model[5.5.1124~1-21ae4]:InitAmGmm():gmm-init-model.cc:83) Very small count for state 804: 88; corresponding phone list: 87 88 89 90 
WARNING (gmm-init-model[5.5.1124~1-21ae4]:InitAmGmm():gmm-init-model.cc:83) Very small count for state 815: 70; corresponding phone list: 55 56 57 58 
WARNING (gmm-init-model[5.5.1124~1-21ae4]:InitAmGmm():gmm-init-model.cc:83) Very small count for state 832: 85; corresponding phone list: 55 56 57 58 
WARNING (gmm-init-model[5.5.1124~1-21ae4]:InitAmGmm():gmm-init-model.cc:83) Very small count for state 858: 90; corresponding phone list: 75 76 77 78 
WARNING (gmm-init-model[5.5.1124~1-21ae4]:InitAmGmm():gmm-init-model.cc:83) Very small count for state 869: 55; corresponding phone list: 39 40 41 42 
WARNING (gmm-init-model[5.5.1124~1-21ae4]:InitAmGmm():gmm-init-model.cc:83) Very small count for state 873: 97; corresponding phone list: 119 120 121 122 
WARNING (gmm-init-model[5.5.1124~1-21ae4]:InitAmGmm():gmm-init-model.cc:83) Very small count for state 888: 44; corresponding phone list: 79 81 82 
WARNING (gmm-init-model[5.5.1124~1-21ae4]:InitAmGmm():gmm-init-model.cc:83) Very small count for state 897: 63; corresponding phone list: 12 13 14 
WARNING (gmm-init-model[5.5.1124~1-21ae4]:InitAmGmm():gmm-init-model.cc:83) Very small count for state 898: 26; corresponding phone list: 11 12 13 14 
WARNING (gmm-init-model[5.5.1124~1-21ae4]:InitAmGmm():gmm-init-model.cc:83) Very small count for state 902: 62; corresponding phone list: 55 56 57 58 
WARNING (gmm-init-model[5.5.1124~1-21ae4]:InitAmGmm():gmm-init-model.cc:83) Very small count for state 916: 28; corresponding phone list: 35 36 37 38 
WARNING (gmm-init-model[5.5.1124~1-21ae4]:InitAmGmm():gmm-init-model.cc:83) Very small count for state 922: 67; corresponding phone list: 119 120 121 122 
WARNING (gmm-init-model[5.5.1124~1-21ae4]:InitAmGmm():gmm-init-model.cc:83) Very small count for state 923: 84; corresponding phone list: 15 16 17 18 
WARNING (gmm-init-model[5.5.1124~1-21ae4]:InitAmGmm():gmm-init-model.cc:83) Very small count for state 926: 66; corresponding phone list: 35 36 37 38 
WARNING (gmm-init-model[5.5.1124~1-21ae4]:InitAmGmm():gmm-init-model.cc:83) Very small count for state 944: 99; corresponding phone list: 119 120 121 122 
WARNING (gmm-init-model[5.5.1124~1-21ae4]:InitAmGmm():gmm-init-model.cc:83) Very small count for state 950: 85; corresponding phone list: 31 32 33 34 
WARNING (gmm-init-model[5.5.1124~1-21ae4]:InitAmGmm():gmm-init-model.cc:83) Very small count for state 957: 36; corresponding phone list: 135 136 137 138 
WARNING (gmm-init-model[5.5.1124~1-21ae4]:InitAmGmm():gmm-init-model.cc:83) Very small count for state 981: 37; corresponding phone list: 135 136 137 138 
WARNING (gmm-init-model[5.5.1124~1-21ae4]:InitAmGmm():gmm-init-model.cc:83) Very small count for state 983: 35; corresponding phone list: 99 100 101 102 
WARNING (gmm-init-model[5.5.1124~1-21ae4]:InitAmGmm():gmm-init-model.cc:83) Very small count for state 987: 89; corresponding phone list: 127 128 129 130 
WARNING (gmm-init-model[5.5.1124~1-21ae4]:InitAmGmm():gmm-init-model.cc:83) Very small count for state 996: 72; corresponding phone list: 127 128 129 130 
WARNING (gmm-init-model[5.5.1124~1-21ae4]:InitAmGmm():gmm-init-model.cc:83) Very small count for state 1000: 79; corresponding phone list: 43 44 45 46 
WARNING (gmm-init-model[5.5.1124~1-21ae4]:InitAmGmm():gmm-init-model.cc:83) Very small count for state 1001: 58; corresponding phone list: 15 16 17 18 
WARNING (gmm-init-model[5.5.1124~1-21ae4]:InitAmGmm():gmm-init-model.cc:83) Very small count for state 1006: 64; corresponding phone list: 135 136 137 138 
LOG (gmm-init-model[5.5.1124~1-21ae4]:main():gmm-init-model.cc:306) Wrote model.
# Accounting: time=0 threads=1
# Ended (code 0) at Thu Dec  7 00:06:17 WIB 2023, elapsed time 0 seconds
