# gmm-est --mix-up=13500 --power=0.25 --write-occs=exp/tri2/24.occs exp/tri2/23.mdl "gmm-sum-accs - exp/tri2/23.*.acc |" exp/tri2/24.mdl 
# Started at Tue Dec  5 23:36:36 WIB 2023
#
gmm-est --mix-up=13500 --power=0.25 --write-occs=exp/tri2/24.occs exp/tri2/23.mdl 'gmm-sum-accs - exp/tri2/23.*.acc |' exp/tri2/24.mdl 
gmm-sum-accs - exp/tri2/23.1.acc 
LOG (gmm-sum-accs[5.5.1124~1-21ae4]:main():gmm-sum-accs.cc:63) Summed 1 stats, total count 523342, avg like/frame -86.536
LOG (gmm-sum-accs[5.5.1124~1-21ae4]:main():gmm-sum-accs.cc:66) Total count of stats is 523342
LOG (gmm-sum-accs[5.5.1124~1-21ae4]:main():gmm-sum-accs.cc:67) Written stats to -
LOG (gmm-est[5.5.1124~1-21ae4]:MleUpdate():transition-model.cc:528) TransitionModel::Update, objf change is 0 per frame over 523342 frames. 
LOG (gmm-est[5.5.1124~1-21ae4]:MleUpdate():transition-model.cc:531) 131 probabilities floored, 2154 out of 4184 transition-states skipped due to insuffient data (it is normal to have some skipped.)
LOG (gmm-est[5.5.1124~1-21ae4]:main():gmm-est.cc:102) Transition model update: Overall 0 log-like improvement per frame over 523342 frames.
WARNING (gmm-est[5.5.1124~1-21ae4]:MleDiagGmmUpdate():mle-diag-gmm.cc:365) Gaussian has too little data but not removing it because it is the last Gaussian: i = 0, occ = 0, weight = 1
WARNING (gmm-est[5.5.1124~1-21ae4]:MleDiagGmmUpdate():mle-diag-gmm.cc:359) Too little data - removing Gaussian (weight 0.036214, occupation count 9.270696, vector size 39)
WARNING (gmm-est[5.5.1124~1-21ae4]:MleDiagGmmUpdate():mle-diag-gmm.cc:359) Too little data - removing Gaussian (weight 0.038236, occupation count 9.520850, vector size 39)
WARNING (gmm-est[5.5.1124~1-21ae4]:MleDiagGmmUpdate():mle-diag-gmm.cc:359) Too little data - removing Gaussian (weight 0.034507, occupation count 9.731098, vector size 39)
LOG (gmm-est[5.5.1124~1-21ae4]:MleAmDiagGmmUpdate():mle-am-diag-gmm.cc:225) 0 variance elements floored in 0 Gaussians, out of 13016
LOG (gmm-est[5.5.1124~1-21ae4]:MleAmDiagGmmUpdate():mle-am-diag-gmm.cc:229) Removed 3 Gaussians due to counts < --min-gaussian-occupancy=10 and --remove-low-count-gaussians=true
LOG (gmm-est[5.5.1124~1-21ae4]:main():gmm-est.cc:113) GMM update: Overall 0.0855695 objective function improvement per frame over 523342 frames
LOG (gmm-est[5.5.1124~1-21ae4]:main():gmm-est.cc:116) GMM update: Overall avg like per frame = -86.536 over 523342 frames.
LOG (gmm-est[5.5.1124~1-21ae4]:SplitByCount():am-diag-gmm.cc:116) Split 1032 states with target = 13500, power = 0.25, perturb_factor = 0.01 and min_count = 20, split #Gauss from 13016 to 13519
LOG (gmm-est[5.5.1124~1-21ae4]:main():gmm-est.cc:146) Written model to exp/tri2/24.mdl
# Accounting: time=1 threads=1
# Ended (code 0) at Tue Dec  5 23:36:37 WIB 2023, elapsed time 1 seconds
