# gmm-est --mix-up=15000 --power=0.25 --write-occs=exp/tri2/30.occs exp/tri2/29.mdl "gmm-sum-accs - exp/tri2/29.*.acc |" exp/tri2/30.mdl 
# Started at Thu Dec  7 00:06:54 WIB 2023
#
gmm-est --mix-up=15000 --power=0.25 --write-occs=exp/tri2/30.occs exp/tri2/29.mdl 'gmm-sum-accs - exp/tri2/29.*.acc |' exp/tri2/30.mdl 
gmm-sum-accs - exp/tri2/29.1.acc 
LOG (gmm-sum-accs[5.5.1124~1-21ae4]:main():gmm-sum-accs.cc:63) Summed 1 stats, total count 521991, avg like/frame -85.659
LOG (gmm-sum-accs[5.5.1124~1-21ae4]:main():gmm-sum-accs.cc:66) Total count of stats is 521991
LOG (gmm-sum-accs[5.5.1124~1-21ae4]:main():gmm-sum-accs.cc:67) Written stats to -
LOG (gmm-est[5.5.1124~1-21ae4]:MleUpdate():transition-model.cc:528) TransitionModel::Update, objf change is 0 per frame over 521991 frames. 
LOG (gmm-est[5.5.1124~1-21ae4]:MleUpdate():transition-model.cc:531) 120 probabilities floored, 2078 out of 4085 transition-states skipped due to insuffient data (it is normal to have some skipped.)
LOG (gmm-est[5.5.1124~1-21ae4]:main():gmm-est.cc:102) Transition model update: Overall 0 log-like improvement per frame over 521991 frames.
WARNING (gmm-est[5.5.1124~1-21ae4]:MleDiagGmmUpdate():mle-diag-gmm.cc:365) Gaussian has too little data but not removing it because it is the last Gaussian: i = 0, occ = 0, weight = 1
WARNING (gmm-est[5.5.1124~1-21ae4]:MleDiagGmmUpdate():mle-diag-gmm.cc:359) Too little data - removing Gaussian (weight 0.024075, occupation count 9.894791, vector size 39)
WARNING (gmm-est[5.5.1124~1-21ae4]:MleDiagGmmUpdate():mle-diag-gmm.cc:359) Too little data - removing Gaussian (weight 0.017546, occupation count 8.895865, vector size 39)
WARNING (gmm-est[5.5.1124~1-21ae4]:MleDiagGmmUpdate():mle-diag-gmm.cc:359) Too little data - removing Gaussian (weight 0.038022, occupation count 9.999912, vector size 39)
WARNING (gmm-est[5.5.1124~1-21ae4]:MleDiagGmmUpdate():mle-diag-gmm.cc:359) Too little data - removing Gaussian (weight 0.020167, occupation count 9.518675, vector size 39)
WARNING (gmm-est[5.5.1124~1-21ae4]:MleDiagGmmUpdate():mle-diag-gmm.cc:359) Too little data - removing Gaussian (weight 0.025366, occupation count 9.005081, vector size 39)
WARNING (gmm-est[5.5.1124~1-21ae4]:MleDiagGmmUpdate():mle-diag-gmm.cc:359) Too little data - removing Gaussian (weight 0.020296, occupation count 9.173585, vector size 39)
WARNING (gmm-est[5.5.1124~1-21ae4]:MleDiagGmmUpdate():mle-diag-gmm.cc:359) Too little data - removing Gaussian (weight 0.013907, occupation count 9.373631, vector size 39)
WARNING (gmm-est[5.5.1124~1-21ae4]:MleDiagGmmUpdate():mle-diag-gmm.cc:359) Too little data - removing Gaussian (weight 0.033514, occupation count 9.987318, vector size 39)
WARNING (gmm-est[5.5.1124~1-21ae4]:MleDiagGmmUpdate():mle-diag-gmm.cc:359) Too little data - removing Gaussian (weight 0.034693, occupation count 9.436403, vector size 39)
WARNING (gmm-est[5.5.1124~1-21ae4]:MleDiagGmmUpdate():mle-diag-gmm.cc:359) Too little data - removing Gaussian (weight 0.031793, occupation count 9.983006, vector size 39)
WARNING (gmm-est[5.5.1124~1-21ae4]:MleDiagGmmUpdate():mle-diag-gmm.cc:359) Too little data - removing Gaussian (weight 0.018086, occupation count 8.319450, vector size 39)
WARNING (gmm-est[5.5.1124~1-21ae4]:MleDiagGmmUpdate():mle-diag-gmm.cc:359) Too little data - removing Gaussian (weight 0.033422, occupation count 9.959738, vector size 39)
LOG (gmm-est[5.5.1124~1-21ae4]:MleAmDiagGmmUpdate():mle-am-diag-gmm.cc:225) 0 variance elements floored in 0 Gaussians, out of 14999
LOG (gmm-est[5.5.1124~1-21ae4]:MleAmDiagGmmUpdate():mle-am-diag-gmm.cc:229) Removed 12 Gaussians due to counts < --min-gaussian-occupancy=10 and --remove-low-count-gaussians=true
LOG (gmm-est[5.5.1124~1-21ae4]:main():gmm-est.cc:113) GMM update: Overall 0.0698133 objective function improvement per frame over 521991 frames
LOG (gmm-est[5.5.1124~1-21ae4]:main():gmm-est.cc:116) GMM update: Overall avg like per frame = -85.659 over 521991 frames.
LOG (gmm-est[5.5.1124~1-21ae4]:SplitByCount():am-diag-gmm.cc:116) Split 1008 states with target = 15000, power = 0.25, perturb_factor = 0.01 and min_count = 20, split #Gauss from 14999 to 15011
LOG (gmm-est[5.5.1124~1-21ae4]:main():gmm-est.cc:146) Written model to exp/tri2/30.mdl
# Accounting: time=0 threads=1
# Ended (code 0) at Thu Dec  7 00:06:54 WIB 2023, elapsed time 0 seconds
