# gmm-est --mix-up=14500 --power=0.25 --write-occs=exp/tri2/26.occs exp/tri2/25.mdl "gmm-sum-accs - exp/tri2/25.*.acc |" exp/tri2/26.mdl 
# Started at Thu Dec  7 00:06:48 WIB 2023
#
gmm-est --mix-up=14500 --power=0.25 --write-occs=exp/tri2/26.occs exp/tri2/25.mdl 'gmm-sum-accs - exp/tri2/25.*.acc |' exp/tri2/26.mdl 
gmm-sum-accs - exp/tri2/25.1.acc 
LOG (gmm-sum-accs[5.5.1124~1-21ae4]:main():gmm-sum-accs.cc:63) Summed 1 stats, total count 521991, avg like/frame -86.214
LOG (gmm-sum-accs[5.5.1124~1-21ae4]:main():gmm-sum-accs.cc:66) Total count of stats is 521991
LOG (gmm-sum-accs[5.5.1124~1-21ae4]:main():gmm-sum-accs.cc:67) Written stats to -
LOG (gmm-est[5.5.1124~1-21ae4]:MleUpdate():transition-model.cc:528) TransitionModel::Update, objf change is 0 per frame over 521991 frames. 
LOG (gmm-est[5.5.1124~1-21ae4]:MleUpdate():transition-model.cc:531) 120 probabilities floored, 2078 out of 4085 transition-states skipped due to insuffient data (it is normal to have some skipped.)
LOG (gmm-est[5.5.1124~1-21ae4]:main():gmm-est.cc:102) Transition model update: Overall 0 log-like improvement per frame over 521991 frames.
WARNING (gmm-est[5.5.1124~1-21ae4]:MleDiagGmmUpdate():mle-diag-gmm.cc:365) Gaussian has too little data but not removing it because it is the last Gaussian: i = 0, occ = 0, weight = 1
WARNING (gmm-est[5.5.1124~1-21ae4]:MleDiagGmmUpdate():mle-diag-gmm.cc:359) Too little data - removing Gaussian (weight 0.026978, occupation count 8.902821, vector size 39)
WARNING (gmm-est[5.5.1124~1-21ae4]:MleDiagGmmUpdate():mle-diag-gmm.cc:359) Too little data - removing Gaussian (weight 0.081300, occupation count 9.999949, vector size 39)
WARNING (gmm-est[5.5.1124~1-21ae4]:MleDiagGmmUpdate():mle-diag-gmm.cc:359) Too little data - removing Gaussian (weight 0.027401, occupation count 9.727430, vector size 39)
WARNING (gmm-est[5.5.1124~1-21ae4]:MleDiagGmmUpdate():mle-diag-gmm.cc:359) Too little data - removing Gaussian (weight 0.033439, occupation count 9.998124, vector size 39)
WARNING (gmm-est[5.5.1124~1-21ae4]:MleDiagGmmUpdate():mle-diag-gmm.cc:359) Too little data - removing Gaussian (weight 0.054736, occupation count 9.961997, vector size 39)
WARNING (gmm-est[5.5.1124~1-21ae4]:MleDiagGmmUpdate():mle-diag-gmm.cc:359) Too little data - removing Gaussian (weight 0.036765, occupation count 9.999993, vector size 39)
WARNING (gmm-est[5.5.1124~1-21ae4]:MleDiagGmmUpdate():mle-diag-gmm.cc:359) Too little data - removing Gaussian (weight 0.031495, occupation count 9.983989, vector size 39)
WARNING (gmm-est[5.5.1124~1-21ae4]:MleDiagGmmUpdate():mle-diag-gmm.cc:359) Too little data - removing Gaussian (weight 0.032614, occupation count 9.979921, vector size 39)
LOG (gmm-est[5.5.1124~1-21ae4]:MleAmDiagGmmUpdate():mle-am-diag-gmm.cc:225) 0 variance elements floored in 0 Gaussians, out of 14003
LOG (gmm-est[5.5.1124~1-21ae4]:MleAmDiagGmmUpdate():mle-am-diag-gmm.cc:229) Removed 8 Gaussians due to counts < --min-gaussian-occupancy=10 and --remove-low-count-gaussians=true
LOG (gmm-est[5.5.1124~1-21ae4]:main():gmm-est.cc:113) GMM update: Overall 0.0795634 objective function improvement per frame over 521991 frames
LOG (gmm-est[5.5.1124~1-21ae4]:main():gmm-est.cc:116) GMM update: Overall avg like per frame = -86.214 over 521991 frames.
LOG (gmm-est[5.5.1124~1-21ae4]:SplitByCount():am-diag-gmm.cc:116) Split 1008 states with target = 14500, power = 0.25, perturb_factor = 0.01 and min_count = 20, split #Gauss from 14003 to 14511
LOG (gmm-est[5.5.1124~1-21ae4]:main():gmm-est.cc:146) Written model to exp/tri2/26.mdl
# Accounting: time=1 threads=1
# Ended (code 0) at Thu Dec  7 00:06:49 WIB 2023, elapsed time 1 seconds
