# lattice-scale --inv-acoustic-scale=13 "ark:gunzip -c exp/tri2/decode/lat.*.gz|" ark:- | lattice-add-penalty --word-ins-penalty=0.5 ark:- ark:- | lattice-best-path --word-symbol-table=exp/tri2/graph/words.txt ark:- ark,t:- | utils/int2sym.pl -f 2- exp/tri2/graph/words.txt | cat > exp/tri2/decode/scoring_kaldi/penalty_0.5/13.txt 
# Started at Tue Dec  5 18:24:43 WIB 2023
#
lattice-best-path --word-symbol-table=exp/tri2/graph/words.txt ark:- ark,t:- 
lattice-scale --inv-acoustic-scale=13 'ark:gunzip -c exp/tri2/decode/lat.*.gz|' ark:- 
lattice-add-penalty --word-ins-penalty=0.5 ark:- ark:- 
LOG (lattice-best-path[5.5.1124~1-21ae4]:main():lattice-best-path.cc:99) For utterance Female-1-Female-1_1, best cost 61.6233 + 3137.81 = 3199.43 over 440 frames.
Female-1-Female-1_1 BUAT NGILANGIN PENAT PALING ENAK LIBURAN KE TERBAIK 
LOG (lattice-best-path[5.5.1124~1-21ae4]:main():lattice-best-path.cc:99) For utterance Female-1-Female-1_19, best cost 93.0924 + 4435.3 = 4528.39 over 638 frames.
Female-1-Female-1_19 BUAT KALIAN YANG LAGI MERENCANAKAN LIBURAN PASTIKAN SUDAH PUNYA PLAN YANG BAGUS 
LOG (lattice-best-path[5.5.1124~1-21ae4]:main():lattice-best-path.cc:99) For utterance Female-1-Female-1_21, best cost 38.1296 + 2249.53 = 2287.66 over 325 frames.
Female-1-Female-1_21 STAYCATION ENAKNYA KEMANA YA 
LOG (lattice-best-path[5.5.1124~1-21ae4]:main():lattice-best-path.cc:99) For utterance Female-1-Female-1_32, best cost 75.038 + 4254.73 = 4329.77 over 588 frames.
Female-1-Female-1_32 SAYA SUKA MINUM KOPI SAMBIL BERSANTAI DENGAN TEMAN DI GUNUNG 
LOG (lattice-best-path[5.5.1124~1-21ae4]:main():lattice-best-path.cc:99) For utterance Female-1-Female-1_36, best cost 60.836 + 3008.74 = 3069.58 over 409 frames.
Female-1-Female-1_36 SALAH SATU TUJUAN HIKING SAYA ADALAH GUNUNG RINJANI 
LOG (lattice-best-path[5.5.1124~1-21ae4]:main():lattice-best-path.cc:99) For utterance Female-1-Female-1_37, best cost 74.2577 + 3353.04 = 3427.3 over 471 frames.
Female-1-Female-1_37 LIBURAN YANG RELAXING BUAT SAYA ADALAH KE UBUD BALI 
LOG (lattice-best-path[5.5.1124~1-21ae4]:main():lattice-best-path.cc:99) For utterance Female-1-Female-1_39, best cost 52.9569 + 3169.13 = 3222.09 over 461 frames.
Female-1-Female-1_39 MY DREAM DESTINATION IALAH LIBURAN KE RAJA AMPAT 
LOG (lattice-best-path[5.5.1124~1-21ae4]:main():lattice-best-path.cc:99) For utterance Female-1-Female-1_43, best cost 99.7879 + 4506.16 = 4605.95 over 640 frames.
Female-1-Female-1_43 SELAMA MASIH WAKTU LIBURAN AYO KITA EXPLORE PANTAI PANTAI INI DI BALI 
LOG (lattice-best-path[5.5.1124~1-21ae4]:main():lattice-best-path.cc:99) For utterance Female-1-Female-1_48, best cost 79.159 + 4733.19 = 4812.34 over 648 frames.
Female-1-Female-1_48 RENCANANYA KITA MAU JOIN COOKING CLASS UNTUK BELAJAR MEMASAK MASAKAN INDONESIA 
LOG (lattice-best-path[5.5.1124~1-21ae4]:main():lattice-best-path.cc:99) For utterance Female-1-Female-1_50, best cost 80.6165 + 4128.23 = 4208.85 over 590 frames.
Female-1-Female-1_50 DENGAN BERENANG TUBUH KITA AKAN JADI LEBIH TRANS MENANTI 
LOG (lattice-best-path[5.5.1124~1-21ae4]:main():lattice-best-path.cc:99) For utterance Female-2-Female-2_13, best cost 64.6805 + 2724.01 = 2788.69 over 375 frames.
Female-2-Female-2_13 KALAU KE BALI BULAN SEMBILAN ENAKNYA NGAPAIN YA DI SANA 
LOG (lattice-best-path[5.5.1124~1-21ae4]:main():lattice-best-path.cc:99) For utterance Female-2-Female-2_16, best cost 78.8948 + 4279 = 4357.89 over 581 frames.
Female-2-Female-2_16 HAL PALING MALESIN PAS LIBURAN TUH DIHUBUNGIN ATASAN TERUS DISURUH IKUT MEETING 
LOG (lattice-best-path[5.5.1124~1-21ae4]:main():lattice-best-path.cc:99) For utterance Female-2-Female-2_20, best cost 62.7429 + 2737.96 = 2800.7 over 367 frames.
Female-2-Female-2_20 TINGGI LIBURAN KE EROPA BIAR BISA LIAT SALJU 
LOG (lattice-best-path[5.5.1124~1-21ae4]:main():lattice-best-path.cc:99) For utterance Female-2-Female-2_3, best cost 55.1539 + 2004.89 = 2060.04 over 272 frames.
Female-2-Female-2_3 PALING SERU KALAU LIBURAN BARENG KEMANA 
LOG (lattice-best-path[5.5.1124~1-21ae4]:main():lattice-best-path.cc:99) For utterance Female-2-Female-2_33, best cost 112.562 + 5008.16 = 5120.72 over 684 frames.
Female-2-Female-2_33 TAHUN LALU SAYA INGIN KE JEPANG SEBENERNYA TAPI TIDAK BISA KARENA MEREKA MASIH CLOSE BORDER DARI AWAL TAHUNNYA 
LOG (lattice-best-path[5.5.1124~1-21ae4]:main():lattice-best-path.cc:99) For utterance Female-2-Female-2_35, best cost 101.164 + 5337.73 = 5438.89 over 752 frames.
Female-2-Female-2_35 JANGAN LUPA NANTI JAM EMPAT SORE KUMPUL DEPAN VILLA YA JANGAN SAMPAI TERLEWAT GOLDEN HOUR SORE INI 
LOG (lattice-best-path[5.5.1124~1-21ae4]:main():lattice-best-path.cc:99) For utterance Female-2-Female-2_37, best cost 77.0984 + 3537.53 = 3614.63 over 495 frames.
Female-2-Female-2_37 KALAU TURUN DARI GUNUNG BISA NGGA TINGGAL NGGELINDING AJA CAPEK SOALNYA 
LOG (lattice-best-path[5.5.1124~1-21ae4]:main():lattice-best-path.cc:99) For utterance Female-2-Female-2_43, best cost 91.1207 + 4238.75 = 4329.87 over 581 frames.
Female-2-Female-2_43 BANDUNG MEMPUNYAI BANYAK OBJEK WISATA YANG BISA JADI PILIHAN LIBURAN BAGI WARGA JABODETABEK 
LOG (lattice-best-path[5.5.1124~1-21ae4]:main():lattice-best-path.cc:99) For utterance Female-2-Female-2_6, best cost 60.89 + 3009.73 = 3070.62 over 418 frames.
Female-2-Female-2_6 HOLIDAY PALING ENAK KALAU BISA JALAN JALAN BARENG KELUARGA 
LOG (lattice-best-path[5.5.1124~1-21ae4]:main():lattice-best-path.cc:99) For utterance Female-2-Female-2_7, best cost 54.3294 + 2748.58 = 2802.9 over 375 frames.
Female-2-Female-2_7 OVERTIME BAGAI KUDA BIAR BISA BEBAS LIBURAN 
LOG (lattice-best-path[5.5.1124~1-21ae4]:main():lattice-best-path.cc:99) For utterance Female-3-Female-3_13, best cost 53.627 + 2935.32 = 2988.94 over 408 frames.
Female-3-Female-3_13 HEALING TU ENAKNYA TIDUR AJA DI HOTEL SEHARIAN 
LOG (lattice-best-path[5.5.1124~1-21ae4]:main():lattice-best-path.cc:99) For utterance Female-3-Female-3_15, best cost 53.0614 + 3204.68 = 3257.74 over 448 frames.
Female-3-Female-3_15 SIAPA MAU SENDIRIAN STAYCATION DI TENGAH HUTAN GITU 
LOG (lattice-best-path[5.5.1124~1-21ae4]:main():lattice-best-path.cc:99) For utterance Female-3-Female-3_23, best cost 126.368 + 5773.52 = 5899.89 over 783 frames.
Female-3-Female-3_23 TAHUN LALU SAYA INGIN KE JEPANG SEBENERNYA TAPI JADI BISA ANAK ANAK MEREKA MASIH CLOSE BORDER DARI AWAL TAHUNNYA 
LOG (lattice-best-path[5.5.1124~1-21ae4]:main():lattice-best-path.cc:99) For utterance Female-3-Female-3_28, best cost 86.5842 + 4865.83 = 4952.42 over 658 frames.
Female-3-Female-3_28 LIBURAN TAHUN LALU KURANG KERASA MENURUTKU GAK BISA PERGI JAUH KARENA MASIH WABAH 
LOG (lattice-best-path[5.5.1124~1-21ae4]:main():lattice-best-path.cc:99) For utterance Female-3-Female-3_3, best cost 70.3381 + 3553.41 = 3623.75 over 493 frames.
Female-3-Female-3_3 KALAU KE BALI BULAN SEMBILAN ENAKNYA NGAPAIN YA DI SANA 
LOG (lattice-best-path[5.5.1124~1-21ae4]:main():lattice-best-path.cc:99) For utterance Female-3-Female-3_32, best cost 90.4184 + 5887.23 = 5977.64 over 775 frames.
Female-3-Female-3_32 LITERALLY TRACKING KE PEGUNUNGAN MEMBERIKAN KESEMPATAN UNTUK MERASAKAN KESEGARAN UDARA ALAMI 
LOG (lattice-best-path[5.5.1124~1-21ae4]:main():lattice-best-path.cc:99) For utterance Female-3-Female-3_33, best cost 98.2959 + 5624.75 = 5723.05 over 735 frames.
Female-3-Female-3_33 BANDUNG MEMPUNYAI BANYAK OBJEK WISATA YANG BISA JADI PILIHAN LIBURAN BAGI WARGA JABODETABEK 
LOG (lattice-best-path[5.5.1124~1-21ae4]:main():lattice-best-path.cc:99) For utterance Female-3-Female-3_39, best cost 59.6401 + 3275.07 = 3334.71 over 425 frames.
Female-3-Female-3_39 INDONESIA TERKENAL AKAN PESONA LAUT DAN PANTAINYA 
LOG (lattice-best-path[5.5.1124~1-21ae4]:main():lattice-best-path.cc:99) For utterance Female-3-Female-3_4, best cost 99.4249 + 3917.42 = 4016.84 over 540 frames.
Female-3-Female-3_4 INGIN PERGI LIBURAN TAPI KERJAAN MASIH BANYAK DAN DUIT JUGA UDAH MUKA HABIS 
LOG (lattice-best-path[5.5.1124~1-21ae4]:main():lattice-best-path.cc:99) For utterance Female-3-Female-3_8, best cost 49.8166 + 2693.26 = 2743.08 over 390 frames.
Female-3-Female-3_8 HIKING DI MUSIM KEMARAU KAYAKNYA SERU NIH 
LOG (lattice-best-path[5.5.1124~1-21ae4]:main():lattice-best-path.cc:99) For utterance Female-4-Female-4_12, best cost 80.7602 + 4135.25 = 4216.01 over 598 frames.
Female-4-Female-4_12 LIBURAN BULAN DEPAN JANGAN LUPA BAWA OBAT YA JUST IN CASE SAKIT DI LOKASI 
LOG (lattice-best-path[5.5.1124~1-21ae4]:main():lattice-best-path.cc:99) For utterance Female-4-Female-4_26, best cost 58.9922 + 4237.05 = 4296.04 over 607 frames.
Female-4-Female-4_26 MESKIPUN JACKSON SOCIALLY AWKWARD NAMUN DIA HOBI JOIN OPEN TRIP 
LOG (lattice-best-path[5.5.1124~1-21ae4]:main():lattice-best-path.cc:99) For utterance Female-4-Female-4_3, best cost 62.0694 + 3107.08 = 3169.15 over 435 frames.
Female-4-Female-4_3 HEALING TU ENAKNYA TIDUR AJA YA DI HOTEL SEHARIAN 
LOG (lattice-best-path[5.5.1124~1-21ae4]:main():lattice-best-path.cc:99) For utterance Female-4-Female-4_34, best cost 104.46 + 4278.74 = 4383.2 over 598 frames.
Female-4-Female-4_34 TEMPAT PALING ENAK BUAT LIBURAN TUH YANG UDARANYA SEJUK ADEM AYEM OF BIAR NGGA KERINGETAN 
LOG (lattice-best-path[5.5.1124~1-21ae4]:main():lattice-best-path.cc:99) For utterance Female-4-Female-4_38, best cost 79.7798 + 3980.97 = 4060.75 over 572 frames.
Female-4-Female-4_38 PAS SAMPE TEMPAT TUJUAN COBA HIRUP UDARANYA YANG SEGAR DIJAMIN BETAH 
LOG (lattice-best-path[5.5.1124~1-21ae4]:main():lattice-best-path.cc:99) For utterance Female-4-Female-4_4, best cost 59.5632 + 3300.25 = 3359.81 over 478 frames.
Female-4-Female-4_4 TERSERAH MAU KEMANA PENTING MAKANANNYA ENAK ENAK 
LOG (lattice-best-path[5.5.1124~1-21ae4]:main():lattice-best-path.cc:99) For utterance Female-4-Female-4_42, best cost 59.2397 + 2832.82 = 2892.06 over 401 frames.
Female-4-Female-4_42 NANTI KALAU SUDAH LIBURAN JANGAN LUPA JALAN JALAN 
LOG (lattice-best-path[5.5.1124~1-21ae4]:main():lattice-best-path.cc:99) For utterance Female-4-Female-4_43, best cost 59.9209 + 2563.24 = 2623.16 over 367 frames.
Female-4-Female-4_43 BISA KE PANTAI YANG ATAU KE PEGUNUNGAN 
LOG (lattice-best-path[5.5.1124~1-21ae4]:main():lattice-best-path.cc:99) For utterance Female-4-Female-4_6, best cost 41.8623 + 2437.93 = 2479.79 over 358 frames.
Female-4-Female-4_6 LIBURAN KE PALEMBANG WAJIB MAKAN PEMPEK 
LOG (lattice-best-path[5.5.1124~1-21ae4]:main():lattice-best-path.cc:99) For utterance Female-4-Female-4_8, best cost 57.6056 + 4064.27 = 4121.88 over 572 frames.
Female-4-Female-4_8 LIBUR TELAH TIBA LIBUR TELAH TIBA HORE HORE 
LOG (lattice-best-path[5.5.1124~1-21ae4]:main():lattice-best-path.cc:99) For utterance Female-5-Female-5_11, best cost 63.3652 + 4393.53 = 4456.9 over 618 frames.
Female-5-Female-5_11 BERLIBUR KE PANTAI SELALU MENJADI PILIHAN FAVORIT SAYA 
LOG (lattice-best-path[5.5.1124~1-21ae4]:main():lattice-best-path.cc:99) For utterance Female-5-Female-5_12, best cost 91.2426 + 6429.47 = 6520.71 over 905 frames.
Female-5-Female-5_12 LITERALLY TRACKING KE PEGUNUNGAN MEMBERIKAN KESEMPATAN UNTUK MERASAKAN KESEGARAN UDARA ALAMI 
LOG (lattice-best-path[5.5.1124~1-21ae4]:main():lattice-best-path.cc:99) For utterance Female-5-Female-5_17, best cost 68.5082 + 3989.23 = 4057.74 over 565 frames.
Female-5-Female-5_17 JUJURLY SAYA TIDAK SABAR UNTUK PERGI LIBURAN LAGI 
LOG (lattice-best-path[5.5.1124~1-21ae4]:main():lattice-best-path.cc:99) For utterance Female-5-Female-5_21, best cost 66.6343 + 3959.25 = 4025.88 over 550 frames.
Female-5-Female-5_21 KALAU CAPE KERJA ENAKNYA LIBURAN SIH INI MAH 
LOG (lattice-best-path[5.5.1124~1-21ae4]:main():lattice-best-path.cc:99) For utterance Female-5-Female-5_33, best cost 65.6609 + 3120.37 = 3186.03 over 433 frames.
Female-5-Female-5_33 BISA KE PANTAI LUPA ATAU KE PEGUNUNGAN 
LOG (lattice-best-path[5.5.1124~1-21ae4]:main():lattice-best-path.cc:99) For utterance Female-5-Female-5_35, best cost 80.1628 + 4862.53 = 4942.69 over 670 frames.
Female-5-Female-5_35 DENGAN BEGITU LIBURAN JADI LEBIH BERMAKNA DAN LEBIH MENYENANGKAN 
LOG (lattice-best-path[5.5.1124~1-21ae4]:main():lattice-best-path.cc:99) For utterance Female-5-Female-5_43, best cost 72.8268 + 4545.88 = 4618.71 over 618 frames.
Female-5-Female-5_43 SEMOGA SUATU HARI KAMI BISA STAYCATION DI VILLA PEGUNUNGAN 
LOG (lattice-best-path[5.5.1124~1-21ae4]:main():lattice-best-path.cc:99) For utterance Female-5-Female-5_44, best cost 62.791 + 4435.68 = 4498.47 over 608 frames.
Female-5-Female-5_44 SEKARANG TRAVELING JADI MAKIN MUDAH DENGAN RESERVASI ONLINE 
LOG (lattice-best-path[5.5.1124~1-21ae4]:main():lattice-best-path.cc:99) For utterance Female-5-Female-5_5, best cost 117.495 + 6725.3 = 6842.8 over 915 frames.
Female-5-Female-5_5 JANGAN LUPA NANTI JAM EMPAT SORE KUMPUL DEPAN VILLA YA JANGAN SAMPAI TERLEWAT GOLDEN HOUR SAYA INGIN 
LOG (lattice-best-path[5.5.1124~1-21ae4]:main():lattice-best-path.cc:99) For utterance Female-5-Female-5_50, best cost 51.1868 + 3744.02 = 3795.21 over 543 frames.
Female-5-Female-5_50 KOTA MEDAN ADALAH SURGANYA PENYUKA DURIAN 
LOG (lattice-best-path[5.5.1124~1-21ae4]:main():lattice-best-path.cc:99) For utterance Female-6-Female-6_1, best cost 67.713 + 4404.02 = 4471.73 over 608 frames.
Female-6-Female-6_1 BERLIBUR KE PANTAI SELALU MENJADI PILIHAN FAVORIT SAYA 
LOG (lattice-best-path[5.5.1124~1-21ae4]:main():lattice-best-path.cc:99) For utterance Female-6-Female-6_19, best cost 95.6255 + 5438.31 = 5533.93 over 753 frames.
Female-6-Female-6_19 JANGAN LUPA MAMPIR KE RUMAH MAKAN SUNDA YANG RASA MAKANANNYA DIJAMIN ENAK PISAN 
LOG (lattice-best-path[5.5.1124~1-21ae4]:main():lattice-best-path.cc:99) For utterance Female-6-Female-6_27, best cost 93.865 + 5856.92 = 5950.78 over 815 frames.
Female-6-Female-6_27 JADI HARUS DIAGENDAKAN JALAN JALAN ATAU SEKEDAR KUMPUL KELUARGA UNTUK HEALING 
LOG (lattice-best-path[5.5.1124~1-21ae4]:main():lattice-best-path.cc:99) For utterance Female-6-Female-6_28, best cost 85.4313 + 5372.56 = 5457.99 over 763 frames.
Female-6-Female-6_28 REFRESHING SANGAT PENTING UNTUK MENJAGA KESEHATAN DAN KEWARASAN JIWA KITA 
LOG (lattice-best-path[5.5.1124~1-21ae4]:main():lattice-best-path.cc:99) For utterance Female-6-Female-6_34, best cost 66.5118 + 4563.56 = 4630.07 over 630 frames.
Female-6-Female-6_34 SEKARANG TRAVELING JADI MAKIN MUDAH DENGAN RESERVASI ONLINE 
LOG (lattice-best-path[5.5.1124~1-21ae4]:main():lattice-best-path.cc:99) For utterance Female-6-Female-6_37, best cost 74.3339 + 4721.32 = 4795.65 over 680 frames.
Female-6-Female-6_37 PANTAI SELALU MENJADI TUJUAN FAVORIT SAYA UNTUK LIBURAN 
LOG (lattice-best-path[5.5.1124~1-21ae4]:main():lattice-best-path.cc:99) For utterance Female-6-Female-6_40, best cost 53.8977 + 4029.03 = 4082.93 over 560 frames.
Female-6-Female-6_40 KOTA MEDAN ADALAH SURGANYA PENYUKA DURIAN 
LOG (lattice-best-path[5.5.1124~1-21ae4]:main():lattice-best-path.cc:99) For utterance Female-6-Female-6_47, best cost 80.4044 + 4595.03 = 4675.43 over 640 frames.
Female-6-Female-6_47 BANYAK SEKALI YANG HARUS DIPERSIAPKAN UNTUK HOLIDAY KE JEPANG 
LOG (lattice-best-path[5.5.1124~1-21ae4]:main():lattice-best-path.cc:99) For utterance Female-6-Female-6_7, best cost 68.6221 + 3919.98 = 3988.6 over 565 frames.
Female-6-Female-6_7 JUJURLY SAYA TIDAK SABAR UNTUK PERGI LIBURAN LAGI 
LOG (lattice-best-path[5.5.1124~1-21ae4]:main():lattice-best-path.cc:99) For utterance Female-6-Female-6_9, best cost 62.6564 + 3914.69 = 3977.34 over 565 frames.
Female-6-Female-6_9 INDONESIA TERKENAL AKAN PESONA LAUT DAN PANTAINYA 
LOG (lattice-best-path[5.5.1124~1-21ae4]:main():lattice-best-path.cc:99) For utterance Female-7-human_rights_un_ind_rd_0000, best cost 205.908 + 9160.78 = 9366.69 over 1314 frames.
Female-7-human_rights_un_ind_rd_0000 NYA DAN UMUM TENTANG HAK HAK ASASI MANUSIA MUKADIMAH MENIMBANG BAHWA PENGAKUAN ATAS MARTABAT ALAMIAH DAN HAK HAK YANG SAMA DAN MUTLAK DARI SEMUA ANGGOTA KELUARGA MANUSIA ADALAH DASAR KEMERDEKAAN 
LOG (lattice-best-path[5.5.1124~1-21ae4]:main():lattice-best-path.cc:99) For utterance Female-7-human_rights_un_ind_rd_0008, best cost 122.372 + 4316.58 = 4438.95 over 608 frames.
Female-7-human_rights_un_ind_rd_0008 DAN TELAH BERTEKAD UNTUK MENGGALAKKAN KEMAJUAN SOSIAL DAN TARAF HIDUP YANG LEBIH BAIK DI DALAM KEMERDEKAAN YANG ADIL LUAS 
LOG (lattice-best-path[5.5.1124~1-21ae4]:main():lattice-best-path.cc:99) For utterance Female-7-human_rights_un_ind_rd_0017, best cost 135.096 + 5247.71 = 5382.81 over 738 frames.
Female-7-human_rights_un_ind_rd_0017 BAIK OLEH BANGSA BANGSA DARI NEGARA NEGARA ANGGOTA SENDIRI MAUPUN OLEH BANGSA BANGSA DARI DAERAH DAERAH YANG BERADA DI BAWAH KEKUASAAN HUKUM MEREKA 
LOG (lattice-best-path[5.5.1124~1-21ae4]:main():lattice-best-path.cc:99) For utterance Female-7-human_rights_un_ind_rd_0018, best cost 94.9629 + 3944.15 = 4039.11 over 584 frames.
Female-7-human_rights_un_ind_rd_0018 PASAL SATU SEMUA ORANG DILAHIRKAN MERDEKA DAN MEMPUNYAI MARTABAT DAN HAK HAK YANG SAMA 
LOG (lattice-best-path[5.5.1124~1-21ae4]:main():lattice-best-path.cc:99) For utterance Female-7-human_rights_un_ind_rd_0021, best cost 85.5967 + 4681.32 = 4766.92 over 680 frames.
Female-7-human_rights_un_ind_rd_0021 SEPERTI RAS WARNA KULIT JENIS KELAMIN BAHASA AGAMA POLITIK ATAU PENDAPAT YANG BERLAINAN 
LOG (lattice-best-path[5.5.1124~1-21ae4]:main():lattice-best-path.cc:99) For utterance Female-7-human_rights_un_ind_rd_0026, best cost 34.1822 + 1379.57 = 1413.75 over 196 frames.
Female-7-human_rights_un_ind_rd_0026 YANG BERBENTUK WILAYAH WILAYAH PERWALIAN 
LOG (lattice-best-path[5.5.1124~1-21ae4]:main():lattice-best-path.cc:99) For utterance Female-7-human_rights_un_ind_rd_0027, best cost 67.6482 + 2382.74 = 2450.39 over 342 frames.
Female-7-human_rights_un_ind_rd_0027 JAJAHAN ATAU YANG BERADA DI BAWAH BATASAN KEDAULATAN YANG LAIN 
LOG (lattice-best-path[5.5.1124~1-21ae4]:main():lattice-best-path.cc:99) For utterance Female-7-human_rights_un_ind_rd_0033, best cost 100.108 + 4267.87 = 4367.98 over 628 frames.
Female-7-human_rights_un_ind_rd_0033 PASAL ENAM SETIAP ORANG BERHAK ATAS PENGAKUAN DI DEPAN HUKUM SEBAGAI PRIBADI DI MANA SAJA IA BERADA 
LOG (lattice-best-path[5.5.1124~1-21ae4]:main():lattice-best-path.cc:99) For utterance Female-7-human_rights_un_ind_rd_0047, best cost 113.398 + 5173.21 = 5286.61 over 760 frames.
Female-7-human_rights_un_ind_rd_0047 JUGA TIDAK DIPERKENANKAN MENJATUHKAN HUKUMAN LEBIH BERAT DARIPADA HUKUMAN YANG SEHARUSNYA DIKENAKAN KETIKA PELANGGARAN HUKUM ITU DILAKUKAN 
LOG (lattice-best-path[5.5.1124~1-21ae4]:main():lattice-best-path.cc:99) For utterance Female-7-human_rights_un_ind_rd_0053, best cost 38.6271 + 1678.8 = 1717.43 over 250 frames.
Female-7-human_rights_un_ind_rd_0053 SETIAP ORANG BERHAK MENINGGALKAN SUATU NEGERI 
LOG (lattice-best-path[5.5.1124~1-21ae4]:main():lattice-best-path.cc:99) For utterance Female-7-human_rights_un_ind_rd_0063, best cost 63.2982 + 1940.84 = 2004.14 over 274 frames.
Female-7-human_rights_un_ind_rd_0063 MEREKA MEMPUNYAI HAK YANG SAMA DALAM SAAT PERKAWINAN 
LOG (lattice-best-path[5.5.1124~1-21ae4]:main():lattice-best-path.cc:99) For utterance Female-7-human_rights_un_ind_rd_0065, best cost 98.4092 + 5523.48 = 5621.89 over 830 frames.
Female-7-human_rights_un_ind_rd_0065 PERKAWINAN HANYA DAPAT DILAKSANAKAN BERDASARKAN PILIHAN BEBAS DAN PERSETUJUAN PENUH OLEH KEDUA MEMPELAI TIGA 
LOG (lattice-best-path[5.5.1124~1-21ae4]:main():lattice-best-path.cc:99) For utterance Female-7-human_rights_un_ind_rd_0068, best cost 48.8556 + 1794.32 = 1843.18 over 250 frames.
Female-7-human_rights_un_ind_rd_0068 BAIK SENDIRI MAUPUN BERSAMA SAMA DENGAN ORANG LAIN 
LOG (lattice-best-path[5.5.1124~1-21ae4]:main():lattice-best-path.cc:99) For utterance Female-7-human_rights_un_ind_rd_0074, best cost 93.4259 + 3857.15 = 3950.58 over 590 frames.
Female-7-human_rights_un_ind_rd_0074 EH SENDIRI MAUPUN BERSAMA SAMA DENGAN ORANG LAIN DI MUKA UMUM MAUPUN SENDIRI 
LOG (lattice-best-path[5.5.1124~1-21ae4]:main():lattice-best-path.cc:99) For utterance Female-7-human_rights_un_ind_rd_0077, best cost 25.0954 + 706.603 = 731.698 over 102 frames.
Female-7-human_rights_un_ind_rd_0077 DAN UNTUK MENCARI 
LOG (lattice-best-path[5.5.1124~1-21ae4]:main():lattice-best-path.cc:99) For utterance Female-7-human_rights_un_ind_rd_0080, best cost 56.4319 + 2528.31 = 2584.74 over 368 frames.
Female-7-human_rights_un_ind_rd_0080 TIDAK SEORANG PUN BOLEH DIPAKSA UNTUK MEMASUKI SUATU PERKUMPULAN 
LOG (lattice-best-path[5.5.1124~1-21ae4]:main():lattice-best-path.cc:99) For utterance Female-7-human_rights_un_ind_rd_0083, best cost 93.7916 + 4660.31 = 4754.1 over 702 frames.
Female-7-human_rights_un_ind_rd_0083 SETIAP ORANG BERHAK ATAS KESEMPATAN YANG SAMA UNTUK DIANGKAT DALAM JABATAN PEMERINTAHAN NEGERINYA TIGA 
LOG (lattice-best-path[5.5.1124~1-21ae4]:main():lattice-best-path.cc:99) For utterance Female-7-human_rights_un_ind_rd_0091, best cost 21.427 + 731.506 = 752.933 over 100 frames.
Female-7-human_rights_un_ind_rd_0091 HAK HAK EKONOMI 
LOG (lattice-best-path[5.5.1124~1-21ae4]:main():lattice-best-path.cc:99) For utterance Female-7-human_rights_un_ind_rd_0092, best cost 94.1089 + 4446.24 = 4540.35 over 676 frames.
Female-7-human_rights_un_ind_rd_0092 SOSIAL DAN KEBUDAYAAN YANG SANGAT DIPERLUKAN UNTUK MARTABAT DAN PERTUMBUHAN BEBAS PRIBADINYA 
LOG (lattice-best-path[5.5.1124~1-21ae4]:main():lattice-best-path.cc:99) For utterance Female-7-human_rights_un_ind_rd_0100, best cost 59.1043 + 2724.54 = 2783.65 over 404 frames.
Female-7-human_rights_un_ind_rd_0100 DAN JIKA PERLU DITAMBAH DENGAN PERLINDUNGAN SOSIAL LAINNYA EMPAT 
LOG (lattice-best-path[5.5.1124~1-21ae4]:main():lattice-best-path.cc:99) For utterance Female-7-human_rights_un_ind_rd_0106, best cost 42.3711 + 1584 = 1626.37 over 236 frames.
Female-7-human_rights_un_ind_rd_0106 DAN BERHAK ATAS JAMINAN PADA SAAT MENGANGGUR 
LOG (lattice-best-path[5.5.1124~1-21ae4]:main():lattice-best-path.cc:99) For utterance Female-7-human_rights_un_ind_rd_0109, best cost 75.7169 + 2608.47 = 2684.19 over 378 frames.
Female-7-human_rights_un_ind_rd_0109 SEMUA ANAK BAIK YANG DILAHIRKAN DI DALAM MAUPUN DI LUAR PERKAWINAN 
LOG (lattice-best-path[5.5.1124~1-21ae4]:main():lattice-best-path.cc:99) For utterance Female-7-human_rights_un_ind_rd_0111, best cost 64.5414 + 3487.2 = 3551.74 over 532 frames.
Female-7-human_rights_un_ind_rd_0111 PASAL DUA PULUH ENAM SATU SETIAP ORANG BERHAK MENDAPAT PENDIDIKAN 
LOG (lattice-best-path[5.5.1124~1-21ae4]:main():lattice-best-path.cc:99) For utterance Female-7-human_rights_un_ind_rd_0118, best cost 52.3257 + 1896.03 = 1948.36 over 266 frames.
Female-7-human_rights_un_ind_rd_0118 TOLERANSI DAN PERSAHABATAN DI ANTARA SEMUA BANGSA 
LOG (lattice-best-path[5.5.1124~1-21ae4]:main():lattice-best-path.cc:99) For utterance Female-7-human_rights_un_ind_rd_0124, best cost 130.165 + 6380.93 = 6511.1 over 930 frames.
Female-7-human_rights_un_ind_rd_0124 SETIAP ORANG BERHAK UNTUK MEMPEROLEH PERLINDUNGAN ATAS KEPENTINGAN KEPENTINGAN MORIL DAN MATERIAL YANG DIPEROLEH SEBAGAI HASIL DARI SESUATU PRODUKSI ILMIAH 
LOG (lattice-best-path[5.5.1124~1-21ae4]:main():lattice-best-path.cc:99) For utterance Female-7-human_rights_un_ind_rd_0130, best cost 71.1708 + 2514.16 = 2585.33 over 360 frames.
Female-7-human_rights_un_ind_rd_0130 DAN UNTUK MEMENUHI SYARAT SYARAT YANG ADIL DALAM HAK KESUSILAAN 
LOG (lattice-best-path[5.5.1124~1-21ae4]:main():lattice-best-path.cc:99) For utterance Female-7-human_rights_un_ind_rd_0135, best cost 180.442 + 8120.2 = 8300.64 over 1137 frames.
Female-7-human_rights_un_ind_rd_0135 UNTUK TERLIBAT DI DALAM KEGIATAN APAPUN ATAU MELAKUKAN PERBUATAN YANG BERTUJUAN UNTUK MERUSAK HAK HAK DAN KEBEBASAN KEBEBASAN YANG MANA PUN YANG TERMAKTUB DI DALAM PERNYATAAN INI 
LOG (lattice-best-path[5.5.1124~1-21ae4]:main():lattice-best-path.cc:99) For utterance Male-1-Male-1_1, best cost 57.2122 + 3997.49 = 4054.7 over 564 frames.
Male-1-Male-1_1 BUAT NGILANGIN PENAT PALING ENAK LIBURAN KE PANTAI 
LOG (lattice-best-path[5.5.1124~1-21ae4]:main():lattice-best-path.cc:99) For utterance Male-1-Male-1_11, best cost 130.996 + 8975.16 = 9106.16 over 1275 frames.
Male-1-Male-1_11 DAN BANDUNG LAGI TURUN BUKAN CUMA MASALAH GEOGRAFIS LEBIH JAUH DARI ITU MELIBATKAN PERASAAN YANG BERSAMAKU KETIKA SUNYI 
LOG (lattice-best-path[5.5.1124~1-21ae4]:main():lattice-best-path.cc:99) For utterance Male-1-Male-1_15, best cost 79.1216 + 5405.52 = 5484.64 over 838 frames.
Male-1-Male-1_15 BUTUH UANG BERAPA YA KALAU MAU YANG JALAN JALAN KE MACAU 
LOG (lattice-best-path[5.5.1124~1-21ae4]:main():lattice-best-path.cc:99) For utterance Male-1-Male-1_19, best cost 65.0046 + 4856.25 = 4921.25 over 718 frames.
Male-1-Male-1_19 COBAIN DEH PAKE AIR BNB KADANG SUKA ADA DISCOUNT NYA 
LOG (lattice-best-path[5.5.1124~1-21ae4]:main():lattice-best-path.cc:99) For utterance Male-1-Male-1_22, best cost 83.5846 + 4306.54 = 4390.13 over 615 frames.
Male-1-Male-1_22 KAK DI PUNYA RENCANA UNTUK BERLIBUR KE LUAR NEGERI TAHUN DEPAN 
LOG (lattice-best-path[5.5.1124~1-21ae4]:main():lattice-best-path.cc:99) For utterance Male-1-Male-1_28, best cost 76.5607 + 5277.35 = 5353.91 over 752 frames.
Male-1-Male-1_28 SAYA LEBIH SUKA BAWA KOPER SIH DARIPADA BACKPACK SOALNYA LEBIH RAPI 
LOG (lattice-best-path[5.5.1124~1-21ae4]:main():lattice-best-path.cc:99) For utterance Male-1-Male-1_30, best cost 107.65 + 6817.99 = 6925.64 over 992 frames.
Male-1-Male-1_30 ASIK BANGET NAIK GUNUNG BROMO KARENA UDARA SEGAR DAN BISA LIAT PEMANDANGAN YANG REFRESHING 
LOG (lattice-best-path[5.5.1124~1-21ae4]:main():lattice-best-path.cc:99) For utterance Male-1-Male-1_43, best cost 103.171 + 5268.11 = 5371.28 over 701 frames.
Male-1-Male-1_43 SELAMA MASIH WAKTU LIBURAN NAIK KITA EXPLORE PANTAI PANTAI INDAH DI BALI 
LOG (lattice-best-path[5.5.1124~1-21ae4]:main():lattice-best-path.cc:99) For utterance Male-1-Male-1_44, best cost 149.237 + 6618.23 = 6767.47 over 872 frames.
Male-1-Male-1_44 YANG KITA RELAX SEJENAK YUK DI VILLA YANG LONDON DI PEGUNUNGAN SAMBIL MENIKMATI KEINDAHAN ALAM DAN UDARA YANG SEGAR DAN 
LOG (lattice-best-path[5.5.1124~1-21ae4]:main():lattice-best-path.cc:99) For utterance Male-1-Male-1_45, best cost 101.414 + 9564.16 = 9665.58 over 1238 frames.
Male-1-Male-1_45 E E MAU GW 
LOG (lattice-best-path[5.5.1124~1-21ae4]:main():lattice-best-path.cc:99) For utterance Male-10-Male-10_2, best cost 116.918 + 5085.11 = 5202.02 over 766 frames.
Male-10-Male-10_2 GIMANA KALO KITA CAMPING KE GUNUNG MENIKMATI MALAM YANG BERBINTANG BAWA GITAR NYANYI NYANYI DI TENGAH API UNGGUN 
LOG (lattice-best-path[5.5.1124~1-21ae4]:main():lattice-best-path.cc:99) For utterance Male-10-Male-10_24, best cost 72.9386 + 3465.25 = 3538.19 over 558 frames.
Male-10-Male-10_24 LIBURAN HARI INI SUDAH SELESAI BESOK LIBURAN DENGAN UJIAN LAGI 
LOG (lattice-best-path[5.5.1124~1-21ae4]:main():lattice-best-path.cc:99) For utterance Male-10-Male-10_25, best cost 81.0879 + 3483.67 = 3564.75 over 526 frames.
Male-10-Male-10_25 SETELAH SEMESTER INI SELESAI AKU MAU BERLIBUR DI PANTAI SELAMA SEBULAN 
LOG (lattice-best-path[5.5.1124~1-21ae4]:main():lattice-best-path.cc:99) For utterance Male-10-Male-10_28, best cost 43.0456 + 2547.93 = 2590.97 over 398 frames.
Male-10-Male-10_28 BERLIBUR KE GUNUNG MEMBUTUHKAN TOURGUIDE 
LOG (lattice-best-path[5.5.1124~1-21ae4]:main():lattice-best-path.cc:99) For utterance Male-10-Male-10_29, best cost 39.2005 + 2646.85 = 2686.05 over 414 frames.
Male-10-Male-10_29 CAMPING SEBELUM SIDANG SEPERTINYA MENYENANGKAN 
LOG (lattice-best-path[5.5.1124~1-21ae4]:main():lattice-best-path.cc:99) For utterance Male-10-Male-10_3, best cost 131.152 + 5456.11 = 5587.27 over 798 frames.
Male-10-Male-10_3 GA CUMA ITU KALO PAGI PAGI KITA BISA LIAT PEMANDANGAN YANG INDAH KAYA POHON POHON YANG HIJAU ATAU HAMPARAN PADANG RUMPUT YANG LUAS 
LOG (lattice-best-path[5.5.1124~1-21ae4]:main():lattice-best-path.cc:99) For utterance Male-10-Male-10_34, best cost 86.1041 + 4165.32 = 4251.42 over 638 frames.
Male-10-Male-10_34 KATANYA TRANS STUDIO BANDUNG LAGI NGADAIN DISKON NIH AYO KE SANA MUMPUNG LAGI LIBUR 
LOG (lattice-best-path[5.5.1124~1-21ae4]:main():lattice-best-path.cc:99) For utterance Male-10-Male-10_40, best cost 66.1883 + 3428.06 = 3494.25 over 510 frames.
Male-10-Male-10_40 SETELAH SELESAI TESIS NANTI SAYA AKAN BERKEMAH DI UJUNG GENTENG 
LOG (lattice-best-path[5.5.1124~1-21ae4]:main():lattice-best-path.cc:99) For utterance Male-10-Male-10_43, best cost 69.2782 + 3652.9 = 3722.18 over 574 frames.
Male-10-Male-10_43 KEMARIN AKU NAIK PESAWAT DARI JAKARTA POLUSI UDARANYA KELIHATAN BANGET 
LOG (lattice-best-path[5.5.1124~1-21ae4]:main():lattice-best-path.cc:99) For utterance Male-10-Male-10_44, best cost 71.7849 + 3155.75 = 3227.54 over 494 frames.
Male-10-Male-10_44 KERETA CEPAT JAKARTA BANDUNG KENAPA DINAMAI IBU SIAPA 
LOG (lattice-best-path[5.5.1124~1-21ae4]:main():lattice-best-path.cc:99) For utterance Male-11-Male-11_10, best cost 100.863 + 5319.01 = 5419.87 over 798 frames.
Male-11-Male-11_10 TREKKING DI BROMO TUH CAPEK BANGET TAPI SUNRISE VIEW NYA TUH SO BEAUTIFUL 
LOG (lattice-best-path[5.5.1124~1-21ae4]:main():lattice-best-path.cc:99) For utterance Male-11-Male-11_17, best cost 54.8904 + 3399.02 = 3453.91 over 488 frames.
Male-11-Male-11_17 NAIK GUNUNG HARUS SEDIA BACKPACK KHUSUS GUNUNG 
LOG (lattice-best-path[5.5.1124~1-21ae4]:main():lattice-best-path.cc:99) For utterance Male-11-Male-11_2, best cost 63.1048 + 3873.9 = 3937.01 over 558 frames.
Male-11-Male-11_2 VILLA DI UBUD ITU SUPER COZY COCOK BUAT LIBURAN 
LOG (lattice-best-path[5.5.1124~1-21ae4]:main():lattice-best-path.cc:99) For utterance Male-11-Male-11_25, best cost 68.4759 + 3882.59 = 3951.07 over 550 frames.
Male-11-Male-11_25 SAYA DENGAR DI PANTAI KUTA ADA SPOT SURFING YANG BAGUS 
LOG (lattice-best-path[5.5.1124~1-21ae4]:main():lattice-best-path.cc:99) For utterance Male-11-Male-11_26, best cost 46.5906 + 2683.18 = 2729.77 over 418 frames.
Male-11-Male-11_26 KAYAKNYA KITA BAKAL LIBURAN MINGGU INI 
LOG (lattice-best-path[5.5.1124~1-21ae4]:main():lattice-best-path.cc:99) For utterance Male-11-Male-11_3, best cost 81.7811 + 4568.83 = 4650.61 over 663 frames.
Male-11-Male-11_3 AKU PERNAH NYELAM DI GILI TRAWANGAN TERUMBU KARANGNYA ITU BAGUS BANGET SIH 
LOG (lattice-best-path[5.5.1124~1-21ae4]:main():lattice-best-path.cc:99) For utterance Male-11-Male-11_31, best cost 115.149 + 7579.82 = 7694.96 over 1055 frames.
Male-11-Male-11_31 DAN BANDUNG BAGIKU BUKAN CUMA MASALAH GEOGRAFIS LEBIH JAUH DARI ITU MELIBATKAN PERASAAN YANG BERSAMAKU KETIKA SUNYI 
LOG (lattice-best-path[5.5.1124~1-21ae4]:main():lattice-best-path.cc:99) For utterance Male-11-Male-11_47, best cost 74.7273 + 4349.74 = 4424.47 over 628 frames.
Male-11-Male-11_47 TAHUN KEMARIN KAMI MENCOBA GLAMPING SELAMA TIGA HARI DI TENGAH HUTAN 
LOG (lattice-best-path[5.5.1124~1-21ae4]:main():lattice-best-path.cc:99) For utterance Male-11-Male-11_50, best cost 101.84 + 5384.69 = 5486.53 over 768 frames.
Male-11-Male-11_50 ASIK BANGET NAIK GUNUNG BROMO KARENA UDARA SEGAR DAN BISA LIHAT PEMANDANGAN YANG REFRESHING 
LOG (lattice-best-path[5.5.1124~1-21ae4]:main():lattice-best-path.cc:99) For utterance Male-11-Male-11_7, best cost 114.984 + 5150.49 = 5265.47 over 738 frames.
Male-11-Male-11_7 AKU KEMARIN BARU BALIK DARI YOGYAKARTA THE TEMPLES AND CULTURE BELUM MAIN MAIN BRO 
LOG (lattice-best-path[5.5.1124~1-21ae4]:main():lattice-best-path.cc:99) For utterance Male-12-Male-12_1, best cost 55.758 + 2165.1 = 2220.86 over 298 frames.
Male-12-Male-12_1 UDARA PALING SEGAR ADALAH UDARA DI GUNUNG 
LOG (lattice-best-path[5.5.1124~1-21ae4]:main():lattice-best-path.cc:99) For utterance Male-12-Male-12_21, best cost 107.507 + 5335.24 = 5442.75 over 740 frames.
Male-12-Male-12_21 DAN BANDUNG BAGIKU BUKAN CUMA MASALAH GEOGRAFIS LEBIH DARI ITU MELIBATKAN PERASAAN YANG BERSAMAKU KETIKA SUNYI 
LOG (lattice-best-path[5.5.1124~1-21ae4]:main():lattice-best-path.cc:99) For utterance Male-12-Male-12_24, best cost 53.8447 + 2378.84 = 2432.68 over 338 frames.
Male-12-Male-12_24 KERETA CEPAT JAKARTA BANDUNG KENAPA DINAMAI WHOOSH YA 
LOG (lattice-best-path[5.5.1124~1-21ae4]:main():lattice-best-path.cc:99) For utterance Male-12-Male-12_28, best cost 58.2527 + 3004.38 = 3062.64 over 410 frames.
Male-12-Male-12_28 PENGEN DEH RASANYA COBAIN CROISSANT ASLI DARI PERANCIS 
LOG (lattice-best-path[5.5.1124~1-21ae4]:main():lattice-best-path.cc:99) For utterance Male-12-Male-12_30, best cost 50.9048 + 2053.61 = 2104.51 over 295 frames.
Male-12-Male-12_30 NEGERI JALAN YA SAFE FLIGHT 
LOG (lattice-best-path[5.5.1124~1-21ae4]:main():lattice-best-path.cc:99) For utterance Male-12-Male-12_31, best cost 63.3642 + 2862.03 = 2925.39 over 393 frames.
Male-12-Male-12_31 LIBURAN TAHUN INI SERU BANGET SOALNYA BISA BARENG KELUARGA 
LOG (lattice-best-path[5.5.1124~1-21ae4]:main():lattice-best-path.cc:99) For utterance Male-12-Male-12_38, best cost 81.4746 + 3513.09 = 3594.56 over 495 frames.
Male-12-Male-12_38 SAYA LEBIH SUKA BAWA KOPER SIH DARIPADA BACKPACK SOALNYA LEBIH RAPI 
LOG (lattice-best-path[5.5.1124~1-21ae4]:main():lattice-best-path.cc:99) For utterance Male-12-Male-12_43, best cost 65.8265 + 3213.24 = 3279.07 over 470 frames.
Male-12-Male-12_43 BERLIBUR BERSAMA KELUARGA ADALAH MOMEN YANG SANGAT BERHARGA 
LOG (lattice-best-path[5.5.1124~1-21ae4]:main():lattice-best-path.cc:99) For utterance Male-12-Male-12_47, best cost 70.4336 + 3500.21 = 3570.64 over 520 frames.
Male-12-Male-12_47 LIBURAN YANG RELAXING BUAT SAYA ADALAH KE UBUD BALI 
LOG (lattice-best-path[5.5.1124~1-21ae4]:main():lattice-best-path.cc:99) For utterance Male-12-Male-12_9, best cost 42.9997 + 2419.41 = 2462.41 over 328 frames.
Male-12-Male-12_9 CAMPING SEBELUM SIDANG SEPERTINYA MENYENANGKAN 
LOG (lattice-best-path[5.5.1124~1-21ae4]:main():lattice-best-path.cc:99) For utterance Male-13-Male-13_15, best cost 77.4996 + 3203.14 = 3280.64 over 450 frames.
Male-13-Male-13_15 BUTUH UANG BERAPA YA KALO MAU JALAN JALAN KE BAKAL 
LOG (lattice-best-path[5.5.1124~1-21ae4]:main():lattice-best-path.cc:99) For utterance Male-13-Male-13_16, best cost 74.3956 + 4013.9 = 4088.3 over 545 frames.
Male-13-Male-13_16 KAK AKU MAU JASTIP DONG MUMPUNG KAKAK LAGI ABROAD KE LONDON 
LOG (lattice-best-path[5.5.1124~1-21ae4]:main():lattice-best-path.cc:99) For utterance Male-13-Male-13_19, best cost 62.75 + 4051.1 = 4113.85 over 545 frames.
Male-13-Male-13_19 COBAIN DEH PAKE AIR BNB KADANG SUKA ADA DISCOUNT NYA 
LOG (lattice-best-path[5.5.1124~1-21ae4]:main():lattice-best-path.cc:99) For utterance Male-13-Male-13_32, best cost 69.1782 + 4171.35 = 4240.53 over 593 frames.
Male-13-Male-13_32 SAYA SUKA MINUM KOPI SAMBIL BERSANTAI DENGAN TEMAN DI GUNUNG 
LOG (lattice-best-path[5.5.1124~1-21ae4]:main():lattice-best-path.cc:99) For utterance Male-13-Male-13_34, best cost 89.6915 + 5832.23 = 5921.92 over 825 frames.
Male-13-Male-13_34 ANCOL MENJADI DESTINASI WISATA FAVORIT DI JAKARTA DENGAN BERAGAM WAHANA PERMAINANNYA 
LOG (lattice-best-path[5.5.1124~1-21ae4]:main():lattice-best-path.cc:99) For utterance Male-13-Male-13_40, best cost 57.5065 + 4053.29 = 4110.8 over 593 frames.
Male-13-Male-13_40 TREKKING DI GUNUNG SEMERU TERNYATA ADVENTUROUS BANGET 
LOG (lattice-best-path[5.5.1124~1-21ae4]:main():lattice-best-path.cc:99) For utterance Male-13-Male-13_44, best cost 124.277 + 6479.65 = 6603.93 over 900 frames.
Male-13-Male-13_44 KITA RELAX SEJENAK YUK DI VILLA YANG ADA DI PEGUNUNGAN SAMBIL MENIKMATI KEINDAHAN ALAM DAN UDARA YANG SEGAR 
LOG (lattice-best-path[5.5.1124~1-21ae4]:main():lattice-best-path.cc:99) For utterance Male-13-Male-13_5, best cost 72.7072 + 4171.97 = 4244.68 over 583 frames.
Male-13-Male-13_5 SAYA DENGAR DI PANTAI KUTA ADA SPOT SURFING YANG BAGUS 
LOG (lattice-best-path[5.5.1124~1-21ae4]:main():lattice-best-path.cc:99) For utterance Male-13-Male-13_6, best cost 49.8221 + 2973.62 = 3023.44 over 433 frames.
Male-13-Male-13_6 KAYAKNYA KITA BAKAL LIBURAN MINGGU INI 
LOG (lattice-best-path[5.5.1124~1-21ae4]:main():lattice-best-path.cc:99) For utterance Male-13-Male-13_9, best cost 73.2438 + 4006.79 = 4080.03 over 553 frames.
Male-13-Male-13_9 AKU TAKUT BANGET NAIK BANANA BOAT MENDING MAIN YANG LAIN AJA YA 
LOG (lattice-best-path[5.5.1124~1-21ae4]:main():lattice-best-path.cc:99) For utterance Male-2-Male-2_13, best cost 71.4147 + 3520.53 = 3591.95 over 501 frames.
Male-2-Male-2_13 KALAU KE BALI BULAN SEMBILAN ENAKNYA NGAPAIN YA DI SANA 
LOG (lattice-best-path[5.5.1124~1-21ae4]:main():lattice-best-path.cc:99) For utterance Male-2-Male-2_20, best cost 60.0257 + 3168.95 = 3228.98 over 480 frames.
Male-2-Male-2_20 PINGIN LIBURAN KE EROPA BIAR BISA LIAT SALJU 
LOG (lattice-best-path[5.5.1124~1-21ae4]:main():lattice-best-path.cc:99) For utterance Male-2-Male-2_21, best cost 67.6224 + 3345.44 = 3413.06 over 491 frames.
Male-2-Male-2_21 LIBURAN TAHUN INI SERU BANGET SOALNYA BISA BARENG KELUARGA 
LOG (lattice-best-path[5.5.1124~1-21ae4]:main():lattice-best-path.cc:99) For utterance Male-2-Male-2_28, best cost 91.2317 + 3790.05 = 3881.28 over 533 frames.
Male-2-Male-2_28 SAYA LEBIH SUKA MAU KOPER SIH DARIPADA BACKPACK SOALNYA LEBIH RAPI 
LOG (lattice-best-path[5.5.1124~1-21ae4]:main():lattice-best-path.cc:99) For utterance Male-2-Male-2_32, best cost 68.2192 + 3171.2 = 3239.42 over 474 frames.
Male-2-Male-2_32 SAYA SUKA MINUM KOPI SAMBIL BERSANTAI DENGAN TEMAN DI GUNUNG 
LOG (lattice-best-path[5.5.1124~1-21ae4]:main():lattice-best-path.cc:99) For utterance Male-2-Male-2_4, best cost 84.4021 + 4583.33 = 4667.73 over 634 frames.
Male-2-Male-2_4 BAYANGIN KITA BISA LIBURAN KAPAN AJA LIFE WILL SO RELAXING 
LOG (lattice-best-path[5.5.1124~1-21ae4]:main():lattice-best-path.cc:99) For utterance Male-2-Male-2_43, best cost 90.4854 + 3734.59 = 3825.07 over 536 frames.
Male-2-Male-2_43 SELAMA MASIH WAKTU LIBURAN AYO KITA EXPLORE PANTAI PANTAI INDAH DI BALI 
LOG (lattice-best-path[5.5.1124~1-21ae4]:main():lattice-best-path.cc:99) For utterance Male-2-Male-2_45, best cost 113.785 + 5489.29 = 5603.07 over 768 frames.
Male-2-Male-2_45 BESOK KITA BOAT TOUR DI DANAU TOBA YA SEKALIAN EXPLORE THE BEAUTY OF THE LARGEST VOLCANIC LAKE IN THE WORLD 
LOG (lattice-best-path[5.5.1124~1-21ae4]:main():lattice-best-path.cc:99) For utterance Male-2-Male-2_49, best cost 88.543 + 4955.93 = 5044.47 over 700 frames.
Male-2-Male-2_49 LETS EXPLORE CULTURAL LANDMARKS DI YOGYAKARTA DI SANA BANYAK BELAJAR SEJARAH LOH 
LOG (lattice-best-path[5.5.1124~1-21ae4]:main():lattice-best-path.cc:99) For utterance Male-2-Male-2_8, best cost 58.2758 + 2563.7 = 2621.97 over 359 frames.
Male-2-Male-2_8 LIBURAN KE DAERAH GUNUNG BISA JADI ALTERNATIF 
LOG (lattice-best-path[5.5.1124~1-21ae4]:main():lattice-best-path.cc:99) For utterance Male-3-Male-3_13, best cost 62.8554 + 2988.85 = 3051.71 over 458 frames.
Male-3-Male-3_13 KALAU KE BALI BULAN SEMBILAN ENAKNYA NGAPAIN YA DI SANA 
LOG (lattice-best-path[5.5.1124~1-21ae4]:main():lattice-best-path.cc:99) For utterance Male-3-Male-3_14, best cost 93.6941 + 3980.65 = 4074.34 over 590 frames.
Male-3-Male-3_14 INGIN PERGI LIBURAN TAPI KERJAAN MASIH BANYAK DAN DUIT JUGA UDAH MAU ABIS 
LOG (lattice-best-path[5.5.1124~1-21ae4]:main():lattice-best-path.cc:99) For utterance Male-3-Male-3_20, best cost 55.269 + 3436.17 = 3491.44 over 534 frames.
Male-3-Male-3_20 PINGIN LIBURAN KE EROPA BIAR BISA LIAT SALJU 
LOG (lattice-best-path[5.5.1124~1-21ae4]:main():lattice-best-path.cc:99) For utterance Male-3-Male-3_24, best cost 53.949 + 3084.06 = 3138 over 462 frames.
Male-3-Male-3_24 TERSERAH MAU KEMANA PENTING MAKANANNYA ENAK ENAK 
LOG (lattice-best-path[5.5.1124~1-21ae4]:main():lattice-best-path.cc:99) For utterance Male-3-Male-3_25, best cost 54.3416 + 3206.72 = 3261.06 over 490 frames.
Male-3-Male-3_25 SIAPA MAU SENDIRIAN STAYCATION DI TENGAH HUTAN GITU 
LOG (lattice-best-path[5.5.1124~1-21ae4]:main():lattice-best-path.cc:99) For utterance Male-3-Male-3_3, best cost 44.4026 + 2192.54 = 2236.94 over 366 frames.
Male-3-Male-3_3 PALING SERU KALAU LIBURAN BARENG TEMEN 
LOG (lattice-best-path[5.5.1124~1-21ae4]:main():lattice-best-path.cc:99) For utterance Male-3-Male-3_32, best cost 81.5056 + 4840.6 = 4922.11 over 742 frames.
Male-3-Male-3_32 LIBURAN BULAN DEPAN JANGAN LUPA BAWA OBAT YA JUST IN CASE SAKIT DI LOKASI 
LOG (lattice-best-path[5.5.1124~1-21ae4]:main():lattice-best-path.cc:99) For utterance Male-3-Male-3_39, best cost 79.097 + 3494.89 = 3573.99 over 534 frames.
Male-3-Male-3_39 KALAU TIDAK BISA LIBURAN KE LEMBANG AKU LEBIH PILIH DI RUMAH AJA 
LOG (lattice-best-path[5.5.1124~1-21ae4]:main():lattice-best-path.cc:99) For utterance Male-3-Male-3_44, best cost 133.739 + 5491.69 = 5625.43 over 786 frames.
Male-3-Male-3_44 KITA RELAX SEJENAK JADI VILLA YANG ADA DI PEGUNUNGAN SAMBIL MENIKMATI BINTAN ALAM DAN UDARA SEGAR 
LOG (lattice-best-path[5.5.1124~1-21ae4]:main():lattice-best-path.cc:99) For utterance Male-3-Male-3_49, best cost 92.8917 + 4598.48 = 4691.37 over 642 frames.
Male-3-Male-3_49 LETS EXPLORE CULTURAL LANDMARKS DI YOGYAKARTA DI SANA BANYAK BARU SEJARAH LOH 
LOG (lattice-best-path[5.5.1124~1-21ae4]:main():lattice-best-path.cc:99) For utterance Male-4-Male-4_11, best cost 77.3246 + 4030.53 = 4107.86 over 599 frames.
Male-4-Male-4_11 SEBENTAR LAGI MASA LIBURAN TAPI HARUS MELALUI SEGALA TUGAS DAN UJIAN 
LOG (lattice-best-path[5.5.1124~1-21ae4]:main():lattice-best-path.cc:99) For utterance Male-4-Male-4_15, best cost 140.382 + 5908.86 = 6049.24 over 822 frames.
Male-4-Male-4_15 DENGAN BEGITU OUT LIBURAN DI ABROAD KE KALI DENGAN BEGITU LIBURAN JADI LEBIH BERMAKNA DAN LEBIH MENYENANGKAN 
LOG (lattice-best-path[5.5.1124~1-21ae4]:main():lattice-best-path.cc:99) For utterance Male-4-Male-4_26, best cost 58.3467 + 3851.29 = 3909.64 over 585 frames.
Male-4-Male-4_26 MRT ADALAH CARA TERBAIK UNTUK MENJELAJAHI SINGAPURA 
LOG (lattice-best-path[5.5.1124~1-21ae4]:main():lattice-best-path.cc:99) For utterance Male-4-Male-4_31, best cost 74.1391 + 2114.09 = 2188.23 over 286 frames.
Male-4-Male-4_31 TEMPAT LIBURAN YANG BAIK KALI BANTUAN TIBALAH 
LOG (lattice-best-path[5.5.1124~1-21ae4]:main():lattice-best-path.cc:99) For utterance Male-4-Male-4_36, best cost 74.5489 + 3499.6 = 3574.15 over 498 frames.
Male-4-Male-4_36 AKU DAN KELUARGAKU BERENCANA UNTUK LIBURAN DI BALI PADA AKHIR TAHUN INI 
LOG (lattice-best-path[5.5.1124~1-21ae4]:main():lattice-best-path.cc:99) For utterance Male-4-Male-4_37, best cost 68.5701 + 3193.01 = 3261.58 over 479 frames.
Male-4-Male-4_37 BANYAK SEKALI YA HARUS DIPERSIAPKAN UNTUK HOLIDAY KE JEPANG 
LOG (lattice-best-path[5.5.1124~1-21ae4]:main():lattice-best-path.cc:99) For utterance Male-4-Male-4_4, best cost 92.7775 + 4702.96 = 4795.74 over 667 frames.
Male-4-Male-4_4 TEMPAT PALING ENAK BUAT LIBURAN TUH YANG UDARANYA SEJUK ADEM AYEM BIAR NGGA KERINGETAN 
LOG (lattice-best-path[5.5.1124~1-21ae4]:main():lattice-best-path.cc:99) For utterance Male-4-Male-4_43, best cost 67.8227 + 2940.53 = 3008.35 over 416 frames.
Male-4-Male-4_43 MENA DEPAN KE HEAD IN THE CLOUD YUK NONTON YOASOBI 
LOG (lattice-best-path[5.5.1124~1-21ae4]:main():lattice-best-path.cc:99) For utterance Male-4-Male-4_44, best cost 54.0536 + 2314.05 = 2368.1 over 325 frames.
Male-4-Male-4_44 JAKARTA GERAH BANGET DAH BUTUH LIBURAN BUAH 
LOG (lattice-best-path[5.5.1124~1-21ae4]:main():lattice-best-path.cc:99) For utterance Male-4-Male-4_9, best cost 103.972 + 3965 = 4068.98 over 575 frames.
Male-4-Male-4_9 JANGAN LUPA MAMPIR KALO MAKAN SUNDA IA RASA MAKANANNYA DIJAMIN BETAH PISAN 
LOG (lattice-best-path[5.5.1124~1-21ae4]:main():lattice-best-path.cc:99) For utterance Male-5-Male-5_1, best cost 87.7402 + 4484.86 = 4572.6 over 638 frames.
Male-5-Male-5_1 SEBENTAR LAGI MASA LIBURAN TAPI YA HARUS MELALUI SEGALA TUGAS DAN UJIAN 
LOG (lattice-best-path[5.5.1124~1-21ae4]:main():lattice-best-path.cc:99) For utterance Male-5-Male-5_10, best cost 97.7777 + 5806.33 = 5904.11 over 870 frames.
Male-5-Male-5_10 KALAU SUDAH DITENTUKAN MAU KEMANA BISA LANGSUNG DEH SUSUN RENCANA BUDGET DAN ITINERARY 
LOG (lattice-best-path[5.5.1124~1-21ae4]:main():lattice-best-path.cc:99) For utterance Male-5-Male-5_13, best cost 64.5969 + 3581.49 = 3646.08 over 515 frames.
Male-5-Male-5_13 SEMOGA SUATU HARI KAMI BISA STAYCATION DI VILLA PEGUNUNGAN 
LOG (lattice-best-path[5.5.1124~1-21ae4]:main():lattice-best-path.cc:99) For utterance Male-5-Male-5_17, best cost 62.3827 + 3744.3 = 3806.69 over 563 frames.
Male-5-Male-5_17 PANTAI SELALU MENJADI TUJUAN FAVORIT SAYA UNTUK LIBURAN 
LOG (lattice-best-path[5.5.1124~1-21ae4]:main():lattice-best-path.cc:99) For utterance Male-5-Male-5_19, best cost 71.3023 + 4173.4 = 4244.71 over 603 frames.
Male-5-Male-5_19 SETIAP DAERAH DI INDONESIA MEMILIKI MAKANAN KHAS YANG WAJIB DICOBA 
LOG (lattice-best-path[5.5.1124~1-21ae4]:main():lattice-best-path.cc:99) For utterance Male-5-Male-5_25, best cost 90.8082 + 5419.87 = 5510.68 over 790 frames.
Male-5-Male-5_25 LIBURAN KE TANGKUBAN PERAHU SANGAT MENYENANGKAN KARENA PEMANDANGAN DARI ATAS KAWAH SANGAT INDAH 
LOG (lattice-best-path[5.5.1124~1-21ae4]:main():lattice-best-path.cc:99) For utterance Male-5-Male-5_28, best cost 86.0667 + 4929.15 = 5015.22 over 718 frames.
Male-5-Male-5_28 KARENA AKHIR TAHUN INI DI JEPANG LAGI MUSIN DINGIN KITA PERLU NYIAPIN WINTER CLOTHES 
LOG (lattice-best-path[5.5.1124~1-21ae4]:main():lattice-best-path.cc:99) For utterance Male-5-Male-5_29, best cost 90.974 + 5097.42 = 5188.39 over 743 frames.
Male-5-Male-5_29 KITA PERLU PREPARE DENGAN MATANG UNTUK LIBURAN AKHIR TAHUN INI WHICH IS PASTI SANGAT SERU 
LOG (lattice-best-path[5.5.1124~1-21ae4]:main():lattice-best-path.cc:99) For utterance Male-5-Male-5_3, best cost 55.9994 + 3039.34 = 3095.34 over 445 frames.
Male-5-Male-5_3 BISA KE PANTAI YANG ATAU KE PEGUNUNGAN 
LOG (lattice-best-path[5.5.1124~1-21ae4]:main():lattice-best-path.cc:99) For utterance Male-5-Male-5_43, best cost 67.6509 + 3767.22 = 3834.88 over 538 frames.
Male-5-Male-5_43 SEMOGA AJA TAHUN DEPAN BISA TRAVELING KE KOREA KETEMU BLACKPINK 
LOG (lattice-best-path[5.5.1124~1-21ae4]:main():lattice-best-path.cc:99) For utterance Male-6-Male-6_11, best cost 75.2517 + 4362.76 = 4438.02 over 640 frames.
Male-6-Male-6_11 TEMPAT LIBURAN YANG PALING TERKENAL DI BANDUNG ADA DI MANA YA 
LOG (lattice-best-path[5.5.1124~1-21ae4]:main():lattice-best-path.cc:99) For utterance Male-6-Male-6_14, best cost 94.1837 + 4437.92 = 4532.11 over 643 frames.
Male-6-Male-6_14 KALAU LAGI LIBURAN PALING AND AKAN DI STREET FOOD DI BANDUNG 
LOG (lattice-best-path[5.5.1124~1-21ae4]:main():lattice-best-path.cc:99) For utterance Male-6-Male-6_15, best cost 89.2727 + 5609.69 = 5698.96 over 798 frames.
Male-6-Male-6_15 LIBURAN KE TANGKUBAN PERAHU SANGAT MENYENANGKAN KARENA PEMANDANGAN DARI ATAS KAWAH SANGAT INDAH 
LOG (lattice-best-path[5.5.1124~1-21ae4]:main():lattice-best-path.cc:99) For utterance Male-6-Male-6_33, best cost 70.2915 + 4533.18 = 4603.47 over 668 frames.
Male-6-Male-6_33 SEMOGA AJA TAHUN DEPAN BISA TRAVELING KE KOREA KETEMU BLACKPINK 
LOG (lattice-best-path[5.5.1124~1-21ae4]:main():lattice-best-path.cc:99) For utterance Male-6-Male-6_34, best cost 75.587 + 5135.64 = 5211.23 over 760 frames.
Male-6-Male-6_34 MAU NONTON KONSER TAYLOR SWIFT DI SINGAPUR TAPI TIKETNYA UDAH SOLD OUT 
LOG (lattice-best-path[5.5.1124~1-21ae4]:main():lattice-best-path.cc:99) For utterance Male-6-Male-6_38, best cost 76.5505 + 5292.6 = 5369.15 over 770 frames.
Male-6-Male-6_38 AKU SELALU MEMBAWA KAMERA UNTUK MENGABADIKAN MOMEN MOMEN INDAH SELAMA PERJALANAN 
LOG (lattice-best-path[5.5.1124~1-21ae4]:main():lattice-best-path.cc:99) For utterance Male-6-Male-6_41, best cost 91.1444 + 6061.09 = 6152.23 over 880 frames.
Male-6-Male-6_41 KALAU HIDUP UDAH STRES SAATNYA MERENCANAKAN LIBURAN YANG MENYEGARKAN DAN MELEPASKAN SEMUA BEBAN 
LOG (lattice-best-path[5.5.1124~1-21ae4]:main():lattice-best-path.cc:99) For utterance Male-6-Male-6_43, best cost 146.852 + 7356.22 = 7503.07 over 1023 frames.
Male-6-Male-6_43 GA CUMA ITU KALO PAGI PAGI KITA BISA LIAT PEMANDANGAN YANG INDAH KAYA POHON POHON YANG DI JAKARTA HAMPARAN PADANG RUMPUT YANG LUAS 
LOG (lattice-best-path[5.5.1124~1-21ae4]:main():lattice-best-path.cc:99) For utterance Male-6-Male-6_44, best cost 104.849 + 6066.66 = 6171.51 over 865 frames.
Male-6-Male-6_44 SAAT BERADA DI GUNUNG JANGAN LUPA BAWA PERLENGKAPAN YANG CUKUP TERMASUK SLEEPING BAG DAN JUGA ALAT MASAK 
LOG (lattice-best-path[5.5.1124~1-21ae4]:main():lattice-best-path.cc:99) For utterance Male-6-Male-6_5, best cost 56.8736 + 3531.65 = 3588.52 over 523 frames.
Male-6-Male-6_5 SEBELUM LIBURAN JANGAN LUPA UNTUK MEMBUAT ITINERARY 
LOG (lattice-best-path[5.5.1124~1-21ae4]:main():lattice-best-path.cc:99) For utterance Male-7-Male-7_11, best cost 95.7965 + 5709.69 = 5805.49 over 773 frames.
Male-7-Male-7_11 KATA AKU MAH YA KITA BUTUH VACATION SETENGAH TAHUN DUA KALI SETAHUN 
LOG (lattice-best-path[5.5.1124~1-21ae4]:main():lattice-best-path.cc:99) For utterance Male-7-Male-7_2, best cost 116.943 + 6129.28 = 6246.22 over 860 frames.
Male-7-Male-7_2 DI LEMBANG BANYAK TEMPAT WISATA YANG BISA DI KUNJUNGI UNTUK LIBURAN BERSAMA TEMAN DAN KELUARGA 
LOG (lattice-best-path[5.5.1124~1-21ae4]:main():lattice-best-path.cc:99) For utterance Male-7-Male-7_29, best cost 65.8837 + 3739.38 = 3805.26 over 545 frames.
Male-7-Male-7_29 JONI MENGAJAKKU PERGI KE PULAU KOMODO MINGGU DEPAN 
LOG (lattice-best-path[5.5.1124~1-21ae4]:main():lattice-best-path.cc:99) For utterance Male-7-Male-7_34, best cost 109.125 + 6158.32 = 6267.45 over 848 frames.
Male-7-Male-7_34 SAAT BERADA DI GUNUNG JANGAN LUPA BAWA PERLENGKAPAN YANG CUKUP TERMASUK SLEEPING BAG DAN JUGA ALAT MASAK 
LOG (lattice-best-path[5.5.1124~1-21ae4]:main():lattice-best-path.cc:99) For utterance Male-7-Male-7_39, best cost 103.455 + 5298.98 = 5402.44 over 735 frames.
Male-7-Male-7_39 KITA JUGA BISA NYANYI NYANYI SAMBIL MEMANDANGI BINTANG BINTANG YANG BERSINAR DI LANGIT MALAM 
LOG (lattice-best-path[5.5.1124~1-21ae4]:main():lattice-best-path.cc:99) For utterance Male-7-Male-7_4, best cost 80.5974 + 4428.34 = 4508.94 over 660 frames.
Male-7-Male-7_4 KALAU LAGI LIBURAN PALING ENAK HUNTING STREET FOOD DI BANDUNG 
LOG (lattice-scale[5.5.1124~1-21ae4]:main():lattice-scale.cc:107) Done 217 lattices.
LOG (lattice-best-path[5.5.1124~1-21ae4]:main():lattice-best-path.cc:99) For utterance Male-7-Male-7_44, best cost 80.2915 + 5273.11 = 5353.4 over 738 frames.
Male-7-Male-7_44 KALAU KE BANDUNG KAMU HARUS COBA JAJANAN PINGGIR JALAN DI BRAGA 
LOG (lattice-best-path[5.5.1124~1-21ae4]:main():lattice-best-path.cc:99) For utterance Male-7-Male-7_46, best cost 88.6578 + 4720.01 = 4808.67 over 660 frames.
Male-7-Male-7_46 SELAMA DI JAKARTA THE TRAFFIC WAS CRAZY TAPI NIGHTLIFE NYA SERU BANGET 
LOG (lattice-best-path[5.5.1124~1-21ae4]:main():lattice-best-path.cc:99) For utterance Male-7-Male-7_49, best cost 101.555 + 5647.25 = 5748.8 over 773 frames.
Male-7-Male-7_49 GOING TO RAJA AMPAT SELALU JADI BUCKET LIST KU SIH AIRNYA SO CLEAR AND BEAUTIFUL KU 
LOG (lattice-best-path[5.5.1124~1-21ae4]:main():lattice-best-path.cc:99) For utterance Male-7-Male-7_50, best cost 93.9588 + 4973.3 = 5067.26 over 668 frames.
Male-7-Male-7_50 TREKKING DI BROMO TUH CAPEK BANGET TAPI SUNRISE VIEW NYA BEH SO BEAUTIFUL 
LOG (lattice-best-path[5.5.1124~1-21ae4]:main():lattice-best-path.cc:99) For utterance Male-8-Male-8_10, best cost 51.8987 + 3503.02 = 3554.92 over 550 frames.
Male-8-Male-8_10 DI MEDAN ADA RESTORAN JUAL KODOK SEBESAR AYAM 
LOG (lattice-best-path[5.5.1124~1-21ae4]:main():lattice-best-path.cc:99) For utterance Male-8-Male-8_11, best cost 57.8823 + 2766.73 = 2824.61 over 453 frames.
Male-8-Male-8_11 DI BANDUNG KE ENAKNYA STAYCATION DI MANA YA 
LOG (lattice-best-path[5.5.1124~1-21ae4]:main():lattice-best-path.cc:99) For utterance Male-8-Male-8_14, best cost 78.0833 + 4727.22 = 4805.31 over 720 frames.
Male-8-Male-8_14 MAU NONTON KONSER TAYLOR SWIFT DI SINGAPUR TAPI TIKETNYA UDAH SOLD OUT 
LOG (lattice-best-path[5.5.1124~1-21ae4]:main():lattice-best-path.cc:99) For utterance Male-8-Male-8_19, best cost 55.7692 + 3765.88 = 3821.65 over 600 frames.
Male-8-Male-8_19 JONI MENGAJAKKU PERGI KE PULAU KOMODO MINGGU DEPAN 
LOG (lattice-best-path[5.5.1124~1-21ae4]:main():lattice-best-path.cc:99) For utterance Male-8-Male-8_22, best cost 131.581 + 7177 = 7308.58 over 1132 frames.
Male-8-Male-8_22 GIMANA YA KALAU KITA CAMPING KE GUNUNG MENIKMATI MALAM YANG BERBINTANG BAWA GITAR NYANYI NYANYI DI TENGAH API UNGGUN 
LOG (lattice-add-penalty[5.5.1124~1-21ae4]:main():lattice-add-penalty.cc:62) Done adding word insertion penalty to 217 lattices.
LOG (lattice-best-path[5.5.1124~1-21ae4]:main():lattice-best-path.cc:99) For utterance Male-8-Male-8_39, best cost 87.8419 + 5690.53 = 5778.38 over 870 frames.
Male-8-Male-8_39 GOING TO RAJA AMPAT SELALU JADI BUCKET LIST KU SIH AIRNYA SO CLEAR AND BEAUTIFUL 
LOG (lattice-best-path[5.5.1124~1-21ae4]:main():lattice-best-path.cc:99) For utterance Male-8-Male-8_41, best cost 57.2661 + 3831.03 = 3888.3 over 608 frames.
Male-8-Male-8_41 UDARA PALING SEGAR ADALAH UDARA DI GUNUNG 
LOG (lattice-best-path[5.5.1124~1-21ae4]:main():lattice-best-path.cc:99) For utterance Male-8-Male-8_48, best cost 45.6937 + 3485.27 = 3530.96 over 558 frames.
Male-8-Male-8_48 BERLIBUR KE GUNUNG MEMBUTUHKAN TOURGUIDE 
LOG (lattice-best-path[5.5.1124~1-21ae4]:main():lattice-best-path.cc:99) For utterance Male-8-Male-8_5, best cost 66.7511 + 4002.18 = 4068.93 over 643 frames.
Male-8-Male-8_5 DI JEPANG UDAH GA PAKE VISA YA KALAU MAKE E PASPOR 
LOG (lattice-best-path[5.5.1124~1-21ae4]:main():lattice-best-path.cc:99) For utterance Male-8-Male-8_9, best cost 79.552 + 4853.82 = 4933.37 over 750 frames.
Male-8-Male-8_9 SETELAH SELESAI LIBURAN DI PRINDAVAN SALAH MAKAN DIKIT LANGSUNG OPNAME 
LOG (lattice-best-path[5.5.1124~1-21ae4]:main():lattice-best-path.cc:99) For utterance Male-9-Male-9_1, best cost 48.1394 + 3021.38 = 3069.52 over 478 frames.
Male-9-Male-9_1 DI BANDUNG ENAKNYA STAYCATION DI MANA YA 
LOG (lattice-best-path[5.5.1124~1-21ae4]:main():lattice-best-path.cc:99) For utterance Male-9-Male-9_12, best cost 116.389 + 5271.93 = 5388.32 over 718 frames.
Male-9-Male-9_12 GIMANA KALO KITA CAMPING KE GUNUNG MENIKMATI MALAM YANG BERBINTANG BAWA GITAR NYANYI NYANYI DI TENGAH API UNGGUN 
LOG (lattice-best-path[5.5.1124~1-21ae4]:main():lattice-best-path.cc:99) For utterance Male-9-Male-9_22, best cost 67.2874 + 3153.19 = 3220.48 over 427 frames.
Male-9-Male-9_22 VILLA DI UBUD ITU SUPER COZY COCOK BUAT LIBURAN 
LOG (lattice-best-path[5.5.1124~1-21ae4]:main():lattice-best-path.cc:99) For utterance Male-9-Male-9_27, best cost 125.471 + 4695.23 = 4820.7 over 641 frames.
Male-9-Male-9_27 AKU KEMARIN BARU BALIK DARI YOGYAKARTA THE TEMPLES AND CULTURE BRO MAIN MAIN BROMO 
LOG (lattice-best-path[5.5.1124~1-21ae4]:main():lattice-best-path.cc:99) For utterance Male-9-Male-9_29, best cost 82.1101 + 4335.1 = 4417.21 over 581 frames.
Male-9-Male-9_29 GOING TO RAJA AMPAT SELALU JADI BUCKET LIST KU SIH AIRNYA SO CLEAR AND BEAUTIFUL 
LOG (lattice-best-path[5.5.1124~1-21ae4]:main():lattice-best-path.cc:99) For utterance Male-9-Male-9_33, best cost 54.829 + 2173.77 = 2228.6 over 307 frames.
Male-9-Male-9_33 AKHIR TAHUN INI AKU AKAN LIBURAN DI PANTAI 
LOG (lattice-best-path[5.5.1124~1-21ae4]:main():lattice-best-path.cc:99) For utterance Male-9-Male-9_38, best cost 37.5113 + 2238.74 = 2276.25 over 324 frames.
Male-9-Male-9_38 BERLIBUR KE GUNUNG MEMBUTUHKAN TOURGUIDE 
LOG (lattice-best-path[5.5.1124~1-21ae4]:main():lattice-best-path.cc:99) For utterance Male-9-Male-9_39, best cost 40.0792 + 2366.3 = 2406.38 over 332 frames.
Male-9-Male-9_39 CAMPING SEBELUM SIDANG SEPERTINYA MENYENANGKAN 
LOG (lattice-best-path[5.5.1124~1-21ae4]:main():lattice-best-path.cc:99) For utterance Male-9-Male-9_45, best cost 66.5106 + 2782.86 = 2849.37 over 384 frames.
Male-9-Male-9_45 SAYA DENGAR DI PANTAI KUTA ADA SPOT SURFING YANG BAGUS 
LOG (lattice-best-path[5.5.1124~1-21ae4]:main():lattice-best-path.cc:99) For utterance Male-9-Male-9_6, best cost 67.3518 + 3257.38 = 3324.74 over 478 frames.
Male-9-Male-9_6 MAIN MAIN DI TAHURA PAGI HARI TERNYATA SERU JUGA 
LOG (lattice-best-path[5.5.1124~1-21ae4]:main():lattice-best-path.cc:124) Overall cost per frame is 7.11049 = 0.132515 [graph] + 6.97797 [acoustic] over 128341 frames.
LOG (lattice-best-path[5.5.1124~1-21ae4]:main():lattice-best-path.cc:128) Done 217 lattices, failed for 0
# Accounting: time=0 threads=1
# Ended (code 0) at Tue Dec  5 18:24:43 WIB 2023, elapsed time 0 seconds
